2026-05-14T04:35:18.406Z [startup-timing] t+25ms app-when-ready
2026-05-14T04:35:18.406Z [startup-timing] log-path="D:\NEXUSFORGE GAMGING APP\apps\desktop\.network-smoke\local-37824-20260513-233517\startup.log"
2026-05-14T04:35:18.406Z [startup] stage="Booting desktop shell" progress=4 accent=warmup detail="Starting NexusForge Desktop."
2026-05-14T04:35:18.407Z [startup] stage="Preparing secure session" progress=18 accent=warmup detail="Resetting desktop storage before launch."
2026-05-14T04:35:18.414Z [startup] stage="Preparing secure session" progress=26 accent=ready detail="Desktop storage reset completed."
2026-05-14T04:35:18.415Z [startup] stage="Checking local services" progress=34 accent=checking detail="Verifying the app stack is reachable on ports 3000 and 4000."
2026-05-14T04:35:18.420Z [startup] stage="Local services ready" progress=66 accent=ready detail="The desktop stack answered on both ports."
2026-05-14T04:35:18.420Z [startup-timing] t+39ms splash-window-create
2026-05-14T04:35:18.466Z [startup-timing] t+85ms main-window-create
2026-05-14T04:35:18.478Z [startup] stage="Preparing launch" progress=72 accent=checking detail="Checking updates and final startup tasks."
2026-05-14T04:35:18.479Z [startup-timing] t+98ms ensure-app-reachable-start trigger=startup
2026-05-14T04:35:18.479Z [startup] stage="Opening app" progress=78 accent=opening detail="Connecting the desktop shell to NexusForge."
2026-05-14T04:35:18.479Z [startup] stage="Checking local services" progress=34 accent=checking detail="Verifying the app stack is reachable on ports 3000 and 4000."
2026-05-14T04:35:18.519Z [startup] stage="Local services ready" progress=66 accent=ready detail="The desktop stack answered on both ports."
2026-05-14T04:35:18.581Z [startup-timing] t+200ms splash-did-finish-load
2026-05-14T04:35:19.020Z [startup-timing] t+639ms main-ready-to-show
2026-05-14T04:35:19.021Z [startup-timing] t+640ms handoff-reveal-scheduled hold=2200ms
2026-05-14T04:35:19.210Z [startup-timing] t+829ms main-did-finish-load
2026-05-14T04:35:19.210Z [startup-timing] t+829ms handoff-reveal-scheduled hold=2200ms
2026-05-14T04:35:19.211Z [startup-timing] t+830ms local-target-connected target=http://localhost:3000/app
2026-05-14T04:35:19.211Z [startup-timing] t+830ms handoff-reveal-scheduled hold=2200ms
2026-05-14T04:35:19.211Z [startup] stage="Local services ready" progress=66 accent=ready detail="The desktop stack answered on both ports."
2026-05-14T04:35:19.230Z [startup] stage="Checking local services" progress=34 accent=checking detail="Verifying the app stack is reachable on ports 3000 and 4000."
2026-05-14T04:35:19.231Z [startup] stage="Local services ready" progress=66 accent=ready detail="The desktop stack answered on both ports."
