2026-05-14T03:34:34.742Z [startup-timing] t+24ms app-when-ready
2026-05-14T03:34:34.743Z [startup-timing] log-path="D:\NEXUSFORGE GAMGING APP\apps\desktop\.network-smoke\local-36564-20260513-223433\startup.log"
2026-05-14T03:34:34.743Z [startup] stage="Booting desktop shell" progress=4 accent=warmup detail="Starting NexusForge Desktop."
2026-05-14T03:34:34.744Z [startup] stage="Preparing secure session" progress=18 accent=warmup detail="Resetting desktop storage before launch."
2026-05-14T03:34:34.751Z [startup] stage="Preparing secure session" progress=26 accent=ready detail="Desktop storage reset completed."
2026-05-14T03:34:34.752Z [startup] stage="Checking local services" progress=34 accent=checking detail="Verifying the app stack is reachable on ports 3000 and 4000."
2026-05-14T03:34:34.757Z [startup] stage="Local services ready" progress=66 accent=ready detail="The desktop stack answered on both ports."
2026-05-14T03:34:34.757Z [startup-timing] t+39ms splash-window-create
2026-05-14T03:34:34.806Z [startup-timing] t+87ms main-window-create
2026-05-14T03:34:34.819Z [startup] stage="Preparing launch" progress=72 accent=checking detail="Checking updates and final startup tasks."
2026-05-14T03:34:34.820Z [startup-timing] t+101ms ensure-app-reachable-start trigger=startup
2026-05-14T03:34:34.820Z [startup] stage="Opening app" progress=78 accent=opening detail="Connecting the desktop shell to NexusForge."
2026-05-14T03:34:34.820Z [startup] stage="Checking local services" progress=34 accent=checking detail="Verifying the app stack is reachable on ports 3000 and 4000."
2026-05-14T03:34:34.859Z [startup] stage="Local services ready" progress=66 accent=ready detail="The desktop stack answered on both ports."
2026-05-14T03:34:34.923Z [startup-timing] t+205ms splash-did-finish-load
2026-05-14T03:34:35.394Z [startup-timing] t+675ms main-ready-to-show
2026-05-14T03:34:35.394Z [startup-timing] t+676ms handoff-reveal-scheduled hold=2200ms
2026-05-14T03:34:35.609Z [startup-timing] t+891ms main-did-finish-load
2026-05-14T03:34:35.610Z [startup-timing] t+891ms handoff-reveal-scheduled hold=2200ms
2026-05-14T03:34:35.610Z [startup-timing] t+892ms local-target-connected target=http://localhost:3000/app
2026-05-14T03:34:35.610Z [startup-timing] t+892ms handoff-reveal-scheduled hold=2200ms
2026-05-14T03:34:35.611Z [startup] stage="Local services ready" progress=66 accent=ready detail="The desktop stack answered on both ports."
2026-05-14T03:34:35.636Z [startup] stage="Checking local services" progress=34 accent=checking detail="Verifying the app stack is reachable on ports 3000 and 4000."
2026-05-14T03:34:35.637Z [startup] stage="Local services ready" progress=66 accent=ready detail="The desktop stack answered on both ports."
