
2026-05-15T00:29:36.977Z [startup-timing] t+32ms app-when-ready
2026-05-15T00:29:36.979Z [startup-timing] log-path="D:\NEXUSFORGE GAMGING APP\apps\desktop\.network-smoke\local-47080-20260514-192935\startup.log"
2026-05-15T00:29:36.979Z [startup] stage="Booting desktop shell" progress=4 accent=warmup detail="Starting NexusForge Desktop."
2026-05-15T00:29:36.980Z [startup] stage="Preparing secure session" progress=18 accent=warmup detail="Resetting desktop storage before launch."
2026-05-15T00:29:36.989Z [startup] stage="Preparing secure session" progress=26 accent=ready detail="Desktop storage reset completed."
2026-05-15T00:29:36.990Z [startup] stage="Checking local services" progress=34 accent=checking detail="Verifying the app stack is reachable on ports 3000 and 4000."
2026-05-15T00:29:36.995Z [startup] stage="Local services ready" progress=66 accent=ready detail="The desktop stack answered on both ports."
2026-05-15T00:29:37.027Z [startup-timing] t+82ms splash-window-create
2026-05-15T00:29:37.115Z [startup-timing] t+169ms main-window-create
2026-05-15T00:29:37.150Z [startup] stage="Preparing launch" progress=72 accent=checking detail="Checking updates and final startup tasks."
2026-05-15T00:29:37.151Z [startup-timing] t+206ms ensure-app-reachable-start trigger=startup
2026-05-15T00:29:37.151Z [startup] stage="Opening app" progress=78 accent=opening detail="Connecting the desktop shell to NexusForge."
2026-05-15T00:29:37.152Z [startup] stage="Checking local services" progress=34 accent=checking detail="Verifying the app stack is reachable on ports 3000 and 4000."
2026-05-15T00:29:37.200Z [startup] stage="Local services ready" progress=66 accent=ready detail="The desktop stack answered on both ports."
2026-05-15T00:29:37.299Z [startup-timing] t+354ms splash-did-finish-load
2026-05-15T00:29:37.543Z [startup-timing] t+598ms main-ready-to-show
2026-05-15T00:29:37.543Z [startup-timing] t+598ms handoff-reveal-scheduled hold=2200ms
2026-05-15T00:29:37.558Z [startup-timing] t+613ms main-did-finish-load
2026-05-15T00:29:37.558Z [startup-timing] t+613ms handoff-reveal-scheduled hold=2200ms
2026-05-15T00:29:37.559Z [startup-timing] t+614ms local-target-connected target=http://localhost:3000/app
2026-05-15T00:29:37.559Z [startup-timing] t+614ms handoff-reveal-scheduled hold=2200ms
2026-05-15T00:29:37.559Z [startup] stage="Local services ready" progress=66 accent=ready detail="The desktop stack answered on both ports."
