
2026-05-14T22:40:08.317Z [startup-timing] t+27ms app-when-ready
2026-05-14T22:40:08.317Z [startup-timing] log-path="D:\NEXUSFORGE GAMGING APP\apps\desktop\.network-smoke\hosted-7712-20260514-174004\startup.log"
2026-05-14T22:40:08.317Z [startup] stage="Booting desktop shell" progress=4 accent=warmup detail="Starting NexusForge Desktop."
2026-05-14T22:40:08.318Z [startup] stage="Preparing secure session" progress=18 accent=warmup detail="Resetting desktop storage before launch."
2026-05-14T22:40:08.318Z [startup] stage="Connecting hosted workspace" progress=32 accent=opening detail="Opening the remote NexusForge experience."
2026-05-14T22:40:08.346Z [startup-timing] t+56ms splash-window-create
2026-05-14T22:40:08.441Z [startup-timing] t+152ms main-window-create
2026-05-14T22:40:08.479Z [startup] stage="Preparing launch" progress=72 accent=checking detail="Checking updates and final startup tasks."
2026-05-14T22:40:08.480Z [startup-timing] t+191ms ensure-app-reachable-start trigger=startup
2026-05-14T22:40:08.480Z [startup] stage="Connecting hosted workspace" progress=78 accent=opening detail="Opening the remote NexusForge experience."
2026-05-14T22:40:08.674Z [startup-timing] t+347ms splash-did-finish-load
2026-05-14T22:40:10.163Z [tls] certificate bypass accepted for https://www.nexusforge.app/app (net::ERR_CERT_AUTHORITY_INVALID)
2026-05-14T22:40:10.450Z [tls] certificate bypass accepted for https://www.nexusforge.app/app (net::ERR_CERT_AUTHORITY_INVALID)
2026-05-14T22:40:24.965Z [startup-timing] t+16675ms main-ready-to-show
2026-05-14T22:40:24.965Z [startup-timing] t+16676ms handoff-reveal-scheduled hold=2200ms
2026-05-14T22:40:25.965Z [startup-timing] t+17676ms main-did-finish-load
2026-05-14T22:40:25.966Z [startup-timing] t+17677ms handoff-reveal-scheduled hold=2200ms
2026-05-14T22:40:25.966Z [startup-timing] t+17677ms hosted-target-connected target=https://www.nexusforge.app/app
2026-05-14T22:40:25.966Z [startup-timing] t+17677ms handoff-reveal-scheduled hold=2200ms
2026-05-14T22:40:25.967Z [startup] stage="Connecting hosted workspace" progress=78 accent=opening detail="Opening the remote NexusForge experience."
