2026-05-14T20:20:39.185Z [startup-timing] t+26ms app-when-ready
2026-05-14T20:20:39.186Z [startup-timing] log-path="D:\NEXUSFORGE GAMGING APP\apps\desktop\.network-smoke\local-45124-20260514-152038\startup.log"
2026-05-14T20:20:39.186Z [startup] stage="Booting desktop shell" progress=4 accent=warmup detail="Starting NexusForge Desktop."
2026-05-14T20:20:39.187Z [startup] stage="Preparing secure session" progress=18 accent=warmup detail="Resetting desktop storage before launch."
2026-05-14T20:20:39.194Z [startup] stage="Preparing secure session" progress=26 accent=ready detail="Desktop storage reset completed."
2026-05-14T20:20:39.194Z [startup] stage="Checking local services" progress=34 accent=checking detail="Verifying the app stack is reachable on ports 3000 and 4000."
2026-05-14T20:20:39.201Z [startup] stage="Local services ready" progress=66 accent=ready detail="The desktop stack answered on both ports."
2026-05-14T20:20:39.201Z [startup-timing] t+42ms splash-window-create
2026-05-14T20:20:39.258Z [startup-timing] t+99ms main-window-create
2026-05-14T20:20:39.275Z [startup] stage="Preparing launch" progress=72 accent=checking detail="Checking updates and final startup tasks."
2026-05-14T20:20:39.275Z [startup-timing] t+116ms ensure-app-reachable-start trigger=startup
2026-05-14T20:20:39.275Z [startup] stage="Opening app" progress=78 accent=opening detail="Connecting the desktop shell to NexusForge."
2026-05-14T20:20:39.276Z [startup] stage="Checking local services" progress=34 accent=checking detail="Verifying the app stack is reachable on ports 3000 and 4000."
2026-05-14T20:20:39.319Z [startup] stage="Local services ready" progress=66 accent=ready detail="The desktop stack answered on both ports."
2026-05-14T20:20:39.392Z [startup-timing] t+233ms splash-did-finish-load
2026-05-14T20:20:39.877Z [startup-timing] t+718ms main-ready-to-show
2026-05-14T20:20:39.877Z [startup-timing] t+718ms handoff-reveal-scheduled hold=2200ms
2026-05-14T20:20:40.083Z [startup-timing] t+924ms main-did-finish-load
2026-05-14T20:20:40.083Z [startup-timing] t+924ms handoff-reveal-scheduled hold=2200ms
2026-05-14T20:20:40.084Z [startup-timing] t+925ms local-target-connected target=http://localhost:3000/app
2026-05-14T20:20:40.084Z [startup-timing] t+925ms handoff-reveal-scheduled hold=2200ms
2026-05-14T20:20:40.084Z [startup] stage="Local services ready" progress=66 accent=ready detail="The desktop stack answered on both ports."
2026-05-14T20:20:40.105Z [startup] stage="Checking local services" progress=34 accent=checking detail="Verifying the app stack is reachable on ports 3000 and 4000."
2026-05-14T20:20:40.107Z [startup] stage="Local services ready" progress=66 accent=ready detail="The desktop stack answered on both ports."
