2026-05-14T03:45:59.457Z [startup-timing] t+26ms app-when-ready
2026-05-14T03:45:59.457Z [startup-timing] log-path="D:\NEXUSFORGE GAMGING APP\apps\desktop\.network-smoke\hosted-6856-20260513-224556\startup.log"
2026-05-14T03:45:59.458Z [startup] stage="Booting desktop shell" progress=4 accent=warmup detail="Starting NexusForge Desktop."
2026-05-14T03:45:59.458Z [startup] stage="Preparing secure session" progress=18 accent=warmup detail="Resetting desktop storage before launch."
2026-05-14T03:45:59.458Z [startup] stage="Connecting hosted workspace" progress=32 accent=opening detail="Opening the remote NexusForge experience."
2026-05-14T03:45:59.459Z [startup-timing] t+28ms splash-window-create
2026-05-14T03:45:59.508Z [startup-timing] t+77ms main-window-create
2026-05-14T03:45:59.526Z [startup] stage="Preparing launch" progress=72 accent=checking detail="Checking updates and final startup tasks."
2026-05-14T03:45:59.526Z [startup-timing] t+95ms ensure-app-reachable-start trigger=startup
2026-05-14T03:45:59.527Z [startup] stage="Connecting hosted workspace" progress=78 accent=opening detail="Opening the remote NexusForge experience."
2026-05-14T03:45:59.659Z [startup-timing] t+225ms splash-did-finish-load
2026-05-14T03:46:00.396Z [tls] certificate bypass accepted for https://www.nexusforge.app/app (net::ERR_CERT_AUTHORITY_INVALID)
2026-05-14T03:46:00.634Z [tls] certificate bypass accepted for https://www.nexusforge.app/app (net::ERR_CERT_AUTHORITY_INVALID)
2026-05-14T03:46:03.614Z [startup-timing] t+4183ms main-ready-to-show
2026-05-14T03:46:03.615Z [startup-timing] t+4184ms handoff-reveal-scheduled hold=2200ms
2026-05-14T03:46:03.740Z [startup-timing] t+4309ms main-did-finish-load
2026-05-14T03:46:03.740Z [startup-timing] t+4309ms handoff-reveal-scheduled hold=2200ms
2026-05-14T03:46:03.740Z [startup-timing] t+4309ms hosted-target-connected target=https://www.nexusforge.app/app
2026-05-14T03:46:03.741Z [startup-timing] t+4310ms handoff-reveal-scheduled hold=2200ms
2026-05-14T03:46:03.741Z [startup] stage="Connecting hosted workspace" progress=78 accent=opening detail="Opening the remote NexusForge experience."
