
2026-05-14T23:03:34.649Z [startup-timing] t+156ms app-when-ready
2026-05-14T23:03:34.649Z [startup-timing] log-path="D:\NEXUSFORGE GAMGING APP\apps\desktop\.network-smoke\local-35372-20260514-180324\startup.log"
2026-05-14T23:03:34.650Z [startup] stage="Booting desktop shell" progress=4 accent=warmup detail="Starting NexusForge Desktop."
2026-05-14T23:03:34.651Z [startup] stage="Preparing secure session" progress=18 accent=warmup detail="Resetting desktop storage before launch."
2026-05-14T23:03:34.659Z [startup] stage="Preparing secure session" progress=26 accent=ready detail="Desktop storage reset completed."
2026-05-14T23:03:34.660Z [startup] stage="Checking local services" progress=34 accent=checking detail="Verifying the app stack is reachable on ports 3000 and 4000."
2026-05-14T23:03:34.668Z [startup] stage="Local services ready" progress=66 accent=ready detail="The desktop stack answered on both ports."
2026-05-14T23:03:36.560Z [startup-timing] t+2067ms splash-window-create
2026-05-14T23:03:37.336Z [startup-timing] t+2843ms main-window-create
2026-05-14T23:03:37.383Z [startup] stage="Preparing launch" progress=72 accent=checking detail="Checking updates and final startup tasks."
2026-05-14T23:03:37.383Z [startup-timing] t+2890ms ensure-app-reachable-start trigger=startup
2026-05-14T23:03:37.384Z [startup] stage="Opening app" progress=78 accent=opening detail="Connecting the desktop shell to NexusForge."
2026-05-14T23:03:37.384Z [startup] stage="Checking local services" progress=34 accent=checking detail="Verifying the app stack is reachable on ports 3000 and 4000."
2026-05-14T23:03:37.475Z [startup] stage="Local services ready" progress=66 accent=ready detail="The desktop stack answered on both ports."
2026-05-14T23:03:40.600Z [startup-timing] t+6107ms splash-did-finish-load
2026-05-14T23:03:42.811Z [startup-timing] t+8317ms main-ready-to-show
2026-05-14T23:03:42.811Z [startup-timing] t+8318ms handoff-reveal-scheduled hold=2200ms
2026-05-14T23:03:45.022Z [startup-timing] t+10529ms handoff-reveal-fire from-splash-to-main
2026-05-14T23:03:45.023Z [startup] stage="Opening NexusForge Desktop" progress=100 accent=ready detail="The workspace is ready. Bringing the app forward."
2026-05-14T23:03:46.285Z [startup-timing] t+11792ms main-window-show
2026-05-14T23:03:46.285Z [startup-timing] t+11792ms splash-window-close
2026-05-14T23:03:46.285Z [startup-timing] t+11792ms startup-handoff-complete
2026-05-14T23:03:47.247Z [startup-timing] t+12753ms main-did-finish-load
2026-05-14T23:03:47.247Z [startup-timing] t+12754ms handoff-reveal-scheduled hold=2200ms
2026-05-14T23:03:47.247Z [startup-timing] t+12754ms local-target-connected target=http://localhost:3000/app
2026-05-14T23:03:47.248Z [startup-timing] t+12754ms handoff-reveal-scheduled hold=2200ms
2026-05-14T23:03:47.248Z [startup] stage="Opening NexusForge Desktop" progress=100 accent=ready detail="The workspace is ready. Bringing the app forward."
