
2026-05-14T20:37:52.930Z [startup-timing] t+33ms app-when-ready
2026-05-14T20:37:52.931Z [startup-timing] log-path="D:\NEXUSFORGE GAMGING APP\apps\desktop\.network-smoke\local-43916-20260514-153751\startup.log"
2026-05-14T20:37:52.931Z [startup] stage="Booting desktop shell" progress=4 accent=warmup detail="Starting NexusForge Desktop."
2026-05-14T20:37:52.932Z [startup] stage="Preparing secure session" progress=18 accent=warmup detail="Resetting desktop storage before launch."
2026-05-14T20:37:52.941Z [startup] stage="Preparing secure session" progress=26 accent=ready detail="Desktop storage reset completed."
2026-05-14T20:37:52.941Z [startup] stage="Checking local services" progress=34 accent=checking detail="Verifying the app stack is reachable on ports 3000 and 4000."
2026-05-14T20:37:52.947Z [startup] stage="Local services ready" progress=66 accent=ready detail="The desktop stack answered on both ports."
2026-05-14T20:37:52.947Z [startup-timing] t+50ms splash-window-create
2026-05-14T20:37:53.005Z [startup-timing] t+108ms main-window-create
2026-05-14T20:37:53.023Z [startup] stage="Preparing launch" progress=72 accent=checking detail="Checking updates and final startup tasks."
2026-05-14T20:37:53.024Z [startup-timing] t+127ms ensure-app-reachable-start trigger=startup
2026-05-14T20:37:53.024Z [startup] stage="Opening app" progress=78 accent=opening detail="Connecting the desktop shell to NexusForge."
2026-05-14T20:37:53.025Z [startup] stage="Checking local services" progress=34 accent=checking detail="Verifying the app stack is reachable on ports 3000 and 4000."
2026-05-14T20:37:53.070Z [startup] stage="Local services ready" progress=66 accent=ready detail="The desktop stack answered on both ports."
2026-05-14T20:37:53.158Z [startup-timing] t+261ms splash-did-finish-load
2026-05-14T20:37:53.731Z [startup-timing] t+833ms main-ready-to-show
2026-05-14T20:37:53.731Z [startup-timing] t+834ms handoff-reveal-scheduled hold=2200ms
2026-05-14T20:37:53.979Z [startup-timing] t+1082ms main-did-finish-load
2026-05-14T20:37:53.980Z [startup-timing] t+1083ms handoff-reveal-scheduled hold=2200ms
2026-05-14T20:37:53.980Z [startup-timing] t+1083ms local-target-connected target=http://localhost:3000/app
2026-05-14T20:37:53.981Z [startup-timing] t+1083ms handoff-reveal-scheduled hold=2200ms
2026-05-14T20:37:53.981Z [startup] stage="Local services ready" progress=66 accent=ready detail="The desktop stack answered on both ports."
2026-05-14T20:37:54.032Z [startup] stage="Checking local services" progress=34 accent=checking detail="Verifying the app stack is reachable on ports 3000 and 4000."
2026-05-14T20:37:54.034Z [startup] stage="Local services ready" progress=66 accent=ready detail="The desktop stack answered on both ports."
