2026-05-14T04:09:20.387Z [startup-timing] t+23ms app-when-ready
2026-05-14T04:09:20.388Z [startup-timing] log-path="D:\NEXUSFORGE GAMGING APP\apps\desktop\.network-smoke\local-37552-20260513-230919\startup.log"
2026-05-14T04:09:20.388Z [startup] stage="Booting desktop shell" progress=4 accent=warmup detail="Starting NexusForge Desktop."
2026-05-14T04:09:20.389Z [startup] stage="Preparing secure session" progress=18 accent=warmup detail="Resetting desktop storage before launch."
2026-05-14T04:09:20.397Z [startup] stage="Preparing secure session" progress=26 accent=ready detail="Desktop storage reset completed."
2026-05-14T04:09:20.397Z [startup] stage="Checking local services" progress=34 accent=checking detail="Verifying the app stack is reachable on ports 3000 and 4000."
2026-05-14T04:09:20.403Z [startup] stage="Local services ready" progress=66 accent=ready detail="The desktop stack answered on both ports."
2026-05-14T04:09:20.403Z [startup-timing] t+39ms splash-window-create
2026-05-14T04:09:20.448Z [startup-timing] t+84ms main-window-create
2026-05-14T04:09:20.464Z [startup] stage="Preparing launch" progress=72 accent=checking detail="Checking updates and final startup tasks."
2026-05-14T04:09:20.464Z [startup-timing] t+100ms ensure-app-reachable-start trigger=startup
2026-05-14T04:09:20.464Z [startup] stage="Opening app" progress=78 accent=opening detail="Connecting the desktop shell to NexusForge."
2026-05-14T04:09:20.465Z [startup] stage="Checking local services" progress=34 accent=checking detail="Verifying the app stack is reachable on ports 3000 and 4000."
2026-05-14T04:09:20.505Z [startup] stage="Local services ready" progress=66 accent=ready detail="The desktop stack answered on both ports."
2026-05-14T04:09:20.573Z [startup-timing] t+209ms splash-did-finish-load
2026-05-14T04:09:21.023Z [startup-timing] t+658ms main-ready-to-show
2026-05-14T04:09:21.023Z [startup-timing] t+659ms handoff-reveal-scheduled hold=2200ms
2026-05-14T04:09:21.202Z [startup-timing] t+838ms main-did-finish-load
2026-05-14T04:09:21.202Z [startup-timing] t+838ms handoff-reveal-scheduled hold=2200ms
2026-05-14T04:09:21.202Z [startup-timing] t+838ms local-target-connected target=http://localhost:3000/app
2026-05-14T04:09:21.203Z [startup-timing] t+839ms handoff-reveal-scheduled hold=2200ms
2026-05-14T04:09:21.203Z [startup] stage="Local services ready" progress=66 accent=ready detail="The desktop stack answered on both ports."
2026-05-14T04:09:21.223Z [startup] stage="Checking local services" progress=34 accent=checking detail="Verifying the app stack is reachable on ports 3000 and 4000."
2026-05-14T04:09:21.225Z [startup] stage="Local services ready" progress=66 accent=ready detail="The desktop stack answered on both ports."
