
2026-05-14T22:37:50.381Z [startup-timing] t+37ms app-when-ready
2026-05-14T22:37:50.382Z [startup-timing] log-path="D:\NEXUSFORGE GAMGING APP\apps\desktop\.network-smoke\hosted-19484-20260514-173746\startup.log"
2026-05-14T22:37:50.382Z [startup] stage="Booting desktop shell" progress=4 accent=warmup detail="Starting NexusForge Desktop."
2026-05-14T22:37:50.383Z [startup] stage="Preparing secure session" progress=18 accent=warmup detail="Resetting desktop storage before launch."
2026-05-14T22:37:50.383Z [startup] stage="Connecting hosted workspace" progress=32 accent=opening detail="Opening the remote NexusForge experience."
2026-05-14T22:37:50.415Z [startup-timing] t+71ms splash-window-create
2026-05-14T22:37:50.503Z [startup-timing] t+159ms main-window-create
2026-05-14T22:37:50.548Z [startup] stage="Preparing launch" progress=72 accent=checking detail="Checking updates and final startup tasks."
2026-05-14T22:37:50.549Z [startup-timing] t+205ms ensure-app-reachable-start trigger=startup
2026-05-14T22:37:50.549Z [startup] stage="Connecting hosted workspace" progress=78 accent=opening detail="Opening the remote NexusForge experience."
2026-05-14T22:37:50.705Z [startup-timing] t+361ms splash-did-finish-load
2026-05-14T22:37:51.782Z [tls] certificate bypass accepted for https://www.nexusforge.app/app (net::ERR_CERT_AUTHORITY_INVALID)
2026-05-14T22:37:52.062Z [tls] certificate bypass accepted for https://www.nexusforge.app/app (net::ERR_CERT_AUTHORITY_INVALID)
2026-05-14T22:38:07.737Z [startup-timing] t+17393ms main-ready-to-show
2026-05-14T22:38:07.738Z [startup-timing] t+17394ms handoff-reveal-scheduled hold=2200ms
2026-05-14T22:38:09.803Z [startup-timing] t+19459ms main-did-finish-load
2026-05-14T22:38:09.803Z [startup-timing] t+19459ms handoff-reveal-scheduled hold=2200ms
2026-05-14T22:38:09.804Z [startup-timing] t+19460ms hosted-target-connected target=https://www.nexusforge.app/app
2026-05-14T22:38:09.804Z [startup-timing] t+19460ms handoff-reveal-scheduled hold=2200ms
2026-05-14T22:38:09.805Z [startup] stage="Connecting hosted workspace" progress=78 accent=opening detail="Opening the remote NexusForge experience."
