
2026-05-14T22:51:03.511Z [startup-timing] t+27ms app-when-ready
2026-05-14T22:51:03.511Z [startup-timing] log-path="D:\NEXUSFORGE GAMGING APP\apps\desktop\.network-smoke\hosted-30816-20260514-175059\startup.log"
2026-05-14T22:51:03.512Z [startup] stage="Booting desktop shell" progress=4 accent=warmup detail="Starting NexusForge Desktop."
2026-05-14T22:51:03.512Z [startup] stage="Preparing secure session" progress=18 accent=warmup detail="Resetting desktop storage before launch."
2026-05-14T22:51:03.513Z [startup] stage="Connecting hosted workspace" progress=32 accent=opening detail="Opening the remote NexusForge experience."
2026-05-14T22:51:03.536Z [startup-timing] t+52ms splash-window-create
2026-05-14T22:51:03.615Z [startup-timing] t+131ms main-window-create
2026-05-14T22:51:03.644Z [startup] stage="Preparing launch" progress=72 accent=checking detail="Checking updates and final startup tasks."
2026-05-14T22:51:03.645Z [startup-timing] t+161ms ensure-app-reachable-start trigger=startup
2026-05-14T22:51:03.645Z [startup] stage="Connecting hosted workspace" progress=78 accent=opening detail="Opening the remote NexusForge experience."
2026-05-14T22:51:03.767Z [startup-timing] t+283ms splash-did-finish-load
2026-05-14T22:51:05.270Z [tls] certificate bypass accepted for https://www.nexusforge.app/app (net::ERR_CERT_AUTHORITY_INVALID)
2026-05-14T22:51:05.499Z [tls] certificate bypass accepted for https://www.nexusforge.app/app (net::ERR_CERT_AUTHORITY_INVALID)
2026-05-14T22:51:15.762Z [startup-timing] t+12278ms main-ready-to-show
2026-05-14T22:51:15.763Z [startup-timing] t+12278ms handoff-reveal-scheduled hold=2200ms
2026-05-14T22:51:16.515Z [startup-timing] t+13031ms main-did-finish-load
2026-05-14T22:51:16.515Z [startup-timing] t+13031ms handoff-reveal-scheduled hold=2200ms
2026-05-14T22:51:16.515Z [startup-timing] t+13031ms hosted-target-connected target=https://www.nexusforge.app/app
2026-05-14T22:51:16.516Z [startup-timing] t+13032ms handoff-reveal-scheduled hold=2200ms
2026-05-14T22:51:16.516Z [startup] stage="Connecting hosted workspace" progress=78 accent=opening detail="Opening the remote NexusForge experience."
