
2026-05-14T21:05:28.969Z [startup-timing] t+28ms app-when-ready
2026-05-14T21:05:28.969Z [startup-timing] log-path="D:\NEXUSFORGE GAMGING APP\apps\desktop\.network-smoke\hosted-43140-20260514-160525\startup.log"
2026-05-14T21:05:28.970Z [startup] stage="Booting desktop shell" progress=4 accent=warmup detail="Starting NexusForge Desktop."
2026-05-14T21:05:28.970Z [startup] stage="Preparing secure session" progress=18 accent=warmup detail="Resetting desktop storage before launch."
2026-05-14T21:05:28.970Z [startup] stage="Connecting hosted workspace" progress=32 accent=opening detail="Opening the remote NexusForge experience."
2026-05-14T21:05:28.970Z [startup-timing] t+29ms splash-window-create
2026-05-14T21:05:29.047Z [startup-timing] t+106ms main-window-create
2026-05-14T21:05:29.072Z [startup] stage="Preparing launch" progress=72 accent=checking detail="Checking updates and final startup tasks."
2026-05-14T21:05:29.073Z [startup-timing] t+132ms ensure-app-reachable-start trigger=startup
2026-05-14T21:05:29.073Z [startup] stage="Connecting hosted workspace" progress=78 accent=opening detail="Opening the remote NexusForge experience."
2026-05-14T21:05:29.195Z [startup-timing] t+254ms splash-did-finish-load
2026-05-14T21:05:29.898Z [tls] certificate bypass accepted for https://www.nexusforge.app/app (net::ERR_CERT_AUTHORITY_INVALID)
2026-05-14T21:05:30.157Z [tls] certificate bypass accepted for https://www.nexusforge.app/app (net::ERR_CERT_AUTHORITY_INVALID)
2026-05-14T21:05:33.520Z [startup-timing] t+4579ms main-ready-to-show
2026-05-14T21:05:33.520Z [startup-timing] t+4579ms handoff-reveal-scheduled hold=2200ms
2026-05-14T21:05:33.590Z [startup-timing] t+4649ms main-did-finish-load
2026-05-14T21:05:33.591Z [startup-timing] t+4650ms handoff-reveal-scheduled hold=2200ms
2026-05-14T21:05:33.591Z [startup-timing] t+4650ms hosted-target-connected target=https://www.nexusforge.app/app
2026-05-14T21:05:33.591Z [startup-timing] t+4650ms handoff-reveal-scheduled hold=2200ms
2026-05-14T21:05:33.592Z [startup] stage="Connecting hosted workspace" progress=78 accent=opening detail="Opening the remote NexusForge experience."
