2026-05-14T04:40:30.889Z [startup-timing] t+25ms app-when-ready
2026-05-14T04:40:30.889Z [startup-timing] log-path="D:\NEXUSFORGE GAMGING APP\apps\desktop\.network-smoke\local-22172-20260513-234029\startup.log"
2026-05-14T04:40:30.890Z [startup] stage="Booting desktop shell" progress=4 accent=warmup detail="Starting NexusForge Desktop."
2026-05-14T04:40:30.890Z [startup] stage="Preparing secure session" progress=18 accent=warmup detail="Resetting desktop storage before launch."
2026-05-14T04:40:30.900Z [startup] stage="Preparing secure session" progress=26 accent=ready detail="Desktop storage reset completed."
2026-05-14T04:40:30.900Z [startup] stage="Checking local services" progress=34 accent=checking detail="Verifying the app stack is reachable on ports 3000 and 4000."
2026-05-14T04:40:30.905Z [startup] stage="Local services ready" progress=66 accent=ready detail="The desktop stack answered on both ports."
2026-05-14T04:40:30.906Z [startup-timing] t+41ms splash-window-create
2026-05-14T04:40:30.952Z [startup-timing] t+88ms main-window-create
2026-05-14T04:40:30.965Z [startup] stage="Preparing launch" progress=72 accent=checking detail="Checking updates and final startup tasks."
2026-05-14T04:40:30.966Z [startup-timing] t+102ms ensure-app-reachable-start trigger=startup
2026-05-14T04:40:30.966Z [startup] stage="Opening app" progress=78 accent=opening detail="Connecting the desktop shell to NexusForge."
2026-05-14T04:40:30.966Z [startup] stage="Checking local services" progress=34 accent=checking detail="Verifying the app stack is reachable on ports 3000 and 4000."
2026-05-14T04:40:31.004Z [startup] stage="Local services ready" progress=66 accent=ready detail="The desktop stack answered on both ports."
2026-05-14T04:40:31.072Z [startup-timing] t+207ms splash-did-finish-load
2026-05-14T04:40:31.515Z [startup-timing] t+650ms main-ready-to-show
2026-05-14T04:40:31.515Z [startup-timing] t+651ms handoff-reveal-scheduled hold=2200ms
2026-05-14T04:40:31.697Z [startup-timing] t+832ms main-did-finish-load
2026-05-14T04:40:31.697Z [startup-timing] t+833ms handoff-reveal-scheduled hold=2200ms
2026-05-14T04:40:31.697Z [startup-timing] t+833ms local-target-connected target=http://localhost:3000/app
2026-05-14T04:40:31.698Z [startup-timing] t+834ms handoff-reveal-scheduled hold=2200ms
2026-05-14T04:40:31.698Z [startup] stage="Local services ready" progress=66 accent=ready detail="The desktop stack answered on both ports."
2026-05-14T04:40:31.717Z [startup] stage="Checking local services" progress=34 accent=checking detail="Verifying the app stack is reachable on ports 3000 and 4000."
2026-05-14T04:40:31.719Z [startup] stage="Local services ready" progress=66 accent=ready detail="The desktop stack answered on both ports."
