2026-05-14T19:57:35.755Z [startup-timing] t+26ms app-when-ready
2026-05-14T19:57:35.756Z [startup-timing] log-path="D:\NEXUSFORGE GAMGING APP\apps\desktop\.network-smoke\local-42376-20260514-145734\startup.log"
2026-05-14T19:57:35.756Z [startup] stage="Booting desktop shell" progress=4 accent=warmup detail="Starting NexusForge Desktop."
2026-05-14T19:57:35.757Z [startup] stage="Preparing secure session" progress=18 accent=warmup detail="Resetting desktop storage before launch."
2026-05-14T19:57:35.766Z [startup] stage="Preparing secure session" progress=26 accent=ready detail="Desktop storage reset completed."
2026-05-14T19:57:35.767Z [startup] stage="Checking local services" progress=34 accent=checking detail="Verifying the app stack is reachable on ports 3000 and 4000."
2026-05-14T19:57:35.772Z [startup] stage="Local services ready" progress=66 accent=ready detail="The desktop stack answered on both ports."
2026-05-14T19:57:35.772Z [startup-timing] t+43ms splash-window-create
2026-05-14T19:57:35.825Z [startup-timing] t+96ms main-window-create
2026-05-14T19:57:35.846Z [startup] stage="Preparing launch" progress=72 accent=checking detail="Checking updates and final startup tasks."
2026-05-14T19:57:35.847Z [startup-timing] t+117ms ensure-app-reachable-start trigger=startup
2026-05-14T19:57:35.847Z [startup] stage="Opening app" progress=78 accent=opening detail="Connecting the desktop shell to NexusForge."
2026-05-14T19:57:35.847Z [startup] stage="Checking local services" progress=34 accent=checking detail="Verifying the app stack is reachable on ports 3000 and 4000."
2026-05-14T19:57:35.891Z [startup] stage="Local services ready" progress=66 accent=ready detail="The desktop stack answered on both ports."
2026-05-14T19:57:35.960Z [startup-timing] t+231ms splash-did-finish-load
2026-05-14T19:57:36.423Z [startup-timing] t+694ms main-ready-to-show
2026-05-14T19:57:36.424Z [startup-timing] t+695ms handoff-reveal-scheduled hold=2200ms
2026-05-14T19:57:36.630Z [startup-timing] t+901ms main-did-finish-load
2026-05-14T19:57:36.630Z [startup-timing] t+901ms handoff-reveal-scheduled hold=2200ms
2026-05-14T19:57:36.631Z [startup-timing] t+902ms local-target-connected target=http://localhost:3000/app
2026-05-14T19:57:36.631Z [startup-timing] t+902ms handoff-reveal-scheduled hold=2200ms
2026-05-14T19:57:36.631Z [startup] stage="Local services ready" progress=66 accent=ready detail="The desktop stack answered on both ports."
2026-05-14T19:57:36.650Z [startup] stage="Checking local services" progress=34 accent=checking detail="Verifying the app stack is reachable on ports 3000 and 4000."
2026-05-14T19:57:36.651Z [startup] stage="Local services ready" progress=66 accent=ready detail="The desktop stack answered on both ports."
