2026-05-14T04:42:45.284Z [startup-timing] t+25ms app-when-ready
2026-05-14T04:42:45.284Z [startup-timing] log-path="D:\NEXUSFORGE GAMGING APP\apps\desktop\.network-smoke\local-39308-20260513-234244\startup.log"
2026-05-14T04:42:45.284Z [startup] stage="Booting desktop shell" progress=4 accent=warmup detail="Starting NexusForge Desktop."
2026-05-14T04:42:45.285Z [startup] stage="Preparing secure session" progress=18 accent=warmup detail="Resetting desktop storage before launch."
2026-05-14T04:42:45.292Z [startup] stage="Preparing secure session" progress=26 accent=ready detail="Desktop storage reset completed."
2026-05-14T04:42:45.293Z [startup] stage="Checking local services" progress=34 accent=checking detail="Verifying the app stack is reachable on ports 3000 and 4000."
2026-05-14T04:42:45.298Z [startup] stage="Local services ready" progress=66 accent=ready detail="The desktop stack answered on both ports."
2026-05-14T04:42:45.298Z [startup-timing] t+39ms splash-window-create
2026-05-14T04:42:45.342Z [startup-timing] t+83ms main-window-create
2026-05-14T04:42:45.358Z [startup] stage="Preparing launch" progress=72 accent=checking detail="Checking updates and final startup tasks."
2026-05-14T04:42:45.359Z [startup-timing] t+100ms ensure-app-reachable-start trigger=startup
2026-05-14T04:42:45.359Z [startup] stage="Opening app" progress=78 accent=opening detail="Connecting the desktop shell to NexusForge."
2026-05-14T04:42:45.359Z [startup] stage="Checking local services" progress=34 accent=checking detail="Verifying the app stack is reachable on ports 3000 and 4000."
2026-05-14T04:42:45.400Z [startup] stage="Local services ready" progress=66 accent=ready detail="The desktop stack answered on both ports."
2026-05-14T04:42:45.466Z [startup-timing] t+207ms splash-did-finish-load
2026-05-14T04:42:45.910Z [startup-timing] t+651ms main-ready-to-show
2026-05-14T04:42:45.910Z [startup-timing] t+651ms handoff-reveal-scheduled hold=2200ms
2026-05-14T04:42:46.078Z [startup-timing] t+819ms main-did-finish-load
2026-05-14T04:42:46.079Z [startup-timing] t+820ms handoff-reveal-scheduled hold=2200ms
2026-05-14T04:42:46.079Z [startup-timing] t+820ms local-target-connected target=http://localhost:3000/app
2026-05-14T04:42:46.079Z [startup-timing] t+820ms handoff-reveal-scheduled hold=2200ms
2026-05-14T04:42:46.080Z [startup] stage="Local services ready" progress=66 accent=ready detail="The desktop stack answered on both ports."
2026-05-14T04:42:46.100Z [startup] stage="Checking local services" progress=34 accent=checking detail="Verifying the app stack is reachable on ports 3000 and 4000."
2026-05-14T04:42:46.101Z [startup] stage="Local services ready" progress=66 accent=ready detail="The desktop stack answered on both ports."
