2026-05-14T03:48:56.925Z [startup-timing] t+25ms app-when-ready
2026-05-14T03:48:56.926Z [startup-timing] log-path="D:\NEXUSFORGE GAMGING APP\apps\desktop\.network-smoke\hosted-29836-20260513-224853\startup.log"
2026-05-14T03:48:56.926Z [startup] stage="Booting desktop shell" progress=4 accent=warmup detail="Starting NexusForge Desktop."
2026-05-14T03:48:56.926Z [startup] stage="Preparing secure session" progress=18 accent=warmup detail="Resetting desktop storage before launch."
2026-05-14T03:48:56.927Z [startup] stage="Connecting hosted workspace" progress=32 accent=opening detail="Opening the remote NexusForge experience."
2026-05-14T03:48:56.927Z [startup-timing] t+27ms splash-window-create
2026-05-14T03:48:56.975Z [startup-timing] t+75ms main-window-create
2026-05-14T03:48:56.991Z [startup] stage="Preparing launch" progress=72 accent=checking detail="Checking updates and final startup tasks."
2026-05-14T03:48:56.991Z [startup-timing] t+91ms ensure-app-reachable-start trigger=startup
2026-05-14T03:48:56.992Z [startup] stage="Connecting hosted workspace" progress=78 accent=opening detail="Opening the remote NexusForge experience."
2026-05-14T03:48:57.098Z [startup-timing] t+198ms splash-did-finish-load
2026-05-14T03:48:57.855Z [tls] certificate bypass accepted for https://www.nexusforge.app/app (net::ERR_CERT_AUTHORITY_INVALID)
2026-05-14T03:48:58.115Z [tls] certificate bypass accepted for https://www.nexusforge.app/app (net::ERR_CERT_AUTHORITY_INVALID)
2026-05-14T03:49:01.623Z [startup-timing] t+4723ms main-ready-to-show
2026-05-14T03:49:01.624Z [startup-timing] t+4724ms handoff-reveal-scheduled hold=2200ms
2026-05-14T03:49:01.718Z [startup-timing] t+4817ms main-did-finish-load
2026-05-14T03:49:01.718Z [startup-timing] t+4818ms handoff-reveal-scheduled hold=2200ms
2026-05-14T03:49:01.718Z [startup-timing] t+4818ms hosted-target-connected target=https://www.nexusforge.app/app
2026-05-14T03:49:01.718Z [startup-timing] t+4818ms handoff-reveal-scheduled hold=2200ms
2026-05-14T03:49:01.719Z [startup] stage="Connecting hosted workspace" progress=78 accent=opening detail="Opening the remote NexusForge experience."
