2026-05-14T03:25:44.610Z [startup-timing] t+24ms app-when-ready
2026-05-14T03:25:44.611Z [startup-timing] log-path="D:\NEXUSFORGE GAMGING APP\apps\desktop\.network-smoke\local-32076-20260513-222543\startup.log"
2026-05-14T03:25:44.611Z [startup] stage="Booting desktop shell" progress=4 accent=warmup detail="Starting NexusForge Desktop."
2026-05-14T03:25:44.611Z [startup] stage="Preparing secure session" progress=18 accent=warmup detail="Resetting desktop storage before launch."
2026-05-14T03:25:44.619Z [startup] stage="Preparing secure session" progress=26 accent=ready detail="Desktop storage reset completed."
2026-05-14T03:25:44.619Z [startup] stage="Checking local services" progress=34 accent=checking detail="Verifying the app stack is reachable on ports 3000 and 4000."
2026-05-14T03:25:44.624Z [startup] stage="Local services ready" progress=66 accent=ready detail="The desktop stack answered on both ports."
2026-05-14T03:25:44.625Z [startup-timing] t+39ms splash-window-create
2026-05-14T03:25:44.672Z [startup-timing] t+86ms main-window-create
2026-05-14T03:25:44.686Z [startup] stage="Preparing launch" progress=72 accent=checking detail="Checking updates and final startup tasks."
2026-05-14T03:25:44.686Z [startup-timing] t+100ms ensure-app-reachable-start trigger=startup
2026-05-14T03:25:44.687Z [startup] stage="Opening app" progress=78 accent=opening detail="Connecting the desktop shell to NexusForge."
2026-05-14T03:25:44.687Z [startup] stage="Checking local services" progress=34 accent=checking detail="Verifying the app stack is reachable on ports 3000 and 4000."
2026-05-14T03:25:44.728Z [startup] stage="Local services ready" progress=66 accent=ready detail="The desktop stack answered on both ports."
2026-05-14T03:25:44.794Z [startup-timing] t+208ms splash-did-finish-load
2026-05-14T03:25:45.252Z [startup-timing] t+665ms main-ready-to-show
2026-05-14T03:25:45.252Z [startup-timing] t+666ms handoff-reveal-scheduled hold=2200ms
2026-05-14T03:25:45.423Z [startup-timing] t+837ms main-did-finish-load
2026-05-14T03:25:45.424Z [startup-timing] t+838ms handoff-reveal-scheduled hold=2200ms
2026-05-14T03:25:45.424Z [startup-timing] t+838ms local-target-connected target=http://localhost:3000/app
2026-05-14T03:25:45.424Z [startup-timing] t+838ms handoff-reveal-scheduled hold=2200ms
2026-05-14T03:25:45.425Z [startup] stage="Local services ready" progress=66 accent=ready detail="The desktop stack answered on both ports."
2026-05-14T03:25:45.447Z [startup] stage="Checking local services" progress=34 accent=checking detail="Verifying the app stack is reachable on ports 3000 and 4000."
2026-05-14T03:25:45.448Z [startup] stage="Local services ready" progress=66 accent=ready detail="The desktop stack answered on both ports."
