
2026-05-14T22:22:34.709Z [startup-timing] t+30ms app-when-ready
2026-05-14T22:22:34.709Z [startup-timing] log-path="D:\NEXUSFORGE GAMGING APP\apps\desktop\.network-smoke\hosted-42076-20260514-172231\startup.log"
2026-05-14T22:22:34.709Z [startup] stage="Booting desktop shell" progress=4 accent=warmup detail="Starting NexusForge Desktop."
2026-05-14T22:22:34.710Z [startup] stage="Preparing secure session" progress=18 accent=warmup detail="Resetting desktop storage before launch."
2026-05-14T22:22:34.710Z [startup] stage="Connecting hosted workspace" progress=32 accent=opening detail="Opening the remote NexusForge experience."
2026-05-14T22:22:34.737Z [startup-timing] t+59ms splash-window-create
2026-05-14T22:22:34.819Z [startup-timing] t+141ms main-window-create
2026-05-14T22:22:34.853Z [startup] stage="Preparing launch" progress=72 accent=checking detail="Checking updates and final startup tasks."
2026-05-14T22:22:34.854Z [startup-timing] t+176ms ensure-app-reachable-start trigger=startup
2026-05-14T22:22:34.854Z [startup] stage="Connecting hosted workspace" progress=78 accent=opening detail="Opening the remote NexusForge experience."
2026-05-14T22:22:35.008Z [startup-timing] t+329ms splash-did-finish-load
2026-05-14T22:22:35.692Z [tls] certificate bypass accepted for https://www.nexusforge.app/app (net::ERR_CERT_AUTHORITY_INVALID)
2026-05-14T22:22:35.991Z [tls] certificate bypass accepted for https://www.nexusforge.app/app (net::ERR_CERT_AUTHORITY_INVALID)
2026-05-14T22:22:38.562Z [startup-timing] t+3883ms main-ready-to-show
2026-05-14T22:22:38.562Z [startup-timing] t+3884ms handoff-reveal-scheduled hold=2200ms
2026-05-14T22:22:38.635Z [startup-timing] t+3957ms main-did-finish-load
2026-05-14T22:22:38.635Z [startup-timing] t+3957ms handoff-reveal-scheduled hold=2200ms
2026-05-14T22:22:38.635Z [startup-timing] t+3957ms hosted-target-connected target=https://www.nexusforge.app/app
2026-05-14T22:22:38.636Z [startup-timing] t+3958ms handoff-reveal-scheduled hold=2200ms
2026-05-14T22:22:38.636Z [startup] stage="Connecting hosted workspace" progress=78 accent=opening detail="Opening the remote NexusForge experience."
