2026-05-14T03:44:34.040Z [startup-timing] t+27ms app-when-ready
2026-05-14T03:44:34.040Z [startup-timing] log-path="D:\NEXUSFORGE GAMGING APP\apps\desktop\.network-smoke\local-33004-20260513-224433\startup.log"
2026-05-14T03:44:34.041Z [startup] stage="Booting desktop shell" progress=4 accent=warmup detail="Starting NexusForge Desktop."
2026-05-14T03:44:34.041Z [startup] stage="Preparing secure session" progress=18 accent=warmup detail="Resetting desktop storage before launch."
2026-05-14T03:44:34.048Z [startup] stage="Preparing secure session" progress=26 accent=ready detail="Desktop storage reset completed."
2026-05-14T03:44:34.049Z [startup] stage="Checking local services" progress=34 accent=checking detail="Verifying the app stack is reachable on ports 3000 and 4000."
2026-05-14T03:44:34.054Z [startup] stage="Local services ready" progress=66 accent=ready detail="The desktop stack answered on both ports."
2026-05-14T03:44:34.054Z [startup-timing] t+41ms splash-window-create
2026-05-14T03:44:34.103Z [startup-timing] t+90ms main-window-create
2026-05-14T03:44:34.118Z [startup] stage="Preparing launch" progress=72 accent=checking detail="Checking updates and final startup tasks."
2026-05-14T03:44:34.119Z [startup-timing] t+105ms ensure-app-reachable-start trigger=startup
2026-05-14T03:44:34.119Z [startup] stage="Opening app" progress=78 accent=opening detail="Connecting the desktop shell to NexusForge."
2026-05-14T03:44:34.119Z [startup] stage="Checking local services" progress=34 accent=checking detail="Verifying the app stack is reachable on ports 3000 and 4000."
2026-05-14T03:44:34.160Z [startup] stage="Local services ready" progress=66 accent=ready detail="The desktop stack answered on both ports."
2026-05-14T03:44:34.227Z [startup-timing] t+213ms splash-did-finish-load
2026-05-14T03:44:34.687Z [startup-timing] t+674ms main-ready-to-show
2026-05-14T03:44:34.688Z [startup-timing] t+674ms handoff-reveal-scheduled hold=2200ms
2026-05-14T03:44:34.854Z [startup-timing] t+840ms main-did-finish-load
2026-05-14T03:44:34.854Z [startup-timing] t+841ms handoff-reveal-scheduled hold=2200ms
2026-05-14T03:44:34.855Z [startup-timing] t+841ms local-target-connected target=http://localhost:3000/app
2026-05-14T03:44:34.855Z [startup-timing] t+842ms handoff-reveal-scheduled hold=2200ms
2026-05-14T03:44:34.855Z [startup] stage="Local services ready" progress=66 accent=ready detail="The desktop stack answered on both ports."
2026-05-14T03:44:34.875Z [startup] stage="Checking local services" progress=34 accent=checking detail="Verifying the app stack is reachable on ports 3000 and 4000."
2026-05-14T03:44:34.876Z [startup] stage="Local services ready" progress=66 accent=ready detail="The desktop stack answered on both ports."
