2026-05-14T04:02:38.353Z [startup-timing] t+24ms app-when-ready
2026-05-14T04:02:38.354Z [startup-timing] log-path="D:\NEXUSFORGE GAMGING APP\apps\desktop\.network-smoke\hosted-8024-20260513-230235\startup.log"
2026-05-14T04:02:38.354Z [startup] stage="Booting desktop shell" progress=4 accent=warmup detail="Starting NexusForge Desktop."
2026-05-14T04:02:38.355Z [startup] stage="Preparing secure session" progress=18 accent=warmup detail="Resetting desktop storage before launch."
2026-05-14T04:02:38.355Z [startup] stage="Connecting hosted workspace" progress=32 accent=opening detail="Opening the remote NexusForge experience."
2026-05-14T04:02:38.355Z [startup-timing] t+26ms splash-window-create
2026-05-14T04:02:38.400Z [startup-timing] t+71ms main-window-create
2026-05-14T04:02:38.418Z [startup] stage="Preparing launch" progress=72 accent=checking detail="Checking updates and final startup tasks."
2026-05-14T04:02:38.419Z [startup-timing] t+90ms ensure-app-reachable-start trigger=startup
2026-05-14T04:02:38.419Z [startup] stage="Connecting hosted workspace" progress=78 accent=opening detail="Opening the remote NexusForge experience."
2026-05-14T04:02:38.535Z [startup-timing] t+206ms splash-did-finish-load
2026-05-14T04:02:39.260Z [tls] certificate bypass accepted for https://www.nexusforge.app/app (net::ERR_CERT_AUTHORITY_INVALID)
2026-05-14T04:02:39.498Z [tls] certificate bypass accepted for https://www.nexusforge.app/app (net::ERR_CERT_AUTHORITY_INVALID)
2026-05-14T04:02:42.547Z [startup-timing] t+4218ms main-ready-to-show
2026-05-14T04:02:42.547Z [startup-timing] t+4218ms handoff-reveal-scheduled hold=2200ms
2026-05-14T04:02:42.652Z [startup-timing] t+4323ms main-did-finish-load
2026-05-14T04:02:42.652Z [startup-timing] t+4323ms handoff-reveal-scheduled hold=2200ms
2026-05-14T04:02:42.653Z [startup-timing] t+4324ms hosted-target-connected target=https://www.nexusforge.app/app
2026-05-14T04:02:42.653Z [startup-timing] t+4324ms handoff-reveal-scheduled hold=2200ms
2026-05-14T04:02:42.653Z [startup] stage="Connecting hosted workspace" progress=78 accent=opening detail="Opening the remote NexusForge experience."
