
2026-05-15T00:15:27.029Z [startup-timing] t+29ms app-when-ready
2026-05-15T00:15:27.029Z [startup-timing] log-path="D:\NEXUSFORGE GAMGING APP\apps\desktop\.network-smoke\hosted-2716-20260514-191523\startup.log"
2026-05-15T00:15:27.030Z [startup] stage="Booting desktop shell" progress=4 accent=warmup detail="Starting NexusForge Desktop."
2026-05-15T00:15:27.030Z [startup] stage="Preparing secure session" progress=18 accent=warmup detail="Resetting desktop storage before launch."
2026-05-15T00:15:27.031Z [startup] stage="Connecting hosted workspace" progress=32 accent=opening detail="Opening the remote NexusForge experience."
2026-05-15T00:15:27.062Z [startup-timing] t+61ms splash-window-create
2026-05-15T00:15:27.142Z [startup-timing] t+142ms main-window-create
2026-05-15T00:15:27.176Z [startup] stage="Preparing launch" progress=72 accent=checking detail="Checking updates and final startup tasks."
2026-05-15T00:15:27.177Z [startup-timing] t+177ms ensure-app-reachable-start trigger=startup
2026-05-15T00:15:27.177Z [startup] stage="Connecting hosted workspace" progress=78 accent=opening detail="Opening the remote NexusForge experience."
2026-05-15T00:15:27.350Z [startup-timing] t+350ms splash-did-finish-load
2026-05-15T00:15:28.055Z [tls] certificate bypass accepted for https://www.nexusforge.app/app (net::ERR_CERT_AUTHORITY_INVALID)
2026-05-15T00:15:28.263Z [tls] certificate bypass accepted for https://www.nexusforge.app/app (net::ERR_CERT_AUTHORITY_INVALID)
2026-05-15T00:15:31.282Z [startup-timing] t+4282ms main-ready-to-show
2026-05-15T00:15:31.282Z [startup-timing] t+4282ms handoff-reveal-scheduled hold=2200ms
2026-05-15T00:15:31.375Z [startup-timing] t+4375ms main-did-finish-load
2026-05-15T00:15:31.376Z [startup-timing] t+4375ms handoff-reveal-scheduled hold=2200ms
2026-05-15T00:15:31.376Z [startup-timing] t+4376ms hosted-target-connected target=https://www.nexusforge.app/app
2026-05-15T00:15:31.376Z [startup-timing] t+4376ms handoff-reveal-scheduled hold=2200ms
2026-05-15T00:15:31.377Z [startup] stage="Connecting hosted workspace" progress=78 accent=opening detail="Opening the remote NexusForge experience."
