
2026-05-14T21:10:43.731Z [startup-timing] t+27ms app-when-ready
2026-05-14T21:10:43.731Z [startup-timing] log-path="D:\NEXUSFORGE GAMGING APP\apps\desktop\.network-smoke\local-29036-20260514-161042\startup.log"
2026-05-14T21:10:43.731Z [startup] stage="Booting desktop shell" progress=4 accent=warmup detail="Starting NexusForge Desktop."
2026-05-14T21:10:43.732Z [startup] stage="Preparing secure session" progress=18 accent=warmup detail="Resetting desktop storage before launch."
2026-05-14T21:10:43.740Z [startup] stage="Preparing secure session" progress=26 accent=ready detail="Desktop storage reset completed."
2026-05-14T21:10:43.740Z [startup] stage="Checking local services" progress=34 accent=checking detail="Verifying the app stack is reachable on ports 3000 and 4000."
2026-05-14T21:10:43.748Z [startup] stage="Local services ready" progress=66 accent=ready detail="The desktop stack answered on both ports."
2026-05-14T21:10:43.749Z [startup-timing] t+46ms splash-window-create
2026-05-14T21:10:43.825Z [startup-timing] t+122ms main-window-create
2026-05-14T21:10:43.856Z [startup] stage="Preparing launch" progress=72 accent=checking detail="Checking updates and final startup tasks."
2026-05-14T21:10:43.857Z [startup-timing] t+154ms ensure-app-reachable-start trigger=startup
2026-05-14T21:10:43.857Z [startup] stage="Opening app" progress=78 accent=opening detail="Connecting the desktop shell to NexusForge."
2026-05-14T21:10:43.857Z [startup] stage="Checking local services" progress=34 accent=checking detail="Verifying the app stack is reachable on ports 3000 and 4000."
2026-05-14T21:10:43.900Z [startup] stage="Local services ready" progress=66 accent=ready detail="The desktop stack answered on both ports."
2026-05-14T21:10:43.979Z [startup-timing] t+276ms splash-did-finish-load
2026-05-14T21:10:44.468Z [startup-timing] t+765ms main-ready-to-show
2026-05-14T21:10:44.469Z [startup-timing] t+765ms handoff-reveal-scheduled hold=2200ms
2026-05-14T21:10:44.657Z [startup-timing] t+954ms main-did-finish-load
2026-05-14T21:10:44.658Z [startup-timing] t+955ms handoff-reveal-scheduled hold=2200ms
2026-05-14T21:10:44.658Z [startup-timing] t+955ms local-target-connected target=http://localhost:3000/app
2026-05-14T21:10:44.659Z [startup-timing] t+955ms handoff-reveal-scheduled hold=2200ms
2026-05-14T21:10:44.659Z [startup] stage="Local services ready" progress=66 accent=ready detail="The desktop stack answered on both ports."
2026-05-14T21:10:44.684Z [startup] stage="Checking local services" progress=34 accent=checking detail="Verifying the app stack is reachable on ports 3000 and 4000."
2026-05-14T21:10:44.686Z [startup] stage="Local services ready" progress=66 accent=ready detail="The desktop stack answered on both ports."
