2026-05-14T04:26:02.601Z [startup-timing] t+25ms app-when-ready
2026-05-14T04:26:02.602Z [startup-timing] log-path="D:\NEXUSFORGE GAMGING APP\apps\desktop\.network-smoke\local-40540-20260513-232601\startup.log"
2026-05-14T04:26:02.602Z [startup] stage="Booting desktop shell" progress=4 accent=warmup detail="Starting NexusForge Desktop."
2026-05-14T04:26:02.602Z [startup] stage="Preparing secure session" progress=18 accent=warmup detail="Resetting desktop storage before launch."
2026-05-14T04:26:02.610Z [startup] stage="Preparing secure session" progress=26 accent=ready detail="Desktop storage reset completed."
2026-05-14T04:26:02.611Z [startup] stage="Checking local services" progress=34 accent=checking detail="Verifying the app stack is reachable on ports 3000 and 4000."
2026-05-14T04:26:02.616Z [startup] stage="Local services ready" progress=66 accent=ready detail="The desktop stack answered on both ports."
2026-05-14T04:26:02.616Z [startup-timing] t+40ms splash-window-create
2026-05-14T04:26:02.665Z [startup-timing] t+89ms main-window-create
2026-05-14T04:26:02.681Z [startup] stage="Preparing launch" progress=72 accent=checking detail="Checking updates and final startup tasks."
2026-05-14T04:26:02.681Z [startup-timing] t+105ms ensure-app-reachable-start trigger=startup
2026-05-14T04:26:02.682Z [startup] stage="Opening app" progress=78 accent=opening detail="Connecting the desktop shell to NexusForge."
2026-05-14T04:26:02.682Z [startup] stage="Checking local services" progress=34 accent=checking detail="Verifying the app stack is reachable on ports 3000 and 4000."
2026-05-14T04:26:02.722Z [startup] stage="Local services ready" progress=66 accent=ready detail="The desktop stack answered on both ports."
2026-05-14T04:26:02.793Z [startup-timing] t+217ms splash-did-finish-load
2026-05-14T04:26:03.232Z [startup-timing] t+656ms main-ready-to-show
2026-05-14T04:26:03.232Z [startup-timing] t+656ms handoff-reveal-scheduled hold=2200ms
2026-05-14T04:26:03.399Z [startup-timing] t+823ms main-did-finish-load
2026-05-14T04:26:03.399Z [startup-timing] t+823ms handoff-reveal-scheduled hold=2200ms
2026-05-14T04:26:03.400Z [startup-timing] t+823ms local-target-connected target=http://localhost:3000/app
2026-05-14T04:26:03.400Z [startup-timing] t+824ms handoff-reveal-scheduled hold=2200ms
2026-05-14T04:26:03.400Z [startup] stage="Local services ready" progress=66 accent=ready detail="The desktop stack answered on both ports."
2026-05-14T04:26:03.418Z [startup] stage="Checking local services" progress=34 accent=checking detail="Verifying the app stack is reachable on ports 3000 and 4000."
2026-05-14T04:26:03.419Z [startup] stage="Local services ready" progress=66 accent=ready detail="The desktop stack answered on both ports."
