
2026-05-14T21:25:20.286Z [startup-timing] t+30ms app-when-ready
2026-05-14T21:25:20.286Z [startup-timing] log-path="D:\NEXUSFORGE GAMGING APP\apps\desktop\.network-smoke\hosted-45408-20260514-162516\startup.log"
2026-05-14T21:25:20.287Z [startup] stage="Booting desktop shell" progress=4 accent=warmup detail="Starting NexusForge Desktop."
2026-05-14T21:25:20.288Z [startup] stage="Preparing secure session" progress=18 accent=warmup detail="Resetting desktop storage before launch."
2026-05-14T21:25:20.288Z [startup] stage="Connecting hosted workspace" progress=32 accent=opening detail="Opening the remote NexusForge experience."
2026-05-14T21:25:20.315Z [startup-timing] t+59ms splash-window-create
2026-05-14T21:25:20.403Z [startup-timing] t+146ms main-window-create
2026-05-14T21:25:20.443Z [startup] stage="Preparing launch" progress=72 accent=checking detail="Checking updates and final startup tasks."
2026-05-14T21:25:20.444Z [startup-timing] t+188ms ensure-app-reachable-start trigger=startup
2026-05-14T21:25:20.444Z [startup] stage="Connecting hosted workspace" progress=78 accent=opening detail="Opening the remote NexusForge experience."
2026-05-14T21:25:20.586Z [startup-timing] t+329ms splash-did-finish-load
2026-05-14T21:25:21.332Z [tls] certificate bypass accepted for https://www.nexusforge.app/app (net::ERR_CERT_AUTHORITY_INVALID)
2026-05-14T21:25:21.625Z [tls] certificate bypass accepted for https://www.nexusforge.app/app (net::ERR_CERT_AUTHORITY_INVALID)
2026-05-14T21:25:24.614Z [startup-timing] t+4357ms main-ready-to-show
2026-05-14T21:25:24.614Z [startup-timing] t+4358ms handoff-reveal-scheduled hold=2200ms
2026-05-14T21:25:24.684Z [startup-timing] t+4428ms main-did-finish-load
2026-05-14T21:25:24.684Z [startup-timing] t+4428ms handoff-reveal-scheduled hold=2200ms
2026-05-14T21:25:24.685Z [startup-timing] t+4428ms hosted-target-connected target=https://www.nexusforge.app/app
2026-05-14T21:25:24.685Z [startup-timing] t+4429ms handoff-reveal-scheduled hold=2200ms
2026-05-14T21:25:24.686Z [startup] stage="Connecting hosted workspace" progress=78 accent=opening detail="Opening the remote NexusForge experience."
