
2026-05-14T21:55:49.001Z [startup-timing] t+26ms app-when-ready
2026-05-14T21:55:49.001Z [startup-timing] log-path="D:\NEXUSFORGE GAMGING APP\apps\desktop\.network-smoke\hosted-29960-20260514-165545\startup.log"
2026-05-14T21:55:49.002Z [startup] stage="Booting desktop shell" progress=4 accent=warmup detail="Starting NexusForge Desktop."
2026-05-14T21:55:49.002Z [startup] stage="Preparing secure session" progress=18 accent=warmup detail="Resetting desktop storage before launch."
2026-05-14T21:55:49.003Z [startup] stage="Connecting hosted workspace" progress=32 accent=opening detail="Opening the remote NexusForge experience."
2026-05-14T21:55:49.029Z [startup-timing] t+55ms splash-window-create
2026-05-14T21:55:49.104Z [startup-timing] t+130ms main-window-create
2026-05-14T21:55:49.132Z [startup] stage="Preparing launch" progress=72 accent=checking detail="Checking updates and final startup tasks."
2026-05-14T21:55:49.132Z [startup-timing] t+158ms ensure-app-reachable-start trigger=startup
2026-05-14T21:55:49.133Z [startup] stage="Connecting hosted workspace" progress=78 accent=opening detail="Opening the remote NexusForge experience."
2026-05-14T21:55:49.277Z [startup-timing] t+303ms splash-did-finish-load
2026-05-14T21:55:49.957Z [tls] certificate bypass accepted for https://www.nexusforge.app/app (net::ERR_CERT_AUTHORITY_INVALID)
2026-05-14T21:55:50.196Z [tls] certificate bypass accepted for https://www.nexusforge.app/app (net::ERR_CERT_AUTHORITY_INVALID)
2026-05-14T21:55:53.147Z [startup-timing] t+4173ms main-ready-to-show
2026-05-14T21:55:53.148Z [startup-timing] t+4174ms handoff-reveal-scheduled hold=2200ms
2026-05-14T21:55:53.220Z [startup-timing] t+4245ms main-did-finish-load
2026-05-14T21:55:53.220Z [startup-timing] t+4246ms handoff-reveal-scheduled hold=2200ms
2026-05-14T21:55:53.220Z [startup-timing] t+4246ms hosted-target-connected target=https://www.nexusforge.app/app
2026-05-14T21:55:53.220Z [startup-timing] t+4246ms handoff-reveal-scheduled hold=2200ms
2026-05-14T21:55:53.221Z [startup] stage="Connecting hosted workspace" progress=78 accent=opening detail="Opening the remote NexusForge experience."
