2026-05-14T04:07:09.640Z [startup-timing] t+24ms app-when-ready
2026-05-14T04:07:09.640Z [startup-timing] log-path="D:\NEXUSFORGE GAMGING APP\apps\desktop\.network-smoke\hosted-37484-20260513-230706\startup.log"
2026-05-14T04:07:09.641Z [startup] stage="Booting desktop shell" progress=4 accent=warmup detail="Starting NexusForge Desktop."
2026-05-14T04:07:09.641Z [startup] stage="Preparing secure session" progress=18 accent=warmup detail="Resetting desktop storage before launch."
2026-05-14T04:07:09.642Z [startup] stage="Connecting hosted workspace" progress=32 accent=opening detail="Opening the remote NexusForge experience."
2026-05-14T04:07:09.642Z [startup-timing] t+26ms splash-window-create
2026-05-14T04:07:09.688Z [startup-timing] t+72ms main-window-create
2026-05-14T04:07:09.703Z [startup] stage="Preparing launch" progress=72 accent=checking detail="Checking updates and final startup tasks."
2026-05-14T04:07:09.704Z [startup-timing] t+88ms ensure-app-reachable-start trigger=startup
2026-05-14T04:07:09.704Z [startup] stage="Connecting hosted workspace" progress=78 accent=opening detail="Opening the remote NexusForge experience."
2026-05-14T04:07:09.820Z [startup-timing] t+197ms splash-did-finish-load
2026-05-14T04:07:10.626Z [tls] certificate bypass accepted for https://www.nexusforge.app/app (net::ERR_CERT_AUTHORITY_INVALID)
2026-05-14T04:07:10.853Z [tls] certificate bypass accepted for https://www.nexusforge.app/app (net::ERR_CERT_AUTHORITY_INVALID)
2026-05-14T04:07:13.901Z [startup-timing] t+4285ms main-ready-to-show
2026-05-14T04:07:13.901Z [startup-timing] t+4285ms handoff-reveal-scheduled hold=2200ms
2026-05-14T04:07:14.036Z [startup-timing] t+4419ms main-did-finish-load
2026-05-14T04:07:14.036Z [startup-timing] t+4420ms handoff-reveal-scheduled hold=2200ms
2026-05-14T04:07:14.036Z [startup-timing] t+4420ms hosted-target-connected target=https://www.nexusforge.app/app
2026-05-14T04:07:14.036Z [startup-timing] t+4420ms handoff-reveal-scheduled hold=2200ms
2026-05-14T04:07:14.037Z [startup] stage="Connecting hosted workspace" progress=78 accent=opening detail="Opening the remote NexusForge experience."
