2026-05-14T20:02:33.944Z [startup-timing] t+25ms app-when-ready
2026-05-14T20:02:33.945Z [startup-timing] log-path="D:\NEXUSFORGE GAMGING APP\apps\desktop\.network-smoke\local-8116-20260514-150232\startup.log"
2026-05-14T20:02:33.945Z [startup] stage="Booting desktop shell" progress=4 accent=warmup detail="Starting NexusForge Desktop."
2026-05-14T20:02:33.946Z [startup] stage="Preparing secure session" progress=18 accent=warmup detail="Resetting desktop storage before launch."
2026-05-14T20:02:33.955Z [startup] stage="Preparing secure session" progress=26 accent=ready detail="Desktop storage reset completed."
2026-05-14T20:02:33.955Z [startup] stage="Checking local services" progress=34 accent=checking detail="Verifying the app stack is reachable on ports 3000 and 4000."
2026-05-14T20:02:33.960Z [startup] stage="Local services ready" progress=66 accent=ready detail="The desktop stack answered on both ports."
2026-05-14T20:02:33.960Z [startup-timing] t+41ms splash-window-create
2026-05-14T20:02:34.013Z [startup-timing] t+94ms main-window-create
2026-05-14T20:02:34.030Z [startup] stage="Preparing launch" progress=72 accent=checking detail="Checking updates and final startup tasks."
2026-05-14T20:02:34.031Z [startup-timing] t+112ms ensure-app-reachable-start trigger=startup
2026-05-14T20:02:34.031Z [startup] stage="Opening app" progress=78 accent=opening detail="Connecting the desktop shell to NexusForge."
2026-05-14T20:02:34.032Z [startup] stage="Checking local services" progress=34 accent=checking detail="Verifying the app stack is reachable on ports 3000 and 4000."
2026-05-14T20:02:34.075Z [startup] stage="Local services ready" progress=66 accent=ready detail="The desktop stack answered on both ports."
2026-05-14T20:02:34.154Z [startup-timing] t+235ms splash-did-finish-load
2026-05-14T20:02:34.638Z [startup-timing] t+718ms main-ready-to-show
2026-05-14T20:02:34.638Z [startup-timing] t+719ms handoff-reveal-scheduled hold=2200ms
2026-05-14T20:02:34.854Z [startup-timing] t+934ms main-did-finish-load
2026-05-14T20:02:34.854Z [startup-timing] t+935ms handoff-reveal-scheduled hold=2200ms
2026-05-14T20:02:34.854Z [startup-timing] t+935ms local-target-connected target=http://localhost:3000/app
2026-05-14T20:02:34.855Z [startup-timing] t+936ms handoff-reveal-scheduled hold=2200ms
2026-05-14T20:02:34.855Z [startup] stage="Local services ready" progress=66 accent=ready detail="The desktop stack answered on both ports."
2026-05-14T20:02:34.881Z [startup] stage="Checking local services" progress=34 accent=checking detail="Verifying the app stack is reachable on ports 3000 and 4000."
2026-05-14T20:02:34.883Z [startup] stage="Local services ready" progress=66 accent=ready detail="The desktop stack answered on both ports."
