
2026-05-14T21:09:59.978Z [startup-timing] t+30ms app-when-ready
2026-05-14T21:09:59.979Z [startup-timing] log-path="D:\NEXUSFORGE GAMGING APP\apps\desktop\.network-smoke\hosted-41832-20260514-160955\startup.log"
2026-05-14T21:09:59.980Z [startup] stage="Booting desktop shell" progress=4 accent=warmup detail="Starting NexusForge Desktop."
2026-05-14T21:09:59.980Z [startup] stage="Preparing secure session" progress=18 accent=warmup detail="Resetting desktop storage before launch."
2026-05-14T21:09:59.980Z [startup] stage="Connecting hosted workspace" progress=32 accent=opening detail="Opening the remote NexusForge experience."
2026-05-14T21:09:59.981Z [startup-timing] t+33ms splash-window-create
2026-05-14T21:10:00.078Z [startup-timing] t+130ms main-window-create
2026-05-14T21:10:00.120Z [startup] stage="Preparing launch" progress=72 accent=checking detail="Checking updates and final startup tasks."
2026-05-14T21:10:00.120Z [startup-timing] t+172ms ensure-app-reachable-start trigger=startup
2026-05-14T21:10:00.121Z [startup] stage="Connecting hosted workspace" progress=78 accent=opening detail="Opening the remote NexusForge experience."
2026-05-14T21:10:00.259Z [startup-timing] t+311ms splash-did-finish-load
2026-05-14T21:10:00.931Z [tls] certificate bypass accepted for https://www.nexusforge.app/app (net::ERR_CERT_AUTHORITY_INVALID)
2026-05-14T21:10:01.205Z [tls] certificate bypass accepted for https://www.nexusforge.app/app (net::ERR_CERT_AUTHORITY_INVALID)
2026-05-14T21:10:04.329Z [startup-timing] t+4380ms main-ready-to-show
2026-05-14T21:10:04.329Z [startup-timing] t+4381ms handoff-reveal-scheduled hold=2200ms
2026-05-14T21:10:04.441Z [startup-timing] t+4493ms main-did-finish-load
2026-05-14T21:10:04.441Z [startup-timing] t+4493ms handoff-reveal-scheduled hold=2200ms
2026-05-14T21:10:04.442Z [startup-timing] t+4494ms hosted-target-connected target=https://www.nexusforge.app/app
2026-05-14T21:10:04.442Z [startup-timing] t+4494ms handoff-reveal-scheduled hold=2200ms
2026-05-14T21:10:04.442Z [startup] stage="Connecting hosted workspace" progress=78 accent=opening detail="Opening the remote NexusForge experience."
