
2026-05-14T21:12:31.228Z [startup-timing] t+31ms app-when-ready
2026-05-14T21:12:31.229Z [startup-timing] log-path="D:\NEXUSFORGE GAMGING APP\apps\desktop\.network-smoke\local-43316-20260514-161229\startup.log"
2026-05-14T21:12:31.229Z [startup] stage="Booting desktop shell" progress=4 accent=warmup detail="Starting NexusForge Desktop."
2026-05-14T21:12:31.230Z [startup] stage="Preparing secure session" progress=18 accent=warmup detail="Resetting desktop storage before launch."
2026-05-14T21:12:31.238Z [startup] stage="Preparing secure session" progress=26 accent=ready detail="Desktop storage reset completed."
2026-05-14T21:12:31.238Z [startup] stage="Checking local services" progress=34 accent=checking detail="Verifying the app stack is reachable on ports 3000 and 4000."
2026-05-14T21:12:31.245Z [startup] stage="Local services ready" progress=66 accent=ready detail="The desktop stack answered on both ports."
2026-05-14T21:12:31.246Z [startup-timing] t+49ms splash-window-create
2026-05-14T21:12:31.338Z [startup-timing] t+141ms main-window-create
2026-05-14T21:12:31.371Z [startup] stage="Preparing launch" progress=72 accent=checking detail="Checking updates and final startup tasks."
2026-05-14T21:12:31.371Z [startup-timing] t+174ms ensure-app-reachable-start trigger=startup
2026-05-14T21:12:31.372Z [startup] stage="Opening app" progress=78 accent=opening detail="Connecting the desktop shell to NexusForge."
2026-05-14T21:12:31.372Z [startup] stage="Checking local services" progress=34 accent=checking detail="Verifying the app stack is reachable on ports 3000 and 4000."
2026-05-14T21:12:31.436Z [startup] stage="Local services ready" progress=66 accent=ready detail="The desktop stack answered on both ports."
2026-05-14T21:12:31.543Z [startup-timing] t+346ms splash-did-finish-load
2026-05-14T21:12:32.057Z [startup-timing] t+859ms main-ready-to-show
2026-05-14T21:12:32.058Z [startup-timing] t+860ms handoff-reveal-scheduled hold=2200ms
2026-05-14T21:12:32.298Z [startup-timing] t+1101ms main-did-finish-load
2026-05-14T21:12:32.299Z [startup-timing] t+1102ms handoff-reveal-scheduled hold=2200ms
2026-05-14T21:12:32.299Z [startup-timing] t+1102ms local-target-connected target=http://localhost:3000/app
2026-05-14T21:12:32.300Z [startup-timing] t+1103ms handoff-reveal-scheduled hold=2200ms
2026-05-14T21:12:32.300Z [startup] stage="Local services ready" progress=66 accent=ready detail="The desktop stack answered on both ports."
2026-05-14T21:12:32.346Z [startup] stage="Checking local services" progress=34 accent=checking detail="Verifying the app stack is reachable on ports 3000 and 4000."
2026-05-14T21:12:32.349Z [startup] stage="Local services ready" progress=66 accent=ready detail="The desktop stack answered on both ports."
