2026-05-14T03:30:39.712Z [startup-timing] t+26ms app-when-ready
2026-05-14T03:30:39.713Z [startup-timing] log-path="D:\NEXUSFORGE GAMGING APP\apps\desktop\.network-smoke\local-36348-20260513-223038\startup.log"
2026-05-14T03:30:39.713Z [startup] stage="Booting desktop shell" progress=4 accent=warmup detail="Starting NexusForge Desktop."
2026-05-14T03:30:39.713Z [startup] stage="Preparing secure session" progress=18 accent=warmup detail="Resetting desktop storage before launch."
2026-05-14T03:30:39.722Z [startup] stage="Preparing secure session" progress=26 accent=ready detail="Desktop storage reset completed."
2026-05-14T03:30:39.723Z [startup] stage="Checking local services" progress=34 accent=checking detail="Verifying the app stack is reachable on ports 3000 and 4000."
2026-05-14T03:30:39.728Z [startup] stage="Local services ready" progress=66 accent=ready detail="The desktop stack answered on both ports."
2026-05-14T03:30:39.728Z [startup-timing] t+42ms splash-window-create
2026-05-14T03:30:39.777Z [startup-timing] t+90ms main-window-create
2026-05-14T03:30:39.792Z [startup] stage="Preparing launch" progress=72 accent=checking detail="Checking updates and final startup tasks."
2026-05-14T03:30:39.792Z [startup-timing] t+106ms ensure-app-reachable-start trigger=startup
2026-05-14T03:30:39.793Z [startup] stage="Opening app" progress=78 accent=opening detail="Connecting the desktop shell to NexusForge."
2026-05-14T03:30:39.793Z [startup] stage="Checking local services" progress=34 accent=checking detail="Verifying the app stack is reachable on ports 3000 and 4000."
2026-05-14T03:30:39.835Z [startup] stage="Local services ready" progress=66 accent=ready detail="The desktop stack answered on both ports."
2026-05-14T03:30:39.900Z [startup-timing] t+214ms splash-did-finish-load
2026-05-14T03:30:40.349Z [startup-timing] t+663ms main-ready-to-show
2026-05-14T03:30:40.350Z [startup-timing] t+664ms handoff-reveal-scheduled hold=2200ms
2026-05-14T03:30:40.530Z [startup-timing] t+844ms main-did-finish-load
2026-05-14T03:30:40.530Z [startup-timing] t+844ms handoff-reveal-scheduled hold=2200ms
2026-05-14T03:30:40.530Z [startup-timing] t+844ms local-target-connected target=http://localhost:3000/app
2026-05-14T03:30:40.531Z [startup-timing] t+845ms handoff-reveal-scheduled hold=2200ms
2026-05-14T03:30:40.531Z [startup] stage="Local services ready" progress=66 accent=ready detail="The desktop stack answered on both ports."
2026-05-14T03:30:40.553Z [startup] stage="Checking local services" progress=34 accent=checking detail="Verifying the app stack is reachable on ports 3000 and 4000."
2026-05-14T03:30:40.554Z [startup] stage="Local services ready" progress=66 accent=ready detail="The desktop stack answered on both ports."
