2026-05-14T03:09:15.033Z [startup-timing] t+25ms app-when-ready
2026-05-14T03:09:15.033Z [startup-timing] log-path="D:\NEXUSFORGE GAMGING APP\apps\desktop\.network-smoke\local-39820-20260513-220914\startup.log"
2026-05-14T03:09:15.033Z [startup] stage="Booting desktop shell" progress=4 accent=warmup detail="Starting NexusForge Desktop."
2026-05-14T03:09:15.034Z [startup] stage="Preparing secure session" progress=18 accent=warmup detail="Resetting desktop storage before launch."
2026-05-14T03:09:15.041Z [startup] stage="Preparing secure session" progress=26 accent=ready detail="Desktop storage reset completed."
2026-05-14T03:09:15.041Z [startup] stage="Checking local services" progress=34 accent=checking detail="Verifying the app stack is reachable on ports 3000 and 4000."
2026-05-14T03:09:15.047Z [startup] stage="Local services ready" progress=66 accent=ready detail="The desktop stack answered on both ports."
2026-05-14T03:09:15.048Z [startup-timing] t+40ms splash-window-create
2026-05-14T03:09:15.100Z [startup-timing] t+93ms main-window-create
2026-05-14T03:09:15.116Z [startup] stage="Preparing launch" progress=72 accent=checking detail="Checking updates and final startup tasks."
2026-05-14T03:09:15.117Z [startup-timing] t+110ms ensure-app-reachable-start trigger=startup
2026-05-14T03:09:15.117Z [startup] stage="Opening app" progress=78 accent=opening detail="Connecting the desktop shell to NexusForge."
2026-05-14T03:09:15.118Z [startup] stage="Checking local services" progress=34 accent=checking detail="Verifying the app stack is reachable on ports 3000 and 4000."
2026-05-14T03:09:15.158Z [startup] stage="Local services ready" progress=66 accent=ready detail="The desktop stack answered on both ports."
2026-05-14T03:09:15.231Z [startup-timing] t+224ms splash-did-finish-load
2026-05-14T03:09:15.691Z [startup-timing] t+683ms main-ready-to-show
2026-05-14T03:09:15.691Z [startup-timing] t+684ms handoff-reveal-scheduled hold=2200ms
2026-05-14T03:09:15.861Z [startup-timing] t+853ms main-did-finish-load
2026-05-14T03:09:15.861Z [startup-timing] t+854ms handoff-reveal-scheduled hold=2200ms
2026-05-14T03:09:15.861Z [startup-timing] t+854ms local-target-connected target=http://localhost:3000/app
2026-05-14T03:09:15.862Z [startup-timing] t+854ms handoff-reveal-scheduled hold=2200ms
2026-05-14T03:09:15.862Z [startup] stage="Local services ready" progress=66 accent=ready detail="The desktop stack answered on both ports."
2026-05-14T03:09:15.885Z [startup] stage="Checking local services" progress=34 accent=checking detail="Verifying the app stack is reachable on ports 3000 and 4000."
2026-05-14T03:09:15.886Z [startup] stage="Local services ready" progress=66 accent=ready detail="The desktop stack answered on both ports."
