
2026-05-14T21:58:37.425Z [startup-timing] t+30ms app-when-ready
2026-05-14T21:58:37.426Z [startup-timing] log-path="D:\NEXUSFORGE GAMGING APP\apps\desktop\.network-smoke\hosted-42688-20260514-165833\startup.log"
2026-05-14T21:58:37.426Z [startup] stage="Booting desktop shell" progress=4 accent=warmup detail="Starting NexusForge Desktop."
2026-05-14T21:58:37.427Z [startup] stage="Preparing secure session" progress=18 accent=warmup detail="Resetting desktop storage before launch."
2026-05-14T21:58:37.427Z [startup] stage="Connecting hosted workspace" progress=32 accent=opening detail="Opening the remote NexusForge experience."
2026-05-14T21:58:37.456Z [startup-timing] t+61ms splash-window-create
2026-05-14T21:58:37.537Z [startup-timing] t+141ms main-window-create
2026-05-14T21:58:37.565Z [startup] stage="Preparing launch" progress=72 accent=checking detail="Checking updates and final startup tasks."
2026-05-14T21:58:37.566Z [startup-timing] t+171ms ensure-app-reachable-start trigger=startup
2026-05-14T21:58:37.566Z [startup] stage="Connecting hosted workspace" progress=78 accent=opening detail="Opening the remote NexusForge experience."
2026-05-14T21:58:37.702Z [startup-timing] t+307ms splash-did-finish-load
2026-05-14T21:58:38.412Z [tls] certificate bypass accepted for https://www.nexusforge.app/app (net::ERR_CERT_AUTHORITY_INVALID)
2026-05-14T21:58:38.658Z [tls] certificate bypass accepted for https://www.nexusforge.app/app (net::ERR_CERT_AUTHORITY_INVALID)
2026-05-14T21:58:41.720Z [startup-timing] t+4325ms main-ready-to-show
2026-05-14T21:58:41.721Z [startup-timing] t+4326ms handoff-reveal-scheduled hold=2200ms
2026-05-14T21:58:41.992Z [startup-timing] t+4597ms main-did-finish-load
2026-05-14T21:58:41.992Z [startup-timing] t+4597ms handoff-reveal-scheduled hold=2200ms
2026-05-14T21:58:41.993Z [startup-timing] t+4597ms hosted-target-connected target=https://www.nexusforge.app/app
2026-05-14T21:58:41.993Z [startup-timing] t+4598ms handoff-reveal-scheduled hold=2200ms
2026-05-14T21:58:41.993Z [startup] stage="Connecting hosted workspace" progress=78 accent=opening detail="Opening the remote NexusForge experience."
