2026-05-14T03:39:04.028Z [startup-timing] t+23ms app-when-ready
2026-05-14T03:39:04.029Z [startup-timing] log-path="D:\NEXUSFORGE GAMGING APP\apps\desktop\.network-smoke\local-29080-20260513-223903\startup.log"
2026-05-14T03:39:04.029Z [startup] stage="Booting desktop shell" progress=4 accent=warmup detail="Starting NexusForge Desktop."
2026-05-14T03:39:04.030Z [startup] stage="Preparing secure session" progress=18 accent=warmup detail="Resetting desktop storage before launch."
2026-05-14T03:39:04.037Z [startup] stage="Preparing secure session" progress=26 accent=ready detail="Desktop storage reset completed."
2026-05-14T03:39:04.037Z [startup] stage="Checking local services" progress=34 accent=checking detail="Verifying the app stack is reachable on ports 3000 and 4000."
2026-05-14T03:39:04.043Z [startup] stage="Local services ready" progress=66 accent=ready detail="The desktop stack answered on both ports."
2026-05-14T03:39:04.043Z [startup-timing] t+38ms splash-window-create
2026-05-14T03:39:04.090Z [startup-timing] t+85ms main-window-create
2026-05-14T03:39:04.102Z [startup] stage="Preparing launch" progress=72 accent=checking detail="Checking updates and final startup tasks."
2026-05-14T03:39:04.103Z [startup-timing] t+98ms ensure-app-reachable-start trigger=startup
2026-05-14T03:39:04.103Z [startup] stage="Opening app" progress=78 accent=opening detail="Connecting the desktop shell to NexusForge."
2026-05-14T03:39:04.103Z [startup] stage="Checking local services" progress=34 accent=checking detail="Verifying the app stack is reachable on ports 3000 and 4000."
2026-05-14T03:39:04.142Z [startup] stage="Local services ready" progress=66 accent=ready detail="The desktop stack answered on both ports."
2026-05-14T03:39:04.212Z [startup-timing] t+207ms splash-did-finish-load
2026-05-14T03:39:04.669Z [startup-timing] t+664ms main-ready-to-show
2026-05-14T03:39:04.669Z [startup-timing] t+664ms handoff-reveal-scheduled hold=2200ms
2026-05-14T03:39:04.855Z [startup-timing] t+849ms main-did-finish-load
2026-05-14T03:39:04.855Z [startup-timing] t+850ms handoff-reveal-scheduled hold=2200ms
2026-05-14T03:39:04.855Z [startup-timing] t+850ms local-target-connected target=http://localhost:3000/app
2026-05-14T03:39:04.856Z [startup-timing] t+850ms handoff-reveal-scheduled hold=2200ms
2026-05-14T03:39:04.856Z [startup] stage="Local services ready" progress=66 accent=ready detail="The desktop stack answered on both ports."
2026-05-14T03:39:04.872Z [startup] stage="Checking local services" progress=34 accent=checking detail="Verifying the app stack is reachable on ports 3000 and 4000."
2026-05-14T03:39:04.874Z [startup] stage="Local services ready" progress=66 accent=ready detail="The desktop stack answered on both ports."
