
2026-05-14T21:18:10.677Z [startup-timing] t+34ms app-when-ready
2026-05-14T21:18:10.677Z [startup-timing] log-path="D:\NEXUSFORGE GAMGING APP\apps\desktop\.network-smoke\hosted-43508-20260514-161805\startup.log"
2026-05-14T21:18:10.678Z [startup] stage="Booting desktop shell" progress=4 accent=warmup detail="Starting NexusForge Desktop."
2026-05-14T21:18:10.678Z [startup] stage="Preparing secure session" progress=18 accent=warmup detail="Resetting desktop storage before launch."
2026-05-14T21:18:10.679Z [startup] stage="Connecting hosted workspace" progress=32 accent=opening detail="Opening the remote NexusForge experience."
2026-05-14T21:18:10.715Z [startup-timing] t+73ms splash-window-create
2026-05-14T21:18:10.814Z [startup-timing] t+172ms main-window-create
2026-05-14T21:18:10.951Z [startup] stage="Preparing launch" progress=72 accent=checking detail="Checking updates and final startup tasks."
2026-05-14T21:18:10.952Z [startup-timing] t+310ms ensure-app-reachable-start trigger=startup
2026-05-14T21:18:10.952Z [startup] stage="Connecting hosted workspace" progress=78 accent=opening detail="Opening the remote NexusForge experience."
2026-05-14T21:18:11.161Z [startup-timing] t+519ms splash-did-finish-load
2026-05-14T21:18:11.790Z [tls] certificate bypass accepted for https://www.nexusforge.app/app (net::ERR_CERT_AUTHORITY_INVALID)
2026-05-14T21:18:12.035Z [tls] certificate bypass accepted for https://www.nexusforge.app/app (net::ERR_CERT_AUTHORITY_INVALID)
2026-05-14T21:18:15.025Z [startup-timing] t+4383ms main-ready-to-show
2026-05-14T21:18:15.026Z [startup-timing] t+4384ms handoff-reveal-scheduled hold=2200ms
2026-05-14T21:18:15.131Z [startup-timing] t+4489ms main-did-finish-load
2026-05-14T21:18:15.131Z [startup-timing] t+4489ms handoff-reveal-scheduled hold=2200ms
2026-05-14T21:18:15.132Z [startup-timing] t+4489ms hosted-target-connected target=https://www.nexusforge.app/app
2026-05-14T21:18:15.132Z [startup-timing] t+4490ms handoff-reveal-scheduled hold=2200ms
2026-05-14T21:18:15.133Z [startup] stage="Connecting hosted workspace" progress=78 accent=opening detail="Opening the remote NexusForge experience."
