
2026-05-14T22:57:31.102Z [startup-timing] t+27ms app-when-ready
2026-05-14T22:57:31.103Z [startup-timing] log-path="D:\NEXUSFORGE GAMGING APP\apps\desktop\.network-smoke\hosted-46804-20260514-175726\startup.log"
2026-05-14T22:57:31.103Z [startup] stage="Booting desktop shell" progress=4 accent=warmup detail="Starting NexusForge Desktop."
2026-05-14T22:57:31.104Z [startup] stage="Preparing secure session" progress=18 accent=warmup detail="Resetting desktop storage before launch."
2026-05-14T22:57:31.104Z [startup] stage="Connecting hosted workspace" progress=32 accent=opening detail="Opening the remote NexusForge experience."
2026-05-14T22:57:31.133Z [startup-timing] t+58ms splash-window-create
2026-05-14T22:57:31.329Z [startup-timing] t+140ms main-window-create
2026-05-14T22:57:31.367Z [startup] stage="Preparing launch" progress=72 accent=checking detail="Checking updates and final startup tasks."
2026-05-14T22:57:31.368Z [startup-timing] t+293ms ensure-app-reachable-start trigger=startup
2026-05-14T22:57:31.368Z [startup] stage="Connecting hosted workspace" progress=78 accent=opening detail="Opening the remote NexusForge experience."
2026-05-14T22:57:31.537Z [startup-timing] t+462ms splash-did-finish-load
2026-05-14T22:57:32.580Z [tls] certificate bypass accepted for https://www.nexusforge.app/app (net::ERR_CERT_AUTHORITY_INVALID)
2026-05-14T22:57:32.829Z [tls] certificate bypass accepted for https://www.nexusforge.app/app (net::ERR_CERT_AUTHORITY_INVALID)
2026-05-14T22:57:38.759Z [startup-timing] t+7683ms main-ready-to-show
2026-05-14T22:57:38.759Z [startup-timing] t+7684ms handoff-reveal-scheduled hold=2200ms
2026-05-14T22:57:38.855Z [startup-timing] t+7779ms main-did-finish-load
2026-05-14T22:57:38.855Z [startup-timing] t+7780ms handoff-reveal-scheduled hold=2200ms
2026-05-14T22:57:38.855Z [startup-timing] t+7780ms hosted-target-connected target=https://www.nexusforge.app/app
2026-05-14T22:57:38.856Z [startup-timing] t+7781ms handoff-reveal-scheduled hold=2200ms
2026-05-14T22:57:38.856Z [startup] stage="Connecting hosted workspace" progress=78 accent=opening detail="Opening the remote NexusForge experience."
