2026-05-14T04:07:53.596Z [startup-timing] t+25ms app-when-ready
2026-05-14T04:07:53.596Z [startup-timing] log-path="D:\NEXUSFORGE GAMGING APP\apps\desktop\.network-smoke\hosted-39032-20260513-230750\startup.log"
2026-05-14T04:07:53.597Z [startup] stage="Booting desktop shell" progress=4 accent=warmup detail="Starting NexusForge Desktop."
2026-05-14T04:07:53.597Z [startup] stage="Preparing secure session" progress=18 accent=warmup detail="Resetting desktop storage before launch."
2026-05-14T04:07:53.597Z [startup] stage="Connecting hosted workspace" progress=32 accent=opening detail="Opening the remote NexusForge experience."
2026-05-14T04:07:53.598Z [startup-timing] t+27ms splash-window-create
2026-05-14T04:07:53.646Z [startup-timing] t+75ms main-window-create
2026-05-14T04:07:53.664Z [startup] stage="Preparing launch" progress=72 accent=checking detail="Checking updates and final startup tasks."
2026-05-14T04:07:53.664Z [startup-timing] t+93ms ensure-app-reachable-start trigger=startup
2026-05-14T04:07:53.665Z [startup] stage="Connecting hosted workspace" progress=78 accent=opening detail="Opening the remote NexusForge experience."
2026-05-14T04:07:53.784Z [startup-timing] t+213ms splash-did-finish-load
2026-05-14T04:07:54.567Z [tls] certificate bypass accepted for https://www.nexusforge.app/app (net::ERR_CERT_AUTHORITY_INVALID)
2026-05-14T04:07:54.822Z [tls] certificate bypass accepted for https://www.nexusforge.app/app (net::ERR_CERT_AUTHORITY_INVALID)
2026-05-14T04:07:58.558Z [startup-timing] t+4986ms main-ready-to-show
2026-05-14T04:07:58.558Z [startup-timing] t+4987ms handoff-reveal-scheduled hold=2200ms
2026-05-14T04:07:58.690Z [startup-timing] t+5119ms main-did-finish-load
2026-05-14T04:07:58.691Z [startup-timing] t+5120ms handoff-reveal-scheduled hold=2200ms
2026-05-14T04:07:58.691Z [startup-timing] t+5120ms hosted-target-connected target=https://www.nexusforge.app/app
2026-05-14T04:07:58.691Z [startup-timing] t+5120ms handoff-reveal-scheduled hold=2200ms
2026-05-14T04:07:58.692Z [startup] stage="Connecting hosted workspace" progress=78 accent=opening detail="Opening the remote NexusForge experience."
