
2026-05-14T21:12:33.842Z [startup-timing] t+31ms app-when-ready
2026-05-14T21:12:33.842Z [startup-timing] log-path="D:\NEXUSFORGE GAMGING APP\apps\desktop\.network-smoke\hosted-43316-20260514-161229\startup.log"
2026-05-14T21:12:33.843Z [startup] stage="Booting desktop shell" progress=4 accent=warmup detail="Starting NexusForge Desktop."
2026-05-14T21:12:33.843Z [startup] stage="Preparing secure session" progress=18 accent=warmup detail="Resetting desktop storage before launch."
2026-05-14T21:12:33.844Z [startup] stage="Connecting hosted workspace" progress=32 accent=opening detail="Opening the remote NexusForge experience."
2026-05-14T21:12:33.844Z [startup-timing] t+33ms splash-window-create
2026-05-14T21:12:34.002Z [startup-timing] t+191ms main-window-create
2026-05-14T21:12:34.057Z [startup] stage="Preparing launch" progress=72 accent=checking detail="Checking updates and final startup tasks."
2026-05-14T21:12:34.058Z [startup-timing] t+247ms ensure-app-reachable-start trigger=startup
2026-05-14T21:12:34.058Z [startup] stage="Connecting hosted workspace" progress=78 accent=opening detail="Opening the remote NexusForge experience."
2026-05-14T21:12:34.344Z [startup-timing] t+532ms splash-did-finish-load
2026-05-14T21:12:34.978Z [tls] certificate bypass accepted for https://www.nexusforge.app/app (net::ERR_CERT_AUTHORITY_INVALID)
2026-05-14T21:12:35.203Z [tls] certificate bypass accepted for https://www.nexusforge.app/app (net::ERR_CERT_AUTHORITY_INVALID)
2026-05-14T21:12:37.906Z [startup-timing] t+4095ms main-ready-to-show
2026-05-14T21:12:37.906Z [startup-timing] t+4095ms handoff-reveal-scheduled hold=2200ms
2026-05-14T21:12:38.016Z [startup-timing] t+4205ms main-did-finish-load
2026-05-14T21:12:38.017Z [startup-timing] t+4205ms handoff-reveal-scheduled hold=2200ms
2026-05-14T21:12:38.017Z [startup-timing] t+4206ms hosted-target-connected target=https://www.nexusforge.app/app
2026-05-14T21:12:38.017Z [startup-timing] t+4206ms handoff-reveal-scheduled hold=2200ms
2026-05-14T21:12:38.017Z [startup] stage="Connecting hosted workspace" progress=78 accent=opening detail="Opening the remote NexusForge experience."
