
2026-05-14T22:51:52.259Z [startup-timing] t+27ms app-when-ready
2026-05-14T22:51:52.259Z [startup-timing] log-path="D:\NEXUSFORGE GAMGING APP\apps\desktop\.network-smoke\local-19776-20260514-175151\startup.log"
2026-05-14T22:51:52.259Z [startup] stage="Booting desktop shell" progress=4 accent=warmup detail="Starting NexusForge Desktop."
2026-05-14T22:51:52.260Z [startup] stage="Preparing secure session" progress=18 accent=warmup detail="Resetting desktop storage before launch."
2026-05-14T22:51:52.270Z [startup] stage="Preparing secure session" progress=26 accent=ready detail="Desktop storage reset completed."
2026-05-14T22:51:52.271Z [startup] stage="Checking local services" progress=34 accent=checking detail="Verifying the app stack is reachable on ports 3000 and 4000."
2026-05-14T22:51:52.276Z [startup] stage="Local services ready" progress=66 accent=ready detail="The desktop stack answered on both ports."
2026-05-14T22:51:52.306Z [startup-timing] t+75ms splash-window-create
2026-05-14T22:51:52.386Z [startup-timing] t+155ms main-window-create
2026-05-14T22:51:52.421Z [startup] stage="Preparing launch" progress=72 accent=checking detail="Checking updates and final startup tasks."
2026-05-14T22:51:52.421Z [startup-timing] t+190ms ensure-app-reachable-start trigger=startup
2026-05-14T22:51:52.422Z [startup] stage="Opening app" progress=78 accent=opening detail="Connecting the desktop shell to NexusForge."
2026-05-14T22:51:52.422Z [startup] stage="Checking local services" progress=34 accent=checking detail="Verifying the app stack is reachable on ports 3000 and 4000."
2026-05-14T22:51:52.471Z [startup] stage="Local services ready" progress=66 accent=ready detail="The desktop stack answered on both ports."
2026-05-14T22:51:52.564Z [startup-timing] t+333ms splash-did-finish-load
2026-05-14T22:51:53.078Z [startup-timing] t+847ms main-ready-to-show
2026-05-14T22:51:53.079Z [startup-timing] t+848ms handoff-reveal-scheduled hold=2200ms
2026-05-14T22:51:53.258Z [startup-timing] t+1027ms main-did-finish-load
2026-05-14T22:51:53.258Z [startup-timing] t+1027ms handoff-reveal-scheduled hold=2200ms
2026-05-14T22:51:53.259Z [startup-timing] t+1028ms local-target-connected target=http://localhost:3000/app
2026-05-14T22:51:53.259Z [startup-timing] t+1028ms handoff-reveal-scheduled hold=2200ms
2026-05-14T22:51:53.259Z [startup] stage="Local services ready" progress=66 accent=ready detail="The desktop stack answered on both ports."
2026-05-14T22:51:53.277Z [startup] stage="Checking local services" progress=34 accent=checking detail="Verifying the app stack is reachable on ports 3000 and 4000."
2026-05-14T22:51:53.279Z [startup] stage="Local services ready" progress=66 accent=ready detail="The desktop stack answered on both ports."
