
2026-05-14T23:54:58.083Z [startup-timing] t+31ms app-when-ready
2026-05-14T23:54:58.084Z [startup-timing] log-path="D:\NEXUSFORGE GAMGING APP\apps\desktop\.network-smoke\hosted-44260-20260514-185448\startup.log"
2026-05-14T23:54:58.084Z [startup] stage="Booting desktop shell" progress=4 accent=warmup detail="Starting NexusForge Desktop."
2026-05-14T23:54:58.085Z [startup] stage="Preparing secure session" progress=18 accent=warmup detail="Resetting desktop storage before launch."
2026-05-14T23:54:58.085Z [startup] stage="Connecting hosted workspace" progress=32 accent=opening detail="Opening the remote NexusForge experience."
2026-05-14T23:54:58.116Z [startup-timing] t+64ms splash-window-create
2026-05-14T23:54:58.205Z [startup-timing] t+153ms main-window-create
2026-05-14T23:54:58.337Z [startup] stage="Preparing launch" progress=72 accent=checking detail="Checking updates and final startup tasks."
2026-05-14T23:54:58.338Z [startup-timing] t+286ms ensure-app-reachable-start trigger=startup
2026-05-14T23:54:58.338Z [startup] stage="Connecting hosted workspace" progress=78 accent=opening detail="Opening the remote NexusForge experience."
2026-05-14T23:54:58.526Z [startup-timing] t+474ms splash-did-finish-load
2026-05-14T23:55:00.802Z [tls] certificate bypass accepted for https://www.nexusforge.app/app (net::ERR_CERT_AUTHORITY_INVALID)
2026-05-14T23:55:00.973Z [tls] certificate bypass accepted for https://www.nexusforge.app/app (net::ERR_CERT_AUTHORITY_INVALID)
2026-05-14T23:55:17.432Z [startup-timing] t+19380ms main-ready-to-show
2026-05-14T23:55:17.433Z [startup-timing] t+19381ms handoff-reveal-scheduled hold=2200ms
2026-05-14T23:55:17.961Z [startup-timing] t+19909ms main-did-finish-load
2026-05-14T23:55:17.961Z [startup-timing] t+19909ms handoff-reveal-scheduled hold=2200ms
2026-05-14T23:55:17.962Z [startup-timing] t+19909ms hosted-target-connected target=https://www.nexusforge.app/app
2026-05-14T23:55:17.962Z [startup-timing] t+19910ms handoff-reveal-scheduled hold=2200ms
2026-05-14T23:55:17.962Z [startup] stage="Connecting hosted workspace" progress=78 accent=opening detail="Opening the remote NexusForge experience."
