
2026-05-14T22:58:21.179Z [startup-timing] t+31ms app-when-ready
2026-05-14T22:58:21.180Z [startup-timing] log-path="D:\NEXUSFORGE GAMGING APP\apps\desktop\.network-smoke\local-40164-20260514-175819\startup.log"
2026-05-14T22:58:21.180Z [startup] stage="Booting desktop shell" progress=4 accent=warmup detail="Starting NexusForge Desktop."
2026-05-14T22:58:21.181Z [startup] stage="Preparing secure session" progress=18 accent=warmup detail="Resetting desktop storage before launch."
2026-05-14T22:58:21.188Z [startup] stage="Preparing secure session" progress=26 accent=ready detail="Desktop storage reset completed."
2026-05-14T22:58:21.189Z [startup] stage="Checking local services" progress=34 accent=checking detail="Verifying the app stack is reachable on ports 3000 and 4000."
2026-05-14T22:58:21.198Z [startup] stage="Local services ready" progress=66 accent=ready detail="The desktop stack answered on both ports."
2026-05-14T22:58:21.223Z [startup-timing] t+75ms splash-window-create
2026-05-14T22:58:21.304Z [startup-timing] t+156ms main-window-create
2026-05-14T22:58:21.339Z [startup] stage="Preparing launch" progress=72 accent=checking detail="Checking updates and final startup tasks."
2026-05-14T22:58:21.339Z [startup-timing] t+191ms ensure-app-reachable-start trigger=startup
2026-05-14T22:58:21.339Z [startup] stage="Opening app" progress=78 accent=opening detail="Connecting the desktop shell to NexusForge."
2026-05-14T22:58:21.340Z [startup] stage="Checking local services" progress=34 accent=checking detail="Verifying the app stack is reachable on ports 3000 and 4000."
2026-05-14T22:58:21.384Z [startup] stage="Local services ready" progress=66 accent=ready detail="The desktop stack answered on both ports."
2026-05-14T22:58:21.474Z [startup-timing] t+326ms splash-did-finish-load
2026-05-14T22:58:21.936Z [startup-timing] t+787ms main-ready-to-show
2026-05-14T22:58:21.936Z [startup-timing] t+788ms handoff-reveal-scheduled hold=2200ms
2026-05-14T22:58:22.507Z [startup-timing] t+1358ms main-did-finish-load
2026-05-14T22:58:22.507Z [startup-timing] t+1359ms handoff-reveal-scheduled hold=2200ms
2026-05-14T22:58:22.509Z [startup-timing] t+1361ms local-target-connected target=http://localhost:3000/app
2026-05-14T22:58:22.509Z [startup-timing] t+1361ms handoff-reveal-scheduled hold=2200ms
2026-05-14T22:58:22.510Z [startup] stage="Local services ready" progress=66 accent=ready detail="The desktop stack answered on both ports."
2026-05-14T22:58:22.571Z [startup] stage="Checking local services" progress=34 accent=checking detail="Verifying the app stack is reachable on ports 3000 and 4000."
2026-05-14T22:58:22.573Z [startup] stage="Local services ready" progress=66 accent=ready detail="The desktop stack answered on both ports."
