
2026-05-14T21:11:40.907Z [startup-timing] t+32ms app-when-ready
2026-05-14T21:11:40.907Z [startup-timing] log-path="D:\NEXUSFORGE GAMGING APP\apps\desktop\.network-smoke\hosted-21460-20260514-161136\startup.log"
2026-05-14T21:11:40.907Z [startup] stage="Booting desktop shell" progress=4 accent=warmup detail="Starting NexusForge Desktop."
2026-05-14T21:11:40.908Z [startup] stage="Preparing secure session" progress=18 accent=warmup detail="Resetting desktop storage before launch."
2026-05-14T21:11:40.908Z [startup] stage="Connecting hosted workspace" progress=32 accent=opening detail="Opening the remote NexusForge experience."
2026-05-14T21:11:40.908Z [startup-timing] t+33ms splash-window-create
2026-05-14T21:11:41.003Z [startup-timing] t+128ms main-window-create
2026-05-14T21:11:41.044Z [startup] stage="Preparing launch" progress=72 accent=checking detail="Checking updates and final startup tasks."
2026-05-14T21:11:41.045Z [startup-timing] t+170ms ensure-app-reachable-start trigger=startup
2026-05-14T21:11:41.045Z [startup] stage="Connecting hosted workspace" progress=78 accent=opening detail="Opening the remote NexusForge experience."
2026-05-14T21:11:41.189Z [startup-timing] t+314ms splash-did-finish-load
2026-05-14T21:11:41.898Z [tls] certificate bypass accepted for https://www.nexusforge.app/app (net::ERR_CERT_AUTHORITY_INVALID)
2026-05-14T21:11:42.148Z [tls] certificate bypass accepted for https://www.nexusforge.app/app (net::ERR_CERT_AUTHORITY_INVALID)
2026-05-14T21:11:45.149Z [startup-timing] t+4274ms main-ready-to-show
2026-05-14T21:11:45.149Z [startup-timing] t+4274ms handoff-reveal-scheduled hold=2200ms
2026-05-14T21:11:45.232Z [startup-timing] t+4357ms main-did-finish-load
2026-05-14T21:11:45.232Z [startup-timing] t+4357ms handoff-reveal-scheduled hold=2200ms
2026-05-14T21:11:45.233Z [startup-timing] t+4357ms hosted-target-connected target=https://www.nexusforge.app/app
2026-05-14T21:11:45.233Z [startup-timing] t+4358ms handoff-reveal-scheduled hold=2200ms
2026-05-14T21:11:45.233Z [startup] stage="Connecting hosted workspace" progress=78 accent=opening detail="Opening the remote NexusForge experience."
