2026-05-14T03:50:26.853Z [startup-timing] t+25ms app-when-ready
2026-05-14T03:50:26.854Z [startup-timing] log-path="D:\NEXUSFORGE GAMGING APP\apps\desktop\.network-smoke\hosted-34820-20260513-225023\startup.log"
2026-05-14T03:50:26.854Z [startup] stage="Booting desktop shell" progress=4 accent=warmup detail="Starting NexusForge Desktop."
2026-05-14T03:50:26.855Z [startup] stage="Preparing secure session" progress=18 accent=warmup detail="Resetting desktop storage before launch."
2026-05-14T03:50:26.855Z [startup] stage="Connecting hosted workspace" progress=32 accent=opening detail="Opening the remote NexusForge experience."
2026-05-14T03:50:26.856Z [startup-timing] t+27ms splash-window-create
2026-05-14T03:50:26.906Z [startup-timing] t+78ms main-window-create
2026-05-14T03:50:26.919Z [startup] stage="Preparing launch" progress=72 accent=checking detail="Checking updates and final startup tasks."
2026-05-14T03:50:26.920Z [startup-timing] t+92ms ensure-app-reachable-start trigger=startup
2026-05-14T03:50:26.920Z [startup] stage="Connecting hosted workspace" progress=78 accent=opening detail="Opening the remote NexusForge experience."
2026-05-14T03:50:27.028Z [startup-timing] t+199ms splash-did-finish-load
2026-05-14T03:50:27.785Z [tls] certificate bypass accepted for https://www.nexusforge.app/app (net::ERR_CERT_AUTHORITY_INVALID)
2026-05-14T03:50:28.023Z [tls] certificate bypass accepted for https://www.nexusforge.app/app (net::ERR_CERT_AUTHORITY_INVALID)
2026-05-14T03:50:31.073Z [startup-timing] t+4245ms main-ready-to-show
2026-05-14T03:50:31.074Z [startup-timing] t+4246ms handoff-reveal-scheduled hold=2200ms
2026-05-14T03:50:31.197Z [startup-timing] t+4368ms main-did-finish-load
2026-05-14T03:50:31.197Z [startup-timing] t+4369ms handoff-reveal-scheduled hold=2200ms
2026-05-14T03:50:31.197Z [startup-timing] t+4369ms hosted-target-connected target=https://www.nexusforge.app/app
2026-05-14T03:50:31.197Z [startup-timing] t+4369ms handoff-reveal-scheduled hold=2200ms
2026-05-14T03:50:31.198Z [startup] stage="Connecting hosted workspace" progress=78 accent=opening detail="Opening the remote NexusForge experience."
