2026-05-14T04:23:43.280Z [startup-timing] t+24ms app-when-ready
2026-05-14T04:23:43.281Z [startup-timing] log-path="D:\NEXUSFORGE GAMGING APP\apps\desktop\.network-smoke\local-36816-20260513-232342\startup.log"
2026-05-14T04:23:43.281Z [startup] stage="Booting desktop shell" progress=4 accent=warmup detail="Starting NexusForge Desktop."
2026-05-14T04:23:43.281Z [startup] stage="Preparing secure session" progress=18 accent=warmup detail="Resetting desktop storage before launch."
2026-05-14T04:23:43.288Z [startup] stage="Preparing secure session" progress=26 accent=ready detail="Desktop storage reset completed."
2026-05-14T04:23:43.289Z [startup] stage="Checking local services" progress=34 accent=checking detail="Verifying the app stack is reachable on ports 3000 and 4000."
2026-05-14T04:23:43.295Z [startup] stage="Local services ready" progress=66 accent=ready detail="The desktop stack answered on both ports."
2026-05-14T04:23:43.295Z [startup-timing] t+39ms splash-window-create
2026-05-14T04:23:43.342Z [startup-timing] t+86ms main-window-create
2026-05-14T04:23:43.358Z [startup] stage="Preparing launch" progress=72 accent=checking detail="Checking updates and final startup tasks."
2026-05-14T04:23:43.359Z [startup-timing] t+102ms ensure-app-reachable-start trigger=startup
2026-05-14T04:23:43.359Z [startup] stage="Opening app" progress=78 accent=opening detail="Connecting the desktop shell to NexusForge."
2026-05-14T04:23:43.359Z [startup] stage="Checking local services" progress=34 accent=checking detail="Verifying the app stack is reachable on ports 3000 and 4000."
2026-05-14T04:23:43.399Z [startup] stage="Local services ready" progress=66 accent=ready detail="The desktop stack answered on both ports."
2026-05-14T04:23:43.465Z [startup-timing] t+209ms splash-did-finish-load
2026-05-14T04:23:43.904Z [startup-timing] t+648ms main-ready-to-show
2026-05-14T04:23:43.905Z [startup-timing] t+648ms handoff-reveal-scheduled hold=2200ms
2026-05-14T04:23:44.088Z [startup-timing] t+832ms main-did-finish-load
2026-05-14T04:23:44.088Z [startup-timing] t+832ms handoff-reveal-scheduled hold=2200ms
2026-05-14T04:23:44.089Z [startup-timing] t+832ms local-target-connected target=http://localhost:3000/app
2026-05-14T04:23:44.089Z [startup-timing] t+833ms handoff-reveal-scheduled hold=2200ms
2026-05-14T04:23:44.089Z [startup] stage="Local services ready" progress=66 accent=ready detail="The desktop stack answered on both ports."
2026-05-14T04:23:44.111Z [startup] stage="Checking local services" progress=34 accent=checking detail="Verifying the app stack is reachable on ports 3000 and 4000."
2026-05-14T04:23:44.113Z [startup] stage="Local services ready" progress=66 accent=ready detail="The desktop stack answered on both ports."
