
> nexusforge@1.0.11 beta:web
> npm run dev -w web -- --port 3100


> web@1.0.11 dev
> npm run dev:guard && npm run dev:reset && next dev --hostname 127.0.0.1 --port 3000 --port 3100


> web@1.0.11 dev:guard
> powershell -NoProfile -Command "$ports=@(3000,3100); foreach ($port in $ports) { $conn = Get-NetTCPConnection -LocalPort $port -State Listen -ErrorAction SilentlyContinue | Select-Object -First 1; if ($conn) { Stop-Process -Id $conn.OwningProcess -Force; Write-Output ('Cleared stale listener PID ' + $conn.OwningProcess + ' on port ' + $port) } else { Write-Output ('Port ' + $port + ' clear') } }"

Port 3000 clear
Cleared stale listener PID 39860 on port 3100

> web@1.0.11 dev:reset
> node -e "require('fs').rmSync('.next-dev',{ recursive:true, force:true })"

   ▲ Next.js 15.1.0
   - Local:        http://127.0.0.1:3100
   - Network:      http://127.0.0.1:3100
   - Environments: .env.local

 ✓ Starting...
 ✓ Ready in 1389ms
 ✓ Compiled /src/middleware in 285ms (99 modules)
 ○ Compiling /age-gate ...
 ✓ Compiled /age-gate in 3.8s (1786 modules)
 GET /age-gate?next=%2F 200 in 4064ms
   Reload env: .env.local
 ✓ Compiled in 399ms (1867 modules)
 GET /age-gate?next=%2Fbeta 200 in 168ms
 GET /age-gate?next=%2Fbeta 200 in 17ms
 GET /age-gate?next=%2Fbeta 200 in 17ms
 GET /age-gate?next=%2Fbeta%2Fchecklist 200 in 15ms
 GET /age-gate?next=%2Fbeta%2Ffeedback 200 in 15ms
 ✓ Compiled /desktop-only in 434ms (1774 modules)
 HEAD /desktop-only 200 in 605ms
 ✓ Compiled /beta in 298ms (1762 modules)
 HEAD /beta 200 in 509ms
 ✓ Compiled /beta/checklist in 278ms (1767 modules)
 HEAD /beta/checklist 200 in 426ms
 ✓ Compiled /beta/feedback in 331ms (1774 modules)
 HEAD /beta/feedback 200 in 448ms
 GET /beta 200 in 25ms
 GET /beta/checklist 200 in 18ms
 GET /beta/feedback 200 in 16ms
 GET /beta 200 in 16ms
 GET /desktop-only 200 in 24ms
 ✓ Compiled /age-gate in 165ms (936 modules)
 HEAD /age-gate 200 in 345ms
 GET /age-gate 200 in 15ms
 GET /age-gate 200 in 13ms
 GET /age-gate 200 in 13ms
 GET /age-gate 200 in 14ms
 GET /age-gate?next=%2Fbeta 200 in 14ms
 GET /age-gate?next=%2F 200 in 14ms
 GET /age-gate?next=%2Fbeta 200 in 14ms
 GET /age-gate?next=%2Fbeta%2Fchecklist 200 in 16ms
 GET /age-gate?next=%2Fbeta%2Ffeedback 200 in 15ms
 ✓ Compiled in 314ms (838 modules)
