2026-05-14T20:19:22.355Z [startup-timing] t+30ms app-when-ready
2026-05-14T20:19:22.356Z [startup-timing] log-path="D:\NEXUSFORGE GAMGING APP\apps\desktop\.network-smoke\hosted-45796-20260514-151918\startup.log"
2026-05-14T20:19:22.356Z [startup] stage="Booting desktop shell" progress=4 accent=warmup detail="Starting NexusForge Desktop."
2026-05-14T20:19:22.356Z [startup] stage="Preparing secure session" progress=18 accent=warmup detail="Resetting desktop storage before launch."
2026-05-14T20:19:22.357Z [startup] stage="Connecting hosted workspace" progress=32 accent=opening detail="Opening the remote NexusForge experience."
2026-05-14T20:19:22.357Z [startup-timing] t+32ms splash-window-create
2026-05-14T20:19:22.410Z [startup-timing] t+85ms main-window-create
2026-05-14T20:19:22.429Z [startup] stage="Preparing launch" progress=72 accent=checking detail="Checking updates and final startup tasks."
2026-05-14T20:19:22.430Z [startup-timing] t+105ms ensure-app-reachable-start trigger=startup
2026-05-14T20:19:22.430Z [startup] stage="Connecting hosted workspace" progress=78 accent=opening detail="Opening the remote NexusForge experience."
2026-05-14T20:19:22.563Z [startup-timing] t+238ms splash-did-finish-load
2026-05-14T20:19:23.259Z [tls] certificate bypass accepted for https://www.nexusforge.app/app (net::ERR_CERT_AUTHORITY_INVALID)
2026-05-14T20:19:23.534Z [tls] certificate bypass accepted for https://www.nexusforge.app/app (net::ERR_CERT_AUTHORITY_INVALID)
2026-05-14T20:19:55.519Z [startup-timing] t+33194ms main-ready-to-show
2026-05-14T20:19:55.520Z [startup-timing] t+33195ms handoff-reveal-scheduled hold=2200ms
2026-05-14T20:19:55.636Z [startup-timing] t+33310ms main-did-finish-load
2026-05-14T20:19:55.636Z [startup-timing] t+33311ms handoff-reveal-scheduled hold=2200ms
2026-05-14T20:19:55.636Z [startup-timing] t+33311ms hosted-target-connected target=https://www.nexusforge.app/app
2026-05-14T20:19:55.636Z [startup-timing] t+33311ms handoff-reveal-scheduled hold=2200ms
2026-05-14T20:19:55.637Z [startup] stage="Connecting hosted workspace" progress=78 accent=opening detail="Opening the remote NexusForge experience."
