
2026-05-14T21:29:04.176Z [startup-timing] t+29ms app-when-ready
2026-05-14T21:29:04.177Z [startup-timing] log-path="D:\NEXUSFORGE GAMGING APP\apps\desktop\.network-smoke\hosted-46428-20260514-162900\startup.log"
2026-05-14T21:29:04.177Z [startup] stage="Booting desktop shell" progress=4 accent=warmup detail="Starting NexusForge Desktop."
2026-05-14T21:29:04.178Z [startup] stage="Preparing secure session" progress=18 accent=warmup detail="Resetting desktop storage before launch."
2026-05-14T21:29:04.178Z [startup] stage="Connecting hosted workspace" progress=32 accent=opening detail="Opening the remote NexusForge experience."
2026-05-14T21:29:04.207Z [startup-timing] t+60ms splash-window-create
2026-05-14T21:29:04.283Z [startup-timing] t+135ms main-window-create
2026-05-14T21:29:04.317Z [startup] stage="Preparing launch" progress=72 accent=checking detail="Checking updates and final startup tasks."
2026-05-14T21:29:04.318Z [startup-timing] t+171ms ensure-app-reachable-start trigger=startup
2026-05-14T21:29:04.318Z [startup] stage="Connecting hosted workspace" progress=78 accent=opening detail="Opening the remote NexusForge experience."
2026-05-14T21:29:04.465Z [startup-timing] t+318ms splash-did-finish-load
2026-05-14T21:29:06.274Z [tls] certificate bypass accepted for https://www.nexusforge.app/app (net::ERR_CERT_AUTHORITY_INVALID)
2026-05-14T21:29:06.487Z [tls] certificate bypass accepted for https://www.nexusforge.app/app (net::ERR_CERT_AUTHORITY_INVALID)
2026-05-14T21:29:19.657Z [startup-timing] t+15509ms main-ready-to-show
2026-05-14T21:29:19.657Z [startup-timing] t+15510ms handoff-reveal-scheduled hold=2200ms
2026-05-14T21:29:19.955Z [startup-timing] t+15808ms main-did-finish-load
2026-05-14T21:29:19.956Z [startup-timing] t+15808ms handoff-reveal-scheduled hold=2200ms
2026-05-14T21:29:19.956Z [startup-timing] t+15809ms hosted-target-connected target=https://www.nexusforge.app/app
2026-05-14T21:29:19.956Z [startup-timing] t+15809ms handoff-reveal-scheduled hold=2200ms
2026-05-14T21:29:19.956Z [startup] stage="Connecting hosted workspace" progress=78 accent=opening detail="Opening the remote NexusForge experience."
