
2026-05-15T00:14:40.957Z [startup-timing] t+30ms app-when-ready
2026-05-15T00:14:40.958Z [startup-timing] log-path="D:\NEXUSFORGE GAMGING APP\apps\desktop\.network-smoke\hosted-40692-20260514-191437\startup.log"
2026-05-15T00:14:40.958Z [startup] stage="Booting desktop shell" progress=4 accent=warmup detail="Starting NexusForge Desktop."
2026-05-15T00:14:40.958Z [startup] stage="Preparing secure session" progress=18 accent=warmup detail="Resetting desktop storage before launch."
2026-05-15T00:14:40.959Z [startup] stage="Connecting hosted workspace" progress=32 accent=opening detail="Opening the remote NexusForge experience."
2026-05-15T00:14:40.988Z [startup-timing] t+61ms splash-window-create
2026-05-15T00:14:41.077Z [startup-timing] t+150ms main-window-create
2026-05-15T00:14:41.126Z [startup] stage="Preparing launch" progress=72 accent=checking detail="Checking updates and final startup tasks."
2026-05-15T00:14:41.126Z [startup-timing] t+199ms ensure-app-reachable-start trigger=startup
2026-05-15T00:14:41.127Z [startup] stage="Connecting hosted workspace" progress=78 accent=opening detail="Opening the remote NexusForge experience."
2026-05-15T00:14:41.296Z [startup-timing] t+368ms splash-did-finish-load
2026-05-15T00:14:41.967Z [tls] certificate bypass accepted for https://www.nexusforge.app/app (net::ERR_CERT_AUTHORITY_INVALID)
2026-05-15T00:14:42.198Z [tls] certificate bypass accepted for https://www.nexusforge.app/app (net::ERR_CERT_AUTHORITY_INVALID)
2026-05-15T00:14:44.903Z [startup-timing] t+3976ms main-ready-to-show
2026-05-15T00:14:44.904Z [startup-timing] t+3976ms handoff-reveal-scheduled hold=2200ms
2026-05-15T00:14:44.984Z [startup-timing] t+4056ms main-did-finish-load
2026-05-15T00:14:44.984Z [startup-timing] t+4057ms handoff-reveal-scheduled hold=2200ms
2026-05-15T00:14:44.984Z [startup-timing] t+4057ms hosted-target-connected target=https://www.nexusforge.app/app
2026-05-15T00:14:44.984Z [startup-timing] t+4057ms handoff-reveal-scheduled hold=2200ms
2026-05-15T00:14:44.985Z [startup] stage="Connecting hosted workspace" progress=78 accent=opening detail="Opening the remote NexusForge experience."
