
2026-05-14T22:50:25.250Z [startup-timing] t+27ms app-when-ready
2026-05-14T22:50:25.251Z [startup-timing] log-path="D:\NEXUSFORGE GAMGING APP\apps\desktop\.network-smoke\local-43568-20260514-175024\startup.log"
2026-05-14T22:50:25.251Z [startup] stage="Booting desktop shell" progress=4 accent=warmup detail="Starting NexusForge Desktop."
2026-05-14T22:50:25.252Z [startup] stage="Preparing secure session" progress=18 accent=warmup detail="Resetting desktop storage before launch."
2026-05-14T22:50:25.268Z [startup] stage="Preparing secure session" progress=26 accent=ready detail="Desktop storage reset completed."
2026-05-14T22:50:25.269Z [startup] stage="Checking local services" progress=34 accent=checking detail="Verifying the app stack is reachable on ports 3000 and 4000."
2026-05-14T22:50:25.275Z [startup] stage="Local services ready" progress=66 accent=ready detail="The desktop stack answered on both ports."
2026-05-14T22:50:25.305Z [startup-timing] t+82ms splash-window-create
2026-05-14T22:50:25.371Z [startup-timing] t+148ms main-window-create
2026-05-14T22:50:25.411Z [startup] stage="Preparing launch" progress=72 accent=checking detail="Checking updates and final startup tasks."
2026-05-14T22:50:25.412Z [startup-timing] t+189ms ensure-app-reachable-start trigger=startup
2026-05-14T22:50:25.412Z [startup] stage="Opening app" progress=78 accent=opening detail="Connecting the desktop shell to NexusForge."
2026-05-14T22:50:25.412Z [startup] stage="Checking local services" progress=34 accent=checking detail="Verifying the app stack is reachable on ports 3000 and 4000."
2026-05-14T22:50:25.521Z [startup] stage="Local services ready" progress=66 accent=ready detail="The desktop stack answered on both ports."
2026-05-14T22:50:25.672Z [startup-timing] t+448ms splash-did-finish-load
2026-05-14T22:50:26.097Z [startup-timing] t+873ms main-ready-to-show
2026-05-14T22:50:26.097Z [startup-timing] t+874ms handoff-reveal-scheduled hold=2200ms
2026-05-14T22:50:26.266Z [startup-timing] t+1042ms main-did-finish-load
2026-05-14T22:50:26.266Z [startup-timing] t+1043ms handoff-reveal-scheduled hold=2200ms
2026-05-14T22:50:26.266Z [startup-timing] t+1043ms local-target-connected target=http://localhost:3000/app
2026-05-14T22:50:26.267Z [startup-timing] t+1044ms handoff-reveal-scheduled hold=2200ms
2026-05-14T22:50:26.267Z [startup] stage="Local services ready" progress=66 accent=ready detail="The desktop stack answered on both ports."
2026-05-14T22:50:26.298Z [startup] stage="Checking local services" progress=34 accent=checking detail="Verifying the app stack is reachable on ports 3000 and 4000."
2026-05-14T22:50:26.299Z [startup] stage="Local services ready" progress=66 accent=ready detail="The desktop stack answered on both ports."
