
2026-05-14T21:30:04.885Z [startup-timing] t+27ms app-when-ready
2026-05-14T21:30:04.885Z [startup-timing] log-path="D:\NEXUSFORGE GAMGING APP\apps\desktop\.network-smoke\local-38864-20260514-163003\startup.log"
2026-05-14T21:30:04.885Z [startup] stage="Booting desktop shell" progress=4 accent=warmup detail="Starting NexusForge Desktop."
2026-05-14T21:30:04.886Z [startup] stage="Preparing secure session" progress=18 accent=warmup detail="Resetting desktop storage before launch."
2026-05-14T21:30:04.896Z [startup] stage="Preparing secure session" progress=26 accent=ready detail="Desktop storage reset completed."
2026-05-14T21:30:04.896Z [startup] stage="Checking local services" progress=34 accent=checking detail="Verifying the app stack is reachable on ports 3000 and 4000."
2026-05-14T21:30:04.902Z [startup] stage="Local services ready" progress=66 accent=ready detail="The desktop stack answered on both ports."
2026-05-14T21:30:04.929Z [startup-timing] t+72ms splash-window-create
2026-05-14T21:30:05.008Z [startup-timing] t+151ms main-window-create
2026-05-14T21:30:05.038Z [startup] stage="Preparing launch" progress=72 accent=checking detail="Checking updates and final startup tasks."
2026-05-14T21:30:05.038Z [startup-timing] t+181ms ensure-app-reachable-start trigger=startup
2026-05-14T21:30:05.038Z [startup] stage="Opening app" progress=78 accent=opening detail="Connecting the desktop shell to NexusForge."
2026-05-14T21:30:05.039Z [startup] stage="Checking local services" progress=34 accent=checking detail="Verifying the app stack is reachable on ports 3000 and 4000."
2026-05-14T21:30:05.086Z [startup] stage="Local services ready" progress=66 accent=ready detail="The desktop stack answered on both ports."
2026-05-14T21:30:05.178Z [startup-timing] t+321ms splash-did-finish-load
2026-05-14T21:30:05.665Z [startup-timing] t+808ms main-ready-to-show
2026-05-14T21:30:05.666Z [startup-timing] t+808ms handoff-reveal-scheduled hold=2200ms
2026-05-14T21:30:05.877Z [startup-timing] t+1019ms main-did-finish-load
2026-05-14T21:30:05.877Z [startup-timing] t+1020ms handoff-reveal-scheduled hold=2200ms
2026-05-14T21:30:05.877Z [startup-timing] t+1020ms local-target-connected target=http://localhost:3000/app
2026-05-14T21:30:05.878Z [startup-timing] t+1021ms handoff-reveal-scheduled hold=2200ms
2026-05-14T21:30:05.878Z [startup] stage="Local services ready" progress=66 accent=ready detail="The desktop stack answered on both ports."
2026-05-14T21:30:05.910Z [startup] stage="Checking local services" progress=34 accent=checking detail="Verifying the app stack is reachable on ports 3000 and 4000."
2026-05-14T21:30:05.912Z [startup] stage="Local services ready" progress=66 accent=ready detail="The desktop stack answered on both ports."
