
2026-05-15T00:33:43.167Z [startup-timing] t+28ms app-when-ready
2026-05-15T00:33:43.168Z [startup-timing] log-path="D:\NEXUSFORGE GAMGING APP\apps\desktop\.network-smoke\local-13444-20260514-193342\startup.log"
2026-05-15T00:33:43.168Z [startup] stage="Booting desktop shell" progress=4 accent=warmup detail="Starting NexusForge Desktop."
2026-05-15T00:33:43.169Z [startup] stage="Preparing secure session" progress=18 accent=warmup detail="Resetting desktop storage before launch."
2026-05-15T00:33:43.176Z [startup] stage="Preparing secure session" progress=26 accent=ready detail="Desktop storage reset completed."
2026-05-15T00:33:43.177Z [startup] stage="Checking local services" progress=34 accent=checking detail="Verifying the app stack is reachable on ports 3000 and 4000."
2026-05-15T00:33:43.182Z [startup] stage="Local services ready" progress=66 accent=ready detail="The desktop stack answered on both ports."
2026-05-15T00:33:43.208Z [startup-timing] t+68ms splash-window-create
2026-05-15T00:33:43.280Z [startup-timing] t+141ms main-window-create
2026-05-15T00:33:43.309Z [startup] stage="Preparing launch" progress=72 accent=checking detail="Checking updates and final startup tasks."
2026-05-15T00:33:43.309Z [startup-timing] t+170ms ensure-app-reachable-start trigger=startup
2026-05-15T00:33:43.310Z [startup] stage="Opening app" progress=78 accent=opening detail="Connecting the desktop shell to NexusForge."
2026-05-15T00:33:43.310Z [startup] stage="Checking local services" progress=34 accent=checking detail="Verifying the app stack is reachable on ports 3000 and 4000."
2026-05-15T00:33:43.354Z [startup] stage="Local services ready" progress=66 accent=ready detail="The desktop stack answered on both ports."
2026-05-15T00:33:43.453Z [startup-timing] t+313ms splash-did-finish-load
2026-05-15T00:33:43.658Z [startup-timing] t+519ms main-ready-to-show
2026-05-15T00:33:43.659Z [startup-timing] t+520ms handoff-reveal-scheduled hold=2200ms
2026-05-15T00:33:43.668Z [startup-timing] t+529ms main-did-finish-load
2026-05-15T00:33:43.668Z [startup-timing] t+529ms handoff-reveal-scheduled hold=2200ms
2026-05-15T00:33:43.668Z [startup-timing] t+529ms local-target-connected target=http://localhost:3000/app
2026-05-15T00:33:43.669Z [startup-timing] t+530ms handoff-reveal-scheduled hold=2200ms
2026-05-15T00:33:43.669Z [startup] stage="Local services ready" progress=66 accent=ready detail="The desktop stack answered on both ports."
