2026-05-14T03:14:36.042Z [startup-timing] t+25ms app-when-ready
2026-05-14T03:14:36.042Z [startup-timing] log-path="D:\NEXUSFORGE GAMGING APP\apps\desktop\.network-smoke\local-30404-20260513-221434\startup.log"
2026-05-14T03:14:36.042Z [startup] stage="Booting desktop shell" progress=4 accent=warmup detail="Starting NexusForge Desktop."
2026-05-14T03:14:36.043Z [startup] stage="Preparing secure session" progress=18 accent=warmup detail="Resetting desktop storage before launch."
2026-05-14T03:14:36.052Z [startup] stage="Preparing secure session" progress=26 accent=ready detail="Desktop storage reset completed."
2026-05-14T03:14:36.052Z [startup] stage="Checking local services" progress=34 accent=checking detail="Verifying the app stack is reachable on ports 3000 and 4000."
2026-05-14T03:14:36.057Z [startup] stage="Local services ready" progress=66 accent=ready detail="The desktop stack answered on both ports."
2026-05-14T03:14:36.058Z [startup-timing] t+42ms splash-window-create
2026-05-14T03:14:36.104Z [startup-timing] t+87ms main-window-create
2026-05-14T03:14:36.119Z [startup] stage="Preparing launch" progress=72 accent=checking detail="Checking updates and final startup tasks."
2026-05-14T03:14:36.120Z [startup-timing] t+104ms ensure-app-reachable-start trigger=startup
2026-05-14T03:14:36.120Z [startup] stage="Opening app" progress=78 accent=opening detail="Connecting the desktop shell to NexusForge."
2026-05-14T03:14:36.120Z [startup] stage="Checking local services" progress=34 accent=checking detail="Verifying the app stack is reachable on ports 3000 and 4000."
2026-05-14T03:14:36.165Z [startup] stage="Local services ready" progress=66 accent=ready detail="The desktop stack answered on both ports."
2026-05-14T03:14:36.243Z [startup-timing] t+227ms splash-did-finish-load
2026-05-14T03:14:36.742Z [startup-timing] t+725ms main-ready-to-show
2026-05-14T03:14:36.742Z [startup-timing] t+726ms handoff-reveal-scheduled hold=2200ms
2026-05-14T03:14:36.925Z [startup-timing] t+909ms main-did-finish-load
2026-05-14T03:14:36.925Z [startup-timing] t+909ms handoff-reveal-scheduled hold=2200ms
2026-05-14T03:14:36.925Z [startup-timing] t+909ms local-target-connected target=http://localhost:3000/app
2026-05-14T03:14:36.926Z [startup-timing] t+910ms handoff-reveal-scheduled hold=2200ms
2026-05-14T03:14:36.926Z [startup] stage="Local services ready" progress=66 accent=ready detail="The desktop stack answered on both ports."
2026-05-14T03:14:36.948Z [startup] stage="Checking local services" progress=34 accent=checking detail="Verifying the app stack is reachable on ports 3000 and 4000."
2026-05-14T03:14:36.949Z [startup] stage="Local services ready" progress=66 accent=ready detail="The desktop stack answered on both ports."
