
2026-05-14T21:54:19.453Z [startup-timing] t+27ms app-when-ready
2026-05-14T21:54:19.453Z [startup-timing] log-path="D:\NEXUSFORGE GAMGING APP\apps\desktop\.network-smoke\local-44896-20260514-165418\startup.log"
2026-05-14T21:54:19.454Z [startup] stage="Booting desktop shell" progress=4 accent=warmup detail="Starting NexusForge Desktop."
2026-05-14T21:54:19.454Z [startup] stage="Preparing secure session" progress=18 accent=warmup detail="Resetting desktop storage before launch."
2026-05-14T21:54:19.462Z [startup] stage="Preparing secure session" progress=26 accent=ready detail="Desktop storage reset completed."
2026-05-14T21:54:19.463Z [startup] stage="Checking local services" progress=34 accent=checking detail="Verifying the app stack is reachable on ports 3000 and 4000."
2026-05-14T21:54:19.468Z [startup] stage="Local services ready" progress=66 accent=ready detail="The desktop stack answered on both ports."
2026-05-14T21:54:19.494Z [startup-timing] t+67ms splash-window-create
2026-05-14T21:54:19.563Z [startup-timing] t+137ms main-window-create
2026-05-14T21:54:19.593Z [startup] stage="Preparing launch" progress=72 accent=checking detail="Checking updates and final startup tasks."
2026-05-14T21:54:19.594Z [startup-timing] t+168ms ensure-app-reachable-start trigger=startup
2026-05-14T21:54:19.595Z [startup] stage="Opening app" progress=78 accent=opening detail="Connecting the desktop shell to NexusForge."
2026-05-14T21:54:19.595Z [startup] stage="Checking local services" progress=34 accent=checking detail="Verifying the app stack is reachable on ports 3000 and 4000."
2026-05-14T21:54:19.641Z [startup] stage="Local services ready" progress=66 accent=ready detail="The desktop stack answered on both ports."
2026-05-14T21:54:19.720Z [startup-timing] t+293ms splash-did-finish-load
2026-05-14T21:54:20.212Z [startup-timing] t+785ms main-ready-to-show
2026-05-14T21:54:20.212Z [startup-timing] t+786ms handoff-reveal-scheduled hold=2200ms
2026-05-14T21:54:20.402Z [startup-timing] t+975ms main-did-finish-load
2026-05-14T21:54:20.402Z [startup-timing] t+976ms handoff-reveal-scheduled hold=2200ms
2026-05-14T21:54:20.403Z [startup-timing] t+976ms local-target-connected target=http://localhost:3000/app
2026-05-14T21:54:20.403Z [startup-timing] t+977ms handoff-reveal-scheduled hold=2200ms
2026-05-14T21:54:20.403Z [startup] stage="Local services ready" progress=66 accent=ready detail="The desktop stack answered on both ports."
2026-05-14T21:54:20.432Z [startup] stage="Checking local services" progress=34 accent=checking detail="Verifying the app stack is reachable on ports 3000 and 4000."
2026-05-14T21:54:20.433Z [startup] stage="Local services ready" progress=66 accent=ready detail="The desktop stack answered on both ports."
