
2026-05-14T23:05:12.340Z [startup-timing] t+28ms app-when-ready
2026-05-14T23:05:12.340Z [startup-timing] log-path="D:\NEXUSFORGE GAMGING APP\apps\desktop\.network-smoke\local-36544-20260514-180509\startup.log"
2026-05-14T23:05:12.341Z [startup] stage="Booting desktop shell" progress=4 accent=warmup detail="Starting NexusForge Desktop."
2026-05-14T23:05:12.341Z [startup] stage="Preparing secure session" progress=18 accent=warmup detail="Resetting desktop storage before launch."
2026-05-14T23:05:12.350Z [startup] stage="Preparing secure session" progress=26 accent=ready detail="Desktop storage reset completed."
2026-05-14T23:05:12.351Z [startup] stage="Checking local services" progress=34 accent=checking detail="Verifying the app stack is reachable on ports 3000 and 4000."
2026-05-14T23:05:12.356Z [startup] stage="Local services ready" progress=66 accent=ready detail="The desktop stack answered on both ports."
2026-05-14T23:05:12.387Z [startup-timing] t+74ms splash-window-create
2026-05-14T23:05:12.472Z [startup-timing] t+159ms main-window-create
2026-05-14T23:05:12.535Z [startup] stage="Preparing launch" progress=72 accent=checking detail="Checking updates and final startup tasks."
2026-05-14T23:05:12.536Z [startup-timing] t+224ms ensure-app-reachable-start trigger=startup
2026-05-14T23:05:12.536Z [startup] stage="Opening app" progress=78 accent=opening detail="Connecting the desktop shell to NexusForge."
2026-05-14T23:05:12.536Z [startup] stage="Checking local services" progress=34 accent=checking detail="Verifying the app stack is reachable on ports 3000 and 4000."
2026-05-14T23:05:12.613Z [startup] stage="Local services ready" progress=66 accent=ready detail="The desktop stack answered on both ports."
2026-05-14T23:05:12.805Z [startup-timing] t+493ms splash-did-finish-load
2026-05-14T23:05:13.270Z [startup-timing] t+958ms main-ready-to-show
2026-05-14T23:05:13.271Z [startup-timing] t+959ms handoff-reveal-scheduled hold=2200ms
2026-05-14T23:05:13.520Z [startup-timing] t+1208ms main-did-finish-load
2026-05-14T23:05:13.520Z [startup-timing] t+1208ms handoff-reveal-scheduled hold=2200ms
2026-05-14T23:05:13.521Z [startup-timing] t+1208ms local-target-connected target=http://localhost:3000/app
2026-05-14T23:05:13.521Z [startup-timing] t+1209ms handoff-reveal-scheduled hold=2200ms
2026-05-14T23:05:13.521Z [startup] stage="Local services ready" progress=66 accent=ready detail="The desktop stack answered on both ports."
