2026-05-14T20:02:36.136Z [startup-timing] t+28ms app-when-ready
2026-05-14T20:02:36.136Z [startup-timing] log-path="D:\NEXUSFORGE GAMGING APP\apps\desktop\.network-smoke\hosted-8116-20260514-150232\startup.log"
2026-05-14T20:02:36.137Z [startup] stage="Booting desktop shell" progress=4 accent=warmup detail="Starting NexusForge Desktop."
2026-05-14T20:02:36.137Z [startup] stage="Preparing secure session" progress=18 accent=warmup detail="Resetting desktop storage before launch."
2026-05-14T20:02:36.137Z [startup] stage="Connecting hosted workspace" progress=32 accent=opening detail="Opening the remote NexusForge experience."
2026-05-14T20:02:36.137Z [startup-timing] t+29ms splash-window-create
2026-05-14T20:02:36.194Z [startup-timing] t+86ms main-window-create
2026-05-14T20:02:36.213Z [startup] stage="Preparing launch" progress=72 accent=checking detail="Checking updates and final startup tasks."
2026-05-14T20:02:36.214Z [startup-timing] t+106ms ensure-app-reachable-start trigger=startup
2026-05-14T20:02:36.214Z [startup] stage="Connecting hosted workspace" progress=78 accent=opening detail="Opening the remote NexusForge experience."
2026-05-14T20:02:36.352Z [startup-timing] t+244ms splash-did-finish-load
2026-05-14T20:02:37.150Z [tls] certificate bypass accepted for https://www.nexusforge.app/app (net::ERR_CERT_AUTHORITY_INVALID)
2026-05-14T20:02:37.374Z [tls] certificate bypass accepted for https://www.nexusforge.app/app (net::ERR_CERT_AUTHORITY_INVALID)
2026-05-14T20:02:40.460Z [startup-timing] t+4352ms main-ready-to-show
2026-05-14T20:02:40.461Z [startup-timing] t+4352ms handoff-reveal-scheduled hold=2200ms
2026-05-14T20:02:40.588Z [startup-timing] t+4479ms main-did-finish-load
2026-05-14T20:02:40.588Z [startup-timing] t+4480ms handoff-reveal-scheduled hold=2200ms
2026-05-14T20:02:40.588Z [startup-timing] t+4480ms hosted-target-connected target=https://www.nexusforge.app/app
2026-05-14T20:02:40.588Z [startup-timing] t+4480ms handoff-reveal-scheduled hold=2200ms
2026-05-14T20:02:40.589Z [startup] stage="Connecting hosted workspace" progress=78 accent=opening detail="Opening the remote NexusForge experience."
