
2026-05-15T00:04:17.925Z [startup-timing] t+35ms app-when-ready
2026-05-15T00:04:17.926Z [startup-timing] log-path="D:\NEXUSFORGE GAMGING APP\apps\desktop\.network-smoke\local-45436-20260514-190416\startup.log"
2026-05-15T00:04:17.926Z [startup] stage="Booting desktop shell" progress=4 accent=warmup detail="Starting NexusForge Desktop."
2026-05-15T00:04:17.927Z [startup] stage="Preparing secure session" progress=18 accent=warmup detail="Resetting desktop storage before launch."
2026-05-15T00:04:17.936Z [startup] stage="Preparing secure session" progress=26 accent=ready detail="Desktop storage reset completed."
2026-05-15T00:04:17.936Z [startup] stage="Checking local services" progress=34 accent=checking detail="Verifying the app stack is reachable on ports 3000 and 4000."
2026-05-15T00:04:17.942Z [startup] stage="Local services ready" progress=66 accent=ready detail="The desktop stack answered on both ports."
2026-05-15T00:04:17.975Z [startup-timing] t+85ms splash-window-create
2026-05-15T00:04:18.059Z [startup-timing] t+169ms main-window-create
2026-05-15T00:04:18.103Z [startup] stage="Preparing launch" progress=72 accent=checking detail="Checking updates and final startup tasks."
2026-05-15T00:04:18.103Z [startup-timing] t+213ms ensure-app-reachable-start trigger=startup
2026-05-15T00:04:18.104Z [startup] stage="Opening app" progress=78 accent=opening detail="Connecting the desktop shell to NexusForge."
2026-05-15T00:04:18.104Z [startup] stage="Checking local services" progress=34 accent=checking detail="Verifying the app stack is reachable on ports 3000 and 4000."
2026-05-15T00:04:18.193Z [startup] stage="Local services ready" progress=66 accent=ready detail="The desktop stack answered on both ports."
2026-05-15T00:04:18.405Z [startup-timing] t+515ms splash-did-finish-load
2026-05-15T00:04:18.408Z [startup-timing] t+517ms main-ready-to-show
2026-05-15T00:04:18.408Z [startup-timing] t+518ms handoff-reveal-scheduled hold=2200ms
2026-05-15T00:04:18.492Z [startup-timing] t+602ms main-did-finish-load
2026-05-15T00:04:18.493Z [startup-timing] t+602ms handoff-reveal-scheduled hold=2200ms
2026-05-15T00:04:18.493Z [startup-timing] t+603ms local-target-connected target=http://localhost:3000/app
2026-05-15T00:04:18.493Z [startup-timing] t+603ms handoff-reveal-scheduled hold=2200ms
2026-05-15T00:04:18.495Z [startup] stage="Local services ready" progress=66 accent=ready detail="The desktop stack answered on both ports."
