2026-05-14T04:09:22.575Z [startup-timing] t+23ms app-when-ready
2026-05-14T04:09:22.575Z [startup-timing] log-path="D:\NEXUSFORGE GAMGING APP\apps\desktop\.network-smoke\hosted-37552-20260513-230919\startup.log"
2026-05-14T04:09:22.575Z [startup] stage="Booting desktop shell" progress=4 accent=warmup detail="Starting NexusForge Desktop."
2026-05-14T04:09:22.576Z [startup] stage="Preparing secure session" progress=18 accent=warmup detail="Resetting desktop storage before launch."
2026-05-14T04:09:22.576Z [startup] stage="Connecting hosted workspace" progress=32 accent=opening detail="Opening the remote NexusForge experience."
2026-05-14T04:09:22.576Z [startup-timing] t+25ms splash-window-create
2026-05-14T04:09:22.628Z [startup-timing] t+76ms main-window-create
2026-05-14T04:09:22.640Z [startup] stage="Preparing launch" progress=72 accent=checking detail="Checking updates and final startup tasks."
2026-05-14T04:09:22.641Z [startup-timing] t+90ms ensure-app-reachable-start trigger=startup
2026-05-14T04:09:22.641Z [startup] stage="Connecting hosted workspace" progress=78 accent=opening detail="Opening the remote NexusForge experience."
2026-05-14T04:09:22.755Z [startup-timing] t+204ms splash-did-finish-load
2026-05-14T04:09:23.486Z [tls] certificate bypass accepted for https://www.nexusforge.app/app (net::ERR_CERT_AUTHORITY_INVALID)
2026-05-14T04:09:23.767Z [tls] certificate bypass accepted for https://www.nexusforge.app/app (net::ERR_CERT_AUTHORITY_INVALID)
2026-05-14T04:09:26.446Z [startup-timing] t+3894ms main-ready-to-show
2026-05-14T04:09:26.446Z [startup-timing] t+3895ms handoff-reveal-scheduled hold=2200ms
2026-05-14T04:09:26.572Z [startup-timing] t+4021ms main-did-finish-load
2026-05-14T04:09:26.573Z [startup-timing] t+4022ms handoff-reveal-scheduled hold=2200ms
2026-05-14T04:09:26.573Z [startup-timing] t+4022ms hosted-target-connected target=https://www.nexusforge.app/app
2026-05-14T04:09:26.573Z [startup-timing] t+4022ms handoff-reveal-scheduled hold=2200ms
2026-05-14T04:09:26.574Z [startup] stage="Connecting hosted workspace" progress=78 accent=opening detail="Opening the remote NexusForge experience."
