
2026-05-14T21:50:28.345Z [startup-timing] t+28ms app-when-ready
2026-05-14T21:50:28.346Z [startup-timing] log-path="D:\NEXUSFORGE GAMGING APP\apps\desktop\.network-smoke\local-11408-20260514-165027\startup.log"
2026-05-14T21:50:28.346Z [startup] stage="Booting desktop shell" progress=4 accent=warmup detail="Starting NexusForge Desktop."
2026-05-14T21:50:28.347Z [startup] stage="Preparing secure session" progress=18 accent=warmup detail="Resetting desktop storage before launch."
2026-05-14T21:50:28.356Z [startup] stage="Preparing secure session" progress=26 accent=ready detail="Desktop storage reset completed."
2026-05-14T21:50:28.357Z [startup] stage="Checking local services" progress=34 accent=checking detail="Verifying the app stack is reachable on ports 3000 and 4000."
2026-05-14T21:50:28.362Z [startup] stage="Local services ready" progress=66 accent=ready detail="The desktop stack answered on both ports."
2026-05-14T21:50:28.388Z [startup-timing] t+71ms splash-window-create
2026-05-14T21:50:28.470Z [startup-timing] t+153ms main-window-create
2026-05-14T21:50:28.503Z [startup] stage="Preparing launch" progress=72 accent=checking detail="Checking updates and final startup tasks."
2026-05-14T21:50:28.503Z [startup-timing] t+186ms ensure-app-reachable-start trigger=startup
2026-05-14T21:50:28.504Z [startup] stage="Opening app" progress=78 accent=opening detail="Connecting the desktop shell to NexusForge."
2026-05-14T21:50:28.504Z [startup] stage="Checking local services" progress=34 accent=checking detail="Verifying the app stack is reachable on ports 3000 and 4000."
2026-05-14T21:50:28.549Z [startup] stage="Local services ready" progress=66 accent=ready detail="The desktop stack answered on both ports."
2026-05-14T21:50:28.628Z [startup-timing] t+311ms splash-did-finish-load
2026-05-14T21:50:29.120Z [startup-timing] t+803ms main-ready-to-show
2026-05-14T21:50:29.120Z [startup-timing] t+803ms handoff-reveal-scheduled hold=2200ms
2026-05-14T21:50:29.307Z [startup-timing] t+990ms main-did-finish-load
2026-05-14T21:50:29.308Z [startup-timing] t+991ms handoff-reveal-scheduled hold=2200ms
2026-05-14T21:50:29.308Z [startup-timing] t+991ms local-target-connected target=http://localhost:3000/app
2026-05-14T21:50:29.308Z [startup-timing] t+991ms handoff-reveal-scheduled hold=2200ms
2026-05-14T21:50:29.309Z [startup] stage="Local services ready" progress=66 accent=ready detail="The desktop stack answered on both ports."
2026-05-14T21:50:29.330Z [startup] stage="Checking local services" progress=34 accent=checking detail="Verifying the app stack is reachable on ports 3000 and 4000."
2026-05-14T21:50:29.332Z [startup] stage="Local services ready" progress=66 accent=ready detail="The desktop stack answered on both ports."
