
2026-05-14T21:51:55.061Z [startup-timing] t+27ms app-when-ready
2026-05-14T21:51:55.061Z [startup-timing] log-path="D:\NEXUSFORGE GAMGING APP\apps\desktop\.network-smoke\local-46416-20260514-165153\startup.log"
2026-05-14T21:51:55.062Z [startup] stage="Booting desktop shell" progress=4 accent=warmup detail="Starting NexusForge Desktop."
2026-05-14T21:51:55.062Z [startup] stage="Preparing secure session" progress=18 accent=warmup detail="Resetting desktop storage before launch."
2026-05-14T21:51:55.074Z [startup] stage="Preparing secure session" progress=26 accent=ready detail="Desktop storage reset completed."
2026-05-14T21:51:55.074Z [startup] stage="Checking local services" progress=34 accent=checking detail="Verifying the app stack is reachable on ports 3000 and 4000."
2026-05-14T21:51:55.079Z [startup] stage="Local services ready" progress=66 accent=ready detail="The desktop stack answered on both ports."
2026-05-14T21:51:55.108Z [startup-timing] t+74ms splash-window-create
2026-05-14T21:51:55.230Z [startup-timing] t+196ms main-window-create
2026-05-14T21:51:55.271Z [startup] stage="Preparing launch" progress=72 accent=checking detail="Checking updates and final startup tasks."
2026-05-14T21:51:55.271Z [startup-timing] t+237ms ensure-app-reachable-start trigger=startup
2026-05-14T21:51:55.272Z [startup] stage="Opening app" progress=78 accent=opening detail="Connecting the desktop shell to NexusForge."
2026-05-14T21:51:55.272Z [startup] stage="Checking local services" progress=34 accent=checking detail="Verifying the app stack is reachable on ports 3000 and 4000."
2026-05-14T21:51:55.315Z [startup] stage="Local services ready" progress=66 accent=ready detail="The desktop stack answered on both ports."
2026-05-14T21:51:55.392Z [startup-timing] t+357ms splash-did-finish-load
2026-05-14T21:51:55.891Z [startup-timing] t+856ms main-ready-to-show
2026-05-14T21:51:55.891Z [startup-timing] t+857ms handoff-reveal-scheduled hold=2200ms
2026-05-14T21:51:56.100Z [startup-timing] t+1066ms main-did-finish-load
2026-05-14T21:51:56.101Z [startup-timing] t+1067ms handoff-reveal-scheduled hold=2200ms
2026-05-14T21:51:56.101Z [startup-timing] t+1067ms local-target-connected target=http://localhost:3000/app
2026-05-14T21:51:56.102Z [startup-timing] t+1068ms handoff-reveal-scheduled hold=2200ms
2026-05-14T21:51:56.102Z [startup] stage="Local services ready" progress=66 accent=ready detail="The desktop stack answered on both ports."
2026-05-14T21:51:56.130Z [startup] stage="Checking local services" progress=34 accent=checking detail="Verifying the app stack is reachable on ports 3000 and 4000."
2026-05-14T21:51:56.132Z [startup] stage="Local services ready" progress=66 accent=ready detail="The desktop stack answered on both ports."
