
2026-05-14T23:54:50.026Z [startup-timing] t+32ms app-when-ready
2026-05-14T23:54:50.026Z [startup-timing] log-path="D:\NEXUSFORGE GAMGING APP\apps\desktop\.network-smoke\local-44260-20260514-185448\startup.log"
2026-05-14T23:54:50.026Z [startup] stage="Booting desktop shell" progress=4 accent=warmup detail="Starting NexusForge Desktop."
2026-05-14T23:54:50.027Z [startup] stage="Preparing secure session" progress=18 accent=warmup detail="Resetting desktop storage before launch."
2026-05-14T23:54:50.038Z [startup] stage="Preparing secure session" progress=26 accent=ready detail="Desktop storage reset completed."
2026-05-14T23:54:50.039Z [startup] stage="Checking local services" progress=34 accent=checking detail="Verifying the app stack is reachable on ports 3000 and 4000."
2026-05-14T23:54:50.049Z [startup] stage="Local services ready" progress=66 accent=ready detail="The desktop stack answered on both ports."
2026-05-14T23:54:50.080Z [startup-timing] t+87ms splash-window-create
2026-05-14T23:54:50.171Z [startup-timing] t+178ms main-window-create
2026-05-14T23:54:50.214Z [startup] stage="Preparing launch" progress=72 accent=checking detail="Checking updates and final startup tasks."
2026-05-14T23:54:50.214Z [startup-timing] t+221ms ensure-app-reachable-start trigger=startup
2026-05-14T23:54:50.215Z [startup] stage="Opening app" progress=78 accent=opening detail="Connecting the desktop shell to NexusForge."
2026-05-14T23:54:50.215Z [startup] stage="Checking local services" progress=34 accent=checking detail="Verifying the app stack is reachable on ports 3000 and 4000."
2026-05-14T23:54:50.272Z [startup] stage="Local services ready" progress=66 accent=ready detail="The desktop stack answered on both ports."
2026-05-14T23:54:50.453Z [startup-timing] t+459ms splash-did-finish-load
2026-05-14T23:54:54.417Z [startup-timing] t+4424ms main-ready-to-show
2026-05-14T23:54:54.418Z [startup-timing] t+4425ms handoff-reveal-scheduled hold=2200ms
2026-05-14T23:54:55.682Z [startup-timing] t+5689ms main-did-finish-load
2026-05-14T23:54:55.683Z [startup-timing] t+5690ms handoff-reveal-scheduled hold=2200ms
2026-05-14T23:54:55.683Z [startup-timing] t+5690ms local-target-connected target=http://localhost:3000/app
2026-05-14T23:54:55.683Z [startup-timing] t+5690ms handoff-reveal-scheduled hold=2200ms
2026-05-14T23:54:55.684Z [startup] stage="Local services ready" progress=66 accent=ready detail="The desktop stack answered on both ports."
