
===== 2026-05-14T01:17:56.410Z [auto-startup] =====
workspace=D:\NEXUSFORGE GAMGING APP
command=cmd.exe /d /s /c npm run dev

> nexusforge@1.0.0 dev
> npm run dev:cleanup && npx concurrently "npm run dev -w web" "npm run dev -w server"


> nexusforge@1.0.0 dev:cleanup
> powershell -NoProfile -ExecutionPolicy Bypass -File ./scripts/cleanup-dev-ports.ps1

Stopped PID 34936 (node.exe) on port 3000
Dev port cleanup complete
[0] 
[0] > web@0.1.0 dev
[0] > npm run dev:guard && npm run dev:reset && next dev --hostname 127.0.0.1 --port 3000
[0] 
[1] 
[1] > server@1.0.0 dev
[1] > npm run dev:cleanup-port && npm run dev -w @nexusforge/server
[1] 
[0] 
[0] > web@0.1.0 dev:guard
[0] > powershell -NoProfile -Command "$conn = Get-NetTCPConnection -LocalPort 3000 -State Listen -ErrorAction SilentlyContinue | Select-Object -First 1; if ($conn) { Stop-Process -Id $conn.OwningProcess -Force; Write-Output ('Cleared stale listener PID ' + $conn.OwningProcess) } else { Write-Output 'Port 3000 clear' }"
[0] 
[1] 
[1] > server@1.0.0 dev:cleanup-port
[1] > powershell -NoProfile -ExecutionPolicy Bypass -File ../scripts/cleanup-server-port.ps1
[1] 
[0] Port 3000 clear
[1] No listener found on port 4000
[0] 
[0] > web@0.1.0 dev:reset
[0] > node -e "require('fs').rmSync('.next-dev',{ recursive:true, force:true })"
[0] 
[1] 
[1] > @nexusforge/server@1.0.0 dev
[1] > npm run dev:cleanup-port && npx --yes tsx watch src/index.ts
[1] 
[1] 
[1] > @nexusforge/server@1.0.0 dev:cleanup-port
[1] > powershell -NoProfile -ExecutionPolicy Bypass -File ../../scripts/cleanup-server-port.ps1
[1] 
[1] No listener found on port 4000
[1] ◇ injected env (23) from .env // tip: ⌁ auth for agents [www.vestauth.com]
[1] ◇ injected env (0) from apps\server\.env // tip: ⌘ multiple files { path: ['.env.local', '.env'] }
[1] ◇ injected env (0) from .env // tip: ⌘ multiple files { path: ['.env.local', '.env'] }
[1] NexusForge API running on http://localhost:4000
[1] [discord] Bot is enabled but DISCORD_BOT_TOKEN or DISCORD_CLIENT_ID is missing.
