2026-05-14T01:17:55.206Z [startup-timing] t+31ms app-when-ready
2026-05-14T01:17:55.207Z [startup-timing] log-path="D:\NEXUSFORGE GAMGING APP\apps\desktop\.network-smoke\local-39076-20260513-201750\startup.log"
2026-05-14T01:17:55.207Z [startup] stage="Booting desktop shell" progress=4 accent=warmup detail="Starting NexusForge Desktop."
2026-05-14T01:17:55.208Z [startup] stage="Preparing secure session" progress=18 accent=warmup detail="Resetting desktop storage before launch."
2026-05-14T01:17:55.216Z [startup] stage="Preparing secure session" progress=26 accent=ready detail="Desktop storage reset completed."
2026-05-14T01:17:55.217Z [startup] stage="Checking local services" progress=34 accent=checking detail="Verifying the app stack is reachable on ports 3000 and 4000."
2026-05-14T01:17:55.277Z [startup] stage="Preparing recovery path" progress=46 accent=checking detail="Waiting on the local stack to finish coming online."
2026-05-14T01:17:55.278Z [startup-timing] t+103ms splash-window-create
2026-05-14T01:17:56.334Z [startup-timing] t+1158ms main-window-create
2026-05-14T01:17:56.350Z [startup] stage="Preparing launch" progress=72 accent=checking detail="Checking updates and final startup tasks."
2026-05-14T01:17:56.350Z [startup-timing] t+1175ms ensure-app-reachable-start trigger=startup
2026-05-14T01:17:56.351Z [startup] stage="Opening app" progress=78 accent=opening detail="Connecting the desktop shell to NexusForge."
2026-05-14T01:17:56.351Z [startup] stage="Checking local services" progress=34 accent=checking detail="Verifying the app stack is reachable on ports 3000 and 4000."
2026-05-14T01:17:56.399Z [startup] stage="Preparing recovery path" progress=46 accent=checking detail="Waiting on the local stack to finish coming online."
2026-05-14T01:17:56.400Z [fallback] Local services are down. Starting recovery sequence.
2026-05-14T01:17:56.404Z [startup-timing] t+1229ms handoff-reveal-scheduled hold=2200ms
2026-05-14T01:17:56.405Z [startup] stage="Starting local services" progress=48 accent=starting detail="Launching the workspace recovery process."
2026-05-14T01:17:56.405Z [startup] stage="Checking local services" progress=34 accent=checking detail="Verifying the app stack is reachable on ports 3000 and 4000."
2026-05-14T01:17:56.410Z [startup] stage="Preparing recovery path" progress=46 accent=checking detail="Waiting on the local stack to finish coming online."
2026-05-14T01:17:58.169Z [startup] stage="Preparing recovery path" progress=46 accent=checking detail="Waiting on the local stack to finish coming online."
2026-05-14T01:17:58.617Z [startup-timing] t+3442ms handoff-reveal-fire from-splash-to-main
2026-05-14T01:17:58.618Z [startup] stage="Opening NexusForge Desktop" progress=100 accent=ready detail="The workspace is ready. Bringing the app forward."
2026-05-14T01:18:00.285Z [startup-timing] t+5110ms main-window-show
2026-05-14T01:18:00.286Z [startup-timing] t+5111ms splash-window-close
2026-05-14T01:18:00.286Z [startup-timing] t+5111ms startup-handoff-complete
2026-05-14T01:18:01.020Z [startup] stage="Checking local services" progress=34 accent=checking detail="Verifying the app stack is reachable on ports 3000 and 4000."
2026-05-14T01:18:01.081Z [startup] stage="Preparing recovery path" progress=46 accent=checking detail="Waiting on the local stack to finish coming online."
2026-05-14T01:18:02.007Z [startup-timing] t+6832ms main-ready-to-show
2026-05-14T01:18:02.008Z [startup-timing] t+6833ms handoff-reveal-scheduled hold=2200ms
2026-05-14T01:18:02.072Z [startup] stage="Checking local services" progress=34 accent=checking detail="Verifying the app stack is reachable on ports 3000 and 4000."
2026-05-14T01:18:02.073Z [startup] stage="Preparing recovery path" progress=46 accent=checking detail="Waiting on the local stack to finish coming online."
2026-05-14T01:18:02.145Z [startup-timing] t+6969ms main-did-finish-load
2026-05-14T01:18:02.145Z [startup-timing] t+6970ms handoff-reveal-scheduled hold=2200ms
2026-05-14T01:18:02.334Z [startup] stage="Checking local services" progress=34 accent=checking detail="Verifying the app stack is reachable on ports 3000 and 4000."
2026-05-14T01:18:02.335Z [startup] stage="Preparing recovery path" progress=46 accent=checking detail="Waiting on the local stack to finish coming online."
2026-05-14T01:18:03.590Z [startup] stage="Checking local services" progress=34 accent=checking detail="Verifying the app stack is reachable on ports 3000 and 4000."
2026-05-14T01:18:03.592Z [startup] stage="Preparing recovery path" progress=46 accent=checking detail="Waiting on the local stack to finish coming online."
2026-05-14T01:18:04.350Z [startup] stage="Opening NexusForge Desktop" progress=100 accent=ready detail="The workspace is ready. Bringing the app forward."
2026-05-14T01:18:04.584Z [startup] stage="Checking local services" progress=34 accent=checking detail="Verifying the app stack is reachable on ports 3000 and 4000."
2026-05-14T01:18:04.585Z [startup] stage="Preparing recovery path" progress=46 accent=checking detail="Waiting on the local stack to finish coming online."
2026-05-14T01:18:04.851Z [startup] stage="Checking local services" progress=34 accent=checking detail="Verifying the app stack is reachable on ports 3000 and 4000."
2026-05-14T01:18:04.852Z [startup] stage="Preparing recovery path" progress=46 accent=checking detail="Waiting on the local stack to finish coming online."
2026-05-14T01:18:06.109Z [startup] stage="Checking local services" progress=34 accent=checking detail="Verifying the app stack is reachable on ports 3000 and 4000."
2026-05-14T01:18:06.110Z [startup] stage="Preparing recovery path" progress=46 accent=checking detail="Waiting on the local stack to finish coming online."
2026-05-14T01:18:07.087Z [startup] stage="Checking local services" progress=34 accent=checking detail="Verifying the app stack is reachable on ports 3000 and 4000."
2026-05-14T01:18:07.089Z [startup] stage="Preparing recovery path" progress=46 accent=checking detail="Waiting on the local stack to finish coming online."
2026-05-14T01:18:07.367Z [startup] stage="Checking local services" progress=34 accent=checking detail="Verifying the app stack is reachable on ports 3000 and 4000."
2026-05-14T01:18:07.368Z [startup] stage="Preparing recovery path" progress=46 accent=checking detail="Waiting on the local stack to finish coming online."
2026-05-14T01:18:08.628Z [startup] stage="Checking local services" progress=34 accent=checking detail="Verifying the app stack is reachable on ports 3000 and 4000."
2026-05-14T01:18:08.630Z [startup] stage="Preparing recovery path" progress=46 accent=checking detail="Waiting on the local stack to finish coming online."
2026-05-14T01:18:09.577Z [startup] stage="Checking local services" progress=34 accent=checking detail="Verifying the app stack is reachable on ports 3000 and 4000."
2026-05-14T01:18:09.578Z [startup] stage="Preparing recovery path" progress=46 accent=checking detail="Waiting on the local stack to finish coming online."
2026-05-14T01:18:09.889Z [startup] stage="Checking local services" progress=34 accent=checking detail="Verifying the app stack is reachable on ports 3000 and 4000."
2026-05-14T01:18:09.890Z [startup] stage="Preparing recovery path" progress=46 accent=checking detail="Waiting on the local stack to finish coming online."
2026-05-14T01:18:11.145Z [startup] stage="Checking local services" progress=34 accent=checking detail="Verifying the app stack is reachable on ports 3000 and 4000."
2026-05-14T01:18:11.147Z [startup] stage="Preparing recovery path" progress=46 accent=checking detail="Waiting on the local stack to finish coming online."
2026-05-14T01:18:12.079Z [startup] stage="Checking local services" progress=34 accent=checking detail="Verifying the app stack is reachable on ports 3000 and 4000."
2026-05-14T01:18:12.133Z [startup] stage="Preparing recovery path" progress=46 accent=checking detail="Waiting on the local stack to finish coming online."
2026-05-14T01:18:12.406Z [startup] stage="Checking local services" progress=34 accent=checking detail="Verifying the app stack is reachable on ports 3000 and 4000."
2026-05-14T01:18:12.408Z [startup] stage="Preparing recovery path" progress=46 accent=checking detail="Waiting on the local stack to finish coming online."
2026-05-14T01:18:13.666Z [startup] stage="Local services unavailable" progress=62 accent=checking detail="Trying hosted fallback so users can still join from outside the local network."
2026-05-14T01:18:14.583Z [startup] stage="Checking local services" progress=34 accent=checking detail="Verifying the app stack is reachable on ports 3000 and 4000."
2026-05-14T01:18:14.721Z [startup] stage="Preparing recovery path" progress=46 accent=checking detail="Waiting on the local stack to finish coming online."
2026-05-14T01:18:14.722Z [tls] certificate bypass accepted for https://www.nexusforge.app/app (net::ERR_CERT_AUTHORITY_INVALID)
2026-05-14T01:18:14.875Z [tls] certificate bypass accepted for https://www.nexusforge.app/app (net::ERR_CERT_AUTHORITY_INVALID)
2026-05-14T01:18:18.999Z [startup-timing] t+23824ms local-fallback-hosted-connected target=https://www.nexusforge.app/app
2026-05-14T01:18:19.000Z [startup-timing] t+23825ms handoff-reveal-scheduled hold=2200ms
2026-05-14T01:18:19.000Z [startup] stage="Preparing recovery path" progress=46 accent=checking detail="Waiting on the local stack to finish coming online."
