2026-05-14T04:38:19.837Z [startup-timing] t+25ms app-when-ready
2026-05-14T04:38:19.837Z [startup-timing] log-path="D:\NEXUSFORGE GAMGING APP\apps\desktop\.network-smoke\hosted-40708-20260513-233816\startup.log"
2026-05-14T04:38:19.838Z [startup] stage="Booting desktop shell" progress=4 accent=warmup detail="Starting NexusForge Desktop."
2026-05-14T04:38:19.838Z [startup] stage="Preparing secure session" progress=18 accent=warmup detail="Resetting desktop storage before launch."
2026-05-14T04:38:19.838Z [startup] stage="Connecting hosted workspace" progress=32 accent=opening detail="Opening the remote NexusForge experience."
2026-05-14T04:38:19.839Z [startup-timing] t+26ms splash-window-create
2026-05-14T04:38:19.888Z [startup-timing] t+75ms main-window-create
2026-05-14T04:38:19.903Z [startup] stage="Preparing launch" progress=72 accent=checking detail="Checking updates and final startup tasks."
2026-05-14T04:38:19.904Z [startup-timing] t+91ms ensure-app-reachable-start trigger=startup
2026-05-14T04:38:19.904Z [startup] stage="Connecting hosted workspace" progress=78 accent=opening detail="Opening the remote NexusForge experience."
2026-05-14T04:38:20.021Z [startup-timing] t+209ms splash-did-finish-load
2026-05-14T04:38:20.750Z [tls] certificate bypass accepted for https://www.nexusforge.app/app (net::ERR_CERT_AUTHORITY_INVALID)
2026-05-14T04:38:21.007Z [tls] certificate bypass accepted for https://www.nexusforge.app/app (net::ERR_CERT_AUTHORITY_INVALID)
2026-05-14T04:38:24.022Z [startup-timing] t+4210ms main-ready-to-show
2026-05-14T04:38:24.022Z [startup-timing] t+4210ms handoff-reveal-scheduled hold=2200ms
2026-05-14T04:38:24.143Z [startup-timing] t+4331ms main-did-finish-load
2026-05-14T04:38:24.144Z [startup-timing] t+4331ms handoff-reveal-scheduled hold=2200ms
2026-05-14T04:38:24.144Z [startup-timing] t+4332ms hosted-target-connected target=https://www.nexusforge.app/app
2026-05-14T04:38:24.144Z [startup-timing] t+4332ms handoff-reveal-scheduled hold=2200ms
2026-05-14T04:38:24.144Z [startup] stage="Connecting hosted workspace" progress=78 accent=opening detail="Opening the remote NexusForge experience."
