
2026-05-14T22:42:20.450Z [startup-timing] t+27ms app-when-ready
2026-05-14T22:42:20.450Z [startup-timing] log-path="D:\NEXUSFORGE GAMGING APP\apps\desktop\.network-smoke\local-47292-20260514-174219\startup.log"
2026-05-14T22:42:20.451Z [startup] stage="Booting desktop shell" progress=4 accent=warmup detail="Starting NexusForge Desktop."
2026-05-14T22:42:20.451Z [startup] stage="Preparing secure session" progress=18 accent=warmup detail="Resetting desktop storage before launch."
2026-05-14T22:42:20.459Z [startup] stage="Preparing secure session" progress=26 accent=ready detail="Desktop storage reset completed."
2026-05-14T22:42:20.461Z [startup] stage="Checking local services" progress=34 accent=checking detail="Verifying the app stack is reachable on ports 3000 and 4000."
2026-05-14T22:42:20.467Z [startup] stage="Local services ready" progress=66 accent=ready detail="The desktop stack answered on both ports."
2026-05-14T22:42:20.492Z [startup-timing] t+69ms splash-window-create
2026-05-14T22:42:20.553Z [startup-timing] t+130ms main-window-create
2026-05-14T22:42:20.582Z [startup] stage="Preparing launch" progress=72 accent=checking detail="Checking updates and final startup tasks."
2026-05-14T22:42:20.582Z [startup-timing] t+159ms ensure-app-reachable-start trigger=startup
2026-05-14T22:42:20.583Z [startup] stage="Opening app" progress=78 accent=opening detail="Connecting the desktop shell to NexusForge."
2026-05-14T22:42:20.583Z [startup] stage="Checking local services" progress=34 accent=checking detail="Verifying the app stack is reachable on ports 3000 and 4000."
2026-05-14T22:42:20.638Z [startup] stage="Local services ready" progress=66 accent=ready detail="The desktop stack answered on both ports."
2026-05-14T22:42:20.715Z [startup-timing] t+292ms splash-did-finish-load
2026-05-14T22:42:21.135Z [startup-timing] t+712ms main-ready-to-show
2026-05-14T22:42:21.136Z [startup-timing] t+713ms handoff-reveal-scheduled hold=2200ms
2026-05-14T22:42:21.310Z [startup-timing] t+886ms main-did-finish-load
2026-05-14T22:42:21.310Z [startup-timing] t+887ms handoff-reveal-scheduled hold=2200ms
2026-05-14T22:42:21.310Z [startup-timing] t+887ms local-target-connected target=http://localhost:3000/app
2026-05-14T22:42:21.311Z [startup-timing] t+888ms handoff-reveal-scheduled hold=2200ms
2026-05-14T22:42:21.311Z [startup] stage="Local services ready" progress=66 accent=ready detail="The desktop stack answered on both ports."
2026-05-14T22:42:21.348Z [startup] stage="Checking local services" progress=34 accent=checking detail="Verifying the app stack is reachable on ports 3000 and 4000."
2026-05-14T22:42:21.349Z [startup] stage="Local services ready" progress=66 accent=ready detail="The desktop stack answered on both ports."
