2026-05-14T03:19:50.524Z [startup-timing] t+26ms app-when-ready
2026-05-14T03:19:50.525Z [startup-timing] log-path="D:\NEXUSFORGE GAMGING APP\apps\desktop\.network-smoke\local-38200-20260513-221949\startup.log"
2026-05-14T03:19:50.525Z [startup] stage="Booting desktop shell" progress=4 accent=warmup detail="Starting NexusForge Desktop."
2026-05-14T03:19:50.525Z [startup] stage="Preparing secure session" progress=18 accent=warmup detail="Resetting desktop storage before launch."
2026-05-14T03:19:50.534Z [startup] stage="Preparing secure session" progress=26 accent=ready detail="Desktop storage reset completed."
2026-05-14T03:19:50.534Z [startup] stage="Checking local services" progress=34 accent=checking detail="Verifying the app stack is reachable on ports 3000 and 4000."
2026-05-14T03:19:50.539Z [startup] stage="Local services ready" progress=66 accent=ready detail="The desktop stack answered on both ports."
2026-05-14T03:19:50.540Z [startup-timing] t+42ms splash-window-create
2026-05-14T03:19:50.588Z [startup-timing] t+90ms main-window-create
2026-05-14T03:19:50.605Z [startup] stage="Preparing launch" progress=72 accent=checking detail="Checking updates and final startup tasks."
2026-05-14T03:19:50.606Z [startup-timing] t+108ms ensure-app-reachable-start trigger=startup
2026-05-14T03:19:50.606Z [startup] stage="Opening app" progress=78 accent=opening detail="Connecting the desktop shell to NexusForge."
2026-05-14T03:19:50.606Z [startup] stage="Checking local services" progress=34 accent=checking detail="Verifying the app stack is reachable on ports 3000 and 4000."
2026-05-14T03:19:50.647Z [startup] stage="Local services ready" progress=66 accent=ready detail="The desktop stack answered on both ports."
2026-05-14T03:19:50.717Z [startup-timing] t+219ms splash-did-finish-load
2026-05-14T03:19:51.172Z [startup-timing] t+674ms main-ready-to-show
2026-05-14T03:19:51.173Z [startup-timing] t+675ms handoff-reveal-scheduled hold=2200ms
2026-05-14T03:19:51.350Z [startup-timing] t+852ms main-did-finish-load
2026-05-14T03:19:51.350Z [startup-timing] t+852ms handoff-reveal-scheduled hold=2200ms
2026-05-14T03:19:51.351Z [startup-timing] t+853ms local-target-connected target=http://localhost:3000/app
2026-05-14T03:19:51.351Z [startup-timing] t+853ms handoff-reveal-scheduled hold=2200ms
2026-05-14T03:19:51.352Z [startup] stage="Local services ready" progress=66 accent=ready detail="The desktop stack answered on both ports."
2026-05-14T03:19:51.372Z [startup] stage="Checking local services" progress=34 accent=checking detail="Verifying the app stack is reachable on ports 3000 and 4000."
2026-05-14T03:19:51.373Z [startup] stage="Local services ready" progress=66 accent=ready detail="The desktop stack answered on both ports."
