2026-05-14T04:08:38.391Z [startup-timing] t+24ms app-when-ready
2026-05-14T04:08:38.392Z [startup-timing] log-path="D:\NEXUSFORGE GAMGING APP\apps\desktop\.network-smoke\hosted-9172-20260513-230835\startup.log"
2026-05-14T04:08:38.392Z [startup] stage="Booting desktop shell" progress=4 accent=warmup detail="Starting NexusForge Desktop."
2026-05-14T04:08:38.392Z [startup] stage="Preparing secure session" progress=18 accent=warmup detail="Resetting desktop storage before launch."
2026-05-14T04:08:38.393Z [startup] stage="Connecting hosted workspace" progress=32 accent=opening detail="Opening the remote NexusForge experience."
2026-05-14T04:08:38.393Z [startup-timing] t+26ms splash-window-create
2026-05-14T04:08:38.441Z [startup-timing] t+74ms main-window-create
2026-05-14T04:08:38.456Z [startup] stage="Preparing launch" progress=72 accent=checking detail="Checking updates and final startup tasks."
2026-05-14T04:08:38.457Z [startup-timing] t+90ms ensure-app-reachable-start trigger=startup
2026-05-14T04:08:38.457Z [startup] stage="Connecting hosted workspace" progress=78 accent=opening detail="Opening the remote NexusForge experience."
2026-05-14T04:08:38.574Z [startup-timing] t+207ms splash-did-finish-load
2026-05-14T04:08:39.298Z [tls] certificate bypass accepted for https://www.nexusforge.app/app (net::ERR_CERT_AUTHORITY_INVALID)
2026-05-14T04:08:39.555Z [tls] certificate bypass accepted for https://www.nexusforge.app/app (net::ERR_CERT_AUTHORITY_INVALID)
2026-05-14T04:08:42.628Z [startup-timing] t+4261ms main-ready-to-show
2026-05-14T04:08:42.628Z [startup-timing] t+4261ms handoff-reveal-scheduled hold=2200ms
2026-05-14T04:08:42.753Z [startup-timing] t+4386ms main-did-finish-load
2026-05-14T04:08:42.754Z [startup-timing] t+4387ms handoff-reveal-scheduled hold=2200ms
2026-05-14T04:08:42.754Z [startup-timing] t+4387ms hosted-target-connected target=https://www.nexusforge.app/app
2026-05-14T04:08:42.754Z [startup-timing] t+4387ms handoff-reveal-scheduled hold=2200ms
2026-05-14T04:08:42.755Z [startup] stage="Connecting hosted workspace" progress=78 accent=opening detail="Opening the remote NexusForge experience."
