2026-05-14T04:03:26.631Z [startup-timing] t+24ms app-when-ready
2026-05-14T04:03:26.632Z [startup-timing] log-path="D:\NEXUSFORGE GAMGING APP\apps\desktop\.network-smoke\hosted-28920-20260513-230323\startup.log"
2026-05-14T04:03:26.632Z [startup] stage="Booting desktop shell" progress=4 accent=warmup detail="Starting NexusForge Desktop."
2026-05-14T04:03:26.632Z [startup] stage="Preparing secure session" progress=18 accent=warmup detail="Resetting desktop storage before launch."
2026-05-14T04:03:26.632Z [startup] stage="Connecting hosted workspace" progress=32 accent=opening detail="Opening the remote NexusForge experience."
2026-05-14T04:03:26.633Z [startup-timing] t+26ms splash-window-create
2026-05-14T04:03:26.681Z [startup-timing] t+74ms main-window-create
2026-05-14T04:03:26.697Z [startup] stage="Preparing launch" progress=72 accent=checking detail="Checking updates and final startup tasks."
2026-05-14T04:03:26.697Z [startup-timing] t+90ms ensure-app-reachable-start trigger=startup
2026-05-14T04:03:26.698Z [startup] stage="Connecting hosted workspace" progress=78 accent=opening detail="Opening the remote NexusForge experience."
2026-05-14T04:03:26.815Z [startup-timing] t+208ms splash-did-finish-load
2026-05-14T04:03:27.549Z [tls] certificate bypass accepted for https://www.nexusforge.app/app (net::ERR_CERT_AUTHORITY_INVALID)
2026-05-14T04:03:27.789Z [tls] certificate bypass accepted for https://www.nexusforge.app/app (net::ERR_CERT_AUTHORITY_INVALID)
2026-05-14T04:03:30.750Z [startup-timing] t+4143ms main-ready-to-show
2026-05-14T04:03:30.750Z [startup-timing] t+4143ms handoff-reveal-scheduled hold=2200ms
2026-05-14T04:03:30.872Z [startup-timing] t+4264ms main-did-finish-load
2026-05-14T04:03:30.872Z [startup-timing] t+4265ms handoff-reveal-scheduled hold=2200ms
2026-05-14T04:03:30.872Z [startup-timing] t+4265ms hosted-target-connected target=https://www.nexusforge.app/app
2026-05-14T04:03:30.873Z [startup-timing] t+4265ms handoff-reveal-scheduled hold=2200ms
2026-05-14T04:03:30.873Z [startup] stage="Connecting hosted workspace" progress=78 accent=opening detail="Opening the remote NexusForge experience."
