2026-05-14T03:17:29.424Z [startup-timing] t+25ms app-when-ready
2026-05-14T03:17:29.424Z [startup-timing] log-path="D:\NEXUSFORGE GAMGING APP\apps\desktop\.network-smoke\hosted-1568-20260513-221726\startup.log"
2026-05-14T03:17:29.424Z [startup] stage="Booting desktop shell" progress=4 accent=warmup detail="Starting NexusForge Desktop."
2026-05-14T03:17:29.425Z [startup] stage="Preparing secure session" progress=18 accent=warmup detail="Resetting desktop storage before launch."
2026-05-14T03:17:29.425Z [startup] stage="Connecting hosted workspace" progress=32 accent=opening detail="Opening the remote NexusForge experience."
2026-05-14T03:17:29.425Z [startup-timing] t+27ms splash-window-create
2026-05-14T03:17:29.476Z [startup-timing] t+78ms main-window-create
2026-05-14T03:17:29.493Z [startup] stage="Preparing launch" progress=72 accent=checking detail="Checking updates and final startup tasks."
2026-05-14T03:17:29.494Z [startup-timing] t+95ms ensure-app-reachable-start trigger=startup
2026-05-14T03:17:29.494Z [startup] stage="Connecting hosted workspace" progress=78 accent=opening detail="Opening the remote NexusForge experience."
2026-05-14T03:17:29.607Z [startup-timing] t+209ms splash-did-finish-load
2026-05-14T03:17:30.351Z [tls] certificate bypass accepted for https://www.nexusforge.app/app (net::ERR_CERT_AUTHORITY_INVALID)
2026-05-14T03:17:30.614Z [tls] certificate bypass accepted for https://www.nexusforge.app/app (net::ERR_CERT_AUTHORITY_INVALID)
2026-05-14T03:17:33.571Z [startup-timing] t+4173ms main-ready-to-show
2026-05-14T03:17:33.571Z [startup-timing] t+4173ms handoff-reveal-scheduled hold=2200ms
2026-05-14T03:17:33.699Z [startup-timing] t+4301ms main-did-finish-load
2026-05-14T03:17:33.699Z [startup-timing] t+4301ms handoff-reveal-scheduled hold=2200ms
2026-05-14T03:17:33.699Z [startup-timing] t+4301ms hosted-target-connected target=https://www.nexusforge.app/app
2026-05-14T03:17:33.700Z [startup-timing] t+4302ms handoff-reveal-scheduled hold=2200ms
2026-05-14T03:17:33.700Z [startup] stage="Connecting hosted workspace" progress=78 accent=opening detail="Opening the remote NexusForge experience."
