2026-05-14T03:07:19.657Z [startup-timing] t+27ms app-when-ready
2026-05-14T03:07:19.657Z [startup-timing] log-path="D:\NEXUSFORGE GAMGING APP\apps\desktop\.network-smoke\hosted-7192-20260513-220716\startup.log"
2026-05-14T03:07:19.658Z [startup] stage="Booting desktop shell" progress=4 accent=warmup detail="Starting NexusForge Desktop."
2026-05-14T03:07:19.658Z [startup] stage="Preparing secure session" progress=18 accent=warmup detail="Resetting desktop storage before launch."
2026-05-14T03:07:19.658Z [startup] stage="Connecting hosted workspace" progress=32 accent=opening detail="Opening the remote NexusForge experience."
2026-05-14T03:07:19.659Z [startup-timing] t+29ms splash-window-create
2026-05-14T03:07:19.716Z [startup-timing] t+85ms main-window-create
2026-05-14T03:07:19.734Z [startup] stage="Preparing launch" progress=72 accent=checking detail="Checking updates and final startup tasks."
2026-05-14T03:07:19.734Z [startup-timing] t+104ms ensure-app-reachable-start trigger=startup
2026-05-14T03:07:19.735Z [startup] stage="Connecting hosted workspace" progress=78 accent=opening detail="Opening the remote NexusForge experience."
2026-05-14T03:07:19.868Z [startup-timing] t+238ms splash-did-finish-load
2026-05-14T03:07:20.641Z [tls] certificate bypass accepted for https://www.nexusforge.app/app (net::ERR_CERT_AUTHORITY_INVALID)
2026-05-14T03:07:20.879Z [tls] certificate bypass accepted for https://www.nexusforge.app/app (net::ERR_CERT_AUTHORITY_INVALID)
2026-05-14T03:07:23.691Z [startup-timing] t+4061ms main-ready-to-show
2026-05-14T03:07:23.691Z [startup-timing] t+4061ms handoff-reveal-scheduled hold=2200ms
2026-05-14T03:07:23.822Z [startup-timing] t+4192ms main-did-finish-load
2026-05-14T03:07:23.822Z [startup-timing] t+4192ms handoff-reveal-scheduled hold=2200ms
2026-05-14T03:07:23.823Z [startup-timing] t+4193ms hosted-target-connected target=https://www.nexusforge.app/app
2026-05-14T03:07:23.823Z [startup-timing] t+4193ms handoff-reveal-scheduled hold=2200ms
2026-05-14T03:07:23.823Z [startup] stage="Connecting hosted workspace" progress=78 accent=opening detail="Opening the remote NexusForge experience."
