2026-05-14T19:51:27.621Z [startup-timing] t+43ms app-when-ready
2026-05-14T19:51:27.621Z [startup-timing] log-path="D:\NEXUSFORGE GAMGING APP\apps\desktop\.network-smoke\local-42736-20260514-145126\startup.log"
2026-05-14T19:51:27.622Z [startup] stage="Booting desktop shell" progress=4 accent=warmup detail="Starting NexusForge Desktop."
2026-05-14T19:51:27.622Z [startup] stage="Preparing secure session" progress=18 accent=warmup detail="Resetting desktop storage before launch."
2026-05-14T19:51:27.630Z [startup] stage="Preparing secure session" progress=26 accent=ready detail="Desktop storage reset completed."
2026-05-14T19:51:27.630Z [startup] stage="Checking local services" progress=34 accent=checking detail="Verifying the app stack is reachable on ports 3000 and 4000."
2026-05-14T19:51:27.638Z [startup] stage="Local services ready" progress=66 accent=ready detail="The desktop stack answered on both ports."
2026-05-14T19:51:27.639Z [startup-timing] t+61ms splash-window-create
2026-05-14T19:51:27.696Z [startup-timing] t+119ms main-window-create
2026-05-14T19:51:27.714Z [startup] stage="Preparing launch" progress=72 accent=checking detail="Checking updates and final startup tasks."
2026-05-14T19:51:27.715Z [startup-timing] t+138ms ensure-app-reachable-start trigger=startup
2026-05-14T19:51:27.715Z [startup] stage="Opening app" progress=78 accent=opening detail="Connecting the desktop shell to NexusForge."
2026-05-14T19:51:27.715Z [startup] stage="Checking local services" progress=34 accent=checking detail="Verifying the app stack is reachable on ports 3000 and 4000."
2026-05-14T19:51:27.759Z [startup] stage="Local services ready" progress=66 accent=ready detail="The desktop stack answered on both ports."
2026-05-14T19:51:27.833Z [startup-timing] t+256ms splash-did-finish-load
2026-05-14T19:51:30.005Z [startup-timing] t+2427ms main-ready-to-show
2026-05-14T19:51:30.005Z [startup-timing] t+2428ms handoff-reveal-scheduled hold=2200ms
2026-05-14T19:51:31.787Z [startup-timing] t+4210ms main-did-finish-load
2026-05-14T19:51:31.787Z [startup-timing] t+4210ms handoff-reveal-scheduled hold=2200ms
2026-05-14T19:51:31.788Z [startup-timing] t+4211ms local-target-connected target=http://localhost:3000/app
2026-05-14T19:51:31.788Z [startup-timing] t+4211ms handoff-reveal-scheduled hold=2200ms
2026-05-14T19:51:31.788Z [startup] stage="Local services ready" progress=66 accent=ready detail="The desktop stack answered on both ports."
2026-05-14T19:51:32.347Z [startup] stage="Checking local services" progress=34 accent=checking detail="Verifying the app stack is reachable on ports 3000 and 4000."
2026-05-14T19:51:32.349Z [startup] stage="Local services ready" progress=66 accent=ready detail="The desktop stack answered on both ports."
