
2026-05-14T21:18:07.182Z [startup-timing] t+33ms app-when-ready
2026-05-14T21:18:07.183Z [startup-timing] log-path="D:\NEXUSFORGE GAMGING APP\apps\desktop\.network-smoke\local-43508-20260514-161805\startup.log"
2026-05-14T21:18:07.183Z [startup] stage="Booting desktop shell" progress=4 accent=warmup detail="Starting NexusForge Desktop."
2026-05-14T21:18:07.184Z [startup] stage="Preparing secure session" progress=18 accent=warmup detail="Resetting desktop storage before launch."
2026-05-14T21:18:07.196Z [startup] stage="Preparing secure session" progress=26 accent=ready detail="Desktop storage reset completed."
2026-05-14T21:18:07.197Z [startup] stage="Checking local services" progress=34 accent=checking detail="Verifying the app stack is reachable on ports 3000 and 4000."
2026-05-14T21:18:07.206Z [startup] stage="Local services ready" progress=66 accent=ready detail="The desktop stack answered on both ports."
2026-05-14T21:18:07.281Z [startup-timing] t+132ms splash-window-create
2026-05-14T21:18:07.371Z [startup-timing] t+221ms main-window-create
2026-05-14T21:18:07.414Z [startup] stage="Preparing launch" progress=72 accent=checking detail="Checking updates and final startup tasks."
2026-05-14T21:18:07.415Z [startup-timing] t+266ms ensure-app-reachable-start trigger=startup
2026-05-14T21:18:07.415Z [startup] stage="Opening app" progress=78 accent=opening detail="Connecting the desktop shell to NexusForge."
2026-05-14T21:18:07.415Z [startup] stage="Checking local services" progress=34 accent=checking detail="Verifying the app stack is reachable on ports 3000 and 4000."
2026-05-14T21:18:07.471Z [startup] stage="Local services ready" progress=66 accent=ready detail="The desktop stack answered on both ports."
2026-05-14T21:18:07.612Z [startup-timing] t+463ms splash-did-finish-load
2026-05-14T21:18:08.155Z [startup-timing] t+1005ms main-ready-to-show
2026-05-14T21:18:08.156Z [startup-timing] t+1006ms handoff-reveal-scheduled hold=2200ms
2026-05-14T21:18:08.393Z [startup-timing] t+1244ms main-did-finish-load
2026-05-14T21:18:08.394Z [startup-timing] t+1245ms handoff-reveal-scheduled hold=2200ms
2026-05-14T21:18:08.395Z [startup-timing] t+1245ms local-target-connected target=http://localhost:3000/app
2026-05-14T21:18:08.395Z [startup-timing] t+1246ms handoff-reveal-scheduled hold=2200ms
2026-05-14T21:18:08.396Z [startup] stage="Local services ready" progress=66 accent=ready detail="The desktop stack answered on both ports."
2026-05-14T21:18:08.431Z [startup] stage="Checking local services" progress=34 accent=checking detail="Verifying the app stack is reachable on ports 3000 and 4000."
2026-05-14T21:18:08.432Z [startup] stage="Local services ready" progress=66 accent=ready detail="The desktop stack answered on both ports."
