
2026-05-14T23:05:17.497Z [startup-timing] t+31ms app-when-ready
2026-05-14T23:05:17.498Z [startup-timing] log-path="D:\NEXUSFORGE GAMGING APP\apps\desktop\.network-smoke\hosted-36544-20260514-180509\startup.log"
2026-05-14T23:05:17.498Z [startup] stage="Booting desktop shell" progress=4 accent=warmup detail="Starting NexusForge Desktop."
2026-05-14T23:05:17.499Z [startup] stage="Preparing secure session" progress=18 accent=warmup detail="Resetting desktop storage before launch."
2026-05-14T23:05:17.499Z [startup] stage="Connecting hosted workspace" progress=32 accent=opening detail="Opening the remote NexusForge experience."
2026-05-14T23:05:17.531Z [startup-timing] t+65ms splash-window-create
2026-05-14T23:05:17.623Z [startup-timing] t+157ms main-window-create
2026-05-14T23:05:17.675Z [startup] stage="Preparing launch" progress=72 accent=checking detail="Checking updates and final startup tasks."
2026-05-14T23:05:17.675Z [startup-timing] t+209ms ensure-app-reachable-start trigger=startup
2026-05-14T23:05:17.676Z [startup] stage="Connecting hosted workspace" progress=78 accent=opening detail="Opening the remote NexusForge experience."
2026-05-14T23:05:17.920Z [startup-timing] t+390ms splash-did-finish-load
2026-05-14T23:05:20.321Z [tls] certificate bypass accepted for https://www.nexusforge.app/app (net::ERR_CERT_AUTHORITY_INVALID)
2026-05-14T23:05:20.592Z [tls] certificate bypass accepted for https://www.nexusforge.app/app (net::ERR_CERT_AUTHORITY_INVALID)
2026-05-14T23:05:23.282Z [startup-timing] t+5816ms main-ready-to-show
2026-05-14T23:05:23.283Z [startup-timing] t+5816ms handoff-reveal-scheduled hold=2200ms
2026-05-14T23:05:23.449Z [startup-timing] t+5983ms main-did-finish-load
2026-05-14T23:05:23.449Z [startup-timing] t+5983ms handoff-reveal-scheduled hold=2200ms
2026-05-14T23:05:23.450Z [startup-timing] t+5983ms hosted-target-connected target=https://www.nexusforge.app/app
2026-05-14T23:05:23.450Z [startup-timing] t+5984ms handoff-reveal-scheduled hold=2200ms
2026-05-14T23:05:23.450Z [startup] stage="Connecting hosted workspace" progress=78 accent=opening detail="Opening the remote NexusForge experience."
