2026-05-14T20:00:07.247Z [startup-timing] t+26ms app-when-ready
2026-05-14T20:00:07.247Z [startup-timing] log-path="D:\NEXUSFORGE GAMGING APP\apps\desktop\.network-smoke\hosted-40972-20260514-150003\startup.log"
2026-05-14T20:00:07.247Z [startup] stage="Booting desktop shell" progress=4 accent=warmup detail="Starting NexusForge Desktop."
2026-05-14T20:00:07.248Z [startup] stage="Preparing secure session" progress=18 accent=warmup detail="Resetting desktop storage before launch."
2026-05-14T20:00:07.248Z [startup] stage="Connecting hosted workspace" progress=32 accent=opening detail="Opening the remote NexusForge experience."
2026-05-14T20:00:07.248Z [startup-timing] t+27ms splash-window-create
2026-05-14T20:00:07.300Z [startup-timing] t+78ms main-window-create
2026-05-14T20:00:07.320Z [startup] stage="Preparing launch" progress=72 accent=checking detail="Checking updates and final startup tasks."
2026-05-14T20:00:07.321Z [startup-timing] t+100ms ensure-app-reachable-start trigger=startup
2026-05-14T20:00:07.321Z [startup] stage="Connecting hosted workspace" progress=78 accent=opening detail="Opening the remote NexusForge experience."
2026-05-14T20:00:07.446Z [startup-timing] t+223ms splash-did-finish-load
2026-05-14T20:00:08.203Z [tls] certificate bypass accepted for https://www.nexusforge.app/app (net::ERR_CERT_AUTHORITY_INVALID)
2026-05-14T20:00:08.447Z [tls] certificate bypass accepted for https://www.nexusforge.app/app (net::ERR_CERT_AUTHORITY_INVALID)
2026-05-14T20:00:11.870Z [startup-timing] t+4649ms main-ready-to-show
2026-05-14T20:00:11.871Z [startup-timing] t+4650ms handoff-reveal-scheduled hold=2200ms
2026-05-14T20:00:12.004Z [startup-timing] t+4783ms main-did-finish-load
2026-05-14T20:00:12.004Z [startup-timing] t+4783ms handoff-reveal-scheduled hold=2200ms
2026-05-14T20:00:12.004Z [startup-timing] t+4783ms hosted-target-connected target=https://www.nexusforge.app/app
2026-05-14T20:00:12.005Z [startup-timing] t+4784ms handoff-reveal-scheduled hold=2200ms
2026-05-14T20:00:12.005Z [startup] stage="Connecting hosted workspace" progress=78 accent=opening detail="Opening the remote NexusForge experience."
