2026-05-14T04:07:51.387Z [startup-timing] t+26ms app-when-ready
2026-05-14T04:07:51.388Z [startup-timing] log-path="D:\NEXUSFORGE GAMGING APP\apps\desktop\.network-smoke\local-39032-20260513-230750\startup.log"
2026-05-14T04:07:51.388Z [startup] stage="Booting desktop shell" progress=4 accent=warmup detail="Starting NexusForge Desktop."
2026-05-14T04:07:51.389Z [startup] stage="Preparing secure session" progress=18 accent=warmup detail="Resetting desktop storage before launch."
2026-05-14T04:07:51.397Z [startup] stage="Preparing secure session" progress=26 accent=ready detail="Desktop storage reset completed."
2026-05-14T04:07:51.397Z [startup] stage="Checking local services" progress=34 accent=checking detail="Verifying the app stack is reachable on ports 3000 and 4000."
2026-05-14T04:07:51.403Z [startup] stage="Local services ready" progress=66 accent=ready detail="The desktop stack answered on both ports."
2026-05-14T04:07:51.403Z [startup-timing] t+42ms splash-window-create
2026-05-14T04:07:51.452Z [startup-timing] t+91ms main-window-create
2026-05-14T04:07:51.468Z [startup] stage="Preparing launch" progress=72 accent=checking detail="Checking updates and final startup tasks."
2026-05-14T04:07:51.469Z [startup-timing] t+107ms ensure-app-reachable-start trigger=startup
2026-05-14T04:07:51.469Z [startup] stage="Opening app" progress=78 accent=opening detail="Connecting the desktop shell to NexusForge."
2026-05-14T04:07:51.469Z [startup] stage="Checking local services" progress=34 accent=checking detail="Verifying the app stack is reachable on ports 3000 and 4000."
2026-05-14T04:07:51.513Z [startup] stage="Local services ready" progress=66 accent=ready detail="The desktop stack answered on both ports."
2026-05-14T04:07:51.578Z [startup-timing] t+217ms splash-did-finish-load
2026-05-14T04:07:52.025Z [startup-timing] t+664ms main-ready-to-show
2026-05-14T04:07:52.026Z [startup-timing] t+665ms handoff-reveal-scheduled hold=2200ms
2026-05-14T04:07:52.193Z [startup-timing] t+832ms main-did-finish-load
2026-05-14T04:07:52.193Z [startup-timing] t+832ms handoff-reveal-scheduled hold=2200ms
2026-05-14T04:07:52.194Z [startup-timing] t+833ms local-target-connected target=http://localhost:3000/app
2026-05-14T04:07:52.194Z [startup-timing] t+833ms handoff-reveal-scheduled hold=2200ms
2026-05-14T04:07:52.194Z [startup] stage="Local services ready" progress=66 accent=ready detail="The desktop stack answered on both ports."
2026-05-14T04:07:52.213Z [startup] stage="Checking local services" progress=34 accent=checking detail="Verifying the app stack is reachable on ports 3000 and 4000."
2026-05-14T04:07:52.214Z [startup] stage="Local services ready" progress=66 accent=ready detail="The desktop stack answered on both ports."
