
2026-05-14T22:25:48.386Z [startup-timing] t+51ms app-when-ready
2026-05-14T22:25:48.386Z [startup-timing] log-path="D:\NEXUSFORGE GAMGING APP\apps\desktop\.network-smoke\local-45764-20260514-172547\startup.log"
2026-05-14T22:25:48.386Z [startup] stage="Booting desktop shell" progress=4 accent=warmup detail="Starting NexusForge Desktop."
2026-05-14T22:25:48.387Z [startup] stage="Preparing secure session" progress=18 accent=warmup detail="Resetting desktop storage before launch."
2026-05-14T22:25:48.399Z [startup] stage="Preparing secure session" progress=26 accent=ready detail="Desktop storage reset completed."
2026-05-14T22:25:48.401Z [startup] stage="Checking local services" progress=34 accent=checking detail="Verifying the app stack is reachable on ports 3000 and 4000."
2026-05-14T22:25:48.407Z [startup] stage="Local services ready" progress=66 accent=ready detail="The desktop stack answered on both ports."
2026-05-14T22:25:48.440Z [startup-timing] t+106ms splash-window-create
2026-05-14T22:25:48.539Z [startup-timing] t+205ms main-window-create
2026-05-14T22:25:48.586Z [startup] stage="Preparing launch" progress=72 accent=checking detail="Checking updates and final startup tasks."
2026-05-14T22:25:48.587Z [startup-timing] t+252ms ensure-app-reachable-start trigger=startup
2026-05-14T22:25:48.587Z [startup] stage="Opening app" progress=78 accent=opening detail="Connecting the desktop shell to NexusForge."
2026-05-14T22:25:48.587Z [startup] stage="Checking local services" progress=34 accent=checking detail="Verifying the app stack is reachable on ports 3000 and 4000."
2026-05-14T22:25:48.664Z [startup] stage="Local services ready" progress=66 accent=ready detail="The desktop stack answered on both ports."
2026-05-14T22:25:48.764Z [startup-timing] t+430ms splash-did-finish-load
2026-05-14T22:25:49.269Z [startup-timing] t+935ms main-ready-to-show
2026-05-14T22:25:49.270Z [startup-timing] t+936ms handoff-reveal-scheduled hold=2200ms
2026-05-14T22:25:49.465Z [startup-timing] t+1131ms main-did-finish-load
2026-05-14T22:25:49.466Z [startup-timing] t+1131ms handoff-reveal-scheduled hold=2200ms
2026-05-14T22:25:49.466Z [startup-timing] t+1132ms local-target-connected target=http://localhost:3000/app
2026-05-14T22:25:49.466Z [startup-timing] t+1132ms handoff-reveal-scheduled hold=2200ms
2026-05-14T22:25:49.467Z [startup] stage="Local services ready" progress=66 accent=ready detail="The desktop stack answered on both ports."
2026-05-14T22:25:49.494Z [startup] stage="Checking local services" progress=34 accent=checking detail="Verifying the app stack is reachable on ports 3000 and 4000."
2026-05-14T22:25:49.495Z [startup] stage="Local services ready" progress=66 accent=ready detail="The desktop stack answered on both ports."
