2026-05-14T03:40:31.102Z [startup-timing] t+24ms app-when-ready
2026-05-14T03:40:31.103Z [startup-timing] log-path="D:\NEXUSFORGE GAMGING APP\apps\desktop\.network-smoke\local-30620-20260513-224030\startup.log"
2026-05-14T03:40:31.103Z [startup] stage="Booting desktop shell" progress=4 accent=warmup detail="Starting NexusForge Desktop."
2026-05-14T03:40:31.104Z [startup] stage="Preparing secure session" progress=18 accent=warmup detail="Resetting desktop storage before launch."
2026-05-14T03:40:31.111Z [startup] stage="Preparing secure session" progress=26 accent=ready detail="Desktop storage reset completed."
2026-05-14T03:40:31.111Z [startup] stage="Checking local services" progress=34 accent=checking detail="Verifying the app stack is reachable on ports 3000 and 4000."
2026-05-14T03:40:31.116Z [startup] stage="Local services ready" progress=66 accent=ready detail="The desktop stack answered on both ports."
2026-05-14T03:40:31.117Z [startup-timing] t+39ms splash-window-create
2026-05-14T03:40:31.164Z [startup-timing] t+86ms main-window-create
2026-05-14T03:40:31.177Z [startup] stage="Preparing launch" progress=72 accent=checking detail="Checking updates and final startup tasks."
2026-05-14T03:40:31.178Z [startup-timing] t+100ms ensure-app-reachable-start trigger=startup
2026-05-14T03:40:31.178Z [startup] stage="Opening app" progress=78 accent=opening detail="Connecting the desktop shell to NexusForge."
2026-05-14T03:40:31.178Z [startup] stage="Checking local services" progress=34 accent=checking detail="Verifying the app stack is reachable on ports 3000 and 4000."
2026-05-14T03:40:31.220Z [startup] stage="Local services ready" progress=66 accent=ready detail="The desktop stack answered on both ports."
2026-05-14T03:40:31.286Z [startup-timing] t+207ms splash-did-finish-load
2026-05-14T03:40:31.749Z [startup-timing] t+671ms main-ready-to-show
2026-05-14T03:40:31.750Z [startup-timing] t+672ms handoff-reveal-scheduled hold=2200ms
2026-05-14T03:40:31.937Z [startup-timing] t+859ms main-did-finish-load
2026-05-14T03:40:31.937Z [startup-timing] t+859ms handoff-reveal-scheduled hold=2200ms
2026-05-14T03:40:31.938Z [startup-timing] t+859ms local-target-connected target=http://localhost:3000/app
2026-05-14T03:40:31.938Z [startup-timing] t+860ms handoff-reveal-scheduled hold=2200ms
2026-05-14T03:40:31.938Z [startup] stage="Local services ready" progress=66 accent=ready detail="The desktop stack answered on both ports."
2026-05-14T03:40:31.959Z [startup] stage="Checking local services" progress=34 accent=checking detail="Verifying the app stack is reachable on ports 3000 and 4000."
2026-05-14T03:40:31.960Z [startup] stage="Local services ready" progress=66 accent=ready detail="The desktop stack answered on both ports."
