2026-05-14T04:36:06.161Z [startup-timing] t+26ms app-when-ready
2026-05-14T04:36:06.162Z [startup-timing] log-path="D:\NEXUSFORGE GAMGING APP\apps\desktop\.network-smoke\hosted-22568-20260513-233603\startup.log"
2026-05-14T04:36:06.162Z [startup] stage="Booting desktop shell" progress=4 accent=warmup detail="Starting NexusForge Desktop."
2026-05-14T04:36:06.162Z [startup] stage="Preparing secure session" progress=18 accent=warmup detail="Resetting desktop storage before launch."
2026-05-14T04:36:06.162Z [startup] stage="Connecting hosted workspace" progress=32 accent=opening detail="Opening the remote NexusForge experience."
2026-05-14T04:36:06.163Z [startup-timing] t+28ms splash-window-create
2026-05-14T04:36:06.212Z [startup-timing] t+77ms main-window-create
2026-05-14T04:36:06.226Z [startup] stage="Preparing launch" progress=72 accent=checking detail="Checking updates and final startup tasks."
2026-05-14T04:36:06.226Z [startup-timing] t+91ms ensure-app-reachable-start trigger=startup
2026-05-14T04:36:06.227Z [startup] stage="Connecting hosted workspace" progress=78 accent=opening detail="Opening the remote NexusForge experience."
2026-05-14T04:36:06.347Z [startup-timing] t+204ms splash-did-finish-load
2026-05-14T04:36:07.059Z [tls] certificate bypass accepted for https://www.nexusforge.app/app (net::ERR_CERT_AUTHORITY_INVALID)
2026-05-14T04:36:07.322Z [tls] certificate bypass accepted for https://www.nexusforge.app/app (net::ERR_CERT_AUTHORITY_INVALID)
2026-05-14T04:36:11.454Z [startup-timing] t+5319ms main-ready-to-show
2026-05-14T04:36:11.454Z [startup-timing] t+5319ms handoff-reveal-scheduled hold=2200ms
2026-05-14T04:36:11.581Z [startup-timing] t+5446ms main-did-finish-load
2026-05-14T04:36:11.581Z [startup-timing] t+5446ms handoff-reveal-scheduled hold=2200ms
2026-05-14T04:36:11.582Z [startup-timing] t+5447ms hosted-target-connected target=https://www.nexusforge.app/app
2026-05-14T04:36:11.582Z [startup-timing] t+5447ms handoff-reveal-scheduled hold=2200ms
2026-05-14T04:36:11.582Z [startup] stage="Connecting hosted workspace" progress=78 accent=opening detail="Opening the remote NexusForge experience."
