2026-05-14T03:52:47.047Z [startup-timing] t+25ms app-when-ready
2026-05-14T03:52:47.048Z [startup-timing] log-path="D:\NEXUSFORGE GAMGING APP\apps\desktop\.network-smoke\hosted-38612-20260513-225243\startup.log"
2026-05-14T03:52:47.048Z [startup] stage="Booting desktop shell" progress=4 accent=warmup detail="Starting NexusForge Desktop."
2026-05-14T03:52:47.048Z [startup] stage="Preparing secure session" progress=18 accent=warmup detail="Resetting desktop storage before launch."
2026-05-14T03:52:47.049Z [startup] stage="Connecting hosted workspace" progress=32 accent=opening detail="Opening the remote NexusForge experience."
2026-05-14T03:52:47.049Z [startup-timing] t+27ms splash-window-create
2026-05-14T03:52:47.099Z [startup-timing] t+77ms main-window-create
2026-05-14T03:52:47.114Z [startup] stage="Preparing launch" progress=72 accent=checking detail="Checking updates and final startup tasks."
2026-05-14T03:52:47.115Z [startup-timing] t+93ms ensure-app-reachable-start trigger=startup
2026-05-14T03:52:47.115Z [startup] stage="Connecting hosted workspace" progress=78 accent=opening detail="Opening the remote NexusForge experience."
2026-05-14T03:52:47.231Z [startup-timing] t+209ms splash-did-finish-load
2026-05-14T03:52:47.961Z [tls] certificate bypass accepted for https://www.nexusforge.app/app (net::ERR_CERT_AUTHORITY_INVALID)
2026-05-14T03:52:48.191Z [tls] certificate bypass accepted for https://www.nexusforge.app/app (net::ERR_CERT_AUTHORITY_INVALID)
2026-05-14T03:52:51.245Z [startup-timing] t+4223ms main-ready-to-show
2026-05-14T03:52:51.246Z [startup-timing] t+4224ms handoff-reveal-scheduled hold=2200ms
2026-05-14T03:52:51.373Z [startup-timing] t+4351ms main-did-finish-load
2026-05-14T03:52:51.373Z [startup-timing] t+4351ms handoff-reveal-scheduled hold=2200ms
2026-05-14T03:52:51.374Z [startup-timing] t+4352ms hosted-target-connected target=https://www.nexusforge.app/app
2026-05-14T03:52:51.374Z [startup-timing] t+4352ms handoff-reveal-scheduled hold=2200ms
2026-05-14T03:52:51.374Z [startup] stage="Connecting hosted workspace" progress=78 accent=opening detail="Opening the remote NexusForge experience."
