
2026-05-14T22:41:00.045Z [startup-timing] t+29ms app-when-ready
2026-05-14T22:41:00.046Z [startup-timing] log-path="D:\NEXUSFORGE GAMGING APP\apps\desktop\.network-smoke\local-48108-20260514-174058\startup.log"
2026-05-14T22:41:00.046Z [startup] stage="Booting desktop shell" progress=4 accent=warmup detail="Starting NexusForge Desktop."
2026-05-14T22:41:00.047Z [startup] stage="Preparing secure session" progress=18 accent=warmup detail="Resetting desktop storage before launch."
2026-05-14T22:41:00.054Z [startup] stage="Preparing secure session" progress=26 accent=ready detail="Desktop storage reset completed."
2026-05-14T22:41:00.055Z [startup] stage="Checking local services" progress=34 accent=checking detail="Verifying the app stack is reachable on ports 3000 and 4000."
2026-05-14T22:41:00.062Z [startup] stage="Local services ready" progress=66 accent=ready detail="The desktop stack answered on both ports."
2026-05-14T22:41:00.089Z [startup-timing] t+73ms splash-window-create
2026-05-14T22:41:00.164Z [startup-timing] t+148ms main-window-create
2026-05-14T22:41:00.202Z [startup] stage="Preparing launch" progress=72 accent=checking detail="Checking updates and final startup tasks."
2026-05-14T22:41:00.203Z [startup-timing] t+186ms ensure-app-reachable-start trigger=startup
2026-05-14T22:41:00.203Z [startup] stage="Opening app" progress=78 accent=opening detail="Connecting the desktop shell to NexusForge."
2026-05-14T22:41:00.203Z [startup] stage="Checking local services" progress=34 accent=checking detail="Verifying the app stack is reachable on ports 3000 and 4000."
2026-05-14T22:41:00.275Z [startup] stage="Local services ready" progress=66 accent=ready detail="The desktop stack answered on both ports."
2026-05-14T22:41:00.410Z [startup-timing] t+394ms splash-did-finish-load
2026-05-14T22:41:00.847Z [startup-timing] t+831ms main-ready-to-show
2026-05-14T22:41:00.848Z [startup-timing] t+832ms handoff-reveal-scheduled hold=2200ms
2026-05-14T22:41:01.020Z [startup-timing] t+1004ms main-did-finish-load
2026-05-14T22:41:01.021Z [startup-timing] t+1005ms handoff-reveal-scheduled hold=2200ms
2026-05-14T22:41:01.021Z [startup-timing] t+1005ms local-target-connected target=http://localhost:3000/app
2026-05-14T22:41:01.021Z [startup-timing] t+1005ms handoff-reveal-scheduled hold=2200ms
2026-05-14T22:41:01.022Z [startup] stage="Local services ready" progress=66 accent=ready detail="The desktop stack answered on both ports."
2026-05-14T22:41:01.056Z [startup] stage="Checking local services" progress=34 accent=checking detail="Verifying the app stack is reachable on ports 3000 and 4000."
2026-05-14T22:41:01.057Z [startup] stage="Local services ready" progress=66 accent=ready detail="The desktop stack answered on both ports."
