
2026-05-14T22:26:41.459Z [startup-timing] t+34ms app-when-ready
2026-05-14T22:26:41.460Z [startup-timing] log-path="D:\NEXUSFORGE GAMGING APP\apps\desktop\.network-smoke\hosted-27400-20260514-172637\startup.log"
2026-05-14T22:26:41.460Z [startup] stage="Booting desktop shell" progress=4 accent=warmup detail="Starting NexusForge Desktop."
2026-05-14T22:26:41.461Z [startup] stage="Preparing secure session" progress=18 accent=warmup detail="Resetting desktop storage before launch."
2026-05-14T22:26:41.461Z [startup] stage="Connecting hosted workspace" progress=32 accent=opening detail="Opening the remote NexusForge experience."
2026-05-14T22:26:41.491Z [startup-timing] t+66ms splash-window-create
2026-05-14T22:26:41.589Z [startup-timing] t+164ms main-window-create
2026-05-14T22:26:41.643Z [startup] stage="Preparing launch" progress=72 accent=checking detail="Checking updates and final startup tasks."
2026-05-14T22:26:41.644Z [startup-timing] t+218ms ensure-app-reachable-start trigger=startup
2026-05-14T22:26:41.644Z [startup] stage="Connecting hosted workspace" progress=78 accent=opening detail="Opening the remote NexusForge experience."
2026-05-14T22:26:41.899Z [startup-timing] t+474ms splash-did-finish-load
2026-05-14T22:26:42.981Z [tls] certificate bypass accepted for https://www.nexusforge.app/app (net::ERR_CERT_AUTHORITY_INVALID)
2026-05-14T22:26:43.224Z [tls] certificate bypass accepted for https://www.nexusforge.app/app (net::ERR_CERT_AUTHORITY_INVALID)
2026-05-14T22:26:53.216Z [startup-timing] t+11791ms main-ready-to-show
2026-05-14T22:26:53.217Z [startup-timing] t+11791ms handoff-reveal-scheduled hold=2200ms
2026-05-14T22:26:53.769Z [startup-timing] t+12343ms main-did-finish-load
2026-05-14T22:26:53.769Z [startup-timing] t+12344ms handoff-reveal-scheduled hold=2200ms
2026-05-14T22:26:53.769Z [startup-timing] t+12344ms hosted-target-connected target=https://www.nexusforge.app/app
2026-05-14T22:26:53.769Z [startup-timing] t+12344ms handoff-reveal-scheduled hold=2200ms
2026-05-14T22:26:53.770Z [startup] stage="Connecting hosted workspace" progress=78 accent=opening detail="Opening the remote NexusForge experience."
