2026-05-14T03:18:43.378Z [startup-timing] t+26ms app-when-ready
2026-05-14T03:18:43.379Z [startup-timing] log-path="D:\NEXUSFORGE GAMGING APP\apps\desktop\.network-smoke\hosted-39020-20260513-221840\startup.log"
2026-05-14T03:18:43.379Z [startup] stage="Booting desktop shell" progress=4 accent=warmup detail="Starting NexusForge Desktop."
2026-05-14T03:18:43.380Z [startup] stage="Preparing secure session" progress=18 accent=warmup detail="Resetting desktop storage before launch."
2026-05-14T03:18:43.380Z [startup] stage="Connecting hosted workspace" progress=32 accent=opening detail="Opening the remote NexusForge experience."
2026-05-14T03:18:43.380Z [startup-timing] t+28ms splash-window-create
2026-05-14T03:18:43.440Z [startup-timing] t+88ms main-window-create
2026-05-14T03:18:43.462Z [startup] stage="Preparing launch" progress=72 accent=checking detail="Checking updates and final startup tasks."
2026-05-14T03:18:43.462Z [startup-timing] t+110ms ensure-app-reachable-start trigger=startup
2026-05-14T03:18:43.463Z [startup] stage="Connecting hosted workspace" progress=78 accent=opening detail="Opening the remote NexusForge experience."
2026-05-14T03:18:43.595Z [startup-timing] t+242ms splash-did-finish-load
2026-05-14T03:18:44.313Z [tls] certificate bypass accepted for https://www.nexusforge.app/app (net::ERR_CERT_AUTHORITY_INVALID)
2026-05-14T03:18:44.575Z [tls] certificate bypass accepted for https://www.nexusforge.app/app (net::ERR_CERT_AUTHORITY_INVALID)
2026-05-14T03:18:47.548Z [startup-timing] t+4195ms main-ready-to-show
2026-05-14T03:18:47.548Z [startup-timing] t+4196ms handoff-reveal-scheduled hold=2200ms
2026-05-14T03:18:47.682Z [startup-timing] t+4330ms main-did-finish-load
2026-05-14T03:18:47.683Z [startup-timing] t+4330ms handoff-reveal-scheduled hold=2200ms
2026-05-14T03:18:47.683Z [startup-timing] t+4331ms hosted-target-connected target=https://www.nexusforge.app/app
2026-05-14T03:18:47.683Z [startup-timing] t+4331ms handoff-reveal-scheduled hold=2200ms
2026-05-14T03:18:47.684Z [startup] stage="Connecting hosted workspace" progress=78 accent=opening detail="Opening the remote NexusForge experience."
