
2026-05-14T20:30:50.768Z [startup-timing] t+48ms app-when-ready
2026-05-14T20:30:50.769Z [startup-timing] log-path="D:\NEXUSFORGE GAMGING APP\apps\desktop\.network-smoke\hosted-45136-20260514-153046\startup.log"
2026-05-14T20:30:50.769Z [startup] stage="Booting desktop shell" progress=4 accent=warmup detail="Starting NexusForge Desktop."
2026-05-14T20:30:50.769Z [startup] stage="Preparing secure session" progress=18 accent=warmup detail="Resetting desktop storage before launch."
2026-05-14T20:30:50.770Z [startup] stage="Connecting hosted workspace" progress=32 accent=opening detail="Opening the remote NexusForge experience."
2026-05-14T20:30:50.770Z [startup-timing] t+50ms splash-window-create
2026-05-14T20:30:50.888Z [startup-timing] t+109ms main-window-create
2026-05-14T20:30:50.911Z [startup] stage="Preparing launch" progress=72 accent=checking detail="Checking updates and final startup tasks."
2026-05-14T20:30:50.912Z [startup-timing] t+192ms ensure-app-reachable-start trigger=startup
2026-05-14T20:30:50.912Z [startup] stage="Connecting hosted workspace" progress=78 accent=opening detail="Opening the remote NexusForge experience."
2026-05-14T20:30:51.112Z [startup-timing] t+391ms splash-did-finish-load
2026-05-14T20:30:55.815Z [tls] certificate bypass accepted for https://www.nexusforge.app/app (net::ERR_CERT_AUTHORITY_INVALID)
2026-05-14T20:30:56.012Z [tls] certificate bypass accepted for https://www.nexusforge.app/app (net::ERR_CERT_AUTHORITY_INVALID)
2026-05-14T20:31:14.698Z [startup-timing] t+23978ms main-ready-to-show
2026-05-14T20:31:14.699Z [startup-timing] t+23979ms handoff-reveal-scheduled hold=2200ms
2026-05-14T20:31:14.800Z [startup-timing] t+24080ms main-did-finish-load
2026-05-14T20:31:14.800Z [startup-timing] t+24080ms handoff-reveal-scheduled hold=2200ms
2026-05-14T20:31:14.800Z [startup-timing] t+24080ms hosted-target-connected target=https://www.nexusforge.app/app
2026-05-14T20:31:14.801Z [startup-timing] t+24081ms handoff-reveal-scheduled hold=2200ms
2026-05-14T20:31:14.801Z [startup] stage="Connecting hosted workspace" progress=78 accent=opening detail="Opening the remote NexusForge experience."
