
2026-05-15T00:01:38.957Z [startup-timing] t+32ms app-when-ready
2026-05-15T00:01:38.957Z [startup-timing] log-path="D:\NEXUSFORGE GAMGING APP\apps\desktop\.network-smoke\local-21840-20260514-190137\startup.log"
2026-05-15T00:01:38.958Z [startup] stage="Booting desktop shell" progress=4 accent=warmup detail="Starting NexusForge Desktop."
2026-05-15T00:01:38.959Z [startup] stage="Preparing secure session" progress=18 accent=warmup detail="Resetting desktop storage before launch."
2026-05-15T00:01:38.968Z [startup] stage="Preparing secure session" progress=26 accent=ready detail="Desktop storage reset completed."
2026-05-15T00:01:38.969Z [startup] stage="Checking local services" progress=34 accent=checking detail="Verifying the app stack is reachable on ports 3000 and 4000."
2026-05-15T00:01:38.974Z [startup] stage="Local services ready" progress=66 accent=ready detail="The desktop stack answered on both ports."
2026-05-15T00:01:39.008Z [startup-timing] t+84ms splash-window-create
2026-05-15T00:01:39.086Z [startup-timing] t+161ms main-window-create
2026-05-15T00:01:39.129Z [startup] stage="Preparing launch" progress=72 accent=checking detail="Checking updates and final startup tasks."
2026-05-15T00:01:39.129Z [startup-timing] t+205ms ensure-app-reachable-start trigger=startup
2026-05-15T00:01:39.130Z [startup] stage="Opening app" progress=78 accent=opening detail="Connecting the desktop shell to NexusForge."
2026-05-15T00:01:39.130Z [startup] stage="Checking local services" progress=34 accent=checking detail="Verifying the app stack is reachable on ports 3000 and 4000."
2026-05-15T00:01:39.215Z [startup] stage="Local services ready" progress=66 accent=ready detail="The desktop stack answered on both ports."
2026-05-15T00:01:39.455Z [startup-timing] t+531ms main-ready-to-show
2026-05-15T00:01:39.456Z [startup-timing] t+531ms handoff-reveal-scheduled hold=2200ms
2026-05-15T00:01:39.472Z [startup-timing] t+548ms splash-did-finish-load
2026-05-15T00:01:39.521Z [startup-timing] t+597ms main-did-finish-load
2026-05-15T00:01:39.521Z [startup-timing] t+597ms handoff-reveal-scheduled hold=2200ms
2026-05-15T00:01:39.522Z [startup-timing] t+598ms local-target-connected target=http://localhost:3000/app
2026-05-15T00:01:39.522Z [startup-timing] t+598ms handoff-reveal-scheduled hold=2200ms
2026-05-15T00:01:39.522Z [startup] stage="Local services ready" progress=66 accent=ready detail="The desktop stack answered on both ports."
