
2026-05-14T21:27:52.623Z [startup-timing] t+29ms app-when-ready
2026-05-14T21:27:52.624Z [startup-timing] log-path="D:\NEXUSFORGE GAMGING APP\apps\desktop\.network-smoke\local-15572-20260514-162751\startup.log"
2026-05-14T21:27:52.624Z [startup] stage="Booting desktop shell" progress=4 accent=warmup detail="Starting NexusForge Desktop."
2026-05-14T21:27:52.625Z [startup] stage="Preparing secure session" progress=18 accent=warmup detail="Resetting desktop storage before launch."
2026-05-14T21:27:52.633Z [startup] stage="Preparing secure session" progress=26 accent=ready detail="Desktop storage reset completed."
2026-05-14T21:27:52.633Z [startup] stage="Checking local services" progress=34 accent=checking detail="Verifying the app stack is reachable on ports 3000 and 4000."
2026-05-14T21:27:52.638Z [startup] stage="Local services ready" progress=66 accent=ready detail="The desktop stack answered on both ports."
2026-05-14T21:27:52.665Z [startup-timing] t+70ms splash-window-create
2026-05-14T21:27:52.744Z [startup-timing] t+149ms main-window-create
2026-05-14T21:27:52.778Z [startup] stage="Preparing launch" progress=72 accent=checking detail="Checking updates and final startup tasks."
2026-05-14T21:27:52.779Z [startup-timing] t+185ms ensure-app-reachable-start trigger=startup
2026-05-14T21:27:52.779Z [startup] stage="Opening app" progress=78 accent=opening detail="Connecting the desktop shell to NexusForge."
2026-05-14T21:27:52.780Z [startup] stage="Checking local services" progress=34 accent=checking detail="Verifying the app stack is reachable on ports 3000 and 4000."
2026-05-14T21:27:52.825Z [startup] stage="Local services ready" progress=66 accent=ready detail="The desktop stack answered on both ports."
2026-05-14T21:27:52.914Z [startup-timing] t+320ms splash-did-finish-load
2026-05-14T21:27:53.412Z [startup-timing] t+818ms main-ready-to-show
2026-05-14T21:27:53.413Z [startup-timing] t+819ms handoff-reveal-scheduled hold=2200ms
2026-05-14T21:27:53.656Z [startup-timing] t+1062ms main-did-finish-load
2026-05-14T21:27:53.657Z [startup-timing] t+1063ms handoff-reveal-scheduled hold=2200ms
2026-05-14T21:27:53.657Z [startup-timing] t+1063ms local-target-connected target=http://localhost:3000/app
2026-05-14T21:27:53.658Z [startup-timing] t+1064ms handoff-reveal-scheduled hold=2200ms
2026-05-14T21:27:53.658Z [startup] stage="Local services ready" progress=66 accent=ready detail="The desktop stack answered on both ports."
2026-05-14T21:27:53.701Z [startup] stage="Checking local services" progress=34 accent=checking detail="Verifying the app stack is reachable on ports 3000 and 4000."
2026-05-14T21:27:53.702Z [startup] stage="Local services ready" progress=66 accent=ready detail="The desktop stack answered on both ports."
