2026-05-14T04:26:04.787Z [startup-timing] t+24ms app-when-ready
2026-05-14T04:26:04.787Z [startup-timing] log-path="D:\NEXUSFORGE GAMGING APP\apps\desktop\.network-smoke\hosted-40540-20260513-232601\startup.log"
2026-05-14T04:26:04.788Z [startup] stage="Booting desktop shell" progress=4 accent=warmup detail="Starting NexusForge Desktop."
2026-05-14T04:26:04.788Z [startup] stage="Preparing secure session" progress=18 accent=warmup detail="Resetting desktop storage before launch."
2026-05-14T04:26:04.788Z [startup] stage="Connecting hosted workspace" progress=32 accent=opening detail="Opening the remote NexusForge experience."
2026-05-14T04:26:04.788Z [startup-timing] t+25ms splash-window-create
2026-05-14T04:26:04.837Z [startup-timing] t+74ms main-window-create
2026-05-14T04:26:04.853Z [startup] stage="Preparing launch" progress=72 accent=checking detail="Checking updates and final startup tasks."
2026-05-14T04:26:04.854Z [startup-timing] t+91ms ensure-app-reachable-start trigger=startup
2026-05-14T04:26:04.854Z [startup] stage="Connecting hosted workspace" progress=78 accent=opening detail="Opening the remote NexusForge experience."
2026-05-14T04:26:04.975Z [startup-timing] t+212ms splash-did-finish-load
2026-05-14T04:26:05.696Z [tls] certificate bypass accepted for https://www.nexusforge.app/app (net::ERR_CERT_AUTHORITY_INVALID)
2026-05-14T04:26:05.938Z [tls] certificate bypass accepted for https://www.nexusforge.app/app (net::ERR_CERT_AUTHORITY_INVALID)
2026-05-14T04:26:08.912Z [startup-timing] t+4149ms main-ready-to-show
2026-05-14T04:26:08.912Z [startup-timing] t+4149ms handoff-reveal-scheduled hold=2200ms
2026-05-14T04:26:09.004Z [startup-timing] t+4241ms main-did-finish-load
2026-05-14T04:26:09.005Z [startup-timing] t+4241ms handoff-reveal-scheduled hold=2200ms
2026-05-14T04:26:09.005Z [startup-timing] t+4242ms hosted-target-connected target=https://www.nexusforge.app/app
2026-05-14T04:26:09.005Z [startup-timing] t+4242ms handoff-reveal-scheduled hold=2200ms
2026-05-14T04:26:09.005Z [startup] stage="Connecting hosted workspace" progress=78 accent=opening detail="Opening the remote NexusForge experience."
