2026-05-14T03:41:17.392Z [startup-timing] t+25ms app-when-ready
2026-05-14T03:41:17.392Z [startup-timing] log-path="D:\NEXUSFORGE GAMGING APP\apps\desktop\.network-smoke\hosted-8500-20260513-224114\startup.log"
2026-05-14T03:41:17.393Z [startup] stage="Booting desktop shell" progress=4 accent=warmup detail="Starting NexusForge Desktop."
2026-05-14T03:41:17.393Z [startup] stage="Preparing secure session" progress=18 accent=warmup detail="Resetting desktop storage before launch."
2026-05-14T03:41:17.393Z [startup] stage="Connecting hosted workspace" progress=32 accent=opening detail="Opening the remote NexusForge experience."
2026-05-14T03:41:17.394Z [startup-timing] t+26ms splash-window-create
2026-05-14T03:41:17.442Z [startup-timing] t+75ms main-window-create
2026-05-14T03:41:17.462Z [startup] stage="Preparing launch" progress=72 accent=checking detail="Checking updates and final startup tasks."
2026-05-14T03:41:17.462Z [startup-timing] t+95ms ensure-app-reachable-start trigger=startup
2026-05-14T03:41:17.463Z [startup] stage="Connecting hosted workspace" progress=78 accent=opening detail="Opening the remote NexusForge experience."
2026-05-14T03:41:17.574Z [startup-timing] t+206ms splash-did-finish-load
2026-05-14T03:41:18.281Z [tls] certificate bypass accepted for https://www.nexusforge.app/app (net::ERR_CERT_AUTHORITY_INVALID)
2026-05-14T03:41:18.573Z [tls] certificate bypass accepted for https://www.nexusforge.app/app (net::ERR_CERT_AUTHORITY_INVALID)
2026-05-14T03:41:21.720Z [startup-timing] t+4352ms main-ready-to-show
2026-05-14T03:41:21.720Z [startup-timing] t+4353ms handoff-reveal-scheduled hold=2200ms
2026-05-14T03:41:21.845Z [startup-timing] t+4478ms main-did-finish-load
2026-05-14T03:41:21.845Z [startup-timing] t+4478ms handoff-reveal-scheduled hold=2200ms
2026-05-14T03:41:21.846Z [startup-timing] t+4478ms hosted-target-connected target=https://www.nexusforge.app/app
2026-05-14T03:41:21.846Z [startup-timing] t+4479ms handoff-reveal-scheduled hold=2200ms
2026-05-14T03:41:21.846Z [startup] stage="Connecting hosted workspace" progress=78 accent=opening detail="Opening the remote NexusForge experience."
