
2026-05-14T21:31:25.580Z [startup-timing] t+28ms app-when-ready
2026-05-14T21:31:25.580Z [startup-timing] log-path="D:\NEXUSFORGE GAMGING APP\apps\desktop\.network-smoke\local-43896-20260514-163124\startup.log"
2026-05-14T21:31:25.581Z [startup] stage="Booting desktop shell" progress=4 accent=warmup detail="Starting NexusForge Desktop."
2026-05-14T21:31:25.582Z [startup] stage="Preparing secure session" progress=18 accent=warmup detail="Resetting desktop storage before launch."
2026-05-14T21:31:25.592Z [startup] stage="Preparing secure session" progress=26 accent=ready detail="Desktop storage reset completed."
2026-05-14T21:31:25.593Z [startup] stage="Checking local services" progress=34 accent=checking detail="Verifying the app stack is reachable on ports 3000 and 4000."
2026-05-14T21:31:25.598Z [startup] stage="Local services ready" progress=66 accent=ready detail="The desktop stack answered on both ports."
2026-05-14T21:31:25.628Z [startup-timing] t+76ms splash-window-create
2026-05-14T21:31:25.715Z [startup-timing] t+164ms main-window-create
2026-05-14T21:31:25.764Z [startup] stage="Preparing launch" progress=72 accent=checking detail="Checking updates and final startup tasks."
2026-05-14T21:31:25.765Z [startup-timing] t+214ms ensure-app-reachable-start trigger=startup
2026-05-14T21:31:25.765Z [startup] stage="Opening app" progress=78 accent=opening detail="Connecting the desktop shell to NexusForge."
2026-05-14T21:31:25.766Z [startup] stage="Checking local services" progress=34 accent=checking detail="Verifying the app stack is reachable on ports 3000 and 4000."
2026-05-14T21:31:25.818Z [startup] stage="Local services ready" progress=66 accent=ready detail="The desktop stack answered on both ports."
2026-05-14T21:31:25.916Z [startup-timing] t+365ms splash-did-finish-load
2026-05-14T21:31:26.470Z [startup-timing] t+918ms main-ready-to-show
2026-05-14T21:31:26.470Z [startup-timing] t+919ms handoff-reveal-scheduled hold=2200ms
2026-05-14T21:31:26.703Z [startup-timing] t+1152ms main-did-finish-load
2026-05-14T21:31:26.704Z [startup-timing] t+1153ms handoff-reveal-scheduled hold=2200ms
2026-05-14T21:31:26.704Z [startup-timing] t+1153ms local-target-connected target=http://localhost:3000/app
2026-05-14T21:31:26.704Z [startup-timing] t+1153ms handoff-reveal-scheduled hold=2200ms
2026-05-14T21:31:26.705Z [startup] stage="Local services ready" progress=66 accent=ready detail="The desktop stack answered on both ports."
2026-05-14T21:31:26.734Z [startup] stage="Checking local services" progress=34 accent=checking detail="Verifying the app stack is reachable on ports 3000 and 4000."
2026-05-14T21:31:26.735Z [startup] stage="Local services ready" progress=66 accent=ready detail="The desktop stack answered on both ports."
