2026-05-14T03:52:02.714Z [startup-timing] t+26ms app-when-ready
2026-05-14T03:52:02.714Z [startup-timing] log-path="D:\NEXUSFORGE GAMGING APP\apps\desktop\.network-smoke\hosted-34776-20260513-225159\startup.log"
2026-05-14T03:52:02.714Z [startup] stage="Booting desktop shell" progress=4 accent=warmup detail="Starting NexusForge Desktop."
2026-05-14T03:52:02.715Z [startup] stage="Preparing secure session" progress=18 accent=warmup detail="Resetting desktop storage before launch."
2026-05-14T03:52:02.715Z [startup] stage="Connecting hosted workspace" progress=32 accent=opening detail="Opening the remote NexusForge experience."
2026-05-14T03:52:02.715Z [startup-timing] t+28ms splash-window-create
2026-05-14T03:52:02.762Z [startup-timing] t+75ms main-window-create
2026-05-14T03:52:02.779Z [startup] stage="Preparing launch" progress=72 accent=checking detail="Checking updates and final startup tasks."
2026-05-14T03:52:02.780Z [startup-timing] t+93ms ensure-app-reachable-start trigger=startup
2026-05-14T03:52:02.780Z [startup] stage="Connecting hosted workspace" progress=78 accent=opening detail="Opening the remote NexusForge experience."
2026-05-14T03:52:02.890Z [startup-timing] t+203ms splash-did-finish-load
2026-05-14T03:52:03.634Z [tls] certificate bypass accepted for https://www.nexusforge.app/app (net::ERR_CERT_AUTHORITY_INVALID)
2026-05-14T03:52:03.897Z [tls] certificate bypass accepted for https://www.nexusforge.app/app (net::ERR_CERT_AUTHORITY_INVALID)
2026-05-14T03:52:07.400Z [startup-timing] t+4713ms main-ready-to-show
2026-05-14T03:52:07.401Z [startup-timing] t+4714ms handoff-reveal-scheduled hold=2200ms
2026-05-14T03:52:07.488Z [startup-timing] t+4801ms main-did-finish-load
2026-05-14T03:52:07.488Z [startup-timing] t+4801ms handoff-reveal-scheduled hold=2200ms
2026-05-14T03:52:07.489Z [startup-timing] t+4801ms hosted-target-connected target=https://www.nexusforge.app/app
2026-05-14T03:52:07.489Z [startup-timing] t+4802ms handoff-reveal-scheduled hold=2200ms
2026-05-14T03:52:07.489Z [startup] stage="Connecting hosted workspace" progress=78 accent=opening detail="Opening the remote NexusForge experience."
