
2026-05-14T21:50:30.893Z [startup-timing] t+29ms app-when-ready
2026-05-14T21:50:30.894Z [startup-timing] log-path="D:\NEXUSFORGE GAMGING APP\apps\desktop\.network-smoke\hosted-11408-20260514-165027\startup.log"
2026-05-14T21:50:30.894Z [startup] stage="Booting desktop shell" progress=4 accent=warmup detail="Starting NexusForge Desktop."
2026-05-14T21:50:30.895Z [startup] stage="Preparing secure session" progress=18 accent=warmup detail="Resetting desktop storage before launch."
2026-05-14T21:50:30.895Z [startup] stage="Connecting hosted workspace" progress=32 accent=opening detail="Opening the remote NexusForge experience."
2026-05-14T21:50:30.923Z [startup-timing] t+59ms splash-window-create
2026-05-14T21:50:30.999Z [startup-timing] t+134ms main-window-create
2026-05-14T21:50:31.033Z [startup] stage="Preparing launch" progress=72 accent=checking detail="Checking updates and final startup tasks."
2026-05-14T21:50:31.033Z [startup-timing] t+169ms ensure-app-reachable-start trigger=startup
2026-05-14T21:50:31.034Z [startup] stage="Connecting hosted workspace" progress=78 accent=opening detail="Opening the remote NexusForge experience."
2026-05-14T21:50:31.152Z [startup-timing] t+288ms splash-did-finish-load
2026-05-14T21:50:31.850Z [tls] certificate bypass accepted for https://www.nexusforge.app/app (net::ERR_CERT_AUTHORITY_INVALID)
2026-05-14T21:50:32.129Z [tls] certificate bypass accepted for https://www.nexusforge.app/app (net::ERR_CERT_AUTHORITY_INVALID)
2026-05-14T21:50:35.083Z [startup-timing] t+4219ms main-ready-to-show
2026-05-14T21:50:35.084Z [startup-timing] t+4219ms handoff-reveal-scheduled hold=2200ms
2026-05-14T21:50:35.179Z [startup-timing] t+4315ms main-did-finish-load
2026-05-14T21:50:35.180Z [startup-timing] t+4315ms handoff-reveal-scheduled hold=2200ms
2026-05-14T21:50:35.180Z [startup-timing] t+4316ms hosted-target-connected target=https://www.nexusforge.app/app
2026-05-14T21:50:35.180Z [startup-timing] t+4316ms handoff-reveal-scheduled hold=2200ms
2026-05-14T21:50:35.180Z [startup] stage="Connecting hosted workspace" progress=78 accent=opening detail="Opening the remote NexusForge experience."
