2026-05-14T03:10:43.274Z [startup-timing] t+26ms app-when-ready
2026-05-14T03:10:43.275Z [startup-timing] log-path="D:\NEXUSFORGE GAMGING APP\apps\desktop\.network-smoke\hosted-39892-20260513-221040\startup.log"
2026-05-14T03:10:43.275Z [startup] stage="Booting desktop shell" progress=4 accent=warmup detail="Starting NexusForge Desktop."
2026-05-14T03:10:43.275Z [startup] stage="Preparing secure session" progress=18 accent=warmup detail="Resetting desktop storage before launch."
2026-05-14T03:10:43.276Z [startup] stage="Connecting hosted workspace" progress=32 accent=opening detail="Opening the remote NexusForge experience."
2026-05-14T03:10:43.276Z [startup-timing] t+28ms splash-window-create
2026-05-14T03:10:43.330Z [startup-timing] t+82ms main-window-create
2026-05-14T03:10:43.350Z [startup] stage="Preparing launch" progress=72 accent=checking detail="Checking updates and final startup tasks."
2026-05-14T03:10:43.350Z [startup-timing] t+102ms ensure-app-reachable-start trigger=startup
2026-05-14T03:10:43.351Z [startup] stage="Connecting hosted workspace" progress=78 accent=opening detail="Opening the remote NexusForge experience."
2026-05-14T03:10:43.480Z [startup-timing] t+232ms splash-did-finish-load
2026-05-14T03:10:44.234Z [tls] certificate bypass accepted for https://www.nexusforge.app/app (net::ERR_CERT_AUTHORITY_INVALID)
2026-05-14T03:10:44.491Z [tls] certificate bypass accepted for https://www.nexusforge.app/app (net::ERR_CERT_AUTHORITY_INVALID)
2026-05-14T03:10:47.187Z [startup-timing] t+3939ms main-ready-to-show
2026-05-14T03:10:47.188Z [startup-timing] t+3940ms handoff-reveal-scheduled hold=2200ms
2026-05-14T03:10:47.323Z [startup-timing] t+4074ms main-did-finish-load
2026-05-14T03:10:47.323Z [startup-timing] t+4075ms handoff-reveal-scheduled hold=2200ms
2026-05-14T03:10:47.323Z [startup-timing] t+4075ms hosted-target-connected target=https://www.nexusforge.app/app
2026-05-14T03:10:47.323Z [startup-timing] t+4075ms handoff-reveal-scheduled hold=2200ms
2026-05-14T03:10:47.324Z [startup] stage="Connecting hosted workspace" progress=78 accent=opening detail="Opening the remote NexusForge experience."
