2026-05-14T19:58:27.741Z [startup-timing] t+26ms app-when-ready
2026-05-14T19:58:27.741Z [startup-timing] log-path="D:\NEXUSFORGE GAMGING APP\apps\desktop\.network-smoke\hosted-18948-20260514-145823\startup.log"
2026-05-14T19:58:27.741Z [startup] stage="Booting desktop shell" progress=4 accent=warmup detail="Starting NexusForge Desktop."
2026-05-14T19:58:27.742Z [startup] stage="Preparing secure session" progress=18 accent=warmup detail="Resetting desktop storage before launch."
2026-05-14T19:58:27.742Z [startup] stage="Connecting hosted workspace" progress=32 accent=opening detail="Opening the remote NexusForge experience."
2026-05-14T19:58:27.742Z [startup-timing] t+28ms splash-window-create
2026-05-14T19:58:27.794Z [startup-timing] t+80ms main-window-create
2026-05-14T19:58:27.813Z [startup] stage="Preparing launch" progress=72 accent=checking detail="Checking updates and final startup tasks."
2026-05-14T19:58:27.813Z [startup-timing] t+99ms ensure-app-reachable-start trigger=startup
2026-05-14T19:58:27.814Z [startup] stage="Connecting hosted workspace" progress=78 accent=opening detail="Opening the remote NexusForge experience."
2026-05-14T19:58:27.929Z [startup-timing] t+215ms splash-did-finish-load
2026-05-14T19:58:28.660Z [tls] certificate bypass accepted for https://www.nexusforge.app/app (net::ERR_CERT_AUTHORITY_INVALID)
2026-05-14T19:58:28.919Z [tls] certificate bypass accepted for https://www.nexusforge.app/app (net::ERR_CERT_AUTHORITY_INVALID)
2026-05-14T19:58:32.258Z [startup-timing] t+4543ms main-ready-to-show
2026-05-14T19:58:32.258Z [startup-timing] t+4544ms handoff-reveal-scheduled hold=2200ms
2026-05-14T19:58:32.365Z [startup-timing] t+4651ms main-did-finish-load
2026-05-14T19:58:32.365Z [startup-timing] t+4651ms handoff-reveal-scheduled hold=2200ms
2026-05-14T19:58:32.366Z [startup-timing] t+4651ms hosted-target-connected target=https://www.nexusforge.app/app
2026-05-14T19:58:32.366Z [startup-timing] t+4652ms handoff-reveal-scheduled hold=2200ms
2026-05-14T19:58:32.366Z [startup] stage="Connecting hosted workspace" progress=78 accent=opening detail="Opening the remote NexusForge experience."
