2026-05-14T20:00:53.541Z [startup-timing] t+24ms app-when-ready
2026-05-14T20:00:53.541Z [startup-timing] log-path="D:\NEXUSFORGE GAMGING APP\apps\desktop\.network-smoke\local-40108-20260514-150052\startup.log"
2026-05-14T20:00:53.542Z [startup] stage="Booting desktop shell" progress=4 accent=warmup detail="Starting NexusForge Desktop."
2026-05-14T20:00:53.543Z [startup] stage="Preparing secure session" progress=18 accent=warmup detail="Resetting desktop storage before launch."
2026-05-14T20:00:53.551Z [startup] stage="Preparing secure session" progress=26 accent=ready detail="Desktop storage reset completed."
2026-05-14T20:00:53.551Z [startup] stage="Checking local services" progress=34 accent=checking detail="Verifying the app stack is reachable on ports 3000 and 4000."
2026-05-14T20:00:53.556Z [startup] stage="Local services ready" progress=66 accent=ready detail="The desktop stack answered on both ports."
2026-05-14T20:00:53.557Z [startup-timing] t+41ms splash-window-create
2026-05-14T20:00:53.606Z [startup-timing] t+90ms main-window-create
2026-05-14T20:00:53.624Z [startup] stage="Preparing launch" progress=72 accent=checking detail="Checking updates and final startup tasks."
2026-05-14T20:00:53.625Z [startup-timing] t+108ms ensure-app-reachable-start trigger=startup
2026-05-14T20:00:53.625Z [startup] stage="Opening app" progress=78 accent=opening detail="Connecting the desktop shell to NexusForge."
2026-05-14T20:00:53.625Z [startup] stage="Checking local services" progress=34 accent=checking detail="Verifying the app stack is reachable on ports 3000 and 4000."
2026-05-14T20:00:53.670Z [startup] stage="Local services ready" progress=66 accent=ready detail="The desktop stack answered on both ports."
2026-05-14T20:00:53.743Z [startup-timing] t+226ms splash-did-finish-load
2026-05-14T20:00:54.228Z [startup-timing] t+712ms main-ready-to-show
2026-05-14T20:00:54.229Z [startup-timing] t+713ms handoff-reveal-scheduled hold=2200ms
2026-05-14T20:00:54.439Z [startup-timing] t+923ms main-did-finish-load
2026-05-14T20:00:54.440Z [startup-timing] t+923ms handoff-reveal-scheduled hold=2200ms
2026-05-14T20:00:54.440Z [startup-timing] t+924ms local-target-connected target=http://localhost:3000/app
2026-05-14T20:00:54.440Z [startup-timing] t+924ms handoff-reveal-scheduled hold=2200ms
2026-05-14T20:00:54.440Z [startup] stage="Local services ready" progress=66 accent=ready detail="The desktop stack answered on both ports."
2026-05-14T20:00:54.467Z [startup] stage="Checking local services" progress=34 accent=checking detail="Verifying the app stack is reachable on ports 3000 and 4000."
2026-05-14T20:00:54.468Z [startup] stage="Local services ready" progress=66 accent=ready detail="The desktop stack answered on both ports."
