
2026-05-14T22:50:27.936Z [startup-timing] t+28ms app-when-ready
2026-05-14T22:50:27.936Z [startup-timing] log-path="D:\NEXUSFORGE GAMGING APP\apps\desktop\.network-smoke\hosted-43568-20260514-175024\startup.log"
2026-05-14T22:50:27.937Z [startup] stage="Booting desktop shell" progress=4 accent=warmup detail="Starting NexusForge Desktop."
2026-05-14T22:50:27.937Z [startup] stage="Preparing secure session" progress=18 accent=warmup detail="Resetting desktop storage before launch."
2026-05-14T22:50:27.938Z [startup] stage="Connecting hosted workspace" progress=32 accent=opening detail="Opening the remote NexusForge experience."
2026-05-14T22:50:27.966Z [startup-timing] t+57ms splash-window-create
2026-05-14T22:50:28.050Z [startup-timing] t+142ms main-window-create
2026-05-14T22:50:28.083Z [startup] stage="Preparing launch" progress=72 accent=checking detail="Checking updates and final startup tasks."
2026-05-14T22:50:28.083Z [startup-timing] t+175ms ensure-app-reachable-start trigger=startup
2026-05-14T22:50:28.084Z [startup] stage="Connecting hosted workspace" progress=78 accent=opening detail="Opening the remote NexusForge experience."
2026-05-14T22:50:28.231Z [startup-timing] t+323ms splash-did-finish-load
2026-05-14T22:50:29.290Z [tls] certificate bypass accepted for https://www.nexusforge.app/app (net::ERR_CERT_AUTHORITY_INVALID)
2026-05-14T22:50:29.706Z [tls] certificate bypass accepted for https://www.nexusforge.app/app (net::ERR_CERT_AUTHORITY_INVALID)
2026-05-14T22:50:43.020Z [startup-timing] t+15111ms main-ready-to-show
2026-05-14T22:50:43.020Z [startup-timing] t+15112ms handoff-reveal-scheduled hold=2200ms
2026-05-14T22:50:43.679Z [startup-timing] t+15771ms main-did-finish-load
2026-05-14T22:50:43.680Z [startup-timing] t+15772ms handoff-reveal-scheduled hold=2200ms
2026-05-14T22:50:43.680Z [startup-timing] t+15772ms hosted-target-connected target=https://www.nexusforge.app/app
2026-05-14T22:50:43.680Z [startup-timing] t+15772ms handoff-reveal-scheduled hold=2200ms
2026-05-14T22:50:43.681Z [startup] stage="Connecting hosted workspace" progress=78 accent=opening detail="Opening the remote NexusForge experience."
