2026-05-14T03:30:41.911Z [startup-timing] t+27ms app-when-ready
2026-05-14T03:30:41.912Z [startup-timing] log-path="D:\NEXUSFORGE GAMGING APP\apps\desktop\.network-smoke\hosted-36348-20260513-223038\startup.log"
2026-05-14T03:30:41.912Z [startup] stage="Booting desktop shell" progress=4 accent=warmup detail="Starting NexusForge Desktop."
2026-05-14T03:30:41.912Z [startup] stage="Preparing secure session" progress=18 accent=warmup detail="Resetting desktop storage before launch."
2026-05-14T03:30:41.913Z [startup] stage="Connecting hosted workspace" progress=32 accent=opening detail="Opening the remote NexusForge experience."
2026-05-14T03:30:41.913Z [startup-timing] t+29ms splash-window-create
2026-05-14T03:30:41.964Z [startup-timing] t+80ms main-window-create
2026-05-14T03:30:41.982Z [startup] stage="Preparing launch" progress=72 accent=checking detail="Checking updates and final startup tasks."
2026-05-14T03:30:41.983Z [startup-timing] t+98ms ensure-app-reachable-start trigger=startup
2026-05-14T03:30:41.983Z [startup] stage="Connecting hosted workspace" progress=78 accent=opening detail="Opening the remote NexusForge experience."
2026-05-14T03:30:42.097Z [startup-timing] t+212ms splash-did-finish-load
2026-05-14T03:30:42.852Z [tls] certificate bypass accepted for https://www.nexusforge.app/app (net::ERR_CERT_AUTHORITY_INVALID)
2026-05-14T03:30:43.133Z [tls] certificate bypass accepted for https://www.nexusforge.app/app (net::ERR_CERT_AUTHORITY_INVALID)
2026-05-14T03:30:46.992Z [startup-timing] t+5108ms main-ready-to-show
2026-05-14T03:30:46.992Z [startup-timing] t+5108ms handoff-reveal-scheduled hold=2200ms
2026-05-14T03:30:47.120Z [startup-timing] t+5236ms main-did-finish-load
2026-05-14T03:30:47.121Z [startup-timing] t+5237ms handoff-reveal-scheduled hold=2200ms
2026-05-14T03:30:47.121Z [startup-timing] t+5237ms hosted-target-connected target=https://www.nexusforge.app/app
2026-05-14T03:30:47.121Z [startup-timing] t+5237ms handoff-reveal-scheduled hold=2200ms
2026-05-14T03:30:47.122Z [startup] stage="Connecting hosted workspace" progress=78 accent=opening detail="Opening the remote NexusForge experience."
