
2026-05-14T21:27:01.246Z [startup-timing] t+30ms app-when-ready
2026-05-14T21:27:01.246Z [startup-timing] log-path="D:\NEXUSFORGE GAMGING APP\apps\desktop\.network-smoke\local-19020-20260514-162659\startup.log"
2026-05-14T21:27:01.247Z [startup] stage="Booting desktop shell" progress=4 accent=warmup detail="Starting NexusForge Desktop."
2026-05-14T21:27:01.247Z [startup] stage="Preparing secure session" progress=18 accent=warmup detail="Resetting desktop storage before launch."
2026-05-14T21:27:01.256Z [startup] stage="Preparing secure session" progress=26 accent=ready detail="Desktop storage reset completed."
2026-05-14T21:27:01.258Z [startup] stage="Checking local services" progress=34 accent=checking detail="Verifying the app stack is reachable on ports 3000 and 4000."
2026-05-14T21:27:01.263Z [startup] stage="Local services ready" progress=66 accent=ready detail="The desktop stack answered on both ports."
2026-05-14T21:27:01.293Z [startup-timing] t+77ms splash-window-create
2026-05-14T21:27:01.369Z [startup-timing] t+153ms main-window-create
2026-05-14T21:27:01.404Z [startup] stage="Preparing launch" progress=72 accent=checking detail="Checking updates and final startup tasks."
2026-05-14T21:27:01.405Z [startup-timing] t+189ms ensure-app-reachable-start trigger=startup
2026-05-14T21:27:01.405Z [startup] stage="Opening app" progress=78 accent=opening detail="Connecting the desktop shell to NexusForge."
2026-05-14T21:27:01.406Z [startup] stage="Checking local services" progress=34 accent=checking detail="Verifying the app stack is reachable on ports 3000 and 4000."
2026-05-14T21:27:01.454Z [startup] stage="Local services ready" progress=66 accent=ready detail="The desktop stack answered on both ports."
2026-05-14T21:27:01.536Z [startup-timing] t+320ms splash-did-finish-load
2026-05-14T21:27:02.068Z [startup-timing] t+851ms main-ready-to-show
2026-05-14T21:27:02.068Z [startup-timing] t+852ms handoff-reveal-scheduled hold=2200ms
2026-05-14T21:27:02.356Z [startup-timing] t+1139ms main-did-finish-load
2026-05-14T21:27:02.357Z [startup-timing] t+1140ms handoff-reveal-scheduled hold=2200ms
2026-05-14T21:27:02.357Z [startup-timing] t+1141ms local-target-connected target=http://localhost:3000/app
2026-05-14T21:27:02.357Z [startup-timing] t+1141ms handoff-reveal-scheduled hold=2200ms
2026-05-14T21:27:02.358Z [startup] stage="Local services ready" progress=66 accent=ready detail="The desktop stack answered on both ports."
2026-05-14T21:27:02.387Z [startup] stage="Checking local services" progress=34 accent=checking detail="Verifying the app stack is reachable on ports 3000 and 4000."
2026-05-14T21:27:02.389Z [startup] stage="Local services ready" progress=66 accent=ready detail="The desktop stack answered on both ports."
