
2026-05-14T22:32:23.021Z [startup-timing] t+26ms app-when-ready
2026-05-14T22:32:23.021Z [startup-timing] log-path="D:\NEXUSFORGE GAMGING APP\apps\desktop\.network-smoke\local-43912-20260514-173221\startup.log"
2026-05-14T22:32:23.022Z [startup] stage="Booting desktop shell" progress=4 accent=warmup detail="Starting NexusForge Desktop."
2026-05-14T22:32:23.022Z [startup] stage="Preparing secure session" progress=18 accent=warmup detail="Resetting desktop storage before launch."
2026-05-14T22:32:23.035Z [startup] stage="Preparing secure session" progress=26 accent=ready detail="Desktop storage reset completed."
2026-05-14T22:32:23.035Z [startup] stage="Checking local services" progress=34 accent=checking detail="Verifying the app stack is reachable on ports 3000 and 4000."
2026-05-14T22:32:23.040Z [startup] stage="Local services ready" progress=66 accent=ready detail="The desktop stack answered on both ports."
2026-05-14T22:32:23.067Z [startup-timing] t+72ms splash-window-create
2026-05-14T22:32:23.143Z [startup-timing] t+148ms main-window-create
2026-05-14T22:32:23.178Z [startup] stage="Preparing launch" progress=72 accent=checking detail="Checking updates and final startup tasks."
2026-05-14T22:32:23.178Z [startup-timing] t+183ms ensure-app-reachable-start trigger=startup
2026-05-14T22:32:23.179Z [startup] stage="Opening app" progress=78 accent=opening detail="Connecting the desktop shell to NexusForge."
2026-05-14T22:32:23.179Z [startup] stage="Checking local services" progress=34 accent=checking detail="Verifying the app stack is reachable on ports 3000 and 4000."
2026-05-14T22:32:23.229Z [startup] stage="Local services ready" progress=66 accent=ready detail="The desktop stack answered on both ports."
2026-05-14T22:32:23.321Z [startup-timing] t+326ms splash-did-finish-load
2026-05-14T22:32:23.853Z [startup-timing] t+858ms main-ready-to-show
2026-05-14T22:32:23.854Z [startup-timing] t+859ms handoff-reveal-scheduled hold=2200ms
2026-05-14T22:32:24.035Z [startup-timing] t+1040ms main-did-finish-load
2026-05-14T22:32:24.036Z [startup-timing] t+1041ms handoff-reveal-scheduled hold=2200ms
2026-05-14T22:32:24.036Z [startup-timing] t+1041ms local-target-connected target=http://localhost:3000/app
2026-05-14T22:32:24.036Z [startup-timing] t+1041ms handoff-reveal-scheduled hold=2200ms
2026-05-14T22:32:24.037Z [startup] stage="Local services ready" progress=66 accent=ready detail="The desktop stack answered on both ports."
2026-05-14T22:32:24.072Z [startup] stage="Checking local services" progress=34 accent=checking detail="Verifying the app stack is reachable on ports 3000 and 4000."
2026-05-14T22:32:24.073Z [startup] stage="Local services ready" progress=66 accent=ready detail="The desktop stack answered on both ports."
