2026-05-14T03:35:21.015Z [startup-timing] t+25ms app-when-ready
2026-05-14T03:35:21.015Z [startup-timing] log-path="D:\NEXUSFORGE GAMGING APP\apps\desktop\.network-smoke\hosted-8776-20260513-223517\startup.log"
2026-05-14T03:35:21.016Z [startup] stage="Booting desktop shell" progress=4 accent=warmup detail="Starting NexusForge Desktop."
2026-05-14T03:35:21.016Z [startup] stage="Preparing secure session" progress=18 accent=warmup detail="Resetting desktop storage before launch."
2026-05-14T03:35:21.017Z [startup] stage="Connecting hosted workspace" progress=32 accent=opening detail="Opening the remote NexusForge experience."
2026-05-14T03:35:21.017Z [startup-timing] t+27ms splash-window-create
2026-05-14T03:35:21.069Z [startup-timing] t+79ms main-window-create
2026-05-14T03:35:21.086Z [startup] stage="Preparing launch" progress=72 accent=checking detail="Checking updates and final startup tasks."
2026-05-14T03:35:21.086Z [startup-timing] t+96ms ensure-app-reachable-start trigger=startup
2026-05-14T03:35:21.087Z [startup] stage="Connecting hosted workspace" progress=78 accent=opening detail="Opening the remote NexusForge experience."
2026-05-14T03:35:21.200Z [startup-timing] t+209ms splash-did-finish-load
2026-05-14T03:35:21.939Z [tls] certificate bypass accepted for https://www.nexusforge.app/app (net::ERR_CERT_AUTHORITY_INVALID)
2026-05-14T03:35:22.195Z [tls] certificate bypass accepted for https://www.nexusforge.app/app (net::ERR_CERT_AUTHORITY_INVALID)
2026-05-14T03:35:25.909Z [startup-timing] t+4919ms main-ready-to-show
2026-05-14T03:35:25.909Z [startup-timing] t+4919ms handoff-reveal-scheduled hold=2200ms
2026-05-14T03:35:26.033Z [startup-timing] t+5043ms main-did-finish-load
2026-05-14T03:35:26.034Z [startup-timing] t+5044ms handoff-reveal-scheduled hold=2200ms
2026-05-14T03:35:26.034Z [startup-timing] t+5044ms hosted-target-connected target=https://www.nexusforge.app/app
2026-05-14T03:35:26.034Z [startup-timing] t+5044ms handoff-reveal-scheduled hold=2200ms
2026-05-14T03:35:26.034Z [startup] stage="Connecting hosted workspace" progress=78 accent=opening detail="Opening the remote NexusForge experience."
