2026-05-14T04:42:47.447Z [startup-timing] t+25ms app-when-ready
2026-05-14T04:42:47.448Z [startup-timing] log-path="D:\NEXUSFORGE GAMGING APP\apps\desktop\.network-smoke\hosted-39308-20260513-234244\startup.log"
2026-05-14T04:42:47.448Z [startup] stage="Booting desktop shell" progress=4 accent=warmup detail="Starting NexusForge Desktop."
2026-05-14T04:42:47.449Z [startup] stage="Preparing secure session" progress=18 accent=warmup detail="Resetting desktop storage before launch."
2026-05-14T04:42:47.449Z [startup] stage="Connecting hosted workspace" progress=32 accent=opening detail="Opening the remote NexusForge experience."
2026-05-14T04:42:47.449Z [startup-timing] t+27ms splash-window-create
2026-05-14T04:42:47.499Z [startup-timing] t+76ms main-window-create
2026-05-14T04:42:47.516Z [startup] stage="Preparing launch" progress=72 accent=checking detail="Checking updates and final startup tasks."
2026-05-14T04:42:47.516Z [startup-timing] t+94ms ensure-app-reachable-start trigger=startup
2026-05-14T04:42:47.516Z [startup] stage="Connecting hosted workspace" progress=78 accent=opening detail="Opening the remote NexusForge experience."
2026-05-14T04:42:47.639Z [startup-timing] t+216ms splash-did-finish-load
2026-05-14T04:42:48.433Z [tls] certificate bypass accepted for https://www.nexusforge.app/app (net::ERR_CERT_AUTHORITY_INVALID)
2026-05-14T04:42:48.708Z [tls] certificate bypass accepted for https://www.nexusforge.app/app (net::ERR_CERT_AUTHORITY_INVALID)
2026-05-14T04:42:52.764Z [startup-timing] t+5342ms main-ready-to-show
2026-05-14T04:42:52.765Z [startup-timing] t+5342ms handoff-reveal-scheduled hold=2200ms
2026-05-14T04:42:52.898Z [startup-timing] t+5476ms main-did-finish-load
2026-05-14T04:42:52.898Z [startup-timing] t+5476ms handoff-reveal-scheduled hold=2200ms
2026-05-14T04:42:52.899Z [startup-timing] t+5476ms hosted-target-connected target=https://www.nexusforge.app/app
2026-05-14T04:42:52.899Z [startup-timing] t+5477ms handoff-reveal-scheduled hold=2200ms
2026-05-14T04:42:52.899Z [startup] stage="Connecting hosted workspace" progress=78 accent=opening detail="Opening the remote NexusForge experience."
