
2026-05-14T21:55:46.460Z [startup-timing] t+27ms app-when-ready
2026-05-14T21:55:46.460Z [startup-timing] log-path="D:\NEXUSFORGE GAMGING APP\apps\desktop\.network-smoke\local-29960-20260514-165545\startup.log"
2026-05-14T21:55:46.460Z [startup] stage="Booting desktop shell" progress=4 accent=warmup detail="Starting NexusForge Desktop."
2026-05-14T21:55:46.461Z [startup] stage="Preparing secure session" progress=18 accent=warmup detail="Resetting desktop storage before launch."
2026-05-14T21:55:46.469Z [startup] stage="Preparing secure session" progress=26 accent=ready detail="Desktop storage reset completed."
2026-05-14T21:55:46.469Z [startup] stage="Checking local services" progress=34 accent=checking detail="Verifying the app stack is reachable on ports 3000 and 4000."
2026-05-14T21:55:46.475Z [startup] stage="Local services ready" progress=66 accent=ready detail="The desktop stack answered on both ports."
2026-05-14T21:55:46.503Z [startup-timing] t+71ms splash-window-create
2026-05-14T21:55:46.579Z [startup-timing] t+147ms main-window-create
2026-05-14T21:55:46.610Z [startup] stage="Preparing launch" progress=72 accent=checking detail="Checking updates and final startup tasks."
2026-05-14T21:55:46.611Z [startup-timing] t+179ms ensure-app-reachable-start trigger=startup
2026-05-14T21:55:46.611Z [startup] stage="Opening app" progress=78 accent=opening detail="Connecting the desktop shell to NexusForge."
2026-05-14T21:55:46.611Z [startup] stage="Checking local services" progress=34 accent=checking detail="Verifying the app stack is reachable on ports 3000 and 4000."
2026-05-14T21:55:46.653Z [startup] stage="Local services ready" progress=66 accent=ready detail="The desktop stack answered on both ports."
2026-05-14T21:55:46.736Z [startup-timing] t+304ms splash-did-finish-load
2026-05-14T21:55:47.190Z [startup-timing] t+758ms main-ready-to-show
2026-05-14T21:55:47.191Z [startup-timing] t+759ms handoff-reveal-scheduled hold=2200ms
2026-05-14T21:55:47.380Z [startup-timing] t+948ms main-did-finish-load
2026-05-14T21:55:47.381Z [startup-timing] t+949ms handoff-reveal-scheduled hold=2200ms
2026-05-14T21:55:47.381Z [startup-timing] t+949ms local-target-connected target=http://localhost:3000/app
2026-05-14T21:55:47.382Z [startup-timing] t+949ms handoff-reveal-scheduled hold=2200ms
2026-05-14T21:55:47.382Z [startup] stage="Local services ready" progress=66 accent=ready detail="The desktop stack answered on both ports."
2026-05-14T21:55:47.404Z [startup] stage="Checking local services" progress=34 accent=checking detail="Verifying the app stack is reachable on ports 3000 and 4000."
2026-05-14T21:55:47.406Z [startup] stage="Local services ready" progress=66 accent=ready detail="The desktop stack answered on both ports."
