2026-05-14T03:44:36.255Z [startup-timing] t+25ms app-when-ready
2026-05-14T03:44:36.255Z [startup-timing] log-path="D:\NEXUSFORGE GAMGING APP\apps\desktop\.network-smoke\hosted-33004-20260513-224433\startup.log"
2026-05-14T03:44:36.256Z [startup] stage="Booting desktop shell" progress=4 accent=warmup detail="Starting NexusForge Desktop."
2026-05-14T03:44:36.256Z [startup] stage="Preparing secure session" progress=18 accent=warmup detail="Resetting desktop storage before launch."
2026-05-14T03:44:36.256Z [startup] stage="Connecting hosted workspace" progress=32 accent=opening detail="Opening the remote NexusForge experience."
2026-05-14T03:44:36.256Z [startup-timing] t+26ms splash-window-create
2026-05-14T03:44:36.302Z [startup-timing] t+71ms main-window-create
2026-05-14T03:44:36.318Z [startup] stage="Preparing launch" progress=72 accent=checking detail="Checking updates and final startup tasks."
2026-05-14T03:44:36.319Z [startup-timing] t+88ms ensure-app-reachable-start trigger=startup
2026-05-14T03:44:36.319Z [startup] stage="Connecting hosted workspace" progress=78 accent=opening detail="Opening the remote NexusForge experience."
2026-05-14T03:44:36.433Z [startup-timing] t+201ms splash-did-finish-load
2026-05-14T03:44:37.272Z [tls] certificate bypass accepted for https://www.nexusforge.app/app (net::ERR_CERT_AUTHORITY_INVALID)
2026-05-14T03:44:37.513Z [tls] certificate bypass accepted for https://www.nexusforge.app/app (net::ERR_CERT_AUTHORITY_INVALID)
2026-05-14T03:44:41.899Z [startup-timing] t+5668ms main-ready-to-show
2026-05-14T03:44:41.899Z [startup-timing] t+5669ms handoff-reveal-scheduled hold=2200ms
2026-05-14T03:44:41.999Z [startup-timing] t+5769ms main-did-finish-load
2026-05-14T03:44:41.999Z [startup-timing] t+5769ms handoff-reveal-scheduled hold=2200ms
2026-05-14T03:44:42.000Z [startup-timing] t+5770ms hosted-target-connected target=https://www.nexusforge.app/app
2026-05-14T03:44:42.000Z [startup-timing] t+5770ms handoff-reveal-scheduled hold=2200ms
2026-05-14T03:44:42.000Z [startup] stage="Connecting hosted workspace" progress=78 accent=opening detail="Opening the remote NexusForge experience."
