2026-05-14T04:21:33.558Z [startup-timing] t+23ms app-when-ready
2026-05-14T04:21:33.558Z [startup-timing] log-path="D:\NEXUSFORGE GAMGING APP\apps\desktop\.network-smoke\hosted-14636-20260513-232130\startup.log"
2026-05-14T04:21:33.559Z [startup] stage="Booting desktop shell" progress=4 accent=warmup detail="Starting NexusForge Desktop."
2026-05-14T04:21:33.559Z [startup] stage="Preparing secure session" progress=18 accent=warmup detail="Resetting desktop storage before launch."
2026-05-14T04:21:33.559Z [startup] stage="Connecting hosted workspace" progress=32 accent=opening detail="Opening the remote NexusForge experience."
2026-05-14T04:21:33.560Z [startup-timing] t+26ms splash-window-create
2026-05-14T04:21:33.606Z [startup-timing] t+72ms main-window-create
2026-05-14T04:21:33.622Z [startup] stage="Preparing launch" progress=72 accent=checking detail="Checking updates and final startup tasks."
2026-05-14T04:21:33.623Z [startup-timing] t+89ms ensure-app-reachable-start trigger=startup
2026-05-14T04:21:33.623Z [startup] stage="Connecting hosted workspace" progress=78 accent=opening detail="Opening the remote NexusForge experience."
2026-05-14T04:21:33.739Z [startup-timing] t+205ms splash-did-finish-load
2026-05-14T04:21:34.490Z [tls] certificate bypass accepted for https://www.nexusforge.app/app (net::ERR_CERT_AUTHORITY_INVALID)
2026-05-14T04:21:34.721Z [tls] certificate bypass accepted for https://www.nexusforge.app/app (net::ERR_CERT_AUTHORITY_INVALID)
2026-05-14T04:21:37.369Z [startup-timing] t+3835ms main-ready-to-show
2026-05-14T04:21:37.369Z [startup-timing] t+3835ms handoff-reveal-scheduled hold=2200ms
2026-05-14T04:21:37.461Z [startup-timing] t+3927ms main-did-finish-load
2026-05-14T04:21:37.462Z [startup-timing] t+3928ms handoff-reveal-scheduled hold=2200ms
2026-05-14T04:21:37.462Z [startup-timing] t+3928ms hosted-target-connected target=https://www.nexusforge.app/app
2026-05-14T04:21:37.462Z [startup-timing] t+3928ms handoff-reveal-scheduled hold=2200ms
2026-05-14T04:21:37.462Z [startup] stage="Connecting hosted workspace" progress=78 accent=opening detail="Opening the remote NexusForge experience."
