2026-05-14T04:22:16.696Z [startup-timing] t+24ms app-when-ready
2026-05-14T04:22:16.697Z [startup-timing] log-path="D:\NEXUSFORGE GAMGING APP\apps\desktop\.network-smoke\hosted-23468-20260513-232213\startup.log"
2026-05-14T04:22:16.697Z [startup] stage="Booting desktop shell" progress=4 accent=warmup detail="Starting NexusForge Desktop."
2026-05-14T04:22:16.697Z [startup] stage="Preparing secure session" progress=18 accent=warmup detail="Resetting desktop storage before launch."
2026-05-14T04:22:16.697Z [startup] stage="Connecting hosted workspace" progress=32 accent=opening detail="Opening the remote NexusForge experience."
2026-05-14T04:22:16.698Z [startup-timing] t+26ms splash-window-create
2026-05-14T04:22:16.748Z [startup-timing] t+76ms main-window-create
2026-05-14T04:22:16.761Z [startup] stage="Preparing launch" progress=72 accent=checking detail="Checking updates and final startup tasks."
2026-05-14T04:22:16.762Z [startup-timing] t+90ms ensure-app-reachable-start trigger=startup
2026-05-14T04:22:16.762Z [startup] stage="Connecting hosted workspace" progress=78 accent=opening detail="Opening the remote NexusForge experience."
2026-05-14T04:22:16.874Z [startup-timing] t+201ms splash-did-finish-load
2026-05-14T04:22:17.644Z [tls] certificate bypass accepted for https://www.nexusforge.app/app (net::ERR_CERT_AUTHORITY_INVALID)
2026-05-14T04:22:17.895Z [tls] certificate bypass accepted for https://www.nexusforge.app/app (net::ERR_CERT_AUTHORITY_INVALID)
2026-05-14T04:22:20.579Z [startup-timing] t+3907ms main-ready-to-show
2026-05-14T04:22:20.580Z [startup-timing] t+3908ms handoff-reveal-scheduled hold=2200ms
2026-05-14T04:22:20.705Z [startup-timing] t+4033ms main-did-finish-load
2026-05-14T04:22:20.705Z [startup-timing] t+4033ms handoff-reveal-scheduled hold=2200ms
2026-05-14T04:22:20.706Z [startup-timing] t+4034ms hosted-target-connected target=https://www.nexusforge.app/app
2026-05-14T04:22:20.706Z [startup-timing] t+4034ms handoff-reveal-scheduled hold=2200ms
2026-05-14T04:22:20.706Z [startup] stage="Connecting hosted workspace" progress=78 accent=opening detail="Opening the remote NexusForge experience."
