2026-05-14T19:37:43.101Z [startup-timing] t+233ms app-when-ready
2026-05-14T19:37:43.113Z [startup-timing] log-path="D:\NEXUSFORGE GAMGING APP\apps\desktop\.network-smoke\local-23396-20260514-143738\startup.log"
2026-05-14T19:37:43.114Z [startup] stage="Booting desktop shell" progress=4 accent=warmup detail="Starting NexusForge Desktop."
2026-05-14T19:37:43.114Z [startup] stage="Preparing secure session" progress=18 accent=warmup detail="Resetting desktop storage before launch."
2026-05-14T19:37:43.127Z [startup] stage="Preparing secure session" progress=26 accent=ready detail="Desktop storage reset completed."
2026-05-14T19:37:43.128Z [startup] stage="Checking local services" progress=34 accent=checking detail="Verifying the app stack is reachable on ports 3000 and 4000."
2026-05-14T19:37:45.368Z [startup] stage="Preparing recovery path" progress=46 accent=checking detail="Waiting on the local stack to finish coming online."
2026-05-14T19:37:45.368Z [startup-timing] t+2500ms splash-window-create
2026-05-14T19:37:45.494Z [startup-timing] t+2626ms main-window-create
2026-05-14T19:37:45.508Z [startup] stage="Preparing launch" progress=72 accent=checking detail="Checking updates and final startup tasks."
2026-05-14T19:37:45.509Z [startup-timing] t+2641ms ensure-app-reachable-start trigger=startup
2026-05-14T19:37:45.510Z [startup] stage="Opening app" progress=78 accent=opening detail="Connecting the desktop shell to NexusForge."
2026-05-14T19:37:45.510Z [startup] stage="Checking local services" progress=34 accent=checking detail="Verifying the app stack is reachable on ports 3000 and 4000."
2026-05-14T19:37:45.549Z [startup] stage="Preparing recovery path" progress=46 accent=checking detail="Waiting on the local stack to finish coming online."
2026-05-14T19:37:45.550Z [fallback] Local services are down. Starting recovery sequence.
2026-05-14T19:37:45.553Z [startup-timing] t+2685ms handoff-reveal-scheduled hold=2200ms
2026-05-14T19:37:45.553Z [startup] stage="Starting local services" progress=48 accent=starting detail="Launching the workspace recovery process."
2026-05-14T19:37:45.554Z [startup] stage="Checking local services" progress=34 accent=checking detail="Verifying the app stack is reachable on ports 3000 and 4000."
2026-05-14T19:37:45.557Z [startup] stage="Preparing recovery path" progress=46 accent=checking detail="Waiting on the local stack to finish coming online."
2026-05-14T19:37:47.312Z [startup] stage="Checking local services" progress=34 accent=checking detail="Verifying the app stack is reachable on ports 3000 and 4000."
2026-05-14T19:37:47.363Z [startup] stage="Preparing recovery path" progress=46 accent=checking detail="Waiting on the local stack to finish coming online."
2026-05-14T19:37:47.784Z [startup-timing] t+4916ms handoff-reveal-fire from-splash-to-main
2026-05-14T19:37:47.785Z [startup] stage="Opening NexusForge Desktop" progress=100 accent=ready detail="The workspace is ready. Bringing the app forward."
2026-05-14T19:37:48.301Z [startup-timing] t+5433ms main-window-show
2026-05-14T19:37:48.302Z [startup-timing] t+5434ms splash-window-close
2026-05-14T19:37:48.302Z [startup-timing] t+5434ms startup-handoff-complete
2026-05-14T19:37:49.674Z [startup] stage="Checking local services" progress=34 accent=checking detail="Verifying the app stack is reachable on ports 3000 and 4000."
2026-05-14T19:37:49.728Z [startup] stage="Preparing recovery path" progress=46 accent=checking detail="Waiting on the local stack to finish coming online."
2026-05-14T19:37:50.796Z [startup-timing] t+7928ms main-ready-to-show
2026-05-14T19:37:50.797Z [startup-timing] t+7929ms handoff-reveal-scheduled hold=2200ms
2026-05-14T19:37:50.839Z [startup] stage="Checking local services" progress=34 accent=checking detail="Verifying the app stack is reachable on ports 3000 and 4000."
2026-05-14T19:37:50.840Z [startup] stage="Preparing recovery path" progress=46 accent=checking detail="Waiting on the local stack to finish coming online."
2026-05-14T19:37:50.988Z [startup] stage="Checking local services" progress=34 accent=checking detail="Verifying the app stack is reachable on ports 3000 and 4000."
2026-05-14T19:37:50.989Z [startup] stage="Preparing recovery path" progress=46 accent=checking detail="Waiting on the local stack to finish coming online."
2026-05-14T19:37:51.085Z [startup-timing] t+8217ms main-did-finish-load
2026-05-14T19:37:51.085Z [startup-timing] t+8217ms handoff-reveal-scheduled hold=2200ms
2026-05-14T19:37:52.254Z [startup] stage="Checking local services" progress=34 accent=checking detail="Verifying the app stack is reachable on ports 3000 and 4000."
2026-05-14T19:37:52.254Z [startup] stage="Preparing recovery path" progress=46 accent=checking detail="Waiting on the local stack to finish coming online."
2026-05-14T19:37:53.294Z [startup] stage="Opening NexusForge Desktop" progress=100 accent=ready detail="The workspace is ready. Bringing the app forward."
2026-05-14T19:37:53.514Z [startup] stage="Checking local services" progress=34 accent=checking detail="Verifying the app stack is reachable on ports 3000 and 4000."
2026-05-14T19:37:53.515Z [startup] stage="Preparing recovery path" progress=46 accent=checking detail="Waiting on the local stack to finish coming online."
2026-05-14T19:37:53.716Z [startup] stage="Checking local services" progress=34 accent=checking detail="Verifying the app stack is reachable on ports 3000 and 4000."
2026-05-14T19:37:53.717Z [startup] stage="Preparing recovery path" progress=46 accent=checking detail="Waiting on the local stack to finish coming online."
2026-05-14T19:37:54.777Z [startup] stage="Checking local services" progress=34 accent=checking detail="Verifying the app stack is reachable on ports 3000 and 4000."
2026-05-14T19:37:54.778Z [startup] stage="Preparing recovery path" progress=46 accent=checking detail="Waiting on the local stack to finish coming online."
2026-05-14T19:37:55.847Z [startup] stage="Checking local services" progress=34 accent=checking detail="Verifying the app stack is reachable on ports 3000 and 4000."
2026-05-14T19:37:55.848Z [startup] stage="Preparing recovery path" progress=46 accent=checking detail="Waiting on the local stack to finish coming online."
2026-05-14T19:37:56.034Z [startup] stage="Checking local services" progress=34 accent=checking detail="Verifying the app stack is reachable on ports 3000 and 4000."
2026-05-14T19:37:56.035Z [startup] stage="Preparing recovery path" progress=46 accent=checking detail="Waiting on the local stack to finish coming online."
2026-05-14T19:37:57.290Z [startup] stage="Checking local services" progress=34 accent=checking detail="Verifying the app stack is reachable on ports 3000 and 4000."
2026-05-14T19:37:57.291Z [startup] stage="Preparing recovery path" progress=46 accent=checking detail="Waiting on the local stack to finish coming online."
2026-05-14T19:37:58.351Z [startup] stage="Checking local services" progress=34 accent=checking detail="Verifying the app stack is reachable on ports 3000 and 4000."
2026-05-14T19:37:58.352Z [startup] stage="Preparing recovery path" progress=46 accent=checking detail="Waiting on the local stack to finish coming online."
2026-05-14T19:37:58.557Z [startup] stage="Checking local services" progress=34 accent=checking detail="Verifying the app stack is reachable on ports 3000 and 4000."
2026-05-14T19:37:58.557Z [startup] stage="Preparing recovery path" progress=46 accent=checking detail="Waiting on the local stack to finish coming online."
2026-05-14T19:37:59.820Z [startup] stage="Checking local services" progress=34 accent=checking detail="Verifying the app stack is reachable on ports 3000 and 4000."
2026-05-14T19:37:59.821Z [startup] stage="Preparing recovery path" progress=46 accent=checking detail="Waiting on the local stack to finish coming online."
2026-05-14T19:38:00.846Z [startup] stage="Checking local services" progress=34 accent=checking detail="Verifying the app stack is reachable on ports 3000 and 4000."
2026-05-14T19:38:00.847Z [startup] stage="Preparing recovery path" progress=46 accent=checking detail="Waiting on the local stack to finish coming online."
2026-05-14T19:38:01.082Z [startup] stage="Checking local services" progress=34 accent=checking detail="Verifying the app stack is reachable on ports 3000 and 4000."
2026-05-14T19:38:01.110Z [startup] stage="Preparing recovery path" progress=46 accent=checking detail="Waiting on the local stack to finish coming online."
2026-05-14T19:38:02.361Z [startup] stage="Local services unavailable" progress=62 accent=checking detail="Trying hosted fallback so users can still join from outside the local network."
2026-05-14T19:38:03.349Z [startup] stage="Checking local services" progress=34 accent=checking detail="Verifying the app stack is reachable on ports 3000 and 4000."
2026-05-14T19:38:03.349Z [startup] stage="Preparing recovery path" progress=46 accent=checking detail="Waiting on the local stack to finish coming online."
2026-05-14T19:38:05.839Z [startup] stage="Checking local services" progress=34 accent=checking detail="Verifying the app stack is reachable on ports 3000 and 4000."
2026-05-14T19:38:05.840Z [startup] stage="Preparing recovery path" progress=46 accent=checking detail="Waiting on the local stack to finish coming online."
2026-05-14T19:38:06.580Z [tls] certificate bypass accepted for https://www.nexusforge.app/app (net::ERR_CERT_AUTHORITY_INVALID)
2026-05-14T19:38:08.350Z [startup] stage="Checking local services" progress=34 accent=checking detail="Verifying the app stack is reachable on ports 3000 and 4000."
2026-05-14T19:38:08.351Z [startup] stage="Preparing recovery path" progress=46 accent=checking detail="Waiting on the local stack to finish coming online."
2026-05-14T19:38:16.312Z [startup-timing] t+33444ms local-fallback-hosted-connected target=https://www.nexusforge.app/app
2026-05-14T19:38:16.313Z [startup-timing] t+33445ms handoff-reveal-scheduled hold=2200ms
2026-05-14T19:38:16.313Z [startup] stage="Preparing recovery path" progress=46 accent=checking detail="Waiting on the local stack to finish coming online."
