
2026-05-14T21:43:18.678Z [startup-timing] t+28ms app-when-ready
2026-05-14T21:43:18.679Z [startup-timing] log-path="D:\NEXUSFORGE GAMGING APP\apps\desktop\.network-smoke\local-31336-20260514-164317\startup.log"
2026-05-14T21:43:18.679Z [startup] stage="Booting desktop shell" progress=4 accent=warmup detail="Starting NexusForge Desktop."
2026-05-14T21:43:18.681Z [startup] stage="Preparing secure session" progress=18 accent=warmup detail="Resetting desktop storage before launch."
2026-05-14T21:43:18.691Z [startup] stage="Preparing secure session" progress=26 accent=ready detail="Desktop storage reset completed."
2026-05-14T21:43:18.691Z [startup] stage="Checking local services" progress=34 accent=checking detail="Verifying the app stack is reachable on ports 3000 and 4000."
2026-05-14T21:43:18.696Z [startup] stage="Local services ready" progress=66 accent=ready detail="The desktop stack answered on both ports."
2026-05-14T21:43:18.725Z [startup-timing] t+74ms splash-window-create
2026-05-14T21:43:18.789Z [startup-timing] t+139ms main-window-create
2026-05-14T21:43:18.824Z [startup] stage="Preparing launch" progress=72 accent=checking detail="Checking updates and final startup tasks."
2026-05-14T21:43:18.825Z [startup-timing] t+174ms ensure-app-reachable-start trigger=startup
2026-05-14T21:43:18.825Z [startup] stage="Opening app" progress=78 accent=opening detail="Connecting the desktop shell to NexusForge."
2026-05-14T21:43:18.825Z [startup] stage="Checking local services" progress=34 accent=checking detail="Verifying the app stack is reachable on ports 3000 and 4000."
2026-05-14T21:43:18.885Z [startup] stage="Local services ready" progress=66 accent=ready detail="The desktop stack answered on both ports."
2026-05-14T21:43:18.979Z [startup-timing] t+329ms splash-did-finish-load
2026-05-14T21:43:19.469Z [startup-timing] t+819ms main-ready-to-show
2026-05-14T21:43:19.470Z [startup-timing] t+820ms handoff-reveal-scheduled hold=2200ms
2026-05-14T21:43:19.674Z [startup-timing] t+1024ms main-did-finish-load
2026-05-14T21:43:19.675Z [startup-timing] t+1024ms handoff-reveal-scheduled hold=2200ms
2026-05-14T21:43:19.675Z [startup-timing] t+1025ms local-target-connected target=http://localhost:3000/app
2026-05-14T21:43:19.675Z [startup-timing] t+1025ms handoff-reveal-scheduled hold=2200ms
2026-05-14T21:43:19.676Z [startup] stage="Local services ready" progress=66 accent=ready detail="The desktop stack answered on both ports."
2026-05-14T21:43:19.699Z [startup] stage="Checking local services" progress=34 accent=checking detail="Verifying the app stack is reachable on ports 3000 and 4000."
2026-05-14T21:43:19.701Z [startup] stage="Local services ready" progress=66 accent=ready detail="The desktop stack answered on both ports."
