2026-05-14T03:15:20.324Z [startup-timing] t+25ms app-when-ready
2026-05-14T03:15:20.325Z [startup-timing] log-path="D:\NEXUSFORGE GAMGING APP\apps\desktop\.network-smoke\hosted-32340-20260513-221516\startup.log"
2026-05-14T03:15:20.325Z [startup] stage="Booting desktop shell" progress=4 accent=warmup detail="Starting NexusForge Desktop."
2026-05-14T03:15:20.325Z [startup] stage="Preparing secure session" progress=18 accent=warmup detail="Resetting desktop storage before launch."
2026-05-14T03:15:20.326Z [startup] stage="Connecting hosted workspace" progress=32 accent=opening detail="Opening the remote NexusForge experience."
2026-05-14T03:15:20.326Z [startup-timing] t+27ms splash-window-create
2026-05-14T03:15:20.375Z [startup-timing] t+76ms main-window-create
2026-05-14T03:15:20.391Z [startup] stage="Preparing launch" progress=72 accent=checking detail="Checking updates and final startup tasks."
2026-05-14T03:15:20.391Z [startup-timing] t+92ms ensure-app-reachable-start trigger=startup
2026-05-14T03:15:20.392Z [startup] stage="Connecting hosted workspace" progress=78 accent=opening detail="Opening the remote NexusForge experience."
2026-05-14T03:15:20.503Z [startup-timing] t+204ms splash-did-finish-load
2026-05-14T03:15:21.236Z [tls] certificate bypass accepted for https://www.nexusforge.app/app (net::ERR_CERT_AUTHORITY_INVALID)
2026-05-14T03:15:21.494Z [tls] certificate bypass accepted for https://www.nexusforge.app/app (net::ERR_CERT_AUTHORITY_INVALID)
2026-05-14T03:15:24.389Z [startup-timing] t+4090ms main-ready-to-show
2026-05-14T03:15:24.389Z [startup-timing] t+4090ms handoff-reveal-scheduled hold=2200ms
2026-05-14T03:15:24.516Z [startup-timing] t+4217ms main-did-finish-load
2026-05-14T03:15:24.516Z [startup-timing] t+4217ms handoff-reveal-scheduled hold=2200ms
2026-05-14T03:15:24.516Z [startup-timing] t+4217ms hosted-target-connected target=https://www.nexusforge.app/app
2026-05-14T03:15:24.517Z [startup-timing] t+4218ms handoff-reveal-scheduled hold=2200ms
2026-05-14T03:15:24.517Z [startup] stage="Connecting hosted workspace" progress=78 accent=opening detail="Opening the remote NexusForge experience."
