2026-05-14T01:40:34.983Z [startup-timing] t+32ms app-when-ready
2026-05-14T01:40:34.984Z [startup-timing] log-path="D:\NEXUSFORGE GAMGING APP\apps\desktop\.network-smoke\local-32908-20260513-204032\startup.log"
2026-05-14T01:40:34.985Z [startup] stage="Booting desktop shell" progress=4 accent=warmup detail="Starting NexusForge Desktop."
2026-05-14T01:40:34.986Z [startup] stage="Preparing secure session" progress=18 accent=warmup detail="Resetting desktop storage before launch."
2026-05-14T01:40:34.996Z [startup] stage="Preparing secure session" progress=26 accent=ready detail="Desktop storage reset completed."
2026-05-14T01:40:34.996Z [startup] stage="Checking local services" progress=34 accent=checking detail="Verifying the app stack is reachable on ports 3000 and 4000."
2026-05-14T01:40:35.005Z [startup] stage="Preparing recovery path" progress=46 accent=checking detail="Waiting on the local stack to finish coming online."
2026-05-14T01:40:35.006Z [startup-timing] t+55ms splash-window-create
2026-05-14T01:40:35.056Z [startup-timing] t+105ms main-window-create
2026-05-14T01:40:35.073Z [startup] stage="Preparing launch" progress=72 accent=checking detail="Checking updates and final startup tasks."
2026-05-14T01:40:35.074Z [startup-timing] t+122ms ensure-app-reachable-start trigger=startup
2026-05-14T01:40:35.074Z [startup] stage="Opening app" progress=78 accent=opening detail="Connecting the desktop shell to NexusForge."
2026-05-14T01:40:35.074Z [startup] stage="Checking local services" progress=34 accent=checking detail="Verifying the app stack is reachable on ports 3000 and 4000."
2026-05-14T01:40:35.122Z [startup] stage="Preparing recovery path" progress=46 accent=checking detail="Waiting on the local stack to finish coming online."
2026-05-14T01:40:35.123Z [fallback] Local services are down. Starting recovery sequence.
2026-05-14T01:40:35.125Z [startup-timing] t+174ms handoff-reveal-scheduled hold=2200ms
2026-05-14T01:40:35.126Z [startup] stage="Starting local services" progress=48 accent=starting detail="Launching the workspace recovery process."
2026-05-14T01:40:35.126Z [startup] stage="Checking local services" progress=34 accent=checking detail="Verifying the app stack is reachable on ports 3000 and 4000."
2026-05-14T01:40:35.130Z [startup] stage="Preparing recovery path" progress=46 accent=checking detail="Waiting on the local stack to finish coming online."
2026-05-14T01:40:35.142Z [startup] stage="Checking local services" progress=34 accent=checking detail="Verifying the app stack is reachable on ports 3000 and 4000."
2026-05-14T01:40:35.151Z [startup] stage="Preparing recovery path" progress=46 accent=checking detail="Waiting on the local stack to finish coming online."
2026-05-14T01:40:35.385Z [startup] stage="Checking local services" progress=34 accent=checking detail="Verifying the app stack is reachable on ports 3000 and 4000."
2026-05-14T01:40:35.387Z [startup] stage="Preparing recovery path" progress=46 accent=checking detail="Waiting on the local stack to finish coming online."
2026-05-14T01:40:35.454Z [startup-timing] t+502ms main-did-finish-load
2026-05-14T01:40:35.454Z [startup-timing] t+503ms handoff-reveal-scheduled hold=2200ms
2026-05-14T01:40:35.611Z [startup-timing] t+659ms splash-did-finish-load
2026-05-14T01:40:35.625Z [startup-timing] t+673ms main-ready-to-show
2026-05-14T01:40:35.625Z [startup-timing] t+674ms handoff-reveal-scheduled hold=2200ms
2026-05-14T01:40:36.409Z [startup] stage="Checking local services" progress=34 accent=checking detail="Verifying the app stack is reachable on ports 3000 and 4000."
2026-05-14T01:40:36.410Z [startup] stage="Preparing recovery path" progress=46 accent=checking detail="Waiting on the local stack to finish coming online."
2026-05-14T01:40:37.674Z [startup] stage="Checking local services" progress=34 accent=checking detail="Verifying the app stack is reachable on ports 3000 and 4000."
2026-05-14T01:40:37.675Z [startup] stage="Preparing recovery path" progress=46 accent=checking detail="Waiting on the local stack to finish coming online."
2026-05-14T01:40:37.838Z [startup-timing] t+2887ms handoff-reveal-fire from-splash-to-main
2026-05-14T01:40:37.839Z [startup] stage="Opening NexusForge Desktop" progress=100 accent=ready detail="The workspace is ready. Bringing the app forward."
2026-05-14T01:40:37.849Z [startup-timing] t+2897ms main-window-show
2026-05-14T01:40:37.849Z [startup-timing] t+2898ms splash-window-close
2026-05-14T01:40:37.849Z [startup-timing] t+2898ms startup-handoff-complete
2026-05-14T01:40:37.885Z [startup] stage="Checking local services" progress=34 accent=checking detail="Verifying the app stack is reachable on ports 3000 and 4000."
2026-05-14T01:40:37.887Z [startup] stage="Preparing recovery path" progress=46 accent=checking detail="Waiting on the local stack to finish coming online."
2026-05-14T01:40:38.940Z [startup] stage="Checking local services" progress=34 accent=checking detail="Verifying the app stack is reachable on ports 3000 and 4000."
2026-05-14T01:40:38.942Z [startup] stage="Preparing recovery path" progress=46 accent=checking detail="Waiting on the local stack to finish coming online."
2026-05-14T01:40:40.197Z [startup] stage="Checking local services" progress=34 accent=checking detail="Verifying the app stack is reachable on ports 3000 and 4000."
2026-05-14T01:40:40.198Z [startup] stage="Preparing recovery path" progress=46 accent=checking detail="Waiting on the local stack to finish coming online."
2026-05-14T01:40:40.398Z [startup] stage="Checking local services" progress=34 accent=checking detail="Verifying the app stack is reachable on ports 3000 and 4000."
2026-05-14T01:40:40.399Z [startup] stage="Preparing recovery path" progress=46 accent=checking detail="Waiting on the local stack to finish coming online."
2026-05-14T01:40:41.454Z [startup] stage="Checking local services" progress=34 accent=checking detail="Verifying the app stack is reachable on ports 3000 and 4000."
2026-05-14T01:40:41.463Z [startup] stage="Preparing recovery path" progress=46 accent=checking detail="Waiting on the local stack to finish coming online."
2026-05-14T01:40:42.731Z [startup] stage="Checking local services" progress=34 accent=checking detail="Verifying the app stack is reachable on ports 3000 and 4000."
2026-05-14T01:40:42.732Z [startup] stage="Preparing recovery path" progress=46 accent=checking detail="Waiting on the local stack to finish coming online."
2026-05-14T01:40:42.901Z [startup] stage="Checking local services" progress=34 accent=checking detail="Verifying the app stack is reachable on ports 3000 and 4000."
2026-05-14T01:40:42.903Z [startup] stage="Preparing recovery path" progress=46 accent=checking detail="Waiting on the local stack to finish coming online."
2026-05-14T01:40:43.988Z [startup] stage="Checking local services" progress=34 accent=checking detail="Verifying the app stack is reachable on ports 3000 and 4000."
2026-05-14T01:40:43.993Z [startup] stage="Preparing recovery path" progress=46 accent=checking detail="Waiting on the local stack to finish coming online."
2026-05-14T01:40:45.250Z [startup] stage="Checking local services" progress=34 accent=checking detail="Verifying the app stack is reachable on ports 3000 and 4000."
2026-05-14T01:40:45.252Z [startup] stage="Preparing recovery path" progress=46 accent=checking detail="Waiting on the local stack to finish coming online."
2026-05-14T01:40:45.389Z [startup] stage="Checking local services" progress=34 accent=checking detail="Verifying the app stack is reachable on ports 3000 and 4000."
2026-05-14T01:40:45.391Z [startup] stage="Preparing recovery path" progress=46 accent=checking detail="Waiting on the local stack to finish coming online."
2026-05-14T01:40:46.507Z [startup] stage="Checking local services" progress=34 accent=checking detail="Verifying the app stack is reachable on ports 3000 and 4000."
2026-05-14T01:40:46.509Z [startup] stage="Preparing recovery path" progress=46 accent=checking detail="Waiting on the local stack to finish coming online."
2026-05-14T01:40:47.769Z [startup] stage="Checking local services" progress=34 accent=checking detail="Verifying the app stack is reachable on ports 3000 and 4000."
2026-05-14T01:40:47.771Z [startup] stage="Local services ready" progress=66 accent=ready detail="The desktop stack answered on both ports."
2026-05-14T01:40:47.893Z [startup] stage="Checking local services" progress=34 accent=checking detail="Verifying the app stack is reachable on ports 3000 and 4000."
2026-05-14T01:40:47.894Z [startup] stage="Local services ready" progress=66 accent=ready detail="The desktop stack answered on both ports."
2026-05-14T01:40:50.395Z [startup] stage="Checking local services" progress=34 accent=checking detail="Verifying the app stack is reachable on ports 3000 and 4000."
2026-05-14T01:40:50.396Z [startup] stage="Local services ready" progress=66 accent=ready detail="The desktop stack answered on both ports."
2026-05-14T01:40:52.886Z [startup] stage="Checking local services" progress=34 accent=checking detail="Verifying the app stack is reachable on ports 3000 and 4000."
2026-05-14T01:40:52.887Z [startup] stage="Local services ready" progress=66 accent=ready detail="The desktop stack answered on both ports."
2026-05-14T01:40:55.394Z [startup] stage="Checking local services" progress=34 accent=checking detail="Verifying the app stack is reachable on ports 3000 and 4000."
2026-05-14T01:40:55.396Z [startup] stage="Local services ready" progress=66 accent=ready detail="The desktop stack answered on both ports."
2026-05-14T01:40:58.119Z [startup] stage="Checking local services" progress=34 accent=checking detail="Verifying the app stack is reachable on ports 3000 and 4000."
2026-05-14T01:40:58.121Z [startup] stage="Local services ready" progress=66 accent=ready detail="The desktop stack answered on both ports."
2026-05-14T01:41:00.394Z [startup] stage="Checking local services" progress=34 accent=checking detail="Verifying the app stack is reachable on ports 3000 and 4000."
2026-05-14T01:41:00.395Z [startup] stage="Local services ready" progress=66 accent=ready detail="The desktop stack answered on both ports."
2026-05-14T01:41:02.898Z [startup] stage="Checking local services" progress=34 accent=checking detail="Verifying the app stack is reachable on ports 3000 and 4000."
2026-05-14T01:41:02.900Z [startup] stage="Local services ready" progress=66 accent=ready detail="The desktop stack answered on both ports."
2026-05-14T01:41:05.557Z [startup-timing] t+30605ms local-target-connected target=http://localhost:3000/app
2026-05-14T01:41:05.557Z [startup-timing] t+30606ms handoff-reveal-scheduled hold=2200ms
2026-05-14T01:41:05.557Z [startup] stage="Local services ready" progress=66 accent=ready detail="The desktop stack answered on both ports."
2026-05-14T01:41:05.601Z [startup] stage="Checking local services" progress=34 accent=checking detail="Verifying the app stack is reachable on ports 3000 and 4000."
2026-05-14T01:41:05.602Z [startup] stage="Local services ready" progress=66 accent=ready detail="The desktop stack answered on both ports."
