2026-05-14T03:12:19.128Z [startup-timing] t+33ms app-when-ready
2026-05-14T03:12:19.129Z [startup-timing] log-path="D:\NEXUSFORGE GAMGING APP\apps\desktop\.network-smoke\local-12172-20260513-221217\startup.log"
2026-05-14T03:12:19.129Z [startup] stage="Booting desktop shell" progress=4 accent=warmup detail="Starting NexusForge Desktop."
2026-05-14T03:12:19.136Z [startup] stage="Preparing secure session" progress=18 accent=warmup detail="Resetting desktop storage before launch."
2026-05-14T03:12:19.149Z [startup] stage="Preparing secure session" progress=26 accent=ready detail="Desktop storage reset completed."
2026-05-14T03:12:19.150Z [startup] stage="Checking local services" progress=34 accent=checking detail="Verifying the app stack is reachable on ports 3000 and 4000."
2026-05-14T03:12:19.168Z [startup] stage="Local services ready" progress=66 accent=ready detail="The desktop stack answered on both ports."
2026-05-14T03:12:19.168Z [startup-timing] t+73ms splash-window-create
2026-05-14T03:12:19.262Z [startup] stage="Preparing launch" progress=72 accent=checking detail="Checking updates and final startup tasks."
2026-05-14T03:12:19.263Z [startup-timing] t+168ms ensure-app-reachable-start trigger=startup
2026-05-14T03:12:19.264Z [startup] stage="Opening app" progress=78 accent=opening detail="Connecting the desktop shell to NexusForge."
2026-05-14T03:12:19.264Z [startup] stage="Checking local services" progress=34 accent=checking detail="Verifying the app stack is reachable on ports 3000 and 4000."
2026-05-14T03:12:19.323Z [startup] stage="Local services ready" progress=66 accent=ready detail="The desktop stack answered on both ports."
2026-05-14T03:12:19.418Z [startup-timing] t+322ms splash-did-finish-load
2026-05-14T03:12:19.954Z [startup-timing] t+858ms main-ready-to-show
2026-05-14T03:12:19.954Z [startup-timing] t+859ms handoff-reveal-scheduled hold=2200ms
2026-05-14T03:12:20.322Z [startup-timing] t+1226ms main-did-finish-load
2026-05-14T03:12:20.322Z [startup-timing] t+1227ms handoff-reveal-scheduled hold=2200ms
2026-05-14T03:12:20.322Z [startup-timing] t+1227ms local-target-connected target=http://localhost:3000/app
2026-05-14T03:12:20.323Z [startup-timing] t+1227ms handoff-reveal-scheduled hold=2200ms
2026-05-14T03:12:20.324Z [startup] stage="Local services ready" progress=66 accent=ready detail="The desktop stack answered on both ports."
2026-05-14T03:12:20.350Z [startup] stage="Checking local services" progress=34 accent=checking detail="Verifying the app stack is reachable on ports 3000 and 4000."
2026-05-14T03:12:20.351Z [startup] stage="Local services ready" progress=66 accent=ready detail="The desktop stack answered on both ports."
