2026-05-14T04:00:05.367Z [startup-timing] t+25ms app-when-ready
2026-05-14T04:00:05.367Z [startup-timing] log-path="D:\NEXUSFORGE GAMGING APP\apps\desktop\.network-smoke\hosted-30848-20260513-230002\startup.log"
2026-05-14T04:00:05.368Z [startup] stage="Booting desktop shell" progress=4 accent=warmup detail="Starting NexusForge Desktop."
2026-05-14T04:00:05.368Z [startup] stage="Preparing secure session" progress=18 accent=warmup detail="Resetting desktop storage before launch."
2026-05-14T04:00:05.368Z [startup] stage="Connecting hosted workspace" progress=32 accent=opening detail="Opening the remote NexusForge experience."
2026-05-14T04:00:05.369Z [startup-timing] t+27ms splash-window-create
2026-05-14T04:00:05.421Z [startup-timing] t+79ms main-window-create
2026-05-14T04:00:05.437Z [startup] stage="Preparing launch" progress=72 accent=checking detail="Checking updates and final startup tasks."
2026-05-14T04:00:05.437Z [startup-timing] t+95ms ensure-app-reachable-start trigger=startup
2026-05-14T04:00:05.437Z [startup] stage="Connecting hosted workspace" progress=78 accent=opening detail="Opening the remote NexusForge experience."
2026-05-14T04:00:05.554Z [startup-timing] t+212ms splash-did-finish-load
2026-05-14T04:00:06.343Z [tls] certificate bypass accepted for https://www.nexusforge.app/app (net::ERR_CERT_AUTHORITY_INVALID)
2026-05-14T04:00:06.577Z [tls] certificate bypass accepted for https://www.nexusforge.app/app (net::ERR_CERT_AUTHORITY_INVALID)
2026-05-14T04:00:09.678Z [startup-timing] t+4336ms main-ready-to-show
2026-05-14T04:00:09.678Z [startup-timing] t+4336ms handoff-reveal-scheduled hold=2200ms
2026-05-14T04:00:09.768Z [startup-timing] t+4426ms main-did-finish-load
2026-05-14T04:00:09.768Z [startup-timing] t+4426ms handoff-reveal-scheduled hold=2200ms
2026-05-14T04:00:09.769Z [startup-timing] t+4427ms hosted-target-connected target=https://www.nexusforge.app/app
2026-05-14T04:00:09.769Z [startup-timing] t+4427ms handoff-reveal-scheduled hold=2200ms
2026-05-14T04:00:09.769Z [startup] stage="Connecting hosted workspace" progress=78 accent=opening detail="Opening the remote NexusForge experience."
