
2026-05-15T00:07:52.086Z [startup-timing] t+32ms app-when-ready
2026-05-15T00:07:52.087Z [startup-timing] log-path="D:\NEXUSFORGE GAMGING APP\apps\desktop\.network-smoke\hosted-1680-20260514-190748\startup.log"
2026-05-15T00:07:52.087Z [startup] stage="Booting desktop shell" progress=4 accent=warmup detail="Starting NexusForge Desktop."
2026-05-15T00:07:52.089Z [startup] stage="Preparing secure session" progress=18 accent=warmup detail="Resetting desktop storage before launch."
2026-05-15T00:07:52.089Z [startup] stage="Connecting hosted workspace" progress=32 accent=opening detail="Opening the remote NexusForge experience."
2026-05-15T00:07:52.130Z [startup-timing] t+76ms splash-window-create
2026-05-15T00:07:52.208Z [startup-timing] t+154ms main-window-create
2026-05-15T00:07:52.245Z [startup] stage="Preparing launch" progress=72 accent=checking detail="Checking updates and final startup tasks."
2026-05-15T00:07:52.246Z [startup-timing] t+192ms ensure-app-reachable-start trigger=startup
2026-05-15T00:07:52.246Z [startup] stage="Connecting hosted workspace" progress=78 accent=opening detail="Opening the remote NexusForge experience."
2026-05-15T00:07:52.470Z [startup-timing] t+416ms splash-did-finish-load
2026-05-15T00:07:53.161Z [tls] certificate bypass accepted for https://www.nexusforge.app/app (net::ERR_CERT_AUTHORITY_INVALID)
2026-05-15T00:07:53.452Z [tls] certificate bypass accepted for https://www.nexusforge.app/app (net::ERR_CERT_AUTHORITY_INVALID)
2026-05-15T00:07:56.264Z [startup-timing] t+4210ms main-ready-to-show
2026-05-15T00:07:56.264Z [startup-timing] t+4210ms handoff-reveal-scheduled hold=2200ms
2026-05-15T00:07:56.335Z [startup-timing] t+4281ms main-did-finish-load
2026-05-15T00:07:56.335Z [startup-timing] t+4281ms handoff-reveal-scheduled hold=2200ms
2026-05-15T00:07:56.336Z [startup-timing] t+4281ms hosted-target-connected target=https://www.nexusforge.app/app
2026-05-15T00:07:56.336Z [startup-timing] t+4282ms handoff-reveal-scheduled hold=2200ms
2026-05-15T00:07:56.336Z [startup] stage="Connecting hosted workspace" progress=78 accent=opening detail="Opening the remote NexusForge experience."
