
2026-05-14T22:41:02.640Z [startup-timing] t+25ms app-when-ready
2026-05-14T22:41:02.640Z [startup-timing] log-path="D:\NEXUSFORGE GAMGING APP\apps\desktop\.network-smoke\hosted-48108-20260514-174058\startup.log"
2026-05-14T22:41:02.640Z [startup] stage="Booting desktop shell" progress=4 accent=warmup detail="Starting NexusForge Desktop."
2026-05-14T22:41:02.641Z [startup] stage="Preparing secure session" progress=18 accent=warmup detail="Resetting desktop storage before launch."
2026-05-14T22:41:02.641Z [startup] stage="Connecting hosted workspace" progress=32 accent=opening detail="Opening the remote NexusForge experience."
2026-05-14T22:41:02.667Z [startup-timing] t+53ms splash-window-create
2026-05-14T22:41:02.743Z [startup-timing] t+129ms main-window-create
2026-05-14T22:41:02.773Z [startup] stage="Preparing launch" progress=72 accent=checking detail="Checking updates and final startup tasks."
2026-05-14T22:41:02.774Z [startup-timing] t+160ms ensure-app-reachable-start trigger=startup
2026-05-14T22:41:02.774Z [startup] stage="Connecting hosted workspace" progress=78 accent=opening detail="Opening the remote NexusForge experience."
2026-05-14T22:41:02.899Z [startup-timing] t+284ms splash-did-finish-load
2026-05-14T22:41:04.593Z [tls] certificate bypass accepted for https://www.nexusforge.app/app (net::ERR_CERT_AUTHORITY_INVALID)
2026-05-14T22:41:04.899Z [tls] certificate bypass accepted for https://www.nexusforge.app/app (net::ERR_CERT_AUTHORITY_INVALID)
2026-05-14T22:41:33.494Z [startup-timing] t+30880ms main-ready-to-show
2026-05-14T22:41:33.495Z [startup-timing] t+30880ms handoff-reveal-scheduled hold=2200ms
2026-05-14T22:41:34.208Z [startup-timing] t+31594ms main-did-finish-load
2026-05-14T22:41:34.208Z [startup-timing] t+31594ms handoff-reveal-scheduled hold=2200ms
2026-05-14T22:41:34.209Z [startup-timing] t+31595ms hosted-target-connected target=https://www.nexusforge.app/app
2026-05-14T22:41:34.209Z [startup-timing] t+31595ms handoff-reveal-scheduled hold=2200ms
2026-05-14T22:41:34.209Z [startup] stage="Connecting hosted workspace" progress=78 accent=opening detail="Opening the remote NexusForge experience."
