
2026-05-14T22:42:22.991Z [startup-timing] t+24ms app-when-ready
2026-05-14T22:42:22.991Z [startup-timing] log-path="D:\NEXUSFORGE GAMGING APP\apps\desktop\.network-smoke\hosted-47292-20260514-174219\startup.log"
2026-05-14T22:42:22.991Z [startup] stage="Booting desktop shell" progress=4 accent=warmup detail="Starting NexusForge Desktop."
2026-05-14T22:42:22.992Z [startup] stage="Preparing secure session" progress=18 accent=warmup detail="Resetting desktop storage before launch."
2026-05-14T22:42:22.992Z [startup] stage="Connecting hosted workspace" progress=32 accent=opening detail="Opening the remote NexusForge experience."
2026-05-14T22:42:23.018Z [startup-timing] t+52ms splash-window-create
2026-05-14T22:42:23.092Z [startup-timing] t+125ms main-window-create
2026-05-14T22:42:23.131Z [startup] stage="Preparing launch" progress=72 accent=checking detail="Checking updates and final startup tasks."
2026-05-14T22:42:23.132Z [startup-timing] t+165ms ensure-app-reachable-start trigger=startup
2026-05-14T22:42:23.132Z [startup] stage="Connecting hosted workspace" progress=78 accent=opening detail="Opening the remote NexusForge experience."
2026-05-14T22:42:23.266Z [startup-timing] t+300ms splash-did-finish-load
2026-05-14T22:42:24.954Z [tls] certificate bypass accepted for https://www.nexusforge.app/app (net::ERR_CERT_AUTHORITY_INVALID)
2026-05-14T22:42:25.247Z [tls] certificate bypass accepted for https://www.nexusforge.app/app (net::ERR_CERT_AUTHORITY_INVALID)
2026-05-14T22:42:42.591Z [startup-timing] t+19625ms main-ready-to-show
2026-05-14T22:42:42.592Z [startup-timing] t+19626ms handoff-reveal-scheduled hold=2200ms
2026-05-14T22:42:43.229Z [startup-timing] t+20262ms main-did-finish-load
2026-05-14T22:42:43.229Z [startup-timing] t+20263ms handoff-reveal-scheduled hold=2200ms
2026-05-14T22:42:43.230Z [startup-timing] t+20263ms hosted-target-connected target=https://www.nexusforge.app/app
2026-05-14T22:42:43.230Z [startup-timing] t+20264ms handoff-reveal-scheduled hold=2200ms
2026-05-14T22:42:43.230Z [startup] stage="Connecting hosted workspace" progress=78 accent=opening detail="Opening the remote NexusForge experience."
