2026-05-14T03:35:18.803Z [startup-timing] t+25ms app-when-ready
2026-05-14T03:35:18.804Z [startup-timing] log-path="D:\NEXUSFORGE GAMGING APP\apps\desktop\.network-smoke\local-8776-20260513-223517\startup.log"
2026-05-14T03:35:18.804Z [startup] stage="Booting desktop shell" progress=4 accent=warmup detail="Starting NexusForge Desktop."
2026-05-14T03:35:18.804Z [startup] stage="Preparing secure session" progress=18 accent=warmup detail="Resetting desktop storage before launch."
2026-05-14T03:35:18.811Z [startup] stage="Preparing secure session" progress=26 accent=ready detail="Desktop storage reset completed."
2026-05-14T03:35:18.812Z [startup] stage="Checking local services" progress=34 accent=checking detail="Verifying the app stack is reachable on ports 3000 and 4000."
2026-05-14T03:35:18.817Z [startup] stage="Local services ready" progress=66 accent=ready detail="The desktop stack answered on both ports."
2026-05-14T03:35:18.818Z [startup-timing] t+39ms splash-window-create
2026-05-14T03:35:18.865Z [startup-timing] t+87ms main-window-create
2026-05-14T03:35:18.880Z [startup] stage="Preparing launch" progress=72 accent=checking detail="Checking updates and final startup tasks."
2026-05-14T03:35:18.881Z [startup-timing] t+103ms ensure-app-reachable-start trigger=startup
2026-05-14T03:35:18.881Z [startup] stage="Opening app" progress=78 accent=opening detail="Connecting the desktop shell to NexusForge."
2026-05-14T03:35:18.881Z [startup] stage="Checking local services" progress=34 accent=checking detail="Verifying the app stack is reachable on ports 3000 and 4000."
2026-05-14T03:35:18.922Z [startup] stage="Local services ready" progress=66 accent=ready detail="The desktop stack answered on both ports."
2026-05-14T03:35:18.988Z [startup-timing] t+210ms splash-did-finish-load
2026-05-14T03:35:19.436Z [startup-timing] t+657ms main-ready-to-show
2026-05-14T03:35:19.436Z [startup-timing] t+658ms handoff-reveal-scheduled hold=2200ms
2026-05-14T03:35:19.611Z [startup-timing] t+833ms main-did-finish-load
2026-05-14T03:35:19.611Z [startup-timing] t+833ms handoff-reveal-scheduled hold=2200ms
2026-05-14T03:35:19.612Z [startup-timing] t+833ms local-target-connected target=http://localhost:3000/app
2026-05-14T03:35:19.612Z [startup-timing] t+834ms handoff-reveal-scheduled hold=2200ms
2026-05-14T03:35:19.612Z [startup] stage="Local services ready" progress=66 accent=ready detail="The desktop stack answered on both ports."
2026-05-14T03:35:19.633Z [startup] stage="Checking local services" progress=34 accent=checking detail="Verifying the app stack is reachable on ports 3000 and 4000."
2026-05-14T03:35:19.634Z [startup] stage="Local services ready" progress=66 accent=ready detail="The desktop stack answered on both ports."
