
2026-05-15T00:03:01.828Z [startup-timing] t+31ms app-when-ready
2026-05-15T00:03:01.829Z [startup-timing] log-path="D:\NEXUSFORGE GAMGING APP\apps\desktop\.network-smoke\local-41308-20260514-190300\startup.log"
2026-05-15T00:03:01.829Z [startup] stage="Booting desktop shell" progress=4 accent=warmup detail="Starting NexusForge Desktop."
2026-05-15T00:03:01.830Z [startup] stage="Preparing secure session" progress=18 accent=warmup detail="Resetting desktop storage before launch."
2026-05-15T00:03:01.839Z [startup] stage="Preparing secure session" progress=26 accent=ready detail="Desktop storage reset completed."
2026-05-15T00:03:01.839Z [startup] stage="Checking local services" progress=34 accent=checking detail="Verifying the app stack is reachable on ports 3000 and 4000."
2026-05-15T00:03:01.845Z [startup] stage="Local services ready" progress=66 accent=ready detail="The desktop stack answered on both ports."
2026-05-15T00:03:01.871Z [startup-timing] t+74ms splash-window-create
2026-05-15T00:03:01.952Z [startup-timing] t+154ms main-window-create
2026-05-15T00:03:01.986Z [startup] stage="Preparing launch" progress=72 accent=checking detail="Checking updates and final startup tasks."
2026-05-15T00:03:01.986Z [startup-timing] t+189ms ensure-app-reachable-start trigger=startup
2026-05-15T00:03:01.987Z [startup] stage="Opening app" progress=78 accent=opening detail="Connecting the desktop shell to NexusForge."
2026-05-15T00:03:01.987Z [startup] stage="Checking local services" progress=34 accent=checking detail="Verifying the app stack is reachable on ports 3000 and 4000."
2026-05-15T00:03:02.042Z [startup] stage="Local services ready" progress=66 accent=ready detail="The desktop stack answered on both ports."
2026-05-15T00:03:02.154Z [startup-timing] t+357ms splash-did-finish-load
2026-05-15T00:03:02.400Z [startup-timing] t+602ms main-ready-to-show
2026-05-15T00:03:02.400Z [startup-timing] t+603ms handoff-reveal-scheduled hold=2200ms
2026-05-15T00:03:02.412Z [startup-timing] t+615ms main-did-finish-load
2026-05-15T00:03:02.412Z [startup-timing] t+615ms handoff-reveal-scheduled hold=2200ms
2026-05-15T00:03:02.413Z [startup-timing] t+616ms local-target-connected target=http://localhost:3000/app
2026-05-15T00:03:02.413Z [startup-timing] t+616ms handoff-reveal-scheduled hold=2200ms
2026-05-15T00:03:02.413Z [startup] stage="Local services ready" progress=66 accent=ready detail="The desktop stack answered on both ports."
