2026-05-14T20:22:05.081Z [startup-timing] t+26ms app-when-ready
2026-05-14T20:22:05.081Z [startup-timing] log-path="D:\NEXUSFORGE GAMGING APP\apps\desktop\.network-smoke\local-13588-20260514-152204\startup.log"
2026-05-14T20:22:05.082Z [startup] stage="Booting desktop shell" progress=4 accent=warmup detail="Starting NexusForge Desktop."
2026-05-14T20:22:05.082Z [startup] stage="Preparing secure session" progress=18 accent=warmup detail="Resetting desktop storage before launch."
2026-05-14T20:22:05.092Z [startup] stage="Preparing secure session" progress=26 accent=ready detail="Desktop storage reset completed."
2026-05-14T20:22:05.092Z [startup] stage="Checking local services" progress=34 accent=checking detail="Verifying the app stack is reachable on ports 3000 and 4000."
2026-05-14T20:22:05.097Z [startup] stage="Local services ready" progress=66 accent=ready detail="The desktop stack answered on both ports."
2026-05-14T20:22:05.098Z [startup-timing] t+43ms splash-window-create
2026-05-14T20:22:05.152Z [startup-timing] t+96ms main-window-create
2026-05-14T20:22:05.168Z [startup] stage="Preparing launch" progress=72 accent=checking detail="Checking updates and final startup tasks."
2026-05-14T20:22:05.169Z [startup-timing] t+113ms ensure-app-reachable-start trigger=startup
2026-05-14T20:22:05.169Z [startup] stage="Opening app" progress=78 accent=opening detail="Connecting the desktop shell to NexusForge."
2026-05-14T20:22:05.169Z [startup] stage="Checking local services" progress=34 accent=checking detail="Verifying the app stack is reachable on ports 3000 and 4000."
2026-05-14T20:22:05.212Z [startup] stage="Local services ready" progress=66 accent=ready detail="The desktop stack answered on both ports."
2026-05-14T20:22:05.281Z [startup-timing] t+226ms splash-did-finish-load
2026-05-14T20:22:05.781Z [startup-timing] t+726ms main-ready-to-show
2026-05-14T20:22:05.782Z [startup-timing] t+726ms handoff-reveal-scheduled hold=2200ms
2026-05-14T20:22:05.981Z [startup-timing] t+926ms main-did-finish-load
2026-05-14T20:22:05.981Z [startup-timing] t+926ms handoff-reveal-scheduled hold=2200ms
2026-05-14T20:22:05.981Z [startup-timing] t+926ms local-target-connected target=http://localhost:3000/app
2026-05-14T20:22:05.982Z [startup-timing] t+927ms handoff-reveal-scheduled hold=2200ms
2026-05-14T20:22:05.982Z [startup] stage="Local services ready" progress=66 accent=ready detail="The desktop stack answered on both ports."
2026-05-14T20:22:06.004Z [startup] stage="Checking local services" progress=34 accent=checking detail="Verifying the app stack is reachable on ports 3000 and 4000."
2026-05-14T20:22:06.006Z [startup] stage="Local services ready" progress=66 accent=ready detail="The desktop stack answered on both ports."
