2026-05-14T03:09:57.909Z [startup-timing] t+24ms app-when-ready
2026-05-14T03:09:57.910Z [startup-timing] log-path="D:\NEXUSFORGE GAMGING APP\apps\desktop\.network-smoke\local-39024-20260513-220956\startup.log"
2026-05-14T03:09:57.910Z [startup] stage="Booting desktop shell" progress=4 accent=warmup detail="Starting NexusForge Desktop."
2026-05-14T03:09:57.911Z [startup] stage="Preparing secure session" progress=18 accent=warmup detail="Resetting desktop storage before launch."
2026-05-14T03:09:57.918Z [startup] stage="Preparing secure session" progress=26 accent=ready detail="Desktop storage reset completed."
2026-05-14T03:09:57.919Z [startup] stage="Checking local services" progress=34 accent=checking detail="Verifying the app stack is reachable on ports 3000 and 4000."
2026-05-14T03:09:57.924Z [startup] stage="Local services ready" progress=66 accent=ready detail="The desktop stack answered on both ports."
2026-05-14T03:09:57.924Z [startup-timing] t+39ms splash-window-create
2026-05-14T03:09:57.973Z [startup-timing] t+88ms main-window-create
2026-05-14T03:09:57.991Z [startup] stage="Preparing launch" progress=72 accent=checking detail="Checking updates and final startup tasks."
2026-05-14T03:09:57.992Z [startup-timing] t+107ms ensure-app-reachable-start trigger=startup
2026-05-14T03:09:57.992Z [startup] stage="Opening app" progress=78 accent=opening detail="Connecting the desktop shell to NexusForge."
2026-05-14T03:09:57.993Z [startup] stage="Checking local services" progress=34 accent=checking detail="Verifying the app stack is reachable on ports 3000 and 4000."
2026-05-14T03:09:58.035Z [startup] stage="Local services ready" progress=66 accent=ready detail="The desktop stack answered on both ports."
2026-05-14T03:09:58.099Z [startup-timing] t+214ms splash-did-finish-load
2026-05-14T03:09:58.571Z [startup-timing] t+685ms main-ready-to-show
2026-05-14T03:09:58.571Z [startup-timing] t+686ms handoff-reveal-scheduled hold=2200ms
2026-05-14T03:09:58.743Z [startup-timing] t+858ms main-did-finish-load
2026-05-14T03:09:58.744Z [startup-timing] t+859ms handoff-reveal-scheduled hold=2200ms
2026-05-14T03:09:58.744Z [startup-timing] t+859ms local-target-connected target=http://localhost:3000/app
2026-05-14T03:09:58.744Z [startup-timing] t+859ms handoff-reveal-scheduled hold=2200ms
2026-05-14T03:09:58.744Z [startup] stage="Local services ready" progress=66 accent=ready detail="The desktop stack answered on both ports."
2026-05-14T03:09:58.764Z [startup] stage="Checking local services" progress=34 accent=checking detail="Verifying the app stack is reachable on ports 3000 and 4000."
2026-05-14T03:09:58.765Z [startup] stage="Local services ready" progress=66 accent=ready detail="The desktop stack answered on both ports."
