2026-05-14T04:27:34.169Z [startup-timing] t+27ms app-when-ready
2026-05-14T04:27:34.169Z [startup-timing] log-path="D:\NEXUSFORGE GAMGING APP\apps\desktop\.network-smoke\hosted-34756-20260513-232731\startup.log"
2026-05-14T04:27:34.169Z [startup] stage="Booting desktop shell" progress=4 accent=warmup detail="Starting NexusForge Desktop."
2026-05-14T04:27:34.170Z [startup] stage="Preparing secure session" progress=18 accent=warmup detail="Resetting desktop storage before launch."
2026-05-14T04:27:34.170Z [startup] stage="Connecting hosted workspace" progress=32 accent=opening detail="Opening the remote NexusForge experience."
2026-05-14T04:27:34.170Z [startup-timing] t+29ms splash-window-create
2026-05-14T04:27:34.221Z [startup-timing] t+80ms main-window-create
2026-05-14T04:27:34.237Z [startup] stage="Preparing launch" progress=72 accent=checking detail="Checking updates and final startup tasks."
2026-05-14T04:27:34.237Z [startup-timing] t+96ms ensure-app-reachable-start trigger=startup
2026-05-14T04:27:34.237Z [startup] stage="Connecting hosted workspace" progress=78 accent=opening detail="Opening the remote NexusForge experience."
2026-05-14T04:27:34.352Z [startup-timing] t+211ms splash-did-finish-load
2026-05-14T04:27:35.132Z [tls] certificate bypass accepted for https://www.nexusforge.app/app (net::ERR_CERT_AUTHORITY_INVALID)
2026-05-14T04:27:35.371Z [tls] certificate bypass accepted for https://www.nexusforge.app/app (net::ERR_CERT_AUTHORITY_INVALID)
2026-05-14T04:27:39.738Z [startup-timing] t+5596ms main-ready-to-show
2026-05-14T04:27:39.738Z [startup-timing] t+5597ms handoff-reveal-scheduled hold=2200ms
2026-05-14T04:27:39.830Z [startup-timing] t+5689ms main-did-finish-load
2026-05-14T04:27:39.830Z [startup-timing] t+5689ms handoff-reveal-scheduled hold=2200ms
2026-05-14T04:27:39.830Z [startup-timing] t+5689ms hosted-target-connected target=https://www.nexusforge.app/app
2026-05-14T04:27:39.831Z [startup-timing] t+5690ms handoff-reveal-scheduled hold=2200ms
2026-05-14T04:27:39.831Z [startup] stage="Connecting hosted workspace" progress=78 accent=opening detail="Opening the remote NexusForge experience."
