2026-05-14T04:29:55.512Z [startup-timing] t+25ms app-when-ready
2026-05-14T04:29:55.513Z [startup-timing] log-path="D:\NEXUSFORGE GAMGING APP\apps\desktop\.network-smoke\hosted-18612-20260513-232952\startup.log"
2026-05-14T04:29:55.513Z [startup] stage="Booting desktop shell" progress=4 accent=warmup detail="Starting NexusForge Desktop."
2026-05-14T04:29:55.513Z [startup] stage="Preparing secure session" progress=18 accent=warmup detail="Resetting desktop storage before launch."
2026-05-14T04:29:55.513Z [startup] stage="Connecting hosted workspace" progress=32 accent=opening detail="Opening the remote NexusForge experience."
2026-05-14T04:29:55.514Z [startup-timing] t+27ms splash-window-create
2026-05-14T04:29:55.559Z [startup-timing] t+71ms main-window-create
2026-05-14T04:29:55.575Z [startup] stage="Preparing launch" progress=72 accent=checking detail="Checking updates and final startup tasks."
2026-05-14T04:29:55.576Z [startup-timing] t+89ms ensure-app-reachable-start trigger=startup
2026-05-14T04:29:55.576Z [startup] stage="Connecting hosted workspace" progress=78 accent=opening detail="Opening the remote NexusForge experience."
2026-05-14T04:29:55.698Z [startup-timing] t+211ms splash-did-finish-load
2026-05-14T04:29:56.447Z [tls] certificate bypass accepted for https://www.nexusforge.app/app (net::ERR_CERT_AUTHORITY_INVALID)
2026-05-14T04:29:56.679Z [tls] certificate bypass accepted for https://www.nexusforge.app/app (net::ERR_CERT_AUTHORITY_INVALID)
2026-05-14T04:30:01.739Z [startup-timing] t+6252ms main-ready-to-show
2026-05-14T04:30:01.740Z [startup-timing] t+6253ms handoff-reveal-scheduled hold=2200ms
2026-05-14T04:30:01.867Z [startup-timing] t+6380ms main-did-finish-load
2026-05-14T04:30:01.867Z [startup-timing] t+6380ms handoff-reveal-scheduled hold=2200ms
2026-05-14T04:30:01.868Z [startup-timing] t+6381ms hosted-target-connected target=https://www.nexusforge.app/app
2026-05-14T04:30:01.868Z [startup-timing] t+6381ms handoff-reveal-scheduled hold=2200ms
2026-05-14T04:30:01.868Z [startup] stage="Connecting hosted workspace" progress=78 accent=opening detail="Opening the remote NexusForge experience."
