2026-05-14T01:41:07.407Z [startup-timing] t+29ms app-when-ready
2026-05-14T01:41:07.407Z [startup-timing] log-path="D:\NEXUSFORGE GAMGING APP\apps\desktop\.network-smoke\hosted-32908-20260513-204032\startup.log"
2026-05-14T01:41:07.408Z [startup] stage="Booting desktop shell" progress=4 accent=warmup detail="Starting NexusForge Desktop."
2026-05-14T01:41:07.408Z [startup] stage="Preparing secure session" progress=18 accent=warmup detail="Resetting desktop storage before launch."
2026-05-14T01:41:07.408Z [startup] stage="Connecting hosted workspace" progress=32 accent=opening detail="Opening the remote NexusForge experience."
2026-05-14T01:41:07.409Z [startup-timing] t+31ms splash-window-create
2026-05-14T01:41:07.531Z [startup-timing] t+74ms main-window-create
2026-05-14T01:41:07.658Z [startup] stage="Preparing launch" progress=72 accent=checking detail="Checking updates and final startup tasks."
2026-05-14T01:41:07.659Z [startup-timing] t+281ms ensure-app-reachable-start trigger=startup
2026-05-14T01:41:07.659Z [startup] stage="Connecting hosted workspace" progress=78 accent=opening detail="Opening the remote NexusForge experience."
2026-05-14T01:41:07.830Z [startup-timing] t+406ms splash-did-finish-load
2026-05-14T01:41:09.738Z [tls] certificate bypass accepted for https://www.nexusforge.app/app (net::ERR_CERT_AUTHORITY_INVALID)
2026-05-14T01:41:09.970Z [tls] certificate bypass accepted for https://www.nexusforge.app/app (net::ERR_CERT_AUTHORITY_INVALID)
2026-05-14T01:41:12.871Z [startup-timing] t+5493ms main-ready-to-show
2026-05-14T01:41:12.872Z [startup-timing] t+5493ms handoff-reveal-scheduled hold=2200ms
2026-05-14T01:41:13.004Z [startup-timing] t+5626ms main-did-finish-load
2026-05-14T01:41:13.005Z [startup-timing] t+5627ms handoff-reveal-scheduled hold=2200ms
2026-05-14T01:41:13.005Z [startup-timing] t+5627ms hosted-target-connected target=https://www.nexusforge.app/app
2026-05-14T01:41:13.005Z [startup-timing] t+5627ms handoff-reveal-scheduled hold=2200ms
2026-05-14T01:41:13.006Z [startup] stage="Connecting hosted workspace" progress=78 accent=opening detail="Opening the remote NexusForge experience."
