2026-05-14T20:01:44.607Z [startup-timing] t+25ms app-when-ready
2026-05-14T20:01:44.608Z [startup-timing] log-path="D:\NEXUSFORGE GAMGING APP\apps\desktop\.network-smoke\local-35096-20260514-150143\startup.log"
2026-05-14T20:01:44.608Z [startup] stage="Booting desktop shell" progress=4 accent=warmup detail="Starting NexusForge Desktop."
2026-05-14T20:01:44.609Z [startup] stage="Preparing secure session" progress=18 accent=warmup detail="Resetting desktop storage before launch."
2026-05-14T20:01:44.618Z [startup] stage="Preparing secure session" progress=26 accent=ready detail="Desktop storage reset completed."
2026-05-14T20:01:44.619Z [startup] stage="Checking local services" progress=34 accent=checking detail="Verifying the app stack is reachable on ports 3000 and 4000."
2026-05-14T20:01:44.624Z [startup] stage="Local services ready" progress=66 accent=ready detail="The desktop stack answered on both ports."
2026-05-14T20:01:44.625Z [startup-timing] t+43ms splash-window-create
2026-05-14T20:01:44.679Z [startup-timing] t+97ms main-window-create
2026-05-14T20:01:44.696Z [startup] stage="Preparing launch" progress=72 accent=checking detail="Checking updates and final startup tasks."
2026-05-14T20:01:44.696Z [startup-timing] t+114ms ensure-app-reachable-start trigger=startup
2026-05-14T20:01:44.697Z [startup] stage="Opening app" progress=78 accent=opening detail="Connecting the desktop shell to NexusForge."
2026-05-14T20:01:44.697Z [startup] stage="Checking local services" progress=34 accent=checking detail="Verifying the app stack is reachable on ports 3000 and 4000."
2026-05-14T20:01:44.738Z [startup] stage="Local services ready" progress=66 accent=ready detail="The desktop stack answered on both ports."
2026-05-14T20:01:44.808Z [startup-timing] t+226ms splash-did-finish-load
2026-05-14T20:01:45.300Z [startup-timing] t+718ms main-ready-to-show
2026-05-14T20:01:45.301Z [startup-timing] t+718ms handoff-reveal-scheduled hold=2200ms
2026-05-14T20:01:45.522Z [startup-timing] t+940ms main-did-finish-load
2026-05-14T20:01:45.523Z [startup-timing] t+941ms handoff-reveal-scheduled hold=2200ms
2026-05-14T20:01:45.523Z [startup-timing] t+941ms local-target-connected target=http://localhost:3000/app
2026-05-14T20:01:45.523Z [startup-timing] t+941ms handoff-reveal-scheduled hold=2200ms
2026-05-14T20:01:45.524Z [startup] stage="Local services ready" progress=66 accent=ready detail="The desktop stack answered on both ports."
2026-05-14T20:01:45.563Z [startup] stage="Checking local services" progress=34 accent=checking detail="Verifying the app stack is reachable on ports 3000 and 4000."
2026-05-14T20:01:45.565Z [startup] stage="Local services ready" progress=66 accent=ready detail="The desktop stack answered on both ports."
