2026-05-14T03:50:24.720Z [startup-timing] t+25ms app-when-ready
2026-05-14T03:50:24.721Z [startup-timing] log-path="D:\NEXUSFORGE GAMGING APP\apps\desktop\.network-smoke\local-34820-20260513-225023\startup.log"
2026-05-14T03:50:24.721Z [startup] stage="Booting desktop shell" progress=4 accent=warmup detail="Starting NexusForge Desktop."
2026-05-14T03:50:24.722Z [startup] stage="Preparing secure session" progress=18 accent=warmup detail="Resetting desktop storage before launch."
2026-05-14T03:50:24.729Z [startup] stage="Preparing secure session" progress=26 accent=ready detail="Desktop storage reset completed."
2026-05-14T03:50:24.729Z [startup] stage="Checking local services" progress=34 accent=checking detail="Verifying the app stack is reachable on ports 3000 and 4000."
2026-05-14T03:50:24.734Z [startup] stage="Local services ready" progress=66 accent=ready detail="The desktop stack answered on both ports."
2026-05-14T03:50:24.735Z [startup-timing] t+40ms splash-window-create
2026-05-14T03:50:24.780Z [startup-timing] t+85ms main-window-create
2026-05-14T03:50:24.794Z [startup] stage="Preparing launch" progress=72 accent=checking detail="Checking updates and final startup tasks."
2026-05-14T03:50:24.795Z [startup-timing] t+100ms ensure-app-reachable-start trigger=startup
2026-05-14T03:50:24.795Z [startup] stage="Opening app" progress=78 accent=opening detail="Connecting the desktop shell to NexusForge."
2026-05-14T03:50:24.795Z [startup] stage="Checking local services" progress=34 accent=checking detail="Verifying the app stack is reachable on ports 3000 and 4000."
2026-05-14T03:50:24.835Z [startup] stage="Local services ready" progress=66 accent=ready detail="The desktop stack answered on both ports."
2026-05-14T03:50:24.907Z [startup-timing] t+211ms splash-did-finish-load
2026-05-14T03:50:25.364Z [startup-timing] t+669ms main-ready-to-show
2026-05-14T03:50:25.365Z [startup-timing] t+670ms handoff-reveal-scheduled hold=2200ms
2026-05-14T03:50:25.562Z [startup-timing] t+867ms main-did-finish-load
2026-05-14T03:50:25.563Z [startup-timing] t+868ms handoff-reveal-scheduled hold=2200ms
2026-05-14T03:50:25.563Z [startup-timing] t+868ms local-target-connected target=http://localhost:3000/app
2026-05-14T03:50:25.563Z [startup-timing] t+868ms handoff-reveal-scheduled hold=2200ms
2026-05-14T03:50:25.563Z [startup] stage="Local services ready" progress=66 accent=ready detail="The desktop stack answered on both ports."
2026-05-14T03:50:25.580Z [startup] stage="Checking local services" progress=34 accent=checking detail="Verifying the app stack is reachable on ports 3000 and 4000."
2026-05-14T03:50:25.581Z [startup] stage="Local services ready" progress=66 accent=ready detail="The desktop stack answered on both ports."
