2026-05-14T03:39:47.140Z [startup-timing] t+24ms app-when-ready
2026-05-14T03:39:47.140Z [startup-timing] log-path="D:\NEXUSFORGE GAMGING APP\apps\desktop\.network-smoke\local-39796-20260513-223946\startup.log"
2026-05-14T03:39:47.141Z [startup] stage="Booting desktop shell" progress=4 accent=warmup detail="Starting NexusForge Desktop."
2026-05-14T03:39:47.141Z [startup] stage="Preparing secure session" progress=18 accent=warmup detail="Resetting desktop storage before launch."
2026-05-14T03:39:47.148Z [startup] stage="Preparing secure session" progress=26 accent=ready detail="Desktop storage reset completed."
2026-05-14T03:39:47.149Z [startup] stage="Checking local services" progress=34 accent=checking detail="Verifying the app stack is reachable on ports 3000 and 4000."
2026-05-14T03:39:47.155Z [startup] stage="Local services ready" progress=66 accent=ready detail="The desktop stack answered on both ports."
2026-05-14T03:39:47.155Z [startup-timing] t+40ms splash-window-create
2026-05-14T03:39:47.202Z [startup-timing] t+87ms main-window-create
2026-05-14T03:39:47.216Z [startup] stage="Preparing launch" progress=72 accent=checking detail="Checking updates and final startup tasks."
2026-05-14T03:39:47.217Z [startup-timing] t+101ms ensure-app-reachable-start trigger=startup
2026-05-14T03:39:47.217Z [startup] stage="Opening app" progress=78 accent=opening detail="Connecting the desktop shell to NexusForge."
2026-05-14T03:39:47.217Z [startup] stage="Checking local services" progress=34 accent=checking detail="Verifying the app stack is reachable on ports 3000 and 4000."
2026-05-14T03:39:47.258Z [startup] stage="Local services ready" progress=66 accent=ready detail="The desktop stack answered on both ports."
2026-05-14T03:39:47.325Z [startup-timing] t+210ms splash-did-finish-load
2026-05-14T03:39:47.777Z [startup-timing] t+662ms main-ready-to-show
2026-05-14T03:39:47.777Z [startup-timing] t+662ms handoff-reveal-scheduled hold=2200ms
2026-05-14T03:39:47.938Z [startup-timing] t+822ms main-did-finish-load
2026-05-14T03:39:47.938Z [startup-timing] t+823ms handoff-reveal-scheduled hold=2200ms
2026-05-14T03:39:47.938Z [startup-timing] t+823ms local-target-connected target=http://localhost:3000/app
2026-05-14T03:39:47.939Z [startup-timing] t+823ms handoff-reveal-scheduled hold=2200ms
2026-05-14T03:39:47.939Z [startup] stage="Local services ready" progress=66 accent=ready detail="The desktop stack answered on both ports."
2026-05-14T03:39:47.960Z [startup] stage="Checking local services" progress=34 accent=checking detail="Verifying the app stack is reachable on ports 3000 and 4000."
2026-05-14T03:39:47.961Z [startup] stage="Local services ready" progress=66 accent=ready detail="The desktop stack answered on both ports."
