2026-05-14T20:03:27.142Z [startup-timing] t+27ms app-when-ready
2026-05-14T20:03:27.142Z [startup-timing] log-path="D:\NEXUSFORGE GAMGING APP\apps\desktop\.network-smoke\hosted-41288-20260514-150323\startup.log"
2026-05-14T20:03:27.142Z [startup] stage="Booting desktop shell" progress=4 accent=warmup detail="Starting NexusForge Desktop."
2026-05-14T20:03:27.143Z [startup] stage="Preparing secure session" progress=18 accent=warmup detail="Resetting desktop storage before launch."
2026-05-14T20:03:27.143Z [startup] stage="Connecting hosted workspace" progress=32 accent=opening detail="Opening the remote NexusForge experience."
2026-05-14T20:03:27.143Z [startup-timing] t+29ms splash-window-create
2026-05-14T20:03:27.201Z [startup-timing] t+87ms main-window-create
2026-05-14T20:03:27.221Z [startup] stage="Preparing launch" progress=72 accent=checking detail="Checking updates and final startup tasks."
2026-05-14T20:03:27.221Z [startup-timing] t+107ms ensure-app-reachable-start trigger=startup
2026-05-14T20:03:27.222Z [startup] stage="Connecting hosted workspace" progress=78 accent=opening detail="Opening the remote NexusForge experience."
2026-05-14T20:03:27.350Z [startup-timing] t+228ms splash-did-finish-load
2026-05-14T20:03:28.125Z [tls] certificate bypass accepted for https://www.nexusforge.app/app (net::ERR_CERT_AUTHORITY_INVALID)
2026-05-14T20:03:28.379Z [tls] certificate bypass accepted for https://www.nexusforge.app/app (net::ERR_CERT_AUTHORITY_INVALID)
2026-05-14T20:03:32.797Z [startup-timing] t+5683ms main-ready-to-show
2026-05-14T20:03:32.797Z [startup-timing] t+5683ms handoff-reveal-scheduled hold=2200ms
2026-05-14T20:03:32.935Z [startup-timing] t+5821ms main-did-finish-load
2026-05-14T20:03:32.935Z [startup-timing] t+5821ms handoff-reveal-scheduled hold=2200ms
2026-05-14T20:03:32.936Z [startup-timing] t+5822ms hosted-target-connected target=https://www.nexusforge.app/app
2026-05-14T20:03:32.936Z [startup-timing] t+5822ms handoff-reveal-scheduled hold=2200ms
2026-05-14T20:03:32.937Z [startup] stage="Connecting hosted workspace" progress=78 accent=opening detail="Opening the remote NexusForge experience."
