2026-05-14T20:00:04.962Z [startup-timing] t+28ms app-when-ready
2026-05-14T20:00:04.963Z [startup-timing] log-path="D:\NEXUSFORGE GAMGING APP\apps\desktop\.network-smoke\local-40972-20260514-150003\startup.log"
2026-05-14T20:00:04.963Z [startup] stage="Booting desktop shell" progress=4 accent=warmup detail="Starting NexusForge Desktop."
2026-05-14T20:00:04.964Z [startup] stage="Preparing secure session" progress=18 accent=warmup detail="Resetting desktop storage before launch."
2026-05-14T20:00:04.971Z [startup] stage="Preparing secure session" progress=26 accent=ready detail="Desktop storage reset completed."
2026-05-14T20:00:04.971Z [startup] stage="Checking local services" progress=34 accent=checking detail="Verifying the app stack is reachable on ports 3000 and 4000."
2026-05-14T20:00:04.979Z [startup] stage="Local services ready" progress=66 accent=ready detail="The desktop stack answered on both ports."
2026-05-14T20:00:04.980Z [startup-timing] t+46ms splash-window-create
2026-05-14T20:00:05.034Z [startup-timing] t+100ms main-window-create
2026-05-14T20:00:05.052Z [startup] stage="Preparing launch" progress=72 accent=checking detail="Checking updates and final startup tasks."
2026-05-14T20:00:05.052Z [startup-timing] t+118ms ensure-app-reachable-start trigger=startup
2026-05-14T20:00:05.053Z [startup] stage="Opening app" progress=78 accent=opening detail="Connecting the desktop shell to NexusForge."
2026-05-14T20:00:05.053Z [startup] stage="Checking local services" progress=34 accent=checking detail="Verifying the app stack is reachable on ports 3000 and 4000."
2026-05-14T20:00:05.253Z [startup] stage="Local services ready" progress=66 accent=ready detail="The desktop stack answered on both ports."
2026-05-14T20:00:05.816Z [startup-timing] t+882ms main-ready-to-show
2026-05-14T20:00:05.816Z [startup-timing] t+882ms handoff-reveal-scheduled hold=2200ms
2026-05-14T20:00:05.839Z [startup-timing] t+905ms splash-did-finish-load
2026-05-14T20:00:06.050Z [startup-timing] t+1115ms main-did-finish-load
2026-05-14T20:00:06.050Z [startup-timing] t+1116ms handoff-reveal-scheduled hold=2200ms
2026-05-14T20:00:06.050Z [startup-timing] t+1116ms local-target-connected target=http://localhost:3000/app
2026-05-14T20:00:06.051Z [startup-timing] t+1117ms handoff-reveal-scheduled hold=2200ms
2026-05-14T20:00:06.051Z [startup] stage="Local services ready" progress=66 accent=ready detail="The desktop stack answered on both ports."
2026-05-14T20:00:06.073Z [startup] stage="Checking local services" progress=34 accent=checking detail="Verifying the app stack is reachable on ports 3000 and 4000."
2026-05-14T20:00:06.075Z [startup] stage="Local services ready" progress=66 accent=ready detail="The desktop stack answered on both ports."
