
2026-05-15T00:04:20.495Z [startup-timing] t+32ms app-when-ready
2026-05-15T00:04:20.496Z [startup-timing] log-path="D:\NEXUSFORGE GAMGING APP\apps\desktop\.network-smoke\hosted-45436-20260514-190416\startup.log"
2026-05-15T00:04:20.497Z [startup] stage="Booting desktop shell" progress=4 accent=warmup detail="Starting NexusForge Desktop."
2026-05-15T00:04:20.498Z [startup] stage="Preparing secure session" progress=18 accent=warmup detail="Resetting desktop storage before launch."
2026-05-15T00:04:20.498Z [startup] stage="Connecting hosted workspace" progress=32 accent=opening detail="Opening the remote NexusForge experience."
2026-05-15T00:04:20.527Z [startup-timing] t+64ms splash-window-create
2026-05-15T00:04:20.620Z [startup-timing] t+157ms main-window-create
2026-05-15T00:04:20.670Z [startup] stage="Preparing launch" progress=72 accent=checking detail="Checking updates and final startup tasks."
2026-05-15T00:04:20.671Z [startup-timing] t+208ms ensure-app-reachable-start trigger=startup
2026-05-15T00:04:20.671Z [startup] stage="Connecting hosted workspace" progress=78 accent=opening detail="Opening the remote NexusForge experience."
2026-05-15T00:04:20.913Z [startup-timing] t+449ms splash-did-finish-load
2026-05-15T00:04:21.549Z [tls] certificate bypass accepted for https://www.nexusforge.app/app (net::ERR_CERT_AUTHORITY_INVALID)
2026-05-15T00:04:21.796Z [tls] certificate bypass accepted for https://www.nexusforge.app/app (net::ERR_CERT_AUTHORITY_INVALID)
2026-05-15T00:04:24.805Z [startup-timing] t+4341ms main-ready-to-show
2026-05-15T00:04:24.805Z [startup-timing] t+4342ms handoff-reveal-scheduled hold=2200ms
2026-05-15T00:04:24.875Z [startup-timing] t+4412ms main-did-finish-load
2026-05-15T00:04:24.876Z [startup-timing] t+4413ms handoff-reveal-scheduled hold=2200ms
2026-05-15T00:04:24.876Z [startup-timing] t+4413ms hosted-target-connected target=https://www.nexusforge.app/app
2026-05-15T00:04:24.877Z [startup-timing] t+4413ms handoff-reveal-scheduled hold=2200ms
2026-05-15T00:04:24.877Z [startup] stage="Connecting hosted workspace" progress=78 accent=opening detail="Opening the remote NexusForge experience."
