2026-05-14T04:02:36.148Z [startup-timing] t+24ms app-when-ready
2026-05-14T04:02:36.149Z [startup-timing] log-path="D:\NEXUSFORGE GAMGING APP\apps\desktop\.network-smoke\local-8024-20260513-230235\startup.log"
2026-05-14T04:02:36.149Z [startup] stage="Booting desktop shell" progress=4 accent=warmup detail="Starting NexusForge Desktop."
2026-05-14T04:02:36.149Z [startup] stage="Preparing secure session" progress=18 accent=warmup detail="Resetting desktop storage before launch."
2026-05-14T04:02:36.157Z [startup] stage="Preparing secure session" progress=26 accent=ready detail="Desktop storage reset completed."
2026-05-14T04:02:36.157Z [startup] stage="Checking local services" progress=34 accent=checking detail="Verifying the app stack is reachable on ports 3000 and 4000."
2026-05-14T04:02:36.163Z [startup] stage="Local services ready" progress=66 accent=ready detail="The desktop stack answered on both ports."
2026-05-14T04:02:36.163Z [startup-timing] t+39ms splash-window-create
2026-05-14T04:02:36.211Z [startup-timing] t+87ms main-window-create
2026-05-14T04:02:36.225Z [startup] stage="Preparing launch" progress=72 accent=checking detail="Checking updates and final startup tasks."
2026-05-14T04:02:36.226Z [startup-timing] t+102ms ensure-app-reachable-start trigger=startup
2026-05-14T04:02:36.226Z [startup] stage="Opening app" progress=78 accent=opening detail="Connecting the desktop shell to NexusForge."
2026-05-14T04:02:36.227Z [startup] stage="Checking local services" progress=34 accent=checking detail="Verifying the app stack is reachable on ports 3000 and 4000."
2026-05-14T04:02:36.269Z [startup] stage="Local services ready" progress=66 accent=ready detail="The desktop stack answered on both ports."
2026-05-14T04:02:36.341Z [startup-timing] t+217ms splash-did-finish-load
2026-05-14T04:02:36.790Z [startup-timing] t+665ms main-ready-to-show
2026-05-14T04:02:36.790Z [startup-timing] t+666ms handoff-reveal-scheduled hold=2200ms
2026-05-14T04:02:36.958Z [startup-timing] t+834ms main-did-finish-load
2026-05-14T04:02:36.959Z [startup-timing] t+834ms handoff-reveal-scheduled hold=2200ms
2026-05-14T04:02:36.959Z [startup-timing] t+835ms local-target-connected target=http://localhost:3000/app
2026-05-14T04:02:36.959Z [startup-timing] t+835ms handoff-reveal-scheduled hold=2200ms
2026-05-14T04:02:36.959Z [startup] stage="Local services ready" progress=66 accent=ready detail="The desktop stack answered on both ports."
2026-05-14T04:02:36.978Z [startup] stage="Checking local services" progress=34 accent=checking detail="Verifying the app stack is reachable on ports 3000 and 4000."
2026-05-14T04:02:36.980Z [startup] stage="Local services ready" progress=66 accent=ready detail="The desktop stack answered on both ports."
