
2026-05-14T22:24:03.504Z [startup-timing] t+27ms app-when-ready
2026-05-14T22:24:03.505Z [startup-timing] log-path="D:\NEXUSFORGE GAMGING APP\apps\desktop\.network-smoke\hosted-29428-20260514-172359\startup.log"
2026-05-14T22:24:03.505Z [startup] stage="Booting desktop shell" progress=4 accent=warmup detail="Starting NexusForge Desktop."
2026-05-14T22:24:03.506Z [startup] stage="Preparing secure session" progress=18 accent=warmup detail="Resetting desktop storage before launch."
2026-05-14T22:24:03.508Z [startup] stage="Connecting hosted workspace" progress=32 accent=opening detail="Opening the remote NexusForge experience."
2026-05-14T22:24:03.534Z [startup-timing] t+57ms splash-window-create
2026-05-14T22:24:03.617Z [startup-timing] t+140ms main-window-create
2026-05-14T22:24:03.649Z [startup] stage="Preparing launch" progress=72 accent=checking detail="Checking updates and final startup tasks."
2026-05-14T22:24:03.650Z [startup-timing] t+173ms ensure-app-reachable-start trigger=startup
2026-05-14T22:24:03.650Z [startup] stage="Connecting hosted workspace" progress=78 accent=opening detail="Opening the remote NexusForge experience."
2026-05-14T22:24:03.780Z [startup-timing] t+302ms splash-did-finish-load
2026-05-14T22:24:04.502Z [tls] certificate bypass accepted for https://www.nexusforge.app/app (net::ERR_CERT_AUTHORITY_INVALID)
2026-05-14T22:24:04.745Z [tls] certificate bypass accepted for https://www.nexusforge.app/app (net::ERR_CERT_AUTHORITY_INVALID)
2026-05-14T22:24:09.151Z [startup-timing] t+5674ms main-ready-to-show
2026-05-14T22:24:09.152Z [startup-timing] t+5674ms handoff-reveal-scheduled hold=2200ms
2026-05-14T22:24:09.226Z [startup-timing] t+5749ms main-did-finish-load
2026-05-14T22:24:09.226Z [startup-timing] t+5749ms handoff-reveal-scheduled hold=2200ms
2026-05-14T22:24:09.226Z [startup-timing] t+5749ms hosted-target-connected target=https://www.nexusforge.app/app
2026-05-14T22:24:09.227Z [startup-timing] t+5750ms handoff-reveal-scheduled hold=2200ms
2026-05-14T22:24:09.227Z [startup] stage="Connecting hosted workspace" progress=78 accent=opening detail="Opening the remote NexusForge experience."
