2026-05-14T03:10:00.131Z [startup-timing] t+26ms app-when-ready
2026-05-14T03:10:00.132Z [startup-timing] log-path="D:\NEXUSFORGE GAMGING APP\apps\desktop\.network-smoke\hosted-39024-20260513-220956\startup.log"
2026-05-14T03:10:00.132Z [startup] stage="Booting desktop shell" progress=4 accent=warmup detail="Starting NexusForge Desktop."
2026-05-14T03:10:00.133Z [startup] stage="Preparing secure session" progress=18 accent=warmup detail="Resetting desktop storage before launch."
2026-05-14T03:10:00.133Z [startup] stage="Connecting hosted workspace" progress=32 accent=opening detail="Opening the remote NexusForge experience."
2026-05-14T03:10:00.133Z [startup-timing] t+28ms splash-window-create
2026-05-14T03:10:00.187Z [startup-timing] t+82ms main-window-create
2026-05-14T03:10:00.204Z [startup] stage="Preparing launch" progress=72 accent=checking detail="Checking updates and final startup tasks."
2026-05-14T03:10:00.205Z [startup-timing] t+100ms ensure-app-reachable-start trigger=startup
2026-05-14T03:10:00.205Z [startup] stage="Connecting hosted workspace" progress=78 accent=opening detail="Opening the remote NexusForge experience."
2026-05-14T03:10:00.325Z [startup-timing] t+220ms splash-did-finish-load
2026-05-14T03:10:01.027Z [tls] certificate bypass accepted for https://www.nexusforge.app/app (net::ERR_CERT_AUTHORITY_INVALID)
2026-05-14T03:10:01.320Z [tls] certificate bypass accepted for https://www.nexusforge.app/app (net::ERR_CERT_AUTHORITY_INVALID)
2026-05-14T03:10:04.249Z [startup-timing] t+4144ms main-ready-to-show
2026-05-14T03:10:04.250Z [startup-timing] t+4144ms handoff-reveal-scheduled hold=2200ms
2026-05-14T03:10:04.386Z [startup-timing] t+4281ms main-did-finish-load
2026-05-14T03:10:04.386Z [startup-timing] t+4281ms handoff-reveal-scheduled hold=2200ms
2026-05-14T03:10:04.386Z [startup-timing] t+4281ms hosted-target-connected target=https://www.nexusforge.app/app
2026-05-14T03:10:04.386Z [startup-timing] t+4281ms handoff-reveal-scheduled hold=2200ms
2026-05-14T03:10:04.387Z [startup] stage="Connecting hosted workspace" progress=78 accent=opening detail="Opening the remote NexusForge experience."
