2026-05-14T03:29:11.953Z [startup-timing] t+26ms app-when-ready
2026-05-14T03:29:11.954Z [startup-timing] log-path="D:\NEXUSFORGE GAMGING APP\apps\desktop\.network-smoke\hosted-5980-20260513-222908\startup.log"
2026-05-14T03:29:11.954Z [startup] stage="Booting desktop shell" progress=4 accent=warmup detail="Starting NexusForge Desktop."
2026-05-14T03:29:11.954Z [startup] stage="Preparing secure session" progress=18 accent=warmup detail="Resetting desktop storage before launch."
2026-05-14T03:29:11.954Z [startup] stage="Connecting hosted workspace" progress=32 accent=opening detail="Opening the remote NexusForge experience."
2026-05-14T03:29:11.955Z [startup-timing] t+28ms splash-window-create
2026-05-14T03:29:12.003Z [startup-timing] t+76ms main-window-create
2026-05-14T03:29:12.022Z [startup] stage="Preparing launch" progress=72 accent=checking detail="Checking updates and final startup tasks."
2026-05-14T03:29:12.023Z [startup-timing] t+95ms ensure-app-reachable-start trigger=startup
2026-05-14T03:29:12.023Z [startup] stage="Connecting hosted workspace" progress=78 accent=opening detail="Opening the remote NexusForge experience."
2026-05-14T03:29:12.136Z [startup-timing] t+209ms splash-did-finish-load
2026-05-14T03:29:12.866Z [tls] certificate bypass accepted for https://www.nexusforge.app/app (net::ERR_CERT_AUTHORITY_INVALID)
2026-05-14T03:29:13.160Z [tls] certificate bypass accepted for https://www.nexusforge.app/app (net::ERR_CERT_AUTHORITY_INVALID)
2026-05-14T03:29:16.175Z [startup-timing] t+4247ms main-ready-to-show
2026-05-14T03:29:16.175Z [startup-timing] t+4248ms handoff-reveal-scheduled hold=2200ms
2026-05-14T03:29:16.269Z [startup-timing] t+4342ms main-did-finish-load
2026-05-14T03:29:16.269Z [startup-timing] t+4342ms handoff-reveal-scheduled hold=2200ms
2026-05-14T03:29:16.270Z [startup-timing] t+4343ms hosted-target-connected target=https://www.nexusforge.app/app
2026-05-14T03:29:16.270Z [startup-timing] t+4343ms handoff-reveal-scheduled hold=2200ms
2026-05-14T03:29:16.270Z [startup] stage="Connecting hosted workspace" progress=78 accent=opening detail="Opening the remote NexusForge experience."
