
2026-05-15T00:33:45.218Z [startup-timing] t+26ms app-when-ready
2026-05-15T00:33:45.219Z [startup-timing] log-path="D:\NEXUSFORGE GAMGING APP\apps\desktop\.network-smoke\hosted-13444-20260514-193342\startup.log"
2026-05-15T00:33:45.219Z [startup] stage="Booting desktop shell" progress=4 accent=warmup detail="Starting NexusForge Desktop."
2026-05-15T00:33:45.220Z [startup] stage="Preparing secure session" progress=18 accent=warmup detail="Resetting desktop storage before launch."
2026-05-15T00:33:45.220Z [startup] stage="Connecting hosted workspace" progress=32 accent=opening detail="Opening the remote NexusForge experience."
2026-05-15T00:33:45.245Z [startup-timing] t+52ms splash-window-create
2026-05-15T00:33:45.322Z [startup-timing] t+129ms main-window-create
2026-05-15T00:33:45.354Z [startup] stage="Preparing launch" progress=72 accent=checking detail="Checking updates and final startup tasks."
2026-05-15T00:33:45.354Z [startup-timing] t+162ms ensure-app-reachable-start trigger=startup
2026-05-15T00:33:45.354Z [startup] stage="Connecting hosted workspace" progress=78 accent=opening detail="Opening the remote NexusForge experience."
2026-05-15T00:33:45.489Z [startup-timing] t+295ms splash-did-finish-load
2026-05-15T00:33:46.215Z [tls] certificate bypass accepted for https://www.nexusforge.app/app (net::ERR_CERT_AUTHORITY_INVALID)
2026-05-15T00:33:46.478Z [tls] certificate bypass accepted for https://www.nexusforge.app/app (net::ERR_CERT_AUTHORITY_INVALID)
2026-05-15T00:33:49.852Z [startup-timing] t+4660ms main-ready-to-show
2026-05-15T00:33:49.853Z [startup-timing] t+4661ms handoff-reveal-scheduled hold=2200ms
2026-05-15T00:33:49.962Z [startup-timing] t+4770ms main-did-finish-load
2026-05-15T00:33:49.963Z [startup-timing] t+4771ms handoff-reveal-scheduled hold=2200ms
2026-05-15T00:33:49.963Z [startup-timing] t+4771ms hosted-target-connected target=https://www.nexusforge.app/app
2026-05-15T00:33:49.963Z [startup-timing] t+4771ms handoff-reveal-scheduled hold=2200ms
2026-05-15T00:33:49.964Z [startup] stage="Connecting hosted workspace" progress=78 accent=opening detail="Opening the remote NexusForge experience."
