2026-05-14T04:00:03.195Z [startup-timing] t+24ms app-when-ready
2026-05-14T04:00:03.195Z [startup-timing] log-path="D:\NEXUSFORGE GAMGING APP\apps\desktop\.network-smoke\local-30848-20260513-230002\startup.log"
2026-05-14T04:00:03.195Z [startup] stage="Booting desktop shell" progress=4 accent=warmup detail="Starting NexusForge Desktop."
2026-05-14T04:00:03.196Z [startup] stage="Preparing secure session" progress=18 accent=warmup detail="Resetting desktop storage before launch."
2026-05-14T04:00:03.203Z [startup] stage="Preparing secure session" progress=26 accent=ready detail="Desktop storage reset completed."
2026-05-14T04:00:03.204Z [startup] stage="Checking local services" progress=34 accent=checking detail="Verifying the app stack is reachable on ports 3000 and 4000."
2026-05-14T04:00:03.209Z [startup] stage="Local services ready" progress=66 accent=ready detail="The desktop stack answered on both ports."
2026-05-14T04:00:03.210Z [startup-timing] t+39ms splash-window-create
2026-05-14T04:00:03.250Z [startup-timing] t+79ms main-window-create
2026-05-14T04:00:03.265Z [startup] stage="Preparing launch" progress=72 accent=checking detail="Checking updates and final startup tasks."
2026-05-14T04:00:03.265Z [startup-timing] t+95ms ensure-app-reachable-start trigger=startup
2026-05-14T04:00:03.265Z [startup] stage="Opening app" progress=78 accent=opening detail="Connecting the desktop shell to NexusForge."
2026-05-14T04:00:03.266Z [startup] stage="Checking local services" progress=34 accent=checking detail="Verifying the app stack is reachable on ports 3000 and 4000."
2026-05-14T04:00:03.307Z [startup] stage="Local services ready" progress=66 accent=ready detail="The desktop stack answered on both ports."
2026-05-14T04:00:03.375Z [startup-timing] t+204ms splash-did-finish-load
2026-05-14T04:00:03.847Z [startup-timing] t+677ms main-ready-to-show
2026-05-14T04:00:03.847Z [startup-timing] t+677ms handoff-reveal-scheduled hold=2200ms
2026-05-14T04:00:04.039Z [startup-timing] t+868ms main-did-finish-load
2026-05-14T04:00:04.039Z [startup-timing] t+869ms handoff-reveal-scheduled hold=2200ms
2026-05-14T04:00:04.039Z [startup-timing] t+869ms local-target-connected target=http://localhost:3000/app
2026-05-14T04:00:04.040Z [startup-timing] t+870ms handoff-reveal-scheduled hold=2200ms
2026-05-14T04:00:04.040Z [startup] stage="Local services ready" progress=66 accent=ready detail="The desktop stack answered on both ports."
2026-05-14T04:00:04.060Z [startup] stage="Checking local services" progress=34 accent=checking detail="Verifying the app stack is reachable on ports 3000 and 4000."
2026-05-14T04:00:04.061Z [startup] stage="Local services ready" progress=66 accent=ready detail="The desktop stack answered on both ports."
