
2026-05-14T20:44:46.607Z [startup-timing] t+27ms app-when-ready
2026-05-14T20:44:46.608Z [startup-timing] log-path="D:\NEXUSFORGE GAMGING APP\apps\desktop\.network-smoke\hosted-18452-20260514-154355\startup.log"
2026-05-14T20:44:46.608Z [startup] stage="Booting desktop shell" progress=4 accent=warmup detail="Starting NexusForge Desktop."
2026-05-14T20:44:46.609Z [startup] stage="Preparing secure session" progress=18 accent=warmup detail="Resetting desktop storage before launch."
2026-05-14T20:44:46.609Z [startup] stage="Connecting hosted workspace" progress=32 accent=opening detail="Opening the remote NexusForge experience."
2026-05-14T20:44:46.609Z [startup-timing] t+29ms splash-window-create
2026-05-14T20:44:46.663Z [startup-timing] t+83ms main-window-create
2026-05-14T20:44:46.681Z [startup] stage="Preparing launch" progress=72 accent=checking detail="Checking updates and final startup tasks."
2026-05-14T20:44:46.681Z [startup-timing] t+101ms ensure-app-reachable-start trigger=startup
2026-05-14T20:44:46.682Z [startup] stage="Connecting hosted workspace" progress=78 accent=opening detail="Opening the remote NexusForge experience."
2026-05-14T20:44:46.800Z [startup-timing] t+220ms splash-did-finish-load
2026-05-14T20:44:48.882Z [tls] certificate bypass accepted for https://www.nexusforge.app/app (net::ERR_CERT_AUTHORITY_INVALID)
2026-05-14T20:44:49.591Z [tls] certificate bypass accepted for https://www.nexusforge.app/app (net::ERR_CERT_AUTHORITY_INVALID)
2026-05-14T20:45:12.822Z [startup-timing] t+26242ms main-ready-to-show
2026-05-14T20:45:12.823Z [startup-timing] t+26242ms handoff-reveal-scheduled hold=2200ms
2026-05-14T20:45:15.034Z [startup-timing] t+28454ms handoff-reveal-fire from-splash-to-main
2026-05-14T20:45:15.035Z [startup] stage="Opening NexusForge Desktop" progress=100 accent=ready detail="The workspace is ready. Bringing the app forward."
2026-05-14T20:45:15.073Z [startup-timing] t+28493ms main-window-show
2026-05-14T20:45:15.074Z [startup-timing] t+28493ms splash-window-close
2026-05-14T20:45:15.074Z [startup-timing] t+28494ms startup-handoff-complete
2026-05-14T20:45:15.649Z [startup-timing] t+29069ms main-did-finish-load
2026-05-14T20:45:15.649Z [startup-timing] t+29069ms handoff-reveal-scheduled hold=2200ms
2026-05-14T20:45:15.650Z [startup-timing] t+29070ms hosted-target-connected target=https://www.nexusforge.app/app
2026-05-14T20:45:15.650Z [startup-timing] t+29070ms handoff-reveal-scheduled hold=2200ms
2026-05-14T20:45:15.650Z [startup] stage="Opening NexusForge Desktop" progress=100 accent=ready detail="The workspace is ready. Bringing the app forward."
