
2026-05-14T20:37:55.663Z [startup-timing] t+29ms app-when-ready
2026-05-14T20:37:55.663Z [startup-timing] log-path="D:\NEXUSFORGE GAMGING APP\apps\desktop\.network-smoke\hosted-43916-20260514-153751\startup.log"
2026-05-14T20:37:55.664Z [startup] stage="Booting desktop shell" progress=4 accent=warmup detail="Starting NexusForge Desktop."
2026-05-14T20:37:55.664Z [startup] stage="Preparing secure session" progress=18 accent=warmup detail="Resetting desktop storage before launch."
2026-05-14T20:37:55.664Z [startup] stage="Connecting hosted workspace" progress=32 accent=opening detail="Opening the remote NexusForge experience."
2026-05-14T20:37:55.665Z [startup-timing] t+31ms splash-window-create
2026-05-14T20:37:55.731Z [startup-timing] t+97ms main-window-create
2026-05-14T20:37:55.748Z [startup] stage="Preparing launch" progress=72 accent=checking detail="Checking updates and final startup tasks."
2026-05-14T20:37:55.749Z [startup-timing] t+115ms ensure-app-reachable-start trigger=startup
2026-05-14T20:37:55.749Z [startup] stage="Connecting hosted workspace" progress=78 accent=opening detail="Opening the remote NexusForge experience."
2026-05-14T20:37:55.874Z [startup-timing] t+240ms splash-did-finish-load
2026-05-14T20:37:58.184Z [tls] certificate bypass accepted for https://www.nexusforge.app/app (net::ERR_CERT_AUTHORITY_INVALID)
2026-05-14T20:37:58.536Z [tls] certificate bypass accepted for https://www.nexusforge.app/app (net::ERR_CERT_AUTHORITY_INVALID)
2026-05-14T20:38:17.597Z [startup-timing] t+21962ms main-ready-to-show
2026-05-14T20:38:17.597Z [startup-timing] t+21963ms handoff-reveal-scheduled hold=2200ms
2026-05-14T20:38:18.275Z [startup-timing] t+22641ms main-did-finish-load
2026-05-14T20:38:18.275Z [startup-timing] t+22641ms handoff-reveal-scheduled hold=2200ms
2026-05-14T20:38:18.276Z [startup-timing] t+22641ms hosted-target-connected target=https://www.nexusforge.app/app
2026-05-14T20:38:18.276Z [startup-timing] t+22642ms handoff-reveal-scheduled hold=2200ms
2026-05-14T20:38:18.276Z [startup] stage="Connecting hosted workspace" progress=78 accent=opening detail="Opening the remote NexusForge experience."
