2026-05-14T03:16:01.390Z [startup-timing] t+24ms app-when-ready
2026-05-14T03:16:01.391Z [startup-timing] log-path="D:\NEXUSFORGE GAMGING APP\apps\desktop\.network-smoke\hosted-30316-20260513-221558\startup.log"
2026-05-14T03:16:01.391Z [startup] stage="Booting desktop shell" progress=4 accent=warmup detail="Starting NexusForge Desktop."
2026-05-14T03:16:01.392Z [startup] stage="Preparing secure session" progress=18 accent=warmup detail="Resetting desktop storage before launch."
2026-05-14T03:16:01.392Z [startup] stage="Connecting hosted workspace" progress=32 accent=opening detail="Opening the remote NexusForge experience."
2026-05-14T03:16:01.392Z [startup-timing] t+26ms splash-window-create
2026-05-14T03:16:01.443Z [startup-timing] t+76ms main-window-create
2026-05-14T03:16:01.459Z [startup] stage="Preparing launch" progress=72 accent=checking detail="Checking updates and final startup tasks."
2026-05-14T03:16:01.460Z [startup-timing] t+93ms ensure-app-reachable-start trigger=startup
2026-05-14T03:16:01.460Z [startup] stage="Connecting hosted workspace" progress=78 accent=opening detail="Opening the remote NexusForge experience."
2026-05-14T03:16:01.573Z [startup-timing] t+207ms splash-did-finish-load
2026-05-14T03:16:02.347Z [tls] certificate bypass accepted for https://www.nexusforge.app/app (net::ERR_CERT_AUTHORITY_INVALID)
2026-05-14T03:16:02.618Z [tls] certificate bypass accepted for https://www.nexusforge.app/app (net::ERR_CERT_AUTHORITY_INVALID)
2026-05-14T03:16:05.513Z [startup-timing] t+4146ms main-ready-to-show
2026-05-14T03:16:05.513Z [startup-timing] t+4147ms handoff-reveal-scheduled hold=2200ms
2026-05-14T03:16:05.606Z [startup-timing] t+4239ms main-did-finish-load
2026-05-14T03:16:05.606Z [startup-timing] t+4240ms handoff-reveal-scheduled hold=2200ms
2026-05-14T03:16:05.606Z [startup-timing] t+4240ms hosted-target-connected target=https://www.nexusforge.app/app
2026-05-14T03:16:05.607Z [startup-timing] t+4240ms handoff-reveal-scheduled hold=2200ms
2026-05-14T03:16:05.607Z [startup] stage="Connecting hosted workspace" progress=78 accent=opening detail="Opening the remote NexusForge experience."
