
2026-05-14T21:27:03.879Z [startup-timing] t+33ms app-when-ready
2026-05-14T21:27:03.880Z [startup-timing] log-path="D:\NEXUSFORGE GAMGING APP\apps\desktop\.network-smoke\hosted-19020-20260514-162659\startup.log"
2026-05-14T21:27:03.880Z [startup] stage="Booting desktop shell" progress=4 accent=warmup detail="Starting NexusForge Desktop."
2026-05-14T21:27:03.881Z [startup] stage="Preparing secure session" progress=18 accent=warmup detail="Resetting desktop storage before launch."
2026-05-14T21:27:03.881Z [startup] stage="Connecting hosted workspace" progress=32 accent=opening detail="Opening the remote NexusForge experience."
2026-05-14T21:27:03.910Z [startup-timing] t+64ms splash-window-create
2026-05-14T21:27:03.983Z [startup-timing] t+137ms main-window-create
2026-05-14T21:27:04.031Z [startup] stage="Preparing launch" progress=72 accent=checking detail="Checking updates and final startup tasks."
2026-05-14T21:27:04.032Z [startup-timing] t+186ms ensure-app-reachable-start trigger=startup
2026-05-14T21:27:04.032Z [startup] stage="Connecting hosted workspace" progress=78 accent=opening detail="Opening the remote NexusForge experience."
2026-05-14T21:27:04.268Z [startup-timing] t+422ms splash-did-finish-load
2026-05-14T21:27:04.917Z [tls] certificate bypass accepted for https://www.nexusforge.app/app (net::ERR_CERT_AUTHORITY_INVALID)
2026-05-14T21:27:05.152Z [tls] certificate bypass accepted for https://www.nexusforge.app/app (net::ERR_CERT_AUTHORITY_INVALID)
2026-05-14T21:27:08.113Z [startup-timing] t+4267ms main-ready-to-show
2026-05-14T21:27:08.114Z [startup-timing] t+4268ms handoff-reveal-scheduled hold=2200ms
2026-05-14T21:27:08.207Z [startup-timing] t+4361ms main-did-finish-load
2026-05-14T21:27:08.208Z [startup-timing] t+4362ms handoff-reveal-scheduled hold=2200ms
2026-05-14T21:27:08.208Z [startup-timing] t+4362ms hosted-target-connected target=https://www.nexusforge.app/app
2026-05-14T21:27:08.208Z [startup-timing] t+4362ms handoff-reveal-scheduled hold=2200ms
2026-05-14T21:27:08.209Z [startup] stage="Connecting hosted workspace" progress=78 accent=opening detail="Opening the remote NexusForge experience."
