
2026-05-14T21:26:09.669Z [startup-timing] t+31ms app-when-ready
2026-05-14T21:26:09.671Z [startup-timing] log-path="D:\NEXUSFORGE GAMGING APP\apps\desktop\.network-smoke\local-46208-20260514-162608\startup.log"
2026-05-14T21:26:09.672Z [startup] stage="Booting desktop shell" progress=4 accent=warmup detail="Starting NexusForge Desktop."
2026-05-14T21:26:09.673Z [startup] stage="Preparing secure session" progress=18 accent=warmup detail="Resetting desktop storage before launch."
2026-05-14T21:26:09.681Z [startup] stage="Preparing secure session" progress=26 accent=ready detail="Desktop storage reset completed."
2026-05-14T21:26:09.681Z [startup] stage="Checking local services" progress=34 accent=checking detail="Verifying the app stack is reachable on ports 3000 and 4000."
2026-05-14T21:26:09.689Z [startup] stage="Local services ready" progress=66 accent=ready detail="The desktop stack answered on both ports."
2026-05-14T21:26:09.718Z [startup-timing] t+80ms splash-window-create
2026-05-14T21:26:09.799Z [startup-timing] t+160ms main-window-create
2026-05-14T21:26:09.831Z [startup] stage="Preparing launch" progress=72 accent=checking detail="Checking updates and final startup tasks."
2026-05-14T21:26:09.832Z [startup-timing] t+194ms ensure-app-reachable-start trigger=startup
2026-05-14T21:26:09.832Z [startup] stage="Opening app" progress=78 accent=opening detail="Connecting the desktop shell to NexusForge."
2026-05-14T21:26:09.832Z [startup] stage="Checking local services" progress=34 accent=checking detail="Verifying the app stack is reachable on ports 3000 and 4000."
2026-05-14T21:26:09.887Z [startup] stage="Local services ready" progress=66 accent=ready detail="The desktop stack answered on both ports."
2026-05-14T21:26:09.986Z [startup-timing] t+348ms splash-did-finish-load
2026-05-14T21:26:10.485Z [startup-timing] t+846ms main-ready-to-show
2026-05-14T21:26:10.485Z [startup-timing] t+847ms handoff-reveal-scheduled hold=2200ms
2026-05-14T21:26:10.729Z [startup-timing] t+1091ms main-did-finish-load
2026-05-14T21:26:10.729Z [startup-timing] t+1091ms handoff-reveal-scheduled hold=2200ms
2026-05-14T21:26:10.729Z [startup-timing] t+1091ms local-target-connected target=http://localhost:3000/app
2026-05-14T21:26:10.730Z [startup-timing] t+1092ms handoff-reveal-scheduled hold=2200ms
2026-05-14T21:26:10.730Z [startup] stage="Local services ready" progress=66 accent=ready detail="The desktop stack answered on both ports."
2026-05-14T21:26:10.759Z [startup] stage="Checking local services" progress=34 accent=checking detail="Verifying the app stack is reachable on ports 3000 and 4000."
2026-05-14T21:26:10.761Z [startup] stage="Local services ready" progress=66 accent=ready detail="The desktop stack answered on both ports."
