2026-05-14T04:04:57.231Z [startup-timing] t+26ms app-when-ready
2026-05-14T04:04:57.232Z [startup-timing] log-path="D:\NEXUSFORGE GAMGING APP\apps\desktop\.network-smoke\hosted-40416-20260513-230454\startup.log"
2026-05-14T04:04:57.232Z [startup] stage="Booting desktop shell" progress=4 accent=warmup detail="Starting NexusForge Desktop."
2026-05-14T04:04:57.232Z [startup] stage="Preparing secure session" progress=18 accent=warmup detail="Resetting desktop storage before launch."
2026-05-14T04:04:57.233Z [startup] stage="Connecting hosted workspace" progress=32 accent=opening detail="Opening the remote NexusForge experience."
2026-05-14T04:04:57.233Z [startup-timing] t+28ms splash-window-create
2026-05-14T04:04:57.283Z [startup-timing] t+77ms main-window-create
2026-05-14T04:04:57.300Z [startup] stage="Preparing launch" progress=72 accent=checking detail="Checking updates and final startup tasks."
2026-05-14T04:04:57.300Z [startup-timing] t+95ms ensure-app-reachable-start trigger=startup
2026-05-14T04:04:57.301Z [startup] stage="Connecting hosted workspace" progress=78 accent=opening detail="Opening the remote NexusForge experience."
2026-05-14T04:04:57.422Z [startup-timing] t+216ms splash-did-finish-load
2026-05-14T04:04:58.250Z [tls] certificate bypass accepted for https://www.nexusforge.app/app (net::ERR_CERT_AUTHORITY_INVALID)
2026-05-14T04:04:58.506Z [tls] certificate bypass accepted for https://www.nexusforge.app/app (net::ERR_CERT_AUTHORITY_INVALID)
2026-05-14T04:05:02.336Z [startup-timing] t+5131ms main-ready-to-show
2026-05-14T04:05:02.336Z [startup-timing] t+5131ms handoff-reveal-scheduled hold=2200ms
2026-05-14T04:05:02.467Z [startup-timing] t+5262ms main-did-finish-load
2026-05-14T04:05:02.468Z [startup-timing] t+5262ms handoff-reveal-scheduled hold=2200ms
2026-05-14T04:05:02.468Z [startup-timing] t+5263ms hosted-target-connected target=https://www.nexusforge.app/app
2026-05-14T04:05:02.468Z [startup-timing] t+5263ms handoff-reveal-scheduled hold=2200ms
2026-05-14T04:05:02.468Z [startup] stage="Connecting hosted workspace" progress=78 accent=opening detail="Opening the remote NexusForge experience."
