2026-05-13T23:47:41.673Z [startup-timing] t+24ms app-when-ready
2026-05-13T23:47:41.674Z [startup-timing] log-path="D:\NEXUSFORGE GAMGING APP\apps\desktop\.network-smoke\hosted-37596-20260513-184738\startup.log"
2026-05-13T23:47:41.674Z [startup] stage="Booting desktop shell" progress=4 accent=warmup detail="Starting NexusForge Desktop."
2026-05-13T23:47:41.675Z [startup] stage="Preparing secure session" progress=18 accent=warmup detail="Resetting desktop storage before launch."
2026-05-13T23:47:41.675Z [startup] stage="Connecting hosted workspace" progress=32 accent=opening detail="Opening the remote NexusForge experience."
2026-05-13T23:47:41.675Z [startup-timing] t+26ms splash-window-create
2026-05-13T23:47:41.722Z [startup-timing] t+73ms main-window-create
2026-05-13T23:47:41.740Z [startup] stage="Preparing launch" progress=72 accent=checking detail="Checking updates and final startup tasks."
2026-05-13T23:47:41.740Z [startup-timing] t+91ms ensure-app-reachable-start trigger=startup
2026-05-13T23:47:41.741Z [startup] stage="Connecting hosted workspace" progress=78 accent=opening detail="Opening the remote NexusForge experience."
2026-05-13T23:47:41.850Z [startup-timing] t+201ms splash-did-finish-load
2026-05-13T23:47:42.604Z [tls] certificate bypass accepted for https://www.nexusforge.app/app (net::ERR_CERT_AUTHORITY_INVALID)
2026-05-13T23:47:42.851Z [tls] certificate bypass accepted for https://www.nexusforge.app/app (net::ERR_CERT_AUTHORITY_INVALID)
2026-05-13T23:47:45.670Z [startup-timing] t+4021ms main-ready-to-show
2026-05-13T23:47:45.670Z [startup-timing] t+4021ms handoff-reveal-scheduled hold=2200ms
2026-05-13T23:47:45.801Z [startup-timing] t+4152ms main-did-finish-load
2026-05-13T23:47:45.802Z [startup-timing] t+4153ms handoff-reveal-scheduled hold=2200ms
2026-05-13T23:47:45.802Z [startup-timing] t+4153ms hosted-target-connected target=https://www.nexusforge.app/app
2026-05-13T23:47:45.802Z [startup-timing] t+4153ms handoff-reveal-scheduled hold=2200ms
2026-05-13T23:47:45.802Z [startup] stage="Connecting hosted workspace" progress=78 accent=opening detail="Opening the remote NexusForge experience."
