
2026-05-14T20:46:24.116Z [startup-timing] t+28ms app-when-ready
2026-05-14T20:46:24.117Z [startup-timing] log-path="D:\NEXUSFORGE GAMGING APP\apps\desktop\.network-smoke\hosted-44552-20260514-154620\startup.log"
2026-05-14T20:46:24.117Z [startup] stage="Booting desktop shell" progress=4 accent=warmup detail="Starting NexusForge Desktop."
2026-05-14T20:46:24.118Z [startup] stage="Preparing secure session" progress=18 accent=warmup detail="Resetting desktop storage before launch."
2026-05-14T20:46:24.118Z [startup] stage="Connecting hosted workspace" progress=32 accent=opening detail="Opening the remote NexusForge experience."
2026-05-14T20:46:24.118Z [startup-timing] t+30ms splash-window-create
2026-05-14T20:46:24.172Z [startup-timing] t+84ms main-window-create
2026-05-14T20:46:24.191Z [startup] stage="Preparing launch" progress=72 accent=checking detail="Checking updates and final startup tasks."
2026-05-14T20:46:24.192Z [startup-timing] t+104ms ensure-app-reachable-start trigger=startup
2026-05-14T20:46:24.192Z [startup] stage="Connecting hosted workspace" progress=78 accent=opening detail="Opening the remote NexusForge experience."
2026-05-14T20:46:24.318Z [startup-timing] t+229ms splash-did-finish-load
2026-05-14T20:46:27.146Z [tls] certificate bypass accepted for https://www.nexusforge.app/app (net::ERR_CERT_AUTHORITY_INVALID)
2026-05-14T20:46:27.575Z [tls] certificate bypass accepted for https://www.nexusforge.app/app (net::ERR_CERT_AUTHORITY_INVALID)
2026-05-14T20:47:33.680Z [startup-timing] t+69592ms main-ready-to-show
2026-05-14T20:47:33.681Z [startup-timing] t+69593ms handoff-reveal-scheduled hold=2200ms
2026-05-14T20:47:33.681Z [startup-timing] t+69593ms main-did-finish-load
2026-05-14T20:47:33.682Z [startup-timing] t+69593ms handoff-reveal-scheduled hold=2200ms
2026-05-14T20:47:33.682Z [startup-timing] t+69594ms hosted-target-connected target=https://www.nexusforge.app/app
2026-05-14T20:47:33.682Z [startup-timing] t+69594ms handoff-reveal-scheduled hold=2200ms
2026-05-14T20:47:33.682Z [startup] stage="Connecting hosted workspace" progress=78 accent=opening detail="Opening the remote NexusForge experience."
2026-05-14T20:47:35.889Z [startup-timing] t+71801ms handoff-reveal-fire from-splash-to-main
2026-05-14T20:47:35.889Z [startup] stage="Opening NexusForge Desktop" progress=100 accent=ready detail="The workspace is ready. Bringing the app forward."
2026-05-14T20:47:35.900Z [startup-timing] t+71812ms main-window-show
2026-05-14T20:47:35.901Z [startup-timing] t+71813ms startup-handoff-complete
