 ⨯ Error: Cannot find module './207.js'
Require stack:
- D:\NEXUSFORGE GAMGING APP\apps\web\.next\server\webpack-runtime.js
- D:\NEXUSFORGE GAMGING APP\apps\web\.next\server\app\beta\page.js
- D:\NEXUSFORGE GAMGING APP\node_modules\next\dist\server\require.js
- D:\NEXUSFORGE GAMGING APP\node_modules\next\dist\server\load-components.js
- D:\NEXUSFORGE GAMGING APP\node_modules\next\dist\build\utils.js
- D:\NEXUSFORGE GAMGING APP\node_modules\next\dist\build\swc\options.js
- D:\NEXUSFORGE GAMGING APP\node_modules\next\dist\build\swc\index.js
- D:\NEXUSFORGE GAMGING APP\node_modules\next\dist\build\next-config-ts\transpile-config.js
- D:\NEXUSFORGE GAMGING APP\node_modules\next\dist\server\config.js
- D:\NEXUSFORGE GAMGING APP\node_modules\next\dist\server\next.js
- D:\NEXUSFORGE GAMGING APP\node_modules\next\dist\server\lib\start-server.js
    at __webpack_require__.f.require (D:\NEXUSFORGE GAMGING APP\apps\web\.next\server\webpack-runtime.js:198:28)
    at <unknown> (D:\NEXUSFORGE GAMGING APP\apps\web\.next\server\webpack-runtime.js:111:40)
    at Array.reduce (<anonymous>)
    at __webpack_require__.e (D:\NEXUSFORGE GAMGING APP\apps\web\.next\server\webpack-runtime.js:110:67)
    at Array.map (<anonymous>)
    at __webpack_require__.X (D:\NEXUSFORGE GAMGING APP\apps\web\.next\server\webpack-runtime.js:162:22)
    at <unknown> (D:\NEXUSFORGE GAMGING APP\apps\web\.next\server\app\beta\checklist\page.js:1:7336)
    at Object.<anonymous> (D:\NEXUSFORGE GAMGING APP\apps\web\.next\server\app\beta\checklist\page.js:1:7390) {
  code: 'MODULE_NOT_FOUND',
  requireStack: [Array],
  page: '/beta/checklist'
}
