
2026-05-14T22:51:01.029Z [startup-timing] t+29ms app-when-ready
2026-05-14T22:51:01.029Z [startup-timing] log-path="D:\NEXUSFORGE GAMGING APP\apps\desktop\.network-smoke\local-30816-20260514-175059\startup.log"
2026-05-14T22:51:01.030Z [startup] stage="Booting desktop shell" progress=4 accent=warmup detail="Starting NexusForge Desktop."
2026-05-14T22:51:01.031Z [startup] stage="Preparing secure session" progress=18 accent=warmup detail="Resetting desktop storage before launch."
2026-05-14T22:51:01.038Z [startup] stage="Preparing secure session" progress=26 accent=ready detail="Desktop storage reset completed."
2026-05-14T22:51:01.039Z [startup] stage="Checking local services" progress=34 accent=checking detail="Verifying the app stack is reachable on ports 3000 and 4000."
2026-05-14T22:51:01.043Z [startup] stage="Local services ready" progress=66 accent=ready detail="The desktop stack answered on both ports."
2026-05-14T22:51:01.073Z [startup-timing] t+73ms splash-window-create
2026-05-14T22:51:01.153Z [startup-timing] t+153ms main-window-create
2026-05-14T22:51:01.182Z [startup] stage="Preparing launch" progress=72 accent=checking detail="Checking updates and final startup tasks."
2026-05-14T22:51:01.182Z [startup-timing] t+182ms ensure-app-reachable-start trigger=startup
2026-05-14T22:51:01.183Z [startup] stage="Opening app" progress=78 accent=opening detail="Connecting the desktop shell to NexusForge."
2026-05-14T22:51:01.183Z [startup] stage="Checking local services" progress=34 accent=checking detail="Verifying the app stack is reachable on ports 3000 and 4000."
2026-05-14T22:51:01.229Z [startup] stage="Local services ready" progress=66 accent=ready detail="The desktop stack answered on both ports."
2026-05-14T22:51:01.312Z [startup-timing] t+311ms splash-did-finish-load
2026-05-14T22:51:01.889Z [startup-timing] t+888ms main-ready-to-show
2026-05-14T22:51:01.889Z [startup-timing] t+889ms handoff-reveal-scheduled hold=2200ms
2026-05-14T22:51:02.079Z [startup-timing] t+1079ms main-did-finish-load
2026-05-14T22:51:02.080Z [startup-timing] t+1080ms handoff-reveal-scheduled hold=2200ms
2026-05-14T22:51:02.080Z [startup-timing] t+1080ms local-target-connected target=http://localhost:3000/app
2026-05-14T22:51:02.080Z [startup-timing] t+1080ms handoff-reveal-scheduled hold=2200ms
2026-05-14T22:51:02.081Z [startup] stage="Local services ready" progress=66 accent=ready detail="The desktop stack answered on both ports."
2026-05-14T22:51:02.108Z [startup] stage="Checking local services" progress=34 accent=checking detail="Verifying the app stack is reachable on ports 3000 and 4000."
2026-05-14T22:51:02.109Z [startup] stage="Local services ready" progress=66 accent=ready detail="The desktop stack answered on both ports."
