
2026-05-14T21:41:49.437Z [startup-timing] t+27ms app-when-ready
2026-05-14T21:41:49.437Z [startup-timing] log-path="D:\NEXUSFORGE GAMGING APP\apps\desktop\.network-smoke\hosted-31916-20260514-164145\startup.log"
2026-05-14T21:41:49.438Z [startup] stage="Booting desktop shell" progress=4 accent=warmup detail="Starting NexusForge Desktop."
2026-05-14T21:41:49.438Z [startup] stage="Preparing secure session" progress=18 accent=warmup detail="Resetting desktop storage before launch."
2026-05-14T21:41:49.438Z [startup] stage="Connecting hosted workspace" progress=32 accent=opening detail="Opening the remote NexusForge experience."
2026-05-14T21:41:49.467Z [startup-timing] t+58ms splash-window-create
2026-05-14T21:41:49.546Z [startup-timing] t+136ms main-window-create
2026-05-14T21:41:49.581Z [startup] stage="Preparing launch" progress=72 accent=checking detail="Checking updates and final startup tasks."
2026-05-14T21:41:49.582Z [startup-timing] t+173ms ensure-app-reachable-start trigger=startup
2026-05-14T21:41:49.582Z [startup] stage="Connecting hosted workspace" progress=78 accent=opening detail="Opening the remote NexusForge experience."
2026-05-14T21:41:49.723Z [startup-timing] t+314ms splash-did-finish-load
2026-05-14T21:41:50.467Z [tls] certificate bypass accepted for https://www.nexusforge.app/app (net::ERR_CERT_AUTHORITY_INVALID)
2026-05-14T21:41:50.744Z [tls] certificate bypass accepted for https://www.nexusforge.app/app (net::ERR_CERT_AUTHORITY_INVALID)
2026-05-14T21:41:53.740Z [startup-timing] t+4331ms main-ready-to-show
2026-05-14T21:41:53.741Z [startup-timing] t+4331ms handoff-reveal-scheduled hold=2200ms
2026-05-14T21:41:53.822Z [startup-timing] t+4413ms main-did-finish-load
2026-05-14T21:41:53.822Z [startup-timing] t+4413ms handoff-reveal-scheduled hold=2200ms
2026-05-14T21:41:53.822Z [startup-timing] t+4413ms hosted-target-connected target=https://www.nexusforge.app/app
2026-05-14T21:41:53.823Z [startup-timing] t+4414ms handoff-reveal-scheduled hold=2200ms
2026-05-14T21:41:53.823Z [startup] stage="Connecting hosted workspace" progress=78 accent=opening detail="Opening the remote NexusForge experience."
