2026-05-14T03:15:59.265Z [startup-timing] t+25ms app-when-ready
2026-05-14T03:15:59.265Z [startup-timing] log-path="D:\NEXUSFORGE GAMGING APP\apps\desktop\.network-smoke\local-30316-20260513-221558\startup.log"
2026-05-14T03:15:59.265Z [startup] stage="Booting desktop shell" progress=4 accent=warmup detail="Starting NexusForge Desktop."
2026-05-14T03:15:59.266Z [startup] stage="Preparing secure session" progress=18 accent=warmup detail="Resetting desktop storage before launch."
2026-05-14T03:15:59.273Z [startup] stage="Preparing secure session" progress=26 accent=ready detail="Desktop storage reset completed."
2026-05-14T03:15:59.274Z [startup] stage="Checking local services" progress=34 accent=checking detail="Verifying the app stack is reachable on ports 3000 and 4000."
2026-05-14T03:15:59.279Z [startup] stage="Local services ready" progress=66 accent=ready detail="The desktop stack answered on both ports."
2026-05-14T03:15:59.279Z [startup-timing] t+40ms splash-window-create
2026-05-14T03:15:59.326Z [startup-timing] t+87ms main-window-create
2026-05-14T03:15:59.340Z [startup] stage="Preparing launch" progress=72 accent=checking detail="Checking updates and final startup tasks."
2026-05-14T03:15:59.340Z [startup-timing] t+101ms ensure-app-reachable-start trigger=startup
2026-05-14T03:15:59.340Z [startup] stage="Opening app" progress=78 accent=opening detail="Connecting the desktop shell to NexusForge."
2026-05-14T03:15:59.341Z [startup] stage="Checking local services" progress=34 accent=checking detail="Verifying the app stack is reachable on ports 3000 and 4000."
2026-05-14T03:15:59.380Z [startup] stage="Local services ready" progress=66 accent=ready detail="The desktop stack answered on both ports."
2026-05-14T03:15:59.448Z [startup-timing] t+209ms splash-did-finish-load
2026-05-14T03:15:59.934Z [startup-timing] t+695ms main-ready-to-show
2026-05-14T03:15:59.934Z [startup-timing] t+695ms handoff-reveal-scheduled hold=2200ms
2026-05-14T03:16:00.131Z [startup-timing] t+891ms main-did-finish-load
2026-05-14T03:16:00.131Z [startup-timing] t+892ms handoff-reveal-scheduled hold=2200ms
2026-05-14T03:16:00.132Z [startup-timing] t+892ms local-target-connected target=http://localhost:3000/app
2026-05-14T03:16:00.132Z [startup-timing] t+893ms handoff-reveal-scheduled hold=2200ms
2026-05-14T03:16:00.132Z [startup] stage="Local services ready" progress=66 accent=ready detail="The desktop stack answered on both ports."
2026-05-14T03:16:00.154Z [startup] stage="Checking local services" progress=34 accent=checking detail="Verifying the app stack is reachable on ports 3000 and 4000."
2026-05-14T03:16:00.155Z [startup] stage="Local services ready" progress=66 accent=ready detail="The desktop stack answered on both ports."
