2026-05-14T04:30:35.641Z [startup-timing] t+23ms app-when-ready
2026-05-14T04:30:35.642Z [startup-timing] log-path="D:\NEXUSFORGE GAMGING APP\apps\desktop\.network-smoke\local-40468-20260513-233034\startup.log"
2026-05-14T04:30:35.642Z [startup] stage="Booting desktop shell" progress=4 accent=warmup detail="Starting NexusForge Desktop."
2026-05-14T04:30:35.643Z [startup] stage="Preparing secure session" progress=18 accent=warmup detail="Resetting desktop storage before launch."
2026-05-14T04:30:35.651Z [startup] stage="Preparing secure session" progress=26 accent=ready detail="Desktop storage reset completed."
2026-05-14T04:30:35.652Z [startup] stage="Checking local services" progress=34 accent=checking detail="Verifying the app stack is reachable on ports 3000 and 4000."
2026-05-14T04:30:35.657Z [startup] stage="Local services ready" progress=66 accent=ready detail="The desktop stack answered on both ports."
2026-05-14T04:30:35.657Z [startup-timing] t+39ms splash-window-create
2026-05-14T04:30:35.700Z [startup-timing] t+82ms main-window-create
2026-05-14T04:30:35.714Z [startup] stage="Preparing launch" progress=72 accent=checking detail="Checking updates and final startup tasks."
2026-05-14T04:30:35.714Z [startup-timing] t+96ms ensure-app-reachable-start trigger=startup
2026-05-14T04:30:35.715Z [startup] stage="Opening app" progress=78 accent=opening detail="Connecting the desktop shell to NexusForge."
2026-05-14T04:30:35.715Z [startup] stage="Checking local services" progress=34 accent=checking detail="Verifying the app stack is reachable on ports 3000 and 4000."
2026-05-14T04:30:35.753Z [startup] stage="Local services ready" progress=66 accent=ready detail="The desktop stack answered on both ports."
2026-05-14T04:30:35.821Z [startup-timing] t+203ms splash-did-finish-load
2026-05-14T04:30:36.275Z [startup-timing] t+657ms main-ready-to-show
2026-05-14T04:30:36.276Z [startup-timing] t+658ms handoff-reveal-scheduled hold=2200ms
2026-05-14T04:30:36.437Z [startup-timing] t+819ms main-did-finish-load
2026-05-14T04:30:36.438Z [startup-timing] t+820ms handoff-reveal-scheduled hold=2200ms
2026-05-14T04:30:36.438Z [startup-timing] t+820ms local-target-connected target=http://localhost:3000/app
2026-05-14T04:30:36.439Z [startup-timing] t+820ms handoff-reveal-scheduled hold=2200ms
2026-05-14T04:30:36.439Z [startup] stage="Local services ready" progress=66 accent=ready detail="The desktop stack answered on both ports."
2026-05-14T04:30:36.457Z [startup] stage="Checking local services" progress=34 accent=checking detail="Verifying the app stack is reachable on ports 3000 and 4000."
2026-05-14T04:30:36.458Z [startup] stage="Local services ready" progress=66 accent=ready detail="The desktop stack answered on both ports."
