
2026-05-14T21:41:46.779Z [startup-timing] t+32ms app-when-ready
2026-05-14T21:41:46.779Z [startup-timing] log-path="D:\NEXUSFORGE GAMGING APP\apps\desktop\.network-smoke\local-31916-20260514-164145\startup.log"
2026-05-14T21:41:46.780Z [startup] stage="Booting desktop shell" progress=4 accent=warmup detail="Starting NexusForge Desktop."
2026-05-14T21:41:46.781Z [startup] stage="Preparing secure session" progress=18 accent=warmup detail="Resetting desktop storage before launch."
2026-05-14T21:41:46.788Z [startup] stage="Preparing secure session" progress=26 accent=ready detail="Desktop storage reset completed."
2026-05-14T21:41:46.789Z [startup] stage="Checking local services" progress=34 accent=checking detail="Verifying the app stack is reachable on ports 3000 and 4000."
2026-05-14T21:41:46.801Z [startup] stage="Local services ready" progress=66 accent=ready detail="The desktop stack answered on both ports."
2026-05-14T21:41:46.830Z [startup-timing] t+84ms splash-window-create
2026-05-14T21:41:46.916Z [startup-timing] t+170ms main-window-create
2026-05-14T21:41:46.953Z [startup] stage="Preparing launch" progress=72 accent=checking detail="Checking updates and final startup tasks."
2026-05-14T21:41:46.954Z [startup-timing] t+208ms ensure-app-reachable-start trigger=startup
2026-05-14T21:41:46.954Z [startup] stage="Opening app" progress=78 accent=opening detail="Connecting the desktop shell to NexusForge."
2026-05-14T21:41:46.954Z [startup] stage="Checking local services" progress=34 accent=checking detail="Verifying the app stack is reachable on ports 3000 and 4000."
2026-05-14T21:41:47.020Z [startup] stage="Local services ready" progress=66 accent=ready detail="The desktop stack answered on both ports."
2026-05-14T21:41:47.114Z [startup-timing] t+368ms splash-did-finish-load
2026-05-14T21:41:47.627Z [startup-timing] t+881ms main-ready-to-show
2026-05-14T21:41:47.628Z [startup-timing] t+882ms handoff-reveal-scheduled hold=2200ms
2026-05-14T21:41:47.812Z [startup-timing] t+1065ms main-did-finish-load
2026-05-14T21:41:47.812Z [startup-timing] t+1066ms handoff-reveal-scheduled hold=2200ms
2026-05-14T21:41:47.813Z [startup-timing] t+1066ms local-target-connected target=http://localhost:3000/app
2026-05-14T21:41:47.813Z [startup-timing] t+1067ms handoff-reveal-scheduled hold=2200ms
2026-05-14T21:41:47.813Z [startup] stage="Local services ready" progress=66 accent=ready detail="The desktop stack answered on both ports."
2026-05-14T21:41:47.835Z [startup] stage="Checking local services" progress=34 accent=checking detail="Verifying the app stack is reachable on ports 3000 and 4000."
2026-05-14T21:41:47.837Z [startup] stage="Local services ready" progress=66 accent=ready detail="The desktop stack answered on both ports."
