
2026-05-14T21:29:01.345Z [startup-timing] t+30ms app-when-ready
2026-05-14T21:29:01.345Z [startup-timing] log-path="D:\NEXUSFORGE GAMGING APP\apps\desktop\.network-smoke\local-46428-20260514-162900\startup.log"
2026-05-14T21:29:01.346Z [startup] stage="Booting desktop shell" progress=4 accent=warmup detail="Starting NexusForge Desktop."
2026-05-14T21:29:01.346Z [startup] stage="Preparing secure session" progress=18 accent=warmup detail="Resetting desktop storage before launch."
2026-05-14T21:29:01.355Z [startup] stage="Preparing secure session" progress=26 accent=ready detail="Desktop storage reset completed."
2026-05-14T21:29:01.355Z [startup] stage="Checking local services" progress=34 accent=checking detail="Verifying the app stack is reachable on ports 3000 and 4000."
2026-05-14T21:29:01.362Z [startup] stage="Local services ready" progress=66 accent=ready detail="The desktop stack answered on both ports."
2026-05-14T21:29:01.391Z [startup-timing] t+76ms splash-window-create
2026-05-14T21:29:01.471Z [startup-timing] t+155ms main-window-create
2026-05-14T21:29:01.508Z [startup] stage="Preparing launch" progress=72 accent=checking detail="Checking updates and final startup tasks."
2026-05-14T21:29:01.509Z [startup-timing] t+194ms ensure-app-reachable-start trigger=startup
2026-05-14T21:29:01.509Z [startup] stage="Opening app" progress=78 accent=opening detail="Connecting the desktop shell to NexusForge."
2026-05-14T21:29:01.510Z [startup] stage="Checking local services" progress=34 accent=checking detail="Verifying the app stack is reachable on ports 3000 and 4000."
2026-05-14T21:29:01.559Z [startup] stage="Local services ready" progress=66 accent=ready detail="The desktop stack answered on both ports."
2026-05-14T21:29:01.651Z [startup-timing] t+336ms splash-did-finish-load
2026-05-14T21:29:02.178Z [startup-timing] t+863ms main-ready-to-show
2026-05-14T21:29:02.179Z [startup-timing] t+864ms handoff-reveal-scheduled hold=2200ms
2026-05-14T21:29:02.436Z [startup-timing] t+1121ms main-did-finish-load
2026-05-14T21:29:02.437Z [startup-timing] t+1121ms handoff-reveal-scheduled hold=2200ms
2026-05-14T21:29:02.437Z [startup-timing] t+1122ms local-target-connected target=http://localhost:3000/app
2026-05-14T21:29:02.437Z [startup-timing] t+1122ms handoff-reveal-scheduled hold=2200ms
2026-05-14T21:29:02.438Z [startup] stage="Local services ready" progress=66 accent=ready detail="The desktop stack answered on both ports."
2026-05-14T21:29:02.476Z [startup] stage="Checking local services" progress=34 accent=checking detail="Verifying the app stack is reachable on ports 3000 and 4000."
2026-05-14T21:29:02.478Z [startup] stage="Local services ready" progress=66 accent=ready detail="The desktop stack answered on both ports."
