2026-05-13T23:47:26.744Z [startup-timing] t+24ms app-when-ready
2026-05-13T23:47:26.745Z [startup-timing] log-path="D:\NEXUSFORGE GAMGING APP\apps\desktop\.network-smoke\hosted-32152-20260513-184723\startup.log"
2026-05-13T23:47:26.745Z [startup] stage="Booting desktop shell" progress=4 accent=warmup detail="Starting NexusForge Desktop."
2026-05-13T23:47:26.745Z [startup] stage="Preparing secure session" progress=18 accent=warmup detail="Resetting desktop storage before launch."
2026-05-13T23:47:26.746Z [startup] stage="Connecting hosted workspace" progress=32 accent=opening detail="Opening the remote NexusForge experience."
2026-05-13T23:47:26.746Z [startup-timing] t+26ms splash-window-create
2026-05-13T23:47:26.790Z [startup-timing] t+70ms main-window-create
2026-05-13T23:47:26.807Z [startup] stage="Preparing launch" progress=72 accent=checking detail="Checking updates and final startup tasks."
2026-05-13T23:47:26.807Z [startup-timing] t+87ms ensure-app-reachable-start trigger=startup
2026-05-13T23:47:26.808Z [startup] stage="Connecting hosted workspace" progress=78 accent=opening detail="Opening the remote NexusForge experience."
2026-05-13T23:47:26.919Z [startup-timing] t+195ms splash-did-finish-load
2026-05-13T23:47:27.755Z [tls] certificate bypass accepted for https://www.nexusforge.app/app (net::ERR_CERT_AUTHORITY_INVALID)
2026-05-13T23:47:27.996Z [tls] certificate bypass accepted for https://www.nexusforge.app/app (net::ERR_CERT_AUTHORITY_INVALID)
2026-05-13T23:47:30.868Z [startup-timing] t+4148ms main-ready-to-show
2026-05-13T23:47:30.868Z [startup-timing] t+4148ms handoff-reveal-scheduled hold=2200ms
2026-05-13T23:47:30.962Z [startup-timing] t+4242ms main-did-finish-load
2026-05-13T23:47:30.962Z [startup-timing] t+4242ms handoff-reveal-scheduled hold=2200ms
2026-05-13T23:47:30.962Z [startup-timing] t+4242ms hosted-target-connected target=https://www.nexusforge.app/app
2026-05-13T23:47:30.963Z [startup-timing] t+4243ms handoff-reveal-scheduled hold=2200ms
2026-05-13T23:47:30.963Z [startup] stage="Connecting hosted workspace" progress=78 accent=opening detail="Opening the remote NexusForge experience."
