2026-05-14T03:52:44.855Z [startup-timing] t+25ms app-when-ready
2026-05-14T03:52:44.856Z [startup-timing] log-path="D:\NEXUSFORGE GAMGING APP\apps\desktop\.network-smoke\local-38612-20260513-225243\startup.log"
2026-05-14T03:52:44.856Z [startup] stage="Booting desktop shell" progress=4 accent=warmup detail="Starting NexusForge Desktop."
2026-05-14T03:52:44.856Z [startup] stage="Preparing secure session" progress=18 accent=warmup detail="Resetting desktop storage before launch."
2026-05-14T03:52:44.864Z [startup] stage="Preparing secure session" progress=26 accent=ready detail="Desktop storage reset completed."
2026-05-14T03:52:44.864Z [startup] stage="Checking local services" progress=34 accent=checking detail="Verifying the app stack is reachable on ports 3000 and 4000."
2026-05-14T03:52:44.869Z [startup] stage="Local services ready" progress=66 accent=ready detail="The desktop stack answered on both ports."
2026-05-14T03:52:44.870Z [startup-timing] t+39ms splash-window-create
2026-05-14T03:52:44.918Z [startup-timing] t+88ms main-window-create
2026-05-14T03:52:44.932Z [startup] stage="Preparing launch" progress=72 accent=checking detail="Checking updates and final startup tasks."
2026-05-14T03:52:44.933Z [startup-timing] t+103ms ensure-app-reachable-start trigger=startup
2026-05-14T03:52:44.933Z [startup] stage="Opening app" progress=78 accent=opening detail="Connecting the desktop shell to NexusForge."
2026-05-14T03:52:44.933Z [startup] stage="Checking local services" progress=34 accent=checking detail="Verifying the app stack is reachable on ports 3000 and 4000."
2026-05-14T03:52:44.976Z [startup] stage="Local services ready" progress=66 accent=ready detail="The desktop stack answered on both ports."
2026-05-14T03:52:45.052Z [startup-timing] t+222ms splash-did-finish-load
2026-05-14T03:52:45.496Z [startup-timing] t+666ms main-ready-to-show
2026-05-14T03:52:45.496Z [startup-timing] t+666ms handoff-reveal-scheduled hold=2200ms
2026-05-14T03:52:45.660Z [startup-timing] t+829ms main-did-finish-load
2026-05-14T03:52:45.660Z [startup-timing] t+830ms handoff-reveal-scheduled hold=2200ms
2026-05-14T03:52:45.660Z [startup-timing] t+830ms local-target-connected target=http://localhost:3000/app
2026-05-14T03:52:45.660Z [startup-timing] t+830ms handoff-reveal-scheduled hold=2200ms
2026-05-14T03:52:45.661Z [startup] stage="Local services ready" progress=66 accent=ready detail="The desktop stack answered on both ports."
2026-05-14T03:52:45.679Z [startup] stage="Checking local services" progress=34 accent=checking detail="Verifying the app stack is reachable on ports 3000 and 4000."
2026-05-14T03:52:45.680Z [startup] stage="Local services ready" progress=66 accent=ready detail="The desktop stack answered on both ports."
