
2026-05-15T00:32:59.976Z [startup-timing] t+27ms app-when-ready
2026-05-15T00:32:59.977Z [startup-timing] log-path="D:\NEXUSFORGE GAMGING APP\apps\desktop\.network-smoke\local-6292-20260514-193258\startup.log"
2026-05-15T00:32:59.977Z [startup] stage="Booting desktop shell" progress=4 accent=warmup detail="Starting NexusForge Desktop."
2026-05-15T00:32:59.977Z [startup] stage="Preparing secure session" progress=18 accent=warmup detail="Resetting desktop storage before launch."
2026-05-15T00:32:59.986Z [startup] stage="Preparing secure session" progress=26 accent=ready detail="Desktop storage reset completed."
2026-05-15T00:32:59.986Z [startup] stage="Checking local services" progress=34 accent=checking detail="Verifying the app stack is reachable on ports 3000 and 4000."
2026-05-15T00:32:59.992Z [startup] stage="Local services ready" progress=66 accent=ready detail="The desktop stack answered on both ports."
2026-05-15T00:33:00.020Z [startup-timing] t+71ms splash-window-create
2026-05-15T00:33:00.108Z [startup-timing] t+158ms main-window-create
2026-05-15T00:33:00.139Z [startup] stage="Preparing launch" progress=72 accent=checking detail="Checking updates and final startup tasks."
2026-05-15T00:33:00.140Z [startup-timing] t+191ms ensure-app-reachable-start trigger=startup
2026-05-15T00:33:00.140Z [startup] stage="Opening app" progress=78 accent=opening detail="Connecting the desktop shell to NexusForge."
2026-05-15T00:33:00.140Z [startup] stage="Checking local services" progress=34 accent=checking detail="Verifying the app stack is reachable on ports 3000 and 4000."
2026-05-15T00:33:00.191Z [startup] stage="Local services ready" progress=66 accent=ready detail="The desktop stack answered on both ports."
2026-05-15T00:33:00.284Z [startup-timing] t+334ms splash-did-finish-load
2026-05-15T00:33:00.521Z [startup-timing] t+572ms main-ready-to-show
2026-05-15T00:33:00.522Z [startup-timing] t+573ms handoff-reveal-scheduled hold=2200ms
2026-05-15T00:33:00.548Z [startup-timing] t+599ms handoff-reveal-scheduled hold=2200ms
2026-05-15T00:33:00.549Z [startup-timing] t+599ms local-target-connected target=http://localhost:3000/app
2026-05-15T00:33:00.549Z [startup-timing] t+600ms handoff-reveal-scheduled hold=2200ms
2026-05-15T00:33:00.549Z [startup] stage="Local services ready" progress=66 accent=ready detail="The desktop stack answered on both ports."
