
2026-05-14T21:09:10.113Z [startup-timing] t+29ms app-when-ready
2026-05-14T21:09:10.113Z [startup-timing] log-path="D:\NEXUSFORGE GAMGING APP\apps\desktop\.network-smoke\hosted-10328-20260514-160906\startup.log"
2026-05-14T21:09:10.113Z [startup] stage="Booting desktop shell" progress=4 accent=warmup detail="Starting NexusForge Desktop."
2026-05-14T21:09:10.114Z [startup] stage="Preparing secure session" progress=18 accent=warmup detail="Resetting desktop storage before launch."
2026-05-14T21:09:10.114Z [startup] stage="Connecting hosted workspace" progress=32 accent=opening detail="Opening the remote NexusForge experience."
2026-05-14T21:09:10.114Z [startup-timing] t+30ms splash-window-create
2026-05-14T21:09:10.200Z [startup-timing] t+116ms main-window-create
2026-05-14T21:09:10.234Z [startup] stage="Preparing launch" progress=72 accent=checking detail="Checking updates and final startup tasks."
2026-05-14T21:09:10.235Z [startup-timing] t+150ms ensure-app-reachable-start trigger=startup
2026-05-14T21:09:10.235Z [startup] stage="Connecting hosted workspace" progress=78 accent=opening detail="Opening the remote NexusForge experience."
2026-05-14T21:09:10.383Z [startup-timing] t+299ms splash-did-finish-load
2026-05-14T21:09:11.126Z [tls] certificate bypass accepted for https://www.nexusforge.app/app (net::ERR_CERT_AUTHORITY_INVALID)
2026-05-14T21:09:11.341Z [tls] certificate bypass accepted for https://www.nexusforge.app/app (net::ERR_CERT_AUTHORITY_INVALID)
2026-05-14T21:09:14.316Z [startup-timing] t+4232ms main-ready-to-show
2026-05-14T21:09:14.317Z [startup-timing] t+4232ms handoff-reveal-scheduled hold=2200ms
2026-05-14T21:09:14.393Z [startup-timing] t+4309ms main-did-finish-load
2026-05-14T21:09:14.393Z [startup-timing] t+4309ms handoff-reveal-scheduled hold=2200ms
2026-05-14T21:09:14.393Z [startup-timing] t+4309ms hosted-target-connected target=https://www.nexusforge.app/app
2026-05-14T21:09:14.394Z [startup-timing] t+4310ms handoff-reveal-scheduled hold=2200ms
2026-05-14T21:09:14.394Z [startup] stage="Connecting hosted workspace" progress=78 accent=opening detail="Opening the remote NexusForge experience."
