2026-05-14T03:18:41.187Z [startup-timing] t+37ms app-when-ready
2026-05-14T03:18:41.187Z [startup-timing] log-path="D:\NEXUSFORGE GAMGING APP\apps\desktop\.network-smoke\local-39020-20260513-221840\startup.log"
2026-05-14T03:18:41.187Z [startup] stage="Booting desktop shell" progress=4 accent=warmup detail="Starting NexusForge Desktop."
2026-05-14T03:18:41.188Z [startup] stage="Preparing secure session" progress=18 accent=warmup detail="Resetting desktop storage before launch."
2026-05-14T03:18:41.196Z [startup] stage="Preparing secure session" progress=26 accent=ready detail="Desktop storage reset completed."
2026-05-14T03:18:41.196Z [startup] stage="Checking local services" progress=34 accent=checking detail="Verifying the app stack is reachable on ports 3000 and 4000."
2026-05-14T03:18:41.202Z [startup] stage="Local services ready" progress=66 accent=ready detail="The desktop stack answered on both ports."
2026-05-14T03:18:41.202Z [startup-timing] t+53ms splash-window-create
2026-05-14T03:18:41.258Z [startup-timing] t+109ms main-window-create
2026-05-14T03:18:41.271Z [startup] stage="Preparing launch" progress=72 accent=checking detail="Checking updates and final startup tasks."
2026-05-14T03:18:41.272Z [startup-timing] t+123ms ensure-app-reachable-start trigger=startup
2026-05-14T03:18:41.272Z [startup] stage="Opening app" progress=78 accent=opening detail="Connecting the desktop shell to NexusForge."
2026-05-14T03:18:41.272Z [startup] stage="Checking local services" progress=34 accent=checking detail="Verifying the app stack is reachable on ports 3000 and 4000."
2026-05-14T03:18:41.314Z [startup] stage="Local services ready" progress=66 accent=ready detail="The desktop stack answered on both ports."
2026-05-14T03:18:41.383Z [startup-timing] t+234ms splash-did-finish-load
2026-05-14T03:18:41.912Z [startup-timing] t+763ms main-ready-to-show
2026-05-14T03:18:41.913Z [startup-timing] t+764ms handoff-reveal-scheduled hold=2200ms
2026-05-14T03:18:42.115Z [startup-timing] t+966ms main-did-finish-load
2026-05-14T03:18:42.116Z [startup-timing] t+966ms handoff-reveal-scheduled hold=2200ms
2026-05-14T03:18:42.116Z [startup-timing] t+967ms local-target-connected target=http://localhost:3000/app
2026-05-14T03:18:42.116Z [startup-timing] t+967ms handoff-reveal-scheduled hold=2200ms
2026-05-14T03:18:42.116Z [startup] stage="Local services ready" progress=66 accent=ready detail="The desktop stack answered on both ports."
2026-05-14T03:18:42.147Z [startup] stage="Checking local services" progress=34 accent=checking detail="Verifying the app stack is reachable on ports 3000 and 4000."
2026-05-14T03:18:42.149Z [startup] stage="Local services ready" progress=66 accent=ready detail="The desktop stack answered on both ports."
