2026-05-14T04:35:20.582Z [startup-timing] t+25ms app-when-ready
2026-05-14T04:35:20.582Z [startup-timing] log-path="D:\NEXUSFORGE GAMGING APP\apps\desktop\.network-smoke\hosted-37824-20260513-233517\startup.log"
2026-05-14T04:35:20.583Z [startup] stage="Booting desktop shell" progress=4 accent=warmup detail="Starting NexusForge Desktop."
2026-05-14T04:35:20.583Z [startup] stage="Preparing secure session" progress=18 accent=warmup detail="Resetting desktop storage before launch."
2026-05-14T04:35:20.583Z [startup] stage="Connecting hosted workspace" progress=32 accent=opening detail="Opening the remote NexusForge experience."
2026-05-14T04:35:20.583Z [startup-timing] t+26ms splash-window-create
2026-05-14T04:35:20.632Z [startup-timing] t+74ms main-window-create
2026-05-14T04:35:20.645Z [startup] stage="Preparing launch" progress=72 accent=checking detail="Checking updates and final startup tasks."
2026-05-14T04:35:20.646Z [startup-timing] t+88ms ensure-app-reachable-start trigger=startup
2026-05-14T04:35:20.646Z [startup] stage="Connecting hosted workspace" progress=78 accent=opening detail="Opening the remote NexusForge experience."
2026-05-14T04:35:20.754Z [startup-timing] t+197ms splash-did-finish-load
2026-05-14T04:35:21.524Z [tls] certificate bypass accepted for https://www.nexusforge.app/app (net::ERR_CERT_AUTHORITY_INVALID)
2026-05-14T04:35:21.789Z [tls] certificate bypass accepted for https://www.nexusforge.app/app (net::ERR_CERT_AUTHORITY_INVALID)
2026-05-14T04:35:24.766Z [startup-timing] t+4209ms main-ready-to-show
2026-05-14T04:35:24.766Z [startup-timing] t+4209ms handoff-reveal-scheduled hold=2200ms
2026-05-14T04:35:24.864Z [startup-timing] t+4307ms main-did-finish-load
2026-05-14T04:35:24.864Z [startup-timing] t+4307ms handoff-reveal-scheduled hold=2200ms
2026-05-14T04:35:24.864Z [startup-timing] t+4307ms hosted-target-connected target=https://www.nexusforge.app/app
2026-05-14T04:35:24.865Z [startup-timing] t+4308ms handoff-reveal-scheduled hold=2200ms
2026-05-14T04:35:24.865Z [startup] stage="Connecting hosted workspace" progress=78 accent=opening detail="Opening the remote NexusForge experience."
