2026-05-14T04:26:49.166Z [startup-timing] t+24ms app-when-ready
2026-05-14T04:26:49.167Z [startup-timing] log-path="D:\NEXUSFORGE GAMGING APP\apps\desktop\.network-smoke\hosted-25464-20260513-232646\startup.log"
2026-05-14T04:26:49.167Z [startup] stage="Booting desktop shell" progress=4 accent=warmup detail="Starting NexusForge Desktop."
2026-05-14T04:26:49.167Z [startup] stage="Preparing secure session" progress=18 accent=warmup detail="Resetting desktop storage before launch."
2026-05-14T04:26:49.168Z [startup] stage="Connecting hosted workspace" progress=32 accent=opening detail="Opening the remote NexusForge experience."
2026-05-14T04:26:49.168Z [startup-timing] t+26ms splash-window-create
2026-05-14T04:26:49.217Z [startup-timing] t+75ms main-window-create
2026-05-14T04:26:49.233Z [startup] stage="Preparing launch" progress=72 accent=checking detail="Checking updates and final startup tasks."
2026-05-14T04:26:49.233Z [startup-timing] t+91ms ensure-app-reachable-start trigger=startup
2026-05-14T04:26:49.234Z [startup] stage="Connecting hosted workspace" progress=78 accent=opening detail="Opening the remote NexusForge experience."
2026-05-14T04:26:49.348Z [startup-timing] t+205ms splash-did-finish-load
2026-05-14T04:26:50.125Z [tls] certificate bypass accepted for https://www.nexusforge.app/app (net::ERR_CERT_AUTHORITY_INVALID)
2026-05-14T04:26:50.361Z [tls] certificate bypass accepted for https://www.nexusforge.app/app (net::ERR_CERT_AUTHORITY_INVALID)
2026-05-14T04:26:54.730Z [startup-timing] t+5587ms main-ready-to-show
2026-05-14T04:26:54.730Z [startup-timing] t+5588ms handoff-reveal-scheduled hold=2200ms
2026-05-14T04:26:54.856Z [startup-timing] t+5713ms main-did-finish-load
2026-05-14T04:26:54.856Z [startup-timing] t+5714ms handoff-reveal-scheduled hold=2200ms
2026-05-14T04:26:54.856Z [startup-timing] t+5714ms hosted-target-connected target=https://www.nexusforge.app/app
2026-05-14T04:26:54.856Z [startup-timing] t+5714ms handoff-reveal-scheduled hold=2200ms
2026-05-14T04:26:54.857Z [startup] stage="Connecting hosted workspace" progress=78 accent=opening detail="Opening the remote NexusForge experience."
