
2026-05-14T22:47:13.347Z [startup-timing] t+31ms app-when-ready
2026-05-14T22:47:13.347Z [startup-timing] log-path="D:\NEXUSFORGE GAMGING APP\apps\desktop\.network-smoke\hosted-47992-20260514-174707\startup.log"
2026-05-14T22:47:13.348Z [startup] stage="Booting desktop shell" progress=4 accent=warmup detail="Starting NexusForge Desktop."
2026-05-14T22:47:13.348Z [startup] stage="Preparing secure session" progress=18 accent=warmup detail="Resetting desktop storage before launch."
2026-05-14T22:47:13.349Z [startup] stage="Connecting hosted workspace" progress=32 accent=opening detail="Opening the remote NexusForge experience."
2026-05-14T22:47:13.376Z [startup-timing] t+60ms splash-window-create
2026-05-14T22:47:13.465Z [startup-timing] t+149ms main-window-create
2026-05-14T22:47:13.506Z [startup] stage="Preparing launch" progress=72 accent=checking detail="Checking updates and final startup tasks."
2026-05-14T22:47:13.507Z [startup-timing] t+190ms ensure-app-reachable-start trigger=startup
2026-05-14T22:47:13.507Z [startup] stage="Connecting hosted workspace" progress=78 accent=opening detail="Opening the remote NexusForge experience."
2026-05-14T22:47:13.645Z [startup-timing] t+329ms splash-did-finish-load
2026-05-14T22:47:14.597Z [tls] certificate bypass accepted for https://www.nexusforge.app/app (net::ERR_CERT_AUTHORITY_INVALID)
2026-05-14T22:47:14.877Z [tls] certificate bypass accepted for https://www.nexusforge.app/app (net::ERR_CERT_AUTHORITY_INVALID)
2026-05-14T22:47:19.535Z [startup-timing] t+6219ms main-ready-to-show
2026-05-14T22:47:19.535Z [startup-timing] t+6219ms handoff-reveal-scheduled hold=2200ms
2026-05-14T22:47:19.753Z [startup-timing] t+6436ms main-did-finish-load
2026-05-14T22:47:19.753Z [startup-timing] t+6437ms handoff-reveal-scheduled hold=2200ms
2026-05-14T22:47:19.753Z [startup-timing] t+6437ms hosted-target-connected target=https://www.nexusforge.app/app
2026-05-14T22:47:19.753Z [startup-timing] t+6437ms handoff-reveal-scheduled hold=2200ms
2026-05-14T22:47:19.754Z [startup] stage="Connecting hosted workspace" progress=78 accent=opening detail="Opening the remote NexusForge experience."
