
2026-05-14T21:47:57.240Z [startup-timing] t+26ms app-when-ready
2026-05-14T21:47:57.240Z [startup-timing] log-path="D:\NEXUSFORGE GAMGING APP\apps\desktop\.network-smoke\hosted-41284-20260514-164753\startup.log"
2026-05-14T21:47:57.240Z [startup] stage="Booting desktop shell" progress=4 accent=warmup detail="Starting NexusForge Desktop."
2026-05-14T21:47:57.241Z [startup] stage="Preparing secure session" progress=18 accent=warmup detail="Resetting desktop storage before launch."
2026-05-14T21:47:57.241Z [startup] stage="Connecting hosted workspace" progress=32 accent=opening detail="Opening the remote NexusForge experience."
2026-05-14T21:47:57.266Z [startup-timing] t+52ms splash-window-create
2026-05-14T21:47:57.348Z [startup-timing] t+134ms main-window-create
2026-05-14T21:47:57.385Z [startup] stage="Preparing launch" progress=72 accent=checking detail="Checking updates and final startup tasks."
2026-05-14T21:47:57.386Z [startup-timing] t+172ms ensure-app-reachable-start trigger=startup
2026-05-14T21:47:57.386Z [startup] stage="Connecting hosted workspace" progress=78 accent=opening detail="Opening the remote NexusForge experience."
2026-05-14T21:47:57.510Z [startup-timing] t+295ms splash-did-finish-load
2026-05-14T21:47:58.216Z [tls] certificate bypass accepted for https://www.nexusforge.app/app (net::ERR_CERT_AUTHORITY_INVALID)
2026-05-14T21:47:58.502Z [tls] certificate bypass accepted for https://www.nexusforge.app/app (net::ERR_CERT_AUTHORITY_INVALID)
2026-05-14T21:48:02.042Z [startup-timing] t+4828ms main-ready-to-show
2026-05-14T21:48:02.042Z [startup-timing] t+4828ms handoff-reveal-scheduled hold=2200ms
2026-05-14T21:48:02.136Z [startup-timing] t+4922ms main-did-finish-load
2026-05-14T21:48:02.136Z [startup-timing] t+4922ms handoff-reveal-scheduled hold=2200ms
2026-05-14T21:48:02.137Z [startup-timing] t+4923ms hosted-target-connected target=https://www.nexusforge.app/app
2026-05-14T21:48:02.137Z [startup-timing] t+4923ms handoff-reveal-scheduled hold=2200ms
2026-05-14T21:48:02.137Z [startup] stage="Connecting hosted workspace" progress=78 accent=opening detail="Opening the remote NexusForge experience."
