
2026-05-14T21:47:54.582Z [startup-timing] t+30ms app-when-ready
2026-05-14T21:47:54.582Z [startup-timing] log-path="D:\NEXUSFORGE GAMGING APP\apps\desktop\.network-smoke\local-41284-20260514-164753\startup.log"
2026-05-14T21:47:54.582Z [startup] stage="Booting desktop shell" progress=4 accent=warmup detail="Starting NexusForge Desktop."
2026-05-14T21:47:54.583Z [startup] stage="Preparing secure session" progress=18 accent=warmup detail="Resetting desktop storage before launch."
2026-05-14T21:47:54.592Z [startup] stage="Preparing secure session" progress=26 accent=ready detail="Desktop storage reset completed."
2026-05-14T21:47:54.593Z [startup] stage="Checking local services" progress=34 accent=checking detail="Verifying the app stack is reachable on ports 3000 and 4000."
2026-05-14T21:47:54.601Z [startup] stage="Local services ready" progress=66 accent=ready detail="The desktop stack answered on both ports."
2026-05-14T21:47:54.627Z [startup-timing] t+75ms splash-window-create
2026-05-14T21:47:54.708Z [startup-timing] t+157ms main-window-create
2026-05-14T21:47:54.742Z [startup] stage="Preparing launch" progress=72 accent=checking detail="Checking updates and final startup tasks."
2026-05-14T21:47:54.742Z [startup-timing] t+191ms ensure-app-reachable-start trigger=startup
2026-05-14T21:47:54.742Z [startup] stage="Opening app" progress=78 accent=opening detail="Connecting the desktop shell to NexusForge."
2026-05-14T21:47:54.743Z [startup] stage="Checking local services" progress=34 accent=checking detail="Verifying the app stack is reachable on ports 3000 and 4000."
2026-05-14T21:47:54.786Z [startup] stage="Local services ready" progress=66 accent=ready detail="The desktop stack answered on both ports."
2026-05-14T21:47:54.872Z [startup-timing] t+320ms splash-did-finish-load
2026-05-14T21:47:55.441Z [startup-timing] t+890ms main-ready-to-show
2026-05-14T21:47:55.442Z [startup-timing] t+890ms handoff-reveal-scheduled hold=2200ms
2026-05-14T21:47:55.690Z [startup-timing] t+1139ms main-did-finish-load
2026-05-14T21:47:55.691Z [startup-timing] t+1140ms handoff-reveal-scheduled hold=2200ms
2026-05-14T21:47:55.691Z [startup-timing] t+1140ms local-target-connected target=http://localhost:3000/app
2026-05-14T21:47:55.692Z [startup-timing] t+1140ms handoff-reveal-scheduled hold=2200ms
2026-05-14T21:47:55.692Z [startup] stage="Local services ready" progress=66 accent=ready detail="The desktop stack answered on both ports."
2026-05-14T21:47:55.728Z [startup] stage="Checking local services" progress=34 accent=checking detail="Verifying the app stack is reachable on ports 3000 and 4000."
2026-05-14T21:47:55.729Z [startup] stage="Local services ready" progress=66 accent=ready detail="The desktop stack answered on both ports."
