2026-05-14T03:36:50.372Z [startup-timing] t+24ms app-when-ready
2026-05-14T03:36:50.373Z [startup-timing] log-path="D:\NEXUSFORGE GAMGING APP\apps\desktop\.network-smoke\hosted-22172-20260513-223646\startup.log"
2026-05-14T03:36:50.373Z [startup] stage="Booting desktop shell" progress=4 accent=warmup detail="Starting NexusForge Desktop."
2026-05-14T03:36:50.373Z [startup] stage="Preparing secure session" progress=18 accent=warmup detail="Resetting desktop storage before launch."
2026-05-14T03:36:50.374Z [startup] stage="Connecting hosted workspace" progress=32 accent=opening detail="Opening the remote NexusForge experience."
2026-05-14T03:36:50.374Z [startup-timing] t+26ms splash-window-create
2026-05-14T03:36:50.420Z [startup-timing] t+72ms main-window-create
2026-05-14T03:36:50.436Z [startup] stage="Preparing launch" progress=72 accent=checking detail="Checking updates and final startup tasks."
2026-05-14T03:36:50.436Z [startup-timing] t+88ms ensure-app-reachable-start trigger=startup
2026-05-14T03:36:50.437Z [startup] stage="Connecting hosted workspace" progress=78 accent=opening detail="Opening the remote NexusForge experience."
2026-05-14T03:36:50.572Z [startup-timing] t+223ms splash-did-finish-load
2026-05-14T03:36:51.315Z [tls] certificate bypass accepted for https://www.nexusforge.app/app (net::ERR_CERT_AUTHORITY_INVALID)
2026-05-14T03:36:51.581Z [tls] certificate bypass accepted for https://www.nexusforge.app/app (net::ERR_CERT_AUTHORITY_INVALID)
2026-05-14T03:36:55.901Z [startup-timing] t+5553ms main-ready-to-show
2026-05-14T03:36:55.902Z [startup-timing] t+5554ms handoff-reveal-scheduled hold=2200ms
2026-05-14T03:36:56.036Z [startup-timing] t+5688ms main-did-finish-load
2026-05-14T03:36:56.036Z [startup-timing] t+5688ms handoff-reveal-scheduled hold=2200ms
2026-05-14T03:36:56.036Z [startup-timing] t+5688ms hosted-target-connected target=https://www.nexusforge.app/app
2026-05-14T03:36:56.037Z [startup-timing] t+5689ms handoff-reveal-scheduled hold=2200ms
2026-05-14T03:36:56.037Z [startup] stage="Connecting hosted workspace" progress=78 accent=opening detail="Opening the remote NexusForge experience."
