
2026-05-15T00:03:04.476Z [startup-timing] t+32ms app-when-ready
2026-05-15T00:03:04.477Z [startup-timing] log-path="D:\NEXUSFORGE GAMGING APP\apps\desktop\.network-smoke\hosted-41308-20260514-190300\startup.log"
2026-05-15T00:03:04.477Z [startup] stage="Booting desktop shell" progress=4 accent=warmup detail="Starting NexusForge Desktop."
2026-05-15T00:03:04.478Z [startup] stage="Preparing secure session" progress=18 accent=warmup detail="Resetting desktop storage before launch."
2026-05-15T00:03:04.478Z [startup] stage="Connecting hosted workspace" progress=32 accent=opening detail="Opening the remote NexusForge experience."
2026-05-15T00:03:04.505Z [startup-timing] t+61ms splash-window-create
2026-05-15T00:03:04.604Z [startup-timing] t+160ms main-window-create
2026-05-15T00:03:04.645Z [startup] stage="Preparing launch" progress=72 accent=checking detail="Checking updates and final startup tasks."
2026-05-15T00:03:04.646Z [startup-timing] t+201ms ensure-app-reachable-start trigger=startup
2026-05-15T00:03:04.646Z [startup] stage="Connecting hosted workspace" progress=78 accent=opening detail="Opening the remote NexusForge experience."
2026-05-15T00:03:04.849Z [startup-timing] t+405ms splash-did-finish-load
2026-05-15T00:03:09.420Z [tls] certificate bypass accepted for https://www.nexusforge.app/app (net::ERR_CERT_AUTHORITY_INVALID)
2026-05-15T00:03:09.446Z [tls] certificate bypass accepted for https://www.nexusforge.app/app (net::ERR_CERT_AUTHORITY_INVALID)
2026-05-15T00:03:31.135Z [startup-timing] t+26690ms main-ready-to-show
2026-05-15T00:03:31.135Z [startup-timing] t+26691ms handoff-reveal-scheduled hold=2200ms
2026-05-15T00:03:31.296Z [startup-timing] t+26852ms main-did-finish-load
2026-05-15T00:03:31.296Z [startup-timing] t+26852ms handoff-reveal-scheduled hold=2200ms
2026-05-15T00:03:31.297Z [startup-timing] t+26853ms hosted-target-connected target=https://www.nexusforge.app/app
2026-05-15T00:03:31.297Z [startup-timing] t+26853ms handoff-reveal-scheduled hold=2200ms
2026-05-15T00:03:31.297Z [startup] stage="Connecting hosted workspace" progress=78 accent=opening detail="Opening the remote NexusForge experience."
