
2026-05-15T00:24:19.754Z [startup-timing] t+29ms app-when-ready
2026-05-15T00:24:19.754Z [startup-timing] log-path="D:\NEXUSFORGE GAMGING APP\apps\desktop\.network-smoke\hosted-47236-20260514-192416\startup.log"
2026-05-15T00:24:19.755Z [startup] stage="Booting desktop shell" progress=4 accent=warmup detail="Starting NexusForge Desktop."
2026-05-15T00:24:19.755Z [startup] stage="Preparing secure session" progress=18 accent=warmup detail="Resetting desktop storage before launch."
2026-05-15T00:24:19.756Z [startup] stage="Connecting hosted workspace" progress=32 accent=opening detail="Opening the remote NexusForge experience."
2026-05-15T00:24:19.782Z [startup-timing] t+56ms splash-window-create
2026-05-15T00:24:19.862Z [startup-timing] t+137ms main-window-create
2026-05-15T00:24:19.904Z [startup] stage="Preparing launch" progress=72 accent=checking detail="Checking updates and final startup tasks."
2026-05-15T00:24:19.905Z [startup-timing] t+180ms ensure-app-reachable-start trigger=startup
2026-05-15T00:24:19.905Z [startup] stage="Connecting hosted workspace" progress=78 accent=opening detail="Opening the remote NexusForge experience."
2026-05-15T00:24:20.036Z [startup-timing] t+310ms splash-did-finish-load
2026-05-15T00:24:20.774Z [tls] certificate bypass accepted for https://www.nexusforge.app/app (net::ERR_CERT_AUTHORITY_INVALID)
2026-05-15T00:24:21.019Z [tls] certificate bypass accepted for https://www.nexusforge.app/app (net::ERR_CERT_AUTHORITY_INVALID)
2026-05-15T00:24:23.999Z [startup-timing] t+4274ms main-ready-to-show
2026-05-15T00:24:24.000Z [startup-timing] t+4275ms handoff-reveal-scheduled hold=2200ms
2026-05-15T00:24:24.066Z [startup-timing] t+4341ms main-did-finish-load
2026-05-15T00:24:24.066Z [startup-timing] t+4341ms handoff-reveal-scheduled hold=2200ms
2026-05-15T00:24:24.067Z [startup-timing] t+4342ms hosted-target-connected target=https://www.nexusforge.app/app
2026-05-15T00:24:24.067Z [startup-timing] t+4342ms handoff-reveal-scheduled hold=2200ms
2026-05-15T00:24:24.067Z [startup] stage="Connecting hosted workspace" progress=78 accent=opening detail="Opening the remote NexusForge experience."
