
2026-05-14T21:11:37.486Z [startup-timing] t+34ms app-when-ready
2026-05-14T21:11:37.486Z [startup-timing] log-path="D:\NEXUSFORGE GAMGING APP\apps\desktop\.network-smoke\local-21460-20260514-161136\startup.log"
2026-05-14T21:11:37.487Z [startup] stage="Booting desktop shell" progress=4 accent=warmup detail="Starting NexusForge Desktop."
2026-05-14T21:11:37.487Z [startup] stage="Preparing secure session" progress=18 accent=warmup detail="Resetting desktop storage before launch."
2026-05-14T21:11:37.499Z [startup] stage="Preparing secure session" progress=26 accent=ready detail="Desktop storage reset completed."
2026-05-14T21:11:37.499Z [startup] stage="Checking local services" progress=34 accent=checking detail="Verifying the app stack is reachable on ports 3000 and 4000."
2026-05-14T21:11:37.505Z [startup] stage="Local services ready" progress=66 accent=ready detail="The desktop stack answered on both ports."
2026-05-14T21:11:37.505Z [startup-timing] t+54ms splash-window-create
2026-05-14T21:11:37.604Z [startup-timing] t+153ms main-window-create
2026-05-14T21:11:37.654Z [startup] stage="Preparing launch" progress=72 accent=checking detail="Checking updates and final startup tasks."
2026-05-14T21:11:37.655Z [startup-timing] t+203ms ensure-app-reachable-start trigger=startup
2026-05-14T21:11:37.655Z [startup] stage="Opening app" progress=78 accent=opening detail="Connecting the desktop shell to NexusForge."
2026-05-14T21:11:37.655Z [startup] stage="Checking local services" progress=34 accent=checking detail="Verifying the app stack is reachable on ports 3000 and 4000."
2026-05-14T21:11:37.705Z [startup] stage="Local services ready" progress=66 accent=ready detail="The desktop stack answered on both ports."
2026-05-14T21:11:37.794Z [startup-timing] t+342ms splash-did-finish-load
2026-05-14T21:11:38.386Z [startup-timing] t+935ms main-ready-to-show
2026-05-14T21:11:38.387Z [startup-timing] t+935ms handoff-reveal-scheduled hold=2200ms
2026-05-14T21:11:38.625Z [startup-timing] t+1174ms main-did-finish-load
2026-05-14T21:11:38.625Z [startup-timing] t+1174ms handoff-reveal-scheduled hold=2200ms
2026-05-14T21:11:38.626Z [startup-timing] t+1175ms local-target-connected target=http://localhost:3000/app
2026-05-14T21:11:38.626Z [startup-timing] t+1175ms handoff-reveal-scheduled hold=2200ms
2026-05-14T21:11:38.626Z [startup] stage="Local services ready" progress=66 accent=ready detail="The desktop stack answered on both ports."
2026-05-14T21:11:38.674Z [startup] stage="Checking local services" progress=34 accent=checking detail="Verifying the app stack is reachable on ports 3000 and 4000."
2026-05-14T21:11:38.676Z [startup] stage="Local services ready" progress=66 accent=ready detail="The desktop stack answered on both ports."
