
2026-05-14T21:52:40.059Z [startup-timing] t+31ms app-when-ready
2026-05-14T21:52:40.059Z [startup-timing] log-path="D:\NEXUSFORGE GAMGING APP\apps\desktop\.network-smoke\local-35372-20260514-165238\startup.log"
2026-05-14T21:52:40.060Z [startup] stage="Booting desktop shell" progress=4 accent=warmup detail="Starting NexusForge Desktop."
2026-05-14T21:52:40.061Z [startup] stage="Preparing secure session" progress=18 accent=warmup detail="Resetting desktop storage before launch."
2026-05-14T21:52:40.068Z [startup] stage="Preparing secure session" progress=26 accent=ready detail="Desktop storage reset completed."
2026-05-14T21:52:40.068Z [startup] stage="Checking local services" progress=34 accent=checking detail="Verifying the app stack is reachable on ports 3000 and 4000."
2026-05-14T21:52:40.074Z [startup] stage="Local services ready" progress=66 accent=ready detail="The desktop stack answered on both ports."
2026-05-14T21:52:40.105Z [startup-timing] t+77ms splash-window-create
2026-05-14T21:52:40.197Z [startup-timing] t+169ms main-window-create
2026-05-14T21:52:40.236Z [startup] stage="Preparing launch" progress=72 accent=checking detail="Checking updates and final startup tasks."
2026-05-14T21:52:40.236Z [startup-timing] t+208ms ensure-app-reachable-start trigger=startup
2026-05-14T21:52:40.237Z [startup] stage="Opening app" progress=78 accent=opening detail="Connecting the desktop shell to NexusForge."
2026-05-14T21:52:40.237Z [startup] stage="Checking local services" progress=34 accent=checking detail="Verifying the app stack is reachable on ports 3000 and 4000."
2026-05-14T21:52:40.296Z [startup] stage="Local services ready" progress=66 accent=ready detail="The desktop stack answered on both ports."
2026-05-14T21:52:40.394Z [startup-timing] t+366ms splash-did-finish-load
2026-05-14T21:52:40.891Z [startup-timing] t+862ms main-ready-to-show
2026-05-14T21:52:40.891Z [startup-timing] t+863ms handoff-reveal-scheduled hold=2200ms
2026-05-14T21:52:41.082Z [startup-timing] t+1053ms main-did-finish-load
2026-05-14T21:52:41.082Z [startup-timing] t+1054ms handoff-reveal-scheduled hold=2200ms
2026-05-14T21:52:41.082Z [startup-timing] t+1054ms local-target-connected target=http://localhost:3000/app
2026-05-14T21:52:41.083Z [startup-timing] t+1055ms handoff-reveal-scheduled hold=2200ms
2026-05-14T21:52:41.083Z [startup] stage="Local services ready" progress=66 accent=ready detail="The desktop stack answered on both ports."
2026-05-14T21:52:41.111Z [startup] stage="Checking local services" progress=34 accent=checking detail="Verifying the app stack is reachable on ports 3000 and 4000."
2026-05-14T21:52:41.113Z [startup] stage="Local services ready" progress=66 accent=ready detail="The desktop stack answered on both ports."
