2026-05-14T04:36:50.891Z [startup-timing] t+25ms app-when-ready
2026-05-14T04:36:50.891Z [startup-timing] log-path="D:\NEXUSFORGE GAMGING APP\apps\desktop\.network-smoke\hosted-19592-20260513-233647\startup.log"
2026-05-14T04:36:50.892Z [startup] stage="Booting desktop shell" progress=4 accent=warmup detail="Starting NexusForge Desktop."
2026-05-14T04:36:50.892Z [startup] stage="Preparing secure session" progress=18 accent=warmup detail="Resetting desktop storage before launch."
2026-05-14T04:36:50.892Z [startup] stage="Connecting hosted workspace" progress=32 accent=opening detail="Opening the remote NexusForge experience."
2026-05-14T04:36:50.893Z [startup-timing] t+27ms splash-window-create
2026-05-14T04:36:50.940Z [startup-timing] t+74ms main-window-create
2026-05-14T04:36:50.957Z [startup] stage="Preparing launch" progress=72 accent=checking detail="Checking updates and final startup tasks."
2026-05-14T04:36:50.957Z [startup-timing] t+91ms ensure-app-reachable-start trigger=startup
2026-05-14T04:36:50.958Z [startup] stage="Connecting hosted workspace" progress=78 accent=opening detail="Opening the remote NexusForge experience."
2026-05-14T04:36:51.066Z [startup-timing] t+200ms splash-did-finish-load
2026-05-14T04:36:51.841Z [tls] certificate bypass accepted for https://www.nexusforge.app/app (net::ERR_CERT_AUTHORITY_INVALID)
2026-05-14T04:36:52.086Z [tls] certificate bypass accepted for https://www.nexusforge.app/app (net::ERR_CERT_AUTHORITY_INVALID)
2026-05-14T04:36:56.092Z [startup-timing] t+5226ms main-ready-to-show
2026-05-14T04:36:56.093Z [startup-timing] t+5227ms handoff-reveal-scheduled hold=2200ms
2026-05-14T04:36:56.198Z [startup-timing] t+5332ms main-did-finish-load
2026-05-14T04:36:56.198Z [startup-timing] t+5332ms handoff-reveal-scheduled hold=2200ms
2026-05-14T04:36:56.199Z [startup-timing] t+5332ms hosted-target-connected target=https://www.nexusforge.app/app
2026-05-14T04:36:56.199Z [startup-timing] t+5333ms handoff-reveal-scheduled hold=2200ms
2026-05-14T04:36:56.199Z [startup] stage="Connecting hosted workspace" progress=78 accent=opening detail="Opening the remote NexusForge experience."
