2026-05-13T23:55:10.932Z [startup-timing] t+25ms app-when-ready
2026-05-13T23:55:10.932Z [startup-timing] log-path="D:\NEXUSFORGE GAMGING APP\apps\desktop\.network-smoke\local-31364-20260513-185510\startup.log"
2026-05-13T23:55:10.932Z [startup] stage="Booting desktop shell" progress=4 accent=warmup detail="Starting NexusForge Desktop."
2026-05-13T23:55:10.933Z [startup] stage="Preparing secure session" progress=18 accent=warmup detail="Resetting desktop storage before launch."
2026-05-13T23:55:10.940Z [startup] stage="Preparing secure session" progress=26 accent=ready detail="Desktop storage reset completed."
2026-05-13T23:55:10.940Z [startup] stage="Checking local services" progress=34 accent=checking detail="Verifying the app stack is reachable on ports 3000 and 4000."
2026-05-13T23:55:10.945Z [startup] stage="Local services ready" progress=66 accent=ready detail="The desktop stack answered on both ports."
2026-05-13T23:55:10.946Z [startup-timing] t+38ms splash-window-create
2026-05-13T23:55:10.990Z [startup-timing] t+83ms main-window-create
2026-05-13T23:55:11.006Z [startup] stage="Preparing launch" progress=72 accent=checking detail="Checking updates and final startup tasks."
2026-05-13T23:55:11.007Z [startup-timing] t+100ms ensure-app-reachable-start trigger=startup
2026-05-13T23:55:11.007Z [startup] stage="Opening app" progress=78 accent=opening detail="Connecting the desktop shell to NexusForge."
2026-05-13T23:55:11.007Z [startup] stage="Checking local services" progress=34 accent=checking detail="Verifying the app stack is reachable on ports 3000 and 4000."
2026-05-13T23:55:11.046Z [startup] stage="Local services ready" progress=66 accent=ready detail="The desktop stack answered on both ports."
2026-05-13T23:55:11.106Z [startup-timing] t+199ms splash-did-finish-load
2026-05-13T23:55:11.656Z [startup-timing] t+749ms main-ready-to-show
2026-05-13T23:55:11.657Z [startup-timing] t+750ms handoff-reveal-scheduled hold=2200ms
2026-05-13T23:55:11.823Z [startup-timing] t+916ms main-did-finish-load
2026-05-13T23:55:11.824Z [startup-timing] t+916ms handoff-reveal-scheduled hold=2200ms
2026-05-13T23:55:11.824Z [startup-timing] t+917ms local-target-connected target=http://localhost:3000/app
2026-05-13T23:55:11.824Z [startup-timing] t+917ms handoff-reveal-scheduled hold=2200ms
2026-05-13T23:55:11.824Z [startup] stage="Local services ready" progress=66 accent=ready detail="The desktop stack answered on both ports."
2026-05-13T23:55:11.870Z [startup] stage="Checking local services" progress=34 accent=checking detail="Verifying the app stack is reachable on ports 3000 and 4000."
2026-05-13T23:55:11.871Z [startup] stage="Local services ready" progress=66 accent=ready detail="The desktop stack answered on both ports."
