2026-05-14T03:07:17.478Z [startup-timing] t+25ms app-when-ready
2026-05-14T03:07:17.478Z [startup-timing] log-path="D:\NEXUSFORGE GAMGING APP\apps\desktop\.network-smoke\local-7192-20260513-220716\startup.log"
2026-05-14T03:07:17.479Z [startup] stage="Booting desktop shell" progress=4 accent=warmup detail="Starting NexusForge Desktop."
2026-05-14T03:07:17.479Z [startup] stage="Preparing secure session" progress=18 accent=warmup detail="Resetting desktop storage before launch."
2026-05-14T03:07:17.487Z [startup] stage="Preparing secure session" progress=26 accent=ready detail="Desktop storage reset completed."
2026-05-14T03:07:17.488Z [startup] stage="Checking local services" progress=34 accent=checking detail="Verifying the app stack is reachable on ports 3000 and 4000."
2026-05-14T03:07:17.492Z [startup] stage="Local services ready" progress=66 accent=ready detail="The desktop stack answered on both ports."
2026-05-14T03:07:17.493Z [startup-timing] t+40ms splash-window-create
2026-05-14T03:07:17.542Z [startup-timing] t+89ms main-window-create
2026-05-14T03:07:17.559Z [startup] stage="Preparing launch" progress=72 accent=checking detail="Checking updates and final startup tasks."
2026-05-14T03:07:17.559Z [startup-timing] t+106ms ensure-app-reachable-start trigger=startup
2026-05-14T03:07:17.559Z [startup] stage="Opening app" progress=78 accent=opening detail="Connecting the desktop shell to NexusForge."
2026-05-14T03:07:17.560Z [startup] stage="Checking local services" progress=34 accent=checking detail="Verifying the app stack is reachable on ports 3000 and 4000."
2026-05-14T03:07:17.601Z [startup] stage="Local services ready" progress=66 accent=ready detail="The desktop stack answered on both ports."
2026-05-14T03:07:17.672Z [startup-timing] t+219ms splash-did-finish-load
2026-05-14T03:07:18.138Z [startup-timing] t+685ms main-ready-to-show
2026-05-14T03:07:18.138Z [startup-timing] t+685ms handoff-reveal-scheduled hold=2200ms
2026-05-14T03:07:18.338Z [startup-timing] t+885ms main-did-finish-load
2026-05-14T03:07:18.339Z [startup-timing] t+885ms handoff-reveal-scheduled hold=2200ms
2026-05-14T03:07:18.339Z [startup-timing] t+886ms local-target-connected target=http://localhost:3000/app
2026-05-14T03:07:18.339Z [startup-timing] t+886ms handoff-reveal-scheduled hold=2200ms
2026-05-14T03:07:18.339Z [startup] stage="Local services ready" progress=66 accent=ready detail="The desktop stack answered on both ports."
2026-05-14T03:07:18.369Z [startup] stage="Checking local services" progress=34 accent=checking detail="Verifying the app stack is reachable on ports 3000 and 4000."
2026-05-14T03:07:18.370Z [startup] stage="Local services ready" progress=66 accent=ready detail="The desktop stack answered on both ports."
