
2026-05-14T22:22:32.092Z [startup-timing] t+26ms app-when-ready
2026-05-14T22:22:32.093Z [startup-timing] log-path="D:\NEXUSFORGE GAMGING APP\apps\desktop\.network-smoke\local-42076-20260514-172231\startup.log"
2026-05-14T22:22:32.093Z [startup] stage="Booting desktop shell" progress=4 accent=warmup detail="Starting NexusForge Desktop."
2026-05-14T22:22:32.094Z [startup] stage="Preparing secure session" progress=18 accent=warmup detail="Resetting desktop storage before launch."
2026-05-14T22:22:32.102Z [startup] stage="Preparing secure session" progress=26 accent=ready detail="Desktop storage reset completed."
2026-05-14T22:22:32.102Z [startup] stage="Checking local services" progress=34 accent=checking detail="Verifying the app stack is reachable on ports 3000 and 4000."
2026-05-14T22:22:32.107Z [startup] stage="Local services ready" progress=66 accent=ready detail="The desktop stack answered on both ports."
2026-05-14T22:22:32.134Z [startup-timing] t+68ms splash-window-create
2026-05-14T22:22:32.209Z [startup-timing] t+143ms main-window-create
2026-05-14T22:22:32.238Z [startup] stage="Preparing launch" progress=72 accent=checking detail="Checking updates and final startup tasks."
2026-05-14T22:22:32.238Z [startup-timing] t+172ms ensure-app-reachable-start trigger=startup
2026-05-14T22:22:32.239Z [startup] stage="Opening app" progress=78 accent=opening detail="Connecting the desktop shell to NexusForge."
2026-05-14T22:22:32.239Z [startup] stage="Checking local services" progress=34 accent=checking detail="Verifying the app stack is reachable on ports 3000 and 4000."
2026-05-14T22:22:32.289Z [startup] stage="Local services ready" progress=66 accent=ready detail="The desktop stack answered on both ports."
2026-05-14T22:22:32.397Z [startup-timing] t+330ms splash-did-finish-load
2026-05-14T22:22:32.962Z [startup-timing] t+896ms main-ready-to-show
2026-05-14T22:22:32.962Z [startup-timing] t+896ms handoff-reveal-scheduled hold=2200ms
2026-05-14T22:22:33.161Z [startup-timing] t+1095ms main-did-finish-load
2026-05-14T22:22:33.161Z [startup-timing] t+1095ms handoff-reveal-scheduled hold=2200ms
2026-05-14T22:22:33.161Z [startup-timing] t+1095ms local-target-connected target=http://localhost:3000/app
2026-05-14T22:22:33.162Z [startup-timing] t+1096ms handoff-reveal-scheduled hold=2200ms
2026-05-14T22:22:33.162Z [startup] stage="Local services ready" progress=66 accent=ready detail="The desktop stack answered on both ports."
2026-05-14T22:22:33.195Z [startup] stage="Checking local services" progress=34 accent=checking detail="Verifying the app stack is reachable on ports 3000 and 4000."
2026-05-14T22:22:33.197Z [startup] stage="Local services ready" progress=66 accent=ready detail="The desktop stack answered on both ports."
