2026-05-14T04:04:12.945Z [startup-timing] t+24ms app-when-ready
2026-05-14T04:04:12.946Z [startup-timing] log-path="D:\NEXUSFORGE GAMGING APP\apps\desktop\.network-smoke\hosted-29428-20260513-230409\startup.log"
2026-05-14T04:04:12.946Z [startup] stage="Booting desktop shell" progress=4 accent=warmup detail="Starting NexusForge Desktop."
2026-05-14T04:04:12.946Z [startup] stage="Preparing secure session" progress=18 accent=warmup detail="Resetting desktop storage before launch."
2026-05-14T04:04:12.946Z [startup] stage="Connecting hosted workspace" progress=32 accent=opening detail="Opening the remote NexusForge experience."
2026-05-14T04:04:12.947Z [startup-timing] t+26ms splash-window-create
2026-05-14T04:04:12.993Z [startup-timing] t+72ms main-window-create
2026-05-14T04:04:13.008Z [startup] stage="Preparing launch" progress=72 accent=checking detail="Checking updates and final startup tasks."
2026-05-14T04:04:13.009Z [startup-timing] t+88ms ensure-app-reachable-start trigger=startup
2026-05-14T04:04:13.009Z [startup] stage="Connecting hosted workspace" progress=78 accent=opening detail="Opening the remote NexusForge experience."
2026-05-14T04:04:13.154Z [startup-timing] t+233ms splash-did-finish-load
2026-05-14T04:04:13.856Z [tls] certificate bypass accepted for https://www.nexusforge.app/app (net::ERR_CERT_AUTHORITY_INVALID)
2026-05-14T04:04:14.125Z [tls] certificate bypass accepted for https://www.nexusforge.app/app (net::ERR_CERT_AUTHORITY_INVALID)
2026-05-14T04:04:16.970Z [startup-timing] t+4048ms main-ready-to-show
2026-05-14T04:04:16.970Z [startup-timing] t+4049ms handoff-reveal-scheduled hold=2200ms
2026-05-14T04:04:17.099Z [startup-timing] t+4178ms main-did-finish-load
2026-05-14T04:04:17.100Z [startup-timing] t+4179ms handoff-reveal-scheduled hold=2200ms
2026-05-14T04:04:17.100Z [startup-timing] t+4179ms hosted-target-connected target=https://www.nexusforge.app/app
2026-05-14T04:04:17.100Z [startup-timing] t+4179ms handoff-reveal-scheduled hold=2200ms
2026-05-14T04:04:17.101Z [startup] stage="Connecting hosted workspace" progress=78 accent=opening detail="Opening the remote NexusForge experience."
