
2026-05-14T21:24:22.901Z [startup-timing] t+30ms app-when-ready
2026-05-14T21:24:22.901Z [startup-timing] log-path="D:\NEXUSFORGE GAMGING APP\apps\desktop\.network-smoke\hosted-36892-20260514-162419\startup.log"
2026-05-14T21:24:22.901Z [startup] stage="Booting desktop shell" progress=4 accent=warmup detail="Starting NexusForge Desktop."
2026-05-14T21:24:22.902Z [startup] stage="Preparing secure session" progress=18 accent=warmup detail="Resetting desktop storage before launch."
2026-05-14T21:24:22.902Z [startup] stage="Connecting hosted workspace" progress=32 accent=opening detail="Opening the remote NexusForge experience."
2026-05-14T21:24:22.929Z [startup-timing] t+58ms splash-window-create
2026-05-14T21:24:23.021Z [startup-timing] t+150ms main-window-create
2026-05-14T21:24:23.056Z [startup] stage="Preparing launch" progress=72 accent=checking detail="Checking updates and final startup tasks."
2026-05-14T21:24:23.056Z [startup-timing] t+185ms ensure-app-reachable-start trigger=startup
2026-05-14T21:24:23.057Z [startup] stage="Connecting hosted workspace" progress=78 accent=opening detail="Opening the remote NexusForge experience."
2026-05-14T21:24:23.197Z [startup-timing] t+325ms splash-did-finish-load
2026-05-14T21:24:23.990Z [tls] certificate bypass accepted for https://www.nexusforge.app/app (net::ERR_CERT_AUTHORITY_INVALID)
2026-05-14T21:24:24.250Z [tls] certificate bypass accepted for https://www.nexusforge.app/app (net::ERR_CERT_AUTHORITY_INVALID)
2026-05-14T21:24:29.527Z [startup-timing] t+6656ms main-ready-to-show
2026-05-14T21:24:29.527Z [startup-timing] t+6656ms handoff-reveal-scheduled hold=2200ms
2026-05-14T21:24:29.630Z [startup-timing] t+6759ms main-did-finish-load
2026-05-14T21:24:29.630Z [startup-timing] t+6759ms handoff-reveal-scheduled hold=2200ms
2026-05-14T21:24:29.631Z [startup-timing] t+6760ms hosted-target-connected target=https://www.nexusforge.app/app
2026-05-14T21:24:29.631Z [startup-timing] t+6760ms handoff-reveal-scheduled hold=2200ms
2026-05-14T21:24:29.631Z [startup] stage="Connecting hosted workspace" progress=78 accent=opening detail="Opening the remote NexusForge experience."
