2026-05-14T03:14:38.133Z [startup-timing] t+26ms app-when-ready
2026-05-14T03:14:38.133Z [startup-timing] log-path="D:\NEXUSFORGE GAMGING APP\apps\desktop\.network-smoke\hosted-30404-20260513-221434\startup.log"
2026-05-14T03:14:38.134Z [startup] stage="Booting desktop shell" progress=4 accent=warmup detail="Starting NexusForge Desktop."
2026-05-14T03:14:38.134Z [startup] stage="Preparing secure session" progress=18 accent=warmup detail="Resetting desktop storage before launch."
2026-05-14T03:14:38.134Z [startup] stage="Connecting hosted workspace" progress=32 accent=opening detail="Opening the remote NexusForge experience."
2026-05-14T03:14:38.134Z [startup-timing] t+27ms splash-window-create
2026-05-14T03:14:38.182Z [startup-timing] t+75ms main-window-create
2026-05-14T03:14:38.198Z [startup] stage="Preparing launch" progress=72 accent=checking detail="Checking updates and final startup tasks."
2026-05-14T03:14:38.199Z [startup-timing] t+92ms ensure-app-reachable-start trigger=startup
2026-05-14T03:14:38.199Z [startup] stage="Connecting hosted workspace" progress=78 accent=opening detail="Opening the remote NexusForge experience."
2026-05-14T03:14:38.314Z [startup-timing] t+207ms splash-did-finish-load
2026-05-14T03:14:39.061Z [tls] certificate bypass accepted for https://www.nexusforge.app/app (net::ERR_CERT_AUTHORITY_INVALID)
2026-05-14T03:14:39.340Z [tls] certificate bypass accepted for https://www.nexusforge.app/app (net::ERR_CERT_AUTHORITY_INVALID)
2026-05-14T03:14:42.036Z [startup-timing] t+3929ms main-ready-to-show
2026-05-14T03:14:42.037Z [startup-timing] t+3930ms handoff-reveal-scheduled hold=2200ms
2026-05-14T03:14:42.130Z [startup-timing] t+4023ms main-did-finish-load
2026-05-14T03:14:42.130Z [startup-timing] t+4023ms handoff-reveal-scheduled hold=2200ms
2026-05-14T03:14:42.131Z [startup-timing] t+4024ms hosted-target-connected target=https://www.nexusforge.app/app
2026-05-14T03:14:42.131Z [startup-timing] t+4024ms handoff-reveal-scheduled hold=2200ms
2026-05-14T03:14:42.131Z [startup] stage="Connecting hosted workspace" progress=78 accent=opening detail="Opening the remote NexusForge experience."
