2026-05-14T20:17:17.267Z [startup-timing] t+29ms app-when-ready
2026-05-14T20:17:17.267Z [startup-timing] log-path="D:\NEXUSFORGE GAMGING APP\apps\desktop\.network-smoke\hosted-18536-20260514-151713\startup.log"
2026-05-14T20:17:17.267Z [startup] stage="Booting desktop shell" progress=4 accent=warmup detail="Starting NexusForge Desktop."
2026-05-14T20:17:17.268Z [startup] stage="Preparing secure session" progress=18 accent=warmup detail="Resetting desktop storage before launch."
2026-05-14T20:17:17.268Z [startup] stage="Connecting hosted workspace" progress=32 accent=opening detail="Opening the remote NexusForge experience."
2026-05-14T20:17:17.269Z [startup-timing] t+30ms splash-window-create
2026-05-14T20:17:17.320Z [startup-timing] t+82ms main-window-create
2026-05-14T20:17:17.345Z [startup] stage="Preparing launch" progress=72 accent=checking detail="Checking updates and final startup tasks."
2026-05-14T20:17:17.346Z [startup-timing] t+107ms ensure-app-reachable-start trigger=startup
2026-05-14T20:17:17.346Z [startup] stage="Connecting hosted workspace" progress=78 accent=opening detail="Opening the remote NexusForge experience."
2026-05-14T20:17:17.471Z [startup-timing] t+233ms splash-did-finish-load
2026-05-14T20:17:18.271Z [tls] certificate bypass accepted for https://www.nexusforge.app/app (net::ERR_CERT_AUTHORITY_INVALID)
2026-05-14T20:17:18.529Z [tls] certificate bypass accepted for https://www.nexusforge.app/app (net::ERR_CERT_AUTHORITY_INVALID)
2026-05-14T20:17:21.606Z [startup-timing] t+4367ms main-ready-to-show
2026-05-14T20:17:21.606Z [startup-timing] t+4368ms handoff-reveal-scheduled hold=2200ms
2026-05-14T20:17:21.704Z [startup-timing] t+4466ms main-did-finish-load
2026-05-14T20:17:21.704Z [startup-timing] t+4466ms handoff-reveal-scheduled hold=2200ms
2026-05-14T20:17:21.704Z [startup-timing] t+4466ms hosted-target-connected target=https://www.nexusforge.app/app
2026-05-14T20:17:21.704Z [startup-timing] t+4466ms handoff-reveal-scheduled hold=2200ms
2026-05-14T20:17:21.705Z [startup] stage="Connecting hosted workspace" progress=78 accent=opening detail="Opening the remote NexusForge experience."
