2026-05-14T03:45:57.347Z [startup-timing] t+24ms app-when-ready
2026-05-14T03:45:57.348Z [startup-timing] log-path="D:\NEXUSFORGE GAMGING APP\apps\desktop\.network-smoke\local-6856-20260513-224556\startup.log"
2026-05-14T03:45:57.348Z [startup] stage="Booting desktop shell" progress=4 accent=warmup detail="Starting NexusForge Desktop."
2026-05-14T03:45:57.349Z [startup] stage="Preparing secure session" progress=18 accent=warmup detail="Resetting desktop storage before launch."
2026-05-14T03:45:57.356Z [startup] stage="Preparing secure session" progress=26 accent=ready detail="Desktop storage reset completed."
2026-05-14T03:45:57.356Z [startup] stage="Checking local services" progress=34 accent=checking detail="Verifying the app stack is reachable on ports 3000 and 4000."
2026-05-14T03:45:57.361Z [startup] stage="Local services ready" progress=66 accent=ready detail="The desktop stack answered on both ports."
2026-05-14T03:45:57.361Z [startup-timing] t+38ms splash-window-create
2026-05-14T03:45:57.408Z [startup-timing] t+85ms main-window-create
2026-05-14T03:45:57.420Z [startup] stage="Preparing launch" progress=72 accent=checking detail="Checking updates and final startup tasks."
2026-05-14T03:45:57.421Z [startup-timing] t+97ms ensure-app-reachable-start trigger=startup
2026-05-14T03:45:57.421Z [startup] stage="Opening app" progress=78 accent=opening detail="Connecting the desktop shell to NexusForge."
2026-05-14T03:45:57.421Z [startup] stage="Checking local services" progress=34 accent=checking detail="Verifying the app stack is reachable on ports 3000 and 4000."
2026-05-14T03:45:57.462Z [startup] stage="Local services ready" progress=66 accent=ready detail="The desktop stack answered on both ports."
2026-05-14T03:45:57.526Z [startup-timing] t+203ms splash-did-finish-load
2026-05-14T03:45:58.011Z [startup-timing] t+688ms main-ready-to-show
2026-05-14T03:45:58.011Z [startup-timing] t+688ms handoff-reveal-scheduled hold=2200ms
2026-05-14T03:45:58.201Z [startup-timing] t+878ms main-did-finish-load
2026-05-14T03:45:58.202Z [startup-timing] t+879ms handoff-reveal-scheduled hold=2200ms
2026-05-14T03:45:58.202Z [startup-timing] t+879ms local-target-connected target=http://localhost:3000/app
2026-05-14T03:45:58.202Z [startup-timing] t+879ms handoff-reveal-scheduled hold=2200ms
2026-05-14T03:45:58.203Z [startup] stage="Local services ready" progress=66 accent=ready detail="The desktop stack answered on both ports."
2026-05-14T03:45:58.222Z [startup] stage="Checking local services" progress=34 accent=checking detail="Verifying the app stack is reachable on ports 3000 and 4000."
2026-05-14T03:45:58.224Z [startup] stage="Local services ready" progress=66 accent=ready detail="The desktop stack answered on both ports."
