2026-05-14T19:53:23.734Z [startup-timing] t+42ms app-when-ready
2026-05-14T19:53:23.734Z [startup-timing] log-path="D:\NEXUSFORGE GAMGING APP\apps\desktop\.network-smoke\local-41372-20260514-145322\startup.log"
2026-05-14T19:53:23.735Z [startup] stage="Booting desktop shell" progress=4 accent=warmup detail="Starting NexusForge Desktop."
2026-05-14T19:53:23.735Z [startup] stage="Preparing secure session" progress=18 accent=warmup detail="Resetting desktop storage before launch."
2026-05-14T19:53:23.744Z [startup] stage="Preparing secure session" progress=26 accent=ready detail="Desktop storage reset completed."
2026-05-14T19:53:23.745Z [startup] stage="Checking local services" progress=34 accent=checking detail="Verifying the app stack is reachable on ports 3000 and 4000."
2026-05-14T19:53:23.753Z [startup] stage="Local services ready" progress=66 accent=ready detail="The desktop stack answered on both ports."
2026-05-14T19:53:23.754Z [startup-timing] t+61ms splash-window-create
2026-05-14T19:53:23.810Z [startup-timing] t+117ms main-window-create
2026-05-14T19:53:23.838Z [startup] stage="Preparing launch" progress=72 accent=checking detail="Checking updates and final startup tasks."
2026-05-14T19:53:23.839Z [startup-timing] t+146ms ensure-app-reachable-start trigger=startup
2026-05-14T19:53:23.839Z [startup] stage="Opening app" progress=78 accent=opening detail="Connecting the desktop shell to NexusForge."
2026-05-14T19:53:23.839Z [startup] stage="Checking local services" progress=34 accent=checking detail="Verifying the app stack is reachable on ports 3000 and 4000."
2026-05-14T19:53:23.886Z [startup] stage="Local services ready" progress=66 accent=ready detail="The desktop stack answered on both ports."
2026-05-14T19:53:23.967Z [startup-timing] t+275ms splash-did-finish-load
2026-05-14T19:53:24.557Z [startup-timing] t+864ms main-ready-to-show
2026-05-14T19:53:24.557Z [startup-timing] t+865ms handoff-reveal-scheduled hold=2200ms
2026-05-14T19:53:24.775Z [startup-timing] t+1083ms main-did-finish-load
2026-05-14T19:53:24.775Z [startup-timing] t+1083ms handoff-reveal-scheduled hold=2200ms
2026-05-14T19:53:24.776Z [startup-timing] t+1083ms local-target-connected target=http://localhost:3000/app
2026-05-14T19:53:24.776Z [startup-timing] t+1084ms handoff-reveal-scheduled hold=2200ms
2026-05-14T19:53:24.776Z [startup] stage="Local services ready" progress=66 accent=ready detail="The desktop stack answered on both ports."
2026-05-14T19:53:24.824Z [startup] stage="Checking local services" progress=34 accent=checking detail="Verifying the app stack is reachable on ports 3000 and 4000."
2026-05-14T19:53:24.825Z [startup] stage="Local services ready" progress=66 accent=ready detail="The desktop stack answered on both ports."
