
2026-05-14T22:48:03.657Z [startup-timing] t+29ms app-when-ready
2026-05-14T22:48:03.658Z [startup-timing] log-path="D:\NEXUSFORGE GAMGING APP\apps\desktop\.network-smoke\local-8500-20260514-174802\startup.log"
2026-05-14T22:48:03.658Z [startup] stage="Booting desktop shell" progress=4 accent=warmup detail="Starting NexusForge Desktop."
2026-05-14T22:48:03.659Z [startup] stage="Preparing secure session" progress=18 accent=warmup detail="Resetting desktop storage before launch."
2026-05-14T22:48:03.669Z [startup] stage="Preparing secure session" progress=26 accent=ready detail="Desktop storage reset completed."
2026-05-14T22:48:03.670Z [startup] stage="Checking local services" progress=34 accent=checking detail="Verifying the app stack is reachable on ports 3000 and 4000."
2026-05-14T22:48:03.675Z [startup] stage="Local services ready" progress=66 accent=ready detail="The desktop stack answered on both ports."
2026-05-14T22:48:03.702Z [startup-timing] t+73ms splash-window-create
2026-05-14T22:48:03.795Z [startup-timing] t+167ms main-window-create
2026-05-14T22:48:03.836Z [startup] stage="Preparing launch" progress=72 accent=checking detail="Checking updates and final startup tasks."
2026-05-14T22:48:03.836Z [startup-timing] t+208ms ensure-app-reachable-start trigger=startup
2026-05-14T22:48:03.837Z [startup] stage="Opening app" progress=78 accent=opening detail="Connecting the desktop shell to NexusForge."
2026-05-14T22:48:03.837Z [startup] stage="Checking local services" progress=34 accent=checking detail="Verifying the app stack is reachable on ports 3000 and 4000."
2026-05-14T22:48:03.883Z [startup] stage="Local services ready" progress=66 accent=ready detail="The desktop stack answered on both ports."
2026-05-14T22:48:03.967Z [startup-timing] t+338ms splash-did-finish-load
2026-05-14T22:48:04.531Z [startup-timing] t+902ms main-ready-to-show
2026-05-14T22:48:04.531Z [startup-timing] t+903ms handoff-reveal-scheduled hold=2200ms
2026-05-14T22:48:04.770Z [startup-timing] t+1142ms main-did-finish-load
2026-05-14T22:48:04.771Z [startup-timing] t+1143ms handoff-reveal-scheduled hold=2200ms
2026-05-14T22:48:04.771Z [startup-timing] t+1143ms local-target-connected target=http://localhost:3000/app
2026-05-14T22:48:04.772Z [startup-timing] t+1143ms handoff-reveal-scheduled hold=2200ms
2026-05-14T22:48:04.772Z [startup] stage="Local services ready" progress=66 accent=ready detail="The desktop stack answered on both ports."
2026-05-14T22:48:04.810Z [startup] stage="Checking local services" progress=34 accent=checking detail="Verifying the app stack is reachable on ports 3000 and 4000."
2026-05-14T22:48:04.811Z [startup] stage="Local services ready" progress=66 accent=ready detail="The desktop stack answered on both ports."
