
2026-05-14T20:27:35.163Z [startup-timing] t+29ms app-when-ready
2026-05-14T20:27:35.164Z [startup-timing] log-path="D:\NEXUSFORGE GAMGING APP\apps\desktop\.network-smoke\local-2472-20260514-152734\startup.log"
2026-05-14T20:27:35.164Z [startup] stage="Booting desktop shell" progress=4 accent=warmup detail="Starting NexusForge Desktop."
2026-05-14T20:27:35.165Z [startup] stage="Preparing secure session" progress=18 accent=warmup detail="Resetting desktop storage before launch."
2026-05-14T20:27:35.173Z [startup] stage="Preparing secure session" progress=26 accent=ready detail="Desktop storage reset completed."
2026-05-14T20:27:35.173Z [startup] stage="Checking local services" progress=34 accent=checking detail="Verifying the app stack is reachable on ports 3000 and 4000."
2026-05-14T20:27:35.178Z [startup] stage="Local services ready" progress=66 accent=ready detail="The desktop stack answered on both ports."
2026-05-14T20:27:35.179Z [startup-timing] t+44ms splash-window-create
2026-05-14T20:27:35.240Z [startup-timing] t+105ms main-window-create
2026-05-14T20:27:35.257Z [startup] stage="Preparing launch" progress=72 accent=checking detail="Checking updates and final startup tasks."
2026-05-14T20:27:35.258Z [startup-timing] t+124ms ensure-app-reachable-start trigger=startup
2026-05-14T20:27:35.258Z [startup] stage="Opening app" progress=78 accent=opening detail="Connecting the desktop shell to NexusForge."
2026-05-14T20:27:35.258Z [startup] stage="Checking local services" progress=34 accent=checking detail="Verifying the app stack is reachable on ports 3000 and 4000."
2026-05-14T20:27:35.306Z [startup] stage="Local services ready" progress=66 accent=ready detail="The desktop stack answered on both ports."
2026-05-14T20:27:35.389Z [startup-timing] t+254ms splash-did-finish-load
2026-05-14T20:27:35.859Z [startup-timing] t+725ms main-ready-to-show
2026-05-14T20:27:35.859Z [startup-timing] t+725ms handoff-reveal-scheduled hold=2200ms
2026-05-14T20:27:36.038Z [startup-timing] t+904ms main-did-finish-load
2026-05-14T20:27:36.039Z [startup-timing] t+905ms handoff-reveal-scheduled hold=2200ms
2026-05-14T20:27:36.039Z [startup-timing] t+905ms local-target-connected target=http://localhost:3000/app
2026-05-14T20:27:36.039Z [startup-timing] t+905ms handoff-reveal-scheduled hold=2200ms
2026-05-14T20:27:36.040Z [startup] stage="Local services ready" progress=66 accent=ready detail="The desktop stack answered on both ports."
2026-05-14T20:27:36.060Z [startup] stage="Checking local services" progress=34 accent=checking detail="Verifying the app stack is reachable on ports 3000 and 4000."
2026-05-14T20:27:36.062Z [startup] stage="Local services ready" progress=66 accent=ready detail="The desktop stack answered on both ports."
