
2026-05-14T21:04:24.494Z [startup-timing] t+29ms app-when-ready
2026-05-14T21:04:24.494Z [startup-timing] log-path="D:\NEXUSFORGE GAMGING APP\apps\desktop\.network-smoke\local-43060-20260514-160423\startup.log"
2026-05-14T21:04:24.495Z [startup] stage="Booting desktop shell" progress=4 accent=warmup detail="Starting NexusForge Desktop."
2026-05-14T21:04:24.495Z [startup] stage="Preparing secure session" progress=18 accent=warmup detail="Resetting desktop storage before launch."
2026-05-14T21:04:24.506Z [startup] stage="Preparing secure session" progress=26 accent=ready detail="Desktop storage reset completed."
2026-05-14T21:04:24.507Z [startup] stage="Checking local services" progress=34 accent=checking detail="Verifying the app stack is reachable on ports 3000 and 4000."
2026-05-14T21:04:24.513Z [startup] stage="Local services ready" progress=66 accent=ready detail="The desktop stack answered on both ports."
2026-05-14T21:04:24.513Z [startup-timing] t+48ms splash-window-create
2026-05-14T21:04:24.591Z [startup-timing] t+125ms main-window-create
2026-05-14T21:04:24.619Z [startup] stage="Preparing launch" progress=72 accent=checking detail="Checking updates and final startup tasks."
2026-05-14T21:04:24.620Z [startup-timing] t+155ms ensure-app-reachable-start trigger=startup
2026-05-14T21:04:24.620Z [startup] stage="Opening app" progress=78 accent=opening detail="Connecting the desktop shell to NexusForge."
2026-05-14T21:04:24.620Z [startup] stage="Checking local services" progress=34 accent=checking detail="Verifying the app stack is reachable on ports 3000 and 4000."
2026-05-14T21:04:24.671Z [startup] stage="Local services ready" progress=66 accent=ready detail="The desktop stack answered on both ports."
2026-05-14T21:04:24.771Z [startup-timing] t+306ms splash-did-finish-load
2026-05-14T21:04:25.259Z [startup-timing] t+794ms main-ready-to-show
2026-05-14T21:04:25.260Z [startup-timing] t+794ms handoff-reveal-scheduled hold=2200ms
2026-05-14T21:04:25.484Z [startup-timing] t+1018ms main-did-finish-load
2026-05-14T21:04:25.484Z [startup-timing] t+1019ms handoff-reveal-scheduled hold=2200ms
2026-05-14T21:04:25.484Z [startup-timing] t+1019ms local-target-connected target=http://localhost:3000/app
2026-05-14T21:04:25.485Z [startup-timing] t+1020ms handoff-reveal-scheduled hold=2200ms
2026-05-14T21:04:25.485Z [startup] stage="Local services ready" progress=66 accent=ready detail="The desktop stack answered on both ports."
2026-05-14T21:04:25.517Z [startup] stage="Checking local services" progress=34 accent=checking detail="Verifying the app stack is reachable on ports 3000 and 4000."
2026-05-14T21:04:25.519Z [startup] stage="Local services ready" progress=66 accent=ready detail="The desktop stack answered on both ports."
