
2026-05-14T20:39:55.848Z [startup-timing] t+26ms app-when-ready
2026-05-14T20:39:55.849Z [startup-timing] log-path="D:\NEXUSFORGE GAMGING APP\apps\desktop\.network-smoke\local-35852-20260514-153954\startup.log"
2026-05-14T20:39:55.849Z [startup] stage="Booting desktop shell" progress=4 accent=warmup detail="Starting NexusForge Desktop."
2026-05-14T20:39:55.850Z [startup] stage="Preparing secure session" progress=18 accent=warmup detail="Resetting desktop storage before launch."
2026-05-14T20:39:55.859Z [startup] stage="Preparing secure session" progress=26 accent=ready detail="Desktop storage reset completed."
2026-05-14T20:39:55.860Z [startup] stage="Checking local services" progress=34 accent=checking detail="Verifying the app stack is reachable on ports 3000 and 4000."
2026-05-14T20:39:55.864Z [startup] stage="Local services ready" progress=66 accent=ready detail="The desktop stack answered on both ports."
2026-05-14T20:39:55.865Z [startup-timing] t+43ms splash-window-create
2026-05-14T20:39:55.922Z [startup-timing] t+100ms main-window-create
2026-05-14T20:39:55.949Z [startup] stage="Preparing launch" progress=72 accent=checking detail="Checking updates and final startup tasks."
2026-05-14T20:39:55.950Z [startup-timing] t+128ms ensure-app-reachable-start trigger=startup
2026-05-14T20:39:55.950Z [startup] stage="Opening app" progress=78 accent=opening detail="Connecting the desktop shell to NexusForge."
2026-05-14T20:39:55.950Z [startup] stage="Checking local services" progress=34 accent=checking detail="Verifying the app stack is reachable on ports 3000 and 4000."
2026-05-14T20:39:55.997Z [startup] stage="Local services ready" progress=66 accent=ready detail="The desktop stack answered on both ports."
2026-05-14T20:39:56.077Z [startup-timing] t+255ms splash-did-finish-load
2026-05-14T20:39:56.571Z [startup-timing] t+748ms main-ready-to-show
2026-05-14T20:39:56.572Z [startup-timing] t+750ms handoff-reveal-scheduled hold=2200ms
2026-05-14T20:39:56.821Z [startup-timing] t+999ms main-did-finish-load
2026-05-14T20:39:56.821Z [startup-timing] t+999ms handoff-reveal-scheduled hold=2200ms
2026-05-14T20:39:56.822Z [startup-timing] t+1000ms local-target-connected target=http://localhost:3000/app
2026-05-14T20:39:56.822Z [startup-timing] t+1000ms handoff-reveal-scheduled hold=2200ms
2026-05-14T20:39:56.822Z [startup] stage="Local services ready" progress=66 accent=ready detail="The desktop stack answered on both ports."
2026-05-14T20:39:56.847Z [startup] stage="Checking local services" progress=34 accent=checking detail="Verifying the app stack is reachable on ports 3000 and 4000."
2026-05-14T20:39:56.848Z [startup] stage="Local services ready" progress=66 accent=ready detail="The desktop stack answered on both ports."
