2026-05-14T04:39:04.075Z [startup-timing] t+25ms app-when-ready
2026-05-14T04:39:04.075Z [startup-timing] log-path="D:\NEXUSFORGE GAMGING APP\apps\desktop\.network-smoke\hosted-28880-20260513-233900\startup.log"
2026-05-14T04:39:04.076Z [startup] stage="Booting desktop shell" progress=4 accent=warmup detail="Starting NexusForge Desktop."
2026-05-14T04:39:04.076Z [startup] stage="Preparing secure session" progress=18 accent=warmup detail="Resetting desktop storage before launch."
2026-05-14T04:39:04.076Z [startup] stage="Connecting hosted workspace" progress=32 accent=opening detail="Opening the remote NexusForge experience."
2026-05-14T04:39:04.077Z [startup-timing] t+27ms splash-window-create
2026-05-14T04:39:04.124Z [startup-timing] t+74ms main-window-create
2026-05-14T04:39:04.140Z [startup] stage="Preparing launch" progress=72 accent=checking detail="Checking updates and final startup tasks."
2026-05-14T04:39:04.141Z [startup-timing] t+91ms ensure-app-reachable-start trigger=startup
2026-05-14T04:39:04.141Z [startup] stage="Connecting hosted workspace" progress=78 accent=opening detail="Opening the remote NexusForge experience."
2026-05-14T04:39:04.255Z [startup-timing] t+205ms splash-did-finish-load
2026-05-14T04:39:05.011Z [tls] certificate bypass accepted for https://www.nexusforge.app/app (net::ERR_CERT_AUTHORITY_INVALID)
2026-05-14T04:39:05.286Z [tls] certificate bypass accepted for https://www.nexusforge.app/app (net::ERR_CERT_AUTHORITY_INVALID)
2026-05-14T04:39:09.054Z [startup-timing] t+5004ms main-ready-to-show
2026-05-14T04:39:09.054Z [startup-timing] t+5004ms handoff-reveal-scheduled hold=2200ms
2026-05-14T04:39:09.158Z [startup-timing] t+5108ms main-did-finish-load
2026-05-14T04:39:09.159Z [startup-timing] t+5109ms handoff-reveal-scheduled hold=2200ms
2026-05-14T04:39:09.159Z [startup-timing] t+5109ms hosted-target-connected target=https://www.nexusforge.app/app
2026-05-14T04:39:09.159Z [startup-timing] t+5109ms handoff-reveal-scheduled hold=2200ms
2026-05-14T04:39:09.160Z [startup] stage="Connecting hosted workspace" progress=78 accent=opening detail="Opening the remote NexusForge experience."
