2026-05-14T19:51:33.879Z [startup-timing] t+28ms app-when-ready
2026-05-14T19:51:33.891Z [startup-timing] log-path="D:\NEXUSFORGE GAMGING APP\apps\desktop\.network-smoke\hosted-42736-20260514-145126\startup.log"
2026-05-14T19:51:33.892Z [startup] stage="Booting desktop shell" progress=4 accent=warmup detail="Starting NexusForge Desktop."
2026-05-14T19:51:33.892Z [startup] stage="Preparing secure session" progress=18 accent=warmup detail="Resetting desktop storage before launch."
2026-05-14T19:51:33.893Z [startup] stage="Connecting hosted workspace" progress=32 accent=opening detail="Opening the remote NexusForge experience."
2026-05-14T19:51:33.893Z [startup-timing] t+43ms splash-window-create
2026-05-14T19:51:33.940Z [startup-timing] t+90ms main-window-create
2026-05-14T19:51:33.964Z [startup] stage="Preparing launch" progress=72 accent=checking detail="Checking updates and final startup tasks."
2026-05-14T19:51:33.965Z [startup-timing] t+114ms ensure-app-reachable-start trigger=startup
2026-05-14T19:51:33.965Z [startup] stage="Connecting hosted workspace" progress=78 accent=opening detail="Opening the remote NexusForge experience."
2026-05-14T19:51:34.089Z [startup-timing] t+239ms splash-did-finish-load
2026-05-14T19:51:34.974Z [tls] certificate bypass accepted for https://www.nexusforge.app/app (net::ERR_CERT_AUTHORITY_INVALID)
2026-05-14T19:51:35.238Z [tls] certificate bypass accepted for https://www.nexusforge.app/app (net::ERR_CERT_AUTHORITY_INVALID)
2026-05-14T19:51:38.241Z [startup-timing] t+4391ms main-ready-to-show
2026-05-14T19:51:38.242Z [startup-timing] t+4392ms handoff-reveal-scheduled hold=2200ms
2026-05-14T19:51:38.343Z [startup-timing] t+4493ms main-did-finish-load
2026-05-14T19:51:38.344Z [startup-timing] t+4494ms handoff-reveal-scheduled hold=2200ms
2026-05-14T19:51:38.344Z [startup-timing] t+4494ms hosted-target-connected target=https://www.nexusforge.app/app
2026-05-14T19:51:38.344Z [startup-timing] t+4494ms handoff-reveal-scheduled hold=2200ms
2026-05-14T19:51:38.345Z [startup] stage="Connecting hosted workspace" progress=78 accent=opening detail="Opening the remote NexusForge experience."
