2026-05-14T19:54:43.870Z [startup-timing] t+27ms app-when-ready
2026-05-14T19:54:43.885Z [startup-timing] log-path="D:\NEXUSFORGE GAMGING APP\apps\desktop\.network-smoke\hosted-41892-20260514-145440\startup.log"
2026-05-14T19:54:43.885Z [startup] stage="Booting desktop shell" progress=4 accent=warmup detail="Starting NexusForge Desktop."
2026-05-14T19:54:43.885Z [startup] stage="Preparing secure session" progress=18 accent=warmup detail="Resetting desktop storage before launch."
2026-05-14T19:54:43.886Z [startup] stage="Connecting hosted workspace" progress=32 accent=opening detail="Opening the remote NexusForge experience."
2026-05-14T19:54:43.886Z [startup-timing] t+43ms splash-window-create
2026-05-14T19:54:43.936Z [startup-timing] t+92ms main-window-create
2026-05-14T19:54:43.955Z [startup] stage="Preparing launch" progress=72 accent=checking detail="Checking updates and final startup tasks."
2026-05-14T19:54:43.955Z [startup-timing] t+112ms ensure-app-reachable-start trigger=startup
2026-05-14T19:54:43.955Z [startup] stage="Connecting hosted workspace" progress=78 accent=opening detail="Opening the remote NexusForge experience."
2026-05-14T19:54:44.067Z [startup-timing] t+224ms splash-did-finish-load
2026-05-14T19:54:44.885Z [tls] certificate bypass accepted for https://www.nexusforge.app/app (net::ERR_CERT_AUTHORITY_INVALID)
2026-05-14T19:54:45.151Z [tls] certificate bypass accepted for https://www.nexusforge.app/app (net::ERR_CERT_AUTHORITY_INVALID)
2026-05-14T19:54:48.916Z [startup-timing] t+5073ms main-ready-to-show
2026-05-14T19:54:48.917Z [startup-timing] t+5074ms handoff-reveal-scheduled hold=2200ms
2026-05-14T19:54:49.006Z [startup-timing] t+5163ms main-did-finish-load
2026-05-14T19:54:49.007Z [startup-timing] t+5164ms handoff-reveal-scheduled hold=2200ms
2026-05-14T19:54:49.007Z [startup-timing] t+5164ms hosted-target-connected target=https://www.nexusforge.app/app
2026-05-14T19:54:49.007Z [startup-timing] t+5164ms handoff-reveal-scheduled hold=2200ms
2026-05-14T19:54:49.008Z [startup] stage="Connecting hosted workspace" progress=78 accent=opening detail="Opening the remote NexusForge experience."
