
2026-05-15T00:24:17.921Z [startup-timing] t+31ms app-when-ready
2026-05-15T00:24:17.921Z [startup-timing] log-path="D:\NEXUSFORGE GAMGING APP\apps\desktop\.network-smoke\local-47236-20260514-192416\startup.log"
2026-05-15T00:24:17.922Z [startup] stage="Booting desktop shell" progress=4 accent=warmup detail="Starting NexusForge Desktop."
2026-05-15T00:24:17.923Z [startup] stage="Preparing secure session" progress=18 accent=warmup detail="Resetting desktop storage before launch."
2026-05-15T00:24:17.930Z [startup] stage="Preparing secure session" progress=26 accent=ready detail="Desktop storage reset completed."
2026-05-15T00:24:17.931Z [startup] stage="Checking local services" progress=34 accent=checking detail="Verifying the app stack is reachable on ports 3000 and 4000."
2026-05-15T00:24:17.936Z [startup] stage="Local services ready" progress=66 accent=ready detail="The desktop stack answered on both ports."
2026-05-15T00:24:17.965Z [startup-timing] t+74ms splash-window-create
2026-05-15T00:24:18.030Z [startup-timing] t+140ms main-window-create
2026-05-15T00:24:18.064Z [startup] stage="Preparing launch" progress=72 accent=checking detail="Checking updates and final startup tasks."
2026-05-15T00:24:18.065Z [startup-timing] t+174ms ensure-app-reachable-start trigger=startup
2026-05-15T00:24:18.065Z [startup] stage="Opening app" progress=78 accent=opening detail="Connecting the desktop shell to NexusForge."
2026-05-15T00:24:18.065Z [startup] stage="Checking local services" progress=34 accent=checking detail="Verifying the app stack is reachable on ports 3000 and 4000."
2026-05-15T00:24:18.119Z [startup] stage="Local services ready" progress=66 accent=ready detail="The desktop stack answered on both ports."
2026-05-15T00:24:18.211Z [startup-timing] t+321ms splash-did-finish-load
2026-05-15T00:24:18.296Z [startup-timing] t+406ms main-ready-to-show
2026-05-15T00:24:18.296Z [startup-timing] t+406ms handoff-reveal-scheduled hold=2200ms
2026-05-15T00:24:18.343Z [startup-timing] t+452ms main-did-finish-load
2026-05-15T00:24:18.343Z [startup-timing] t+453ms handoff-reveal-scheduled hold=2200ms
2026-05-15T00:24:18.343Z [startup-timing] t+453ms local-target-connected target=http://localhost:3000/app
2026-05-15T00:24:18.344Z [startup-timing] t+453ms handoff-reveal-scheduled hold=2200ms
2026-05-15T00:24:18.344Z [startup] stage="Local services ready" progress=66 accent=ready detail="The desktop stack answered on both ports."
