2026-05-13T23:02:22.651Z [startup-timing] t+29ms app-when-ready
2026-05-13T23:02:22.651Z [startup-timing] log-path="D:\NEXUSFORGE GAMGING APP\apps\desktop\.network-smoke\hosted-30352-20260513-180221\startup.log"
2026-05-13T23:02:22.652Z [startup] stage="Booting desktop shell" progress=4 accent=warmup detail="Starting NexusForge Desktop."
2026-05-13T23:02:22.652Z [startup] stage="Preparing secure session" progress=18 accent=warmup detail="Resetting desktop storage before launch."
2026-05-13T23:02:22.652Z [startup] stage="Connecting hosted workspace" progress=32 accent=opening detail="Opening the remote NexusForge experience."
2026-05-13T23:02:22.653Z [startup-timing] t+31ms splash-window-create
2026-05-13T23:02:22.712Z [startup-timing] t+89ms main-window-create
2026-05-13T23:02:22.783Z [startup] stage="Preparing launch" progress=72 accent=checking detail="Checking updates and final startup tasks."
2026-05-13T23:02:22.784Z [startup-timing] t+162ms ensure-app-reachable-start trigger=startup
2026-05-13T23:02:22.784Z [startup] stage="Connecting hosted workspace" progress=78 accent=opening detail="Opening the remote NexusForge experience."
2026-05-13T23:02:22.922Z [startup-timing] t+300ms splash-did-finish-load
2026-05-13T23:02:23.677Z [tls] certificate bypass accepted for https://www.nexusforge.app/app (net::ERR_CERT_AUTHORITY_INVALID)
2026-05-13T23:02:23.932Z [tls] certificate bypass accepted for https://www.nexusforge.app/app (net::ERR_CERT_AUTHORITY_INVALID)
2026-05-13T23:02:26.927Z [startup-timing] t+4305ms main-ready-to-show
2026-05-13T23:02:26.928Z [startup-timing] t+4306ms handoff-reveal-scheduled hold=2200ms
2026-05-13T23:02:27.035Z [startup-timing] t+4413ms main-did-finish-load
2026-05-13T23:02:27.035Z [startup-timing] t+4413ms handoff-reveal-scheduled hold=2200ms
2026-05-13T23:02:27.036Z [startup-timing] t+4414ms hosted-target-connected target=https://www.nexusforge.app/app
2026-05-13T23:02:27.036Z [startup-timing] t+4414ms handoff-reveal-scheduled hold=2200ms
2026-05-13T23:02:27.036Z [startup] stage="Connecting hosted workspace" progress=78 accent=opening detail="Opening the remote NexusForge experience."
