2026-05-14T03:40:33.264Z [startup-timing] t+27ms app-when-ready
2026-05-14T03:40:33.264Z [startup-timing] log-path="D:\NEXUSFORGE GAMGING APP\apps\desktop\.network-smoke\hosted-30620-20260513-224030\startup.log"
2026-05-14T03:40:33.265Z [startup] stage="Booting desktop shell" progress=4 accent=warmup detail="Starting NexusForge Desktop."
2026-05-14T03:40:33.265Z [startup] stage="Preparing secure session" progress=18 accent=warmup detail="Resetting desktop storage before launch."
2026-05-14T03:40:33.265Z [startup] stage="Connecting hosted workspace" progress=32 accent=opening detail="Opening the remote NexusForge experience."
2026-05-14T03:40:33.265Z [startup-timing] t+28ms splash-window-create
2026-05-14T03:40:33.317Z [startup-timing] t+73ms main-window-create
2026-05-14T03:40:33.334Z [startup] stage="Preparing launch" progress=72 accent=checking detail="Checking updates and final startup tasks."
2026-05-14T03:40:33.335Z [startup-timing] t+98ms ensure-app-reachable-start trigger=startup
2026-05-14T03:40:33.335Z [startup] stage="Connecting hosted workspace" progress=78 accent=opening detail="Opening the remote NexusForge experience."
2026-05-14T03:40:33.446Z [startup-timing] t+209ms splash-did-finish-load
2026-05-14T03:40:34.284Z [tls] certificate bypass accepted for https://www.nexusforge.app/app (net::ERR_CERT_AUTHORITY_INVALID)
2026-05-14T03:40:34.579Z [tls] certificate bypass accepted for https://www.nexusforge.app/app (net::ERR_CERT_AUTHORITY_INVALID)
2026-05-14T03:40:37.613Z [startup-timing] t+4376ms main-ready-to-show
2026-05-14T03:40:37.613Z [startup-timing] t+4376ms handoff-reveal-scheduled hold=2200ms
2026-05-14T03:40:37.704Z [startup-timing] t+4467ms main-did-finish-load
2026-05-14T03:40:37.704Z [startup-timing] t+4467ms handoff-reveal-scheduled hold=2200ms
2026-05-14T03:40:37.704Z [startup-timing] t+4467ms hosted-target-connected target=https://www.nexusforge.app/app
2026-05-14T03:40:37.705Z [startup-timing] t+4468ms handoff-reveal-scheduled hold=2200ms
2026-05-14T03:40:37.705Z [startup] stage="Connecting hosted workspace" progress=78 accent=opening detail="Opening the remote NexusForge experience."
