2026-05-14T03:27:40.238Z [startup-timing] t+26ms app-when-ready
2026-05-14T03:27:40.238Z [startup-timing] log-path="D:\NEXUSFORGE GAMGING APP\apps\desktop\.network-smoke\local-40060-20260513-222739\startup.log"
2026-05-14T03:27:40.239Z [startup] stage="Booting desktop shell" progress=4 accent=warmup detail="Starting NexusForge Desktop."
2026-05-14T03:27:40.239Z [startup] stage="Preparing secure session" progress=18 accent=warmup detail="Resetting desktop storage before launch."
2026-05-14T03:27:40.246Z [startup] stage="Preparing secure session" progress=26 accent=ready detail="Desktop storage reset completed."
2026-05-14T03:27:40.247Z [startup] stage="Checking local services" progress=34 accent=checking detail="Verifying the app stack is reachable on ports 3000 and 4000."
2026-05-14T03:27:40.252Z [startup] stage="Local services ready" progress=66 accent=ready detail="The desktop stack answered on both ports."
2026-05-14T03:27:40.253Z [startup-timing] t+40ms splash-window-create
2026-05-14T03:27:40.301Z [startup-timing] t+89ms main-window-create
2026-05-14T03:27:40.315Z [startup] stage="Preparing launch" progress=72 accent=checking detail="Checking updates and final startup tasks."
2026-05-14T03:27:40.315Z [startup-timing] t+103ms ensure-app-reachable-start trigger=startup
2026-05-14T03:27:40.316Z [startup] stage="Opening app" progress=78 accent=opening detail="Connecting the desktop shell to NexusForge."
2026-05-14T03:27:40.316Z [startup] stage="Checking local services" progress=34 accent=checking detail="Verifying the app stack is reachable on ports 3000 and 4000."
2026-05-14T03:27:40.356Z [startup] stage="Local services ready" progress=66 accent=ready detail="The desktop stack answered on both ports."
2026-05-14T03:27:40.424Z [startup-timing] t+212ms splash-did-finish-load
2026-05-14T03:27:40.885Z [startup-timing] t+673ms main-ready-to-show
2026-05-14T03:27:40.885Z [startup-timing] t+673ms handoff-reveal-scheduled hold=2200ms
2026-05-14T03:27:41.053Z [startup-timing] t+841ms main-did-finish-load
2026-05-14T03:27:41.054Z [startup-timing] t+842ms handoff-reveal-scheduled hold=2200ms
2026-05-14T03:27:41.054Z [startup-timing] t+842ms local-target-connected target=http://localhost:3000/app
2026-05-14T03:27:41.054Z [startup-timing] t+842ms handoff-reveal-scheduled hold=2200ms
2026-05-14T03:27:41.054Z [startup] stage="Local services ready" progress=66 accent=ready detail="The desktop stack answered on both ports."
2026-05-14T03:27:41.071Z [startup] stage="Checking local services" progress=34 accent=checking detail="Verifying the app stack is reachable on ports 3000 and 4000."
2026-05-14T03:27:41.072Z [startup] stage="Local services ready" progress=66 accent=ready detail="The desktop stack answered on both ports."
