
2026-05-15T00:38:48.972Z [startup-timing] t+28ms app-when-ready
2026-05-15T00:38:48.972Z [startup-timing] log-path="D:\NEXUSFORGE GAMGING APP\apps\desktop\.network-smoke\hosted-46872-20260514-193845\startup.log"
2026-05-15T00:38:48.973Z [startup] stage="Booting desktop shell" progress=4 accent=warmup detail="Starting NexusForge Desktop."
2026-05-15T00:38:48.973Z [startup] stage="Preparing secure session" progress=18 accent=warmup detail="Resetting desktop storage before launch."
2026-05-15T00:38:48.973Z [startup] stage="Connecting hosted workspace" progress=32 accent=opening detail="Opening the remote NexusForge experience."
2026-05-15T00:38:48.999Z [startup-timing] t+55ms splash-window-create
2026-05-15T00:38:49.071Z [startup-timing] t+127ms main-window-create
2026-05-15T00:38:49.107Z [startup] stage="Preparing launch" progress=72 accent=checking detail="Checking updates and final startup tasks."
2026-05-15T00:38:49.107Z [startup-timing] t+163ms ensure-app-reachable-start trigger=startup
2026-05-15T00:38:49.107Z [startup] stage="Connecting hosted workspace" progress=78 accent=opening detail="Opening the remote NexusForge experience."
2026-05-15T00:38:49.281Z [startup-timing] t+337ms splash-did-finish-load
2026-05-15T00:38:49.976Z [tls] certificate bypass accepted for https://www.nexusforge.app/app (net::ERR_CERT_AUTHORITY_INVALID)
2026-05-15T00:38:50.252Z [tls] certificate bypass accepted for https://www.nexusforge.app/app (net::ERR_CERT_AUTHORITY_INVALID)
2026-05-15T00:38:53.304Z [startup-timing] t+4359ms main-ready-to-show
2026-05-15T00:38:53.304Z [startup-timing] t+4360ms handoff-reveal-scheduled hold=2200ms
2026-05-15T00:38:53.378Z [startup-timing] t+4434ms main-did-finish-load
2026-05-15T00:38:53.379Z [startup-timing] t+4435ms handoff-reveal-scheduled hold=2200ms
2026-05-15T00:38:53.379Z [startup-timing] t+4435ms hosted-target-connected target=https://www.nexusforge.app/app
2026-05-15T00:38:53.379Z [startup-timing] t+4435ms handoff-reveal-scheduled hold=2200ms
2026-05-15T00:38:53.380Z [startup] stage="Connecting hosted workspace" progress=78 accent=opening detail="Opening the remote NexusForge experience."
