
2026-05-14T20:46:21.546Z [startup-timing] t+28ms app-when-ready
2026-05-14T20:46:21.547Z [startup-timing] log-path="D:\NEXUSFORGE GAMGING APP\apps\desktop\.network-smoke\local-44552-20260514-154620\startup.log"
2026-05-14T20:46:21.547Z [startup] stage="Booting desktop shell" progress=4 accent=warmup detail="Starting NexusForge Desktop."
2026-05-14T20:46:21.547Z [startup] stage="Preparing secure session" progress=18 accent=warmup detail="Resetting desktop storage before launch."
2026-05-14T20:46:21.556Z [startup] stage="Preparing secure session" progress=26 accent=ready detail="Desktop storage reset completed."
2026-05-14T20:46:21.557Z [startup] stage="Checking local services" progress=34 accent=checking detail="Verifying the app stack is reachable on ports 3000 and 4000."
2026-05-14T20:46:21.563Z [startup] stage="Local services ready" progress=66 accent=ready detail="The desktop stack answered on both ports."
2026-05-14T20:46:21.563Z [startup-timing] t+45ms splash-window-create
2026-05-14T20:46:21.623Z [startup-timing] t+104ms main-window-create
2026-05-14T20:46:21.644Z [startup] stage="Preparing launch" progress=72 accent=checking detail="Checking updates and final startup tasks."
2026-05-14T20:46:21.645Z [startup-timing] t+127ms ensure-app-reachable-start trigger=startup
2026-05-14T20:46:21.645Z [startup] stage="Opening app" progress=78 accent=opening detail="Connecting the desktop shell to NexusForge."
2026-05-14T20:46:21.645Z [startup] stage="Checking local services" progress=34 accent=checking detail="Verifying the app stack is reachable on ports 3000 and 4000."
2026-05-14T20:46:21.694Z [startup] stage="Local services ready" progress=66 accent=ready detail="The desktop stack answered on both ports."
2026-05-14T20:46:21.780Z [startup-timing] t+262ms splash-did-finish-load
2026-05-14T20:46:22.275Z [startup-timing] t+757ms main-ready-to-show
2026-05-14T20:46:22.275Z [startup-timing] t+757ms handoff-reveal-scheduled hold=2200ms
2026-05-14T20:46:22.480Z [startup-timing] t+962ms main-did-finish-load
2026-05-14T20:46:22.480Z [startup-timing] t+962ms handoff-reveal-scheduled hold=2200ms
2026-05-14T20:46:22.481Z [startup-timing] t+963ms local-target-connected target=http://localhost:3000/app
2026-05-14T20:46:22.481Z [startup-timing] t+963ms handoff-reveal-scheduled hold=2200ms
2026-05-14T20:46:22.481Z [startup] stage="Local services ready" progress=66 accent=ready detail="The desktop stack answered on both ports."
2026-05-14T20:46:22.506Z [startup] stage="Checking local services" progress=34 accent=checking detail="Verifying the app stack is reachable on ports 3000 and 4000."
2026-05-14T20:46:22.508Z [startup] stage="Local services ready" progress=66 accent=ready detail="The desktop stack answered on both ports."
