2026-05-14T04:25:13.547Z [startup-timing] t+25ms app-when-ready
2026-05-14T04:25:13.548Z [startup-timing] log-path="D:\NEXUSFORGE GAMGING APP\apps\desktop\.network-smoke\local-5500-20260513-232512\startup.log"
2026-05-14T04:25:13.548Z [startup] stage="Booting desktop shell" progress=4 accent=warmup detail="Starting NexusForge Desktop."
2026-05-14T04:25:13.549Z [startup] stage="Preparing secure session" progress=18 accent=warmup detail="Resetting desktop storage before launch."
2026-05-14T04:25:13.555Z [startup] stage="Preparing secure session" progress=26 accent=ready detail="Desktop storage reset completed."
2026-05-14T04:25:13.555Z [startup] stage="Checking local services" progress=34 accent=checking detail="Verifying the app stack is reachable on ports 3000 and 4000."
2026-05-14T04:25:13.561Z [startup] stage="Local services ready" progress=66 accent=ready detail="The desktop stack answered on both ports."
2026-05-14T04:25:13.562Z [startup-timing] t+40ms splash-window-create
2026-05-14T04:25:13.608Z [startup-timing] t+85ms main-window-create
2026-05-14T04:25:13.623Z [startup] stage="Preparing launch" progress=72 accent=checking detail="Checking updates and final startup tasks."
2026-05-14T04:25:13.623Z [startup-timing] t+101ms ensure-app-reachable-start trigger=startup
2026-05-14T04:25:13.623Z [startup] stage="Opening app" progress=78 accent=opening detail="Connecting the desktop shell to NexusForge."
2026-05-14T04:25:13.624Z [startup] stage="Checking local services" progress=34 accent=checking detail="Verifying the app stack is reachable on ports 3000 and 4000."
2026-05-14T04:25:13.663Z [startup] stage="Local services ready" progress=66 accent=ready detail="The desktop stack answered on both ports."
2026-05-14T04:25:13.732Z [startup-timing] t+210ms splash-did-finish-load
2026-05-14T04:25:14.216Z [startup-timing] t+694ms main-ready-to-show
2026-05-14T04:25:14.217Z [startup-timing] t+695ms handoff-reveal-scheduled hold=2200ms
2026-05-14T04:25:14.403Z [startup-timing] t+880ms main-did-finish-load
2026-05-14T04:25:14.403Z [startup-timing] t+881ms handoff-reveal-scheduled hold=2200ms
2026-05-14T04:25:14.404Z [startup-timing] t+882ms local-target-connected target=http://localhost:3000/app
2026-05-14T04:25:14.404Z [startup-timing] t+882ms handoff-reveal-scheduled hold=2200ms
2026-05-14T04:25:14.404Z [startup] stage="Local services ready" progress=66 accent=ready detail="The desktop stack answered on both ports."
2026-05-14T04:25:14.422Z [startup] stage="Checking local services" progress=34 accent=checking detail="Verifying the app stack is reachable on ports 3000 and 4000."
2026-05-14T04:25:14.424Z [startup] stage="Local services ready" progress=66 accent=ready detail="The desktop stack answered on both ports."
