
2026-05-14T23:58:22.723Z [startup-timing] t+28ms app-when-ready
2026-05-14T23:58:22.723Z [startup-timing] log-path="D:\NEXUSFORGE GAMGING APP\apps\desktop\.network-smoke\local-47860-20260514-185821\startup.log"
2026-05-14T23:58:22.723Z [startup] stage="Booting desktop shell" progress=4 accent=warmup detail="Starting NexusForge Desktop."
2026-05-14T23:58:22.724Z [startup] stage="Preparing secure session" progress=18 accent=warmup detail="Resetting desktop storage before launch."
2026-05-14T23:58:22.734Z [startup] stage="Preparing secure session" progress=26 accent=ready detail="Desktop storage reset completed."
2026-05-14T23:58:22.735Z [startup] stage="Checking local services" progress=34 accent=checking detail="Verifying the app stack is reachable on ports 3000 and 4000."
2026-05-14T23:58:22.740Z [startup] stage="Local services ready" progress=66 accent=ready detail="The desktop stack answered on both ports."
2026-05-14T23:58:22.767Z [startup-timing] t+71ms splash-window-create
2026-05-14T23:58:22.843Z [startup-timing] t+148ms main-window-create
2026-05-14T23:58:22.877Z [startup] stage="Preparing launch" progress=72 accent=checking detail="Checking updates and final startup tasks."
2026-05-14T23:58:22.878Z [startup-timing] t+183ms ensure-app-reachable-start trigger=startup
2026-05-14T23:58:22.878Z [startup] stage="Opening app" progress=78 accent=opening detail="Connecting the desktop shell to NexusForge."
2026-05-14T23:58:22.879Z [startup] stage="Checking local services" progress=34 accent=checking detail="Verifying the app stack is reachable on ports 3000 and 4000."
2026-05-14T23:58:22.925Z [startup] stage="Local services ready" progress=66 accent=ready detail="The desktop stack answered on both ports."
2026-05-14T23:58:23.054Z [startup-timing] t+359ms splash-did-finish-load
2026-05-14T23:58:23.194Z [startup-timing] t+499ms main-ready-to-show
2026-05-14T23:58:23.194Z [startup-timing] t+499ms handoff-reveal-scheduled hold=2200ms
2026-05-14T23:58:23.404Z [startup-timing] t+708ms main-did-finish-load
2026-05-14T23:58:23.404Z [startup-timing] t+709ms handoff-reveal-scheduled hold=2200ms
2026-05-14T23:58:23.404Z [startup-timing] t+709ms local-target-connected target=http://localhost:3000/app
2026-05-14T23:58:23.405Z [startup-timing] t+710ms handoff-reveal-scheduled hold=2200ms
2026-05-14T23:58:23.405Z [startup] stage="Local services ready" progress=66 accent=ready detail="The desktop stack answered on both ports."
