2026-05-14T03:22:58.235Z [startup-timing] t+26ms app-when-ready
2026-05-14T03:22:58.235Z [startup-timing] log-path="D:\NEXUSFORGE GAMGING APP\apps\desktop\.network-smoke\local-11964-20260513-222257\startup.log"
2026-05-14T03:22:58.236Z [startup] stage="Booting desktop shell" progress=4 accent=warmup detail="Starting NexusForge Desktop."
2026-05-14T03:22:58.236Z [startup] stage="Preparing secure session" progress=18 accent=warmup detail="Resetting desktop storage before launch."
2026-05-14T03:22:58.243Z [startup] stage="Preparing secure session" progress=26 accent=ready detail="Desktop storage reset completed."
2026-05-14T03:22:58.244Z [startup] stage="Checking local services" progress=34 accent=checking detail="Verifying the app stack is reachable on ports 3000 and 4000."
2026-05-14T03:22:58.249Z [startup] stage="Local services ready" progress=66 accent=ready detail="The desktop stack answered on both ports."
2026-05-14T03:22:58.249Z [startup-timing] t+40ms splash-window-create
2026-05-14T03:22:58.296Z [startup-timing] t+87ms main-window-create
2026-05-14T03:22:58.311Z [startup] stage="Preparing launch" progress=72 accent=checking detail="Checking updates and final startup tasks."
2026-05-14T03:22:58.312Z [startup-timing] t+103ms ensure-app-reachable-start trigger=startup
2026-05-14T03:22:58.312Z [startup] stage="Opening app" progress=78 accent=opening detail="Connecting the desktop shell to NexusForge."
2026-05-14T03:22:58.313Z [startup] stage="Checking local services" progress=34 accent=checking detail="Verifying the app stack is reachable on ports 3000 and 4000."
2026-05-14T03:22:58.355Z [startup] stage="Local services ready" progress=66 accent=ready detail="The desktop stack answered on both ports."
2026-05-14T03:22:58.426Z [startup-timing] t+217ms splash-did-finish-load
2026-05-14T03:22:58.889Z [startup-timing] t+680ms main-ready-to-show
2026-05-14T03:22:58.890Z [startup-timing] t+681ms handoff-reveal-scheduled hold=2200ms
2026-05-14T03:22:59.085Z [startup-timing] t+876ms main-did-finish-load
2026-05-14T03:22:59.085Z [startup-timing] t+876ms handoff-reveal-scheduled hold=2200ms
2026-05-14T03:22:59.086Z [startup-timing] t+877ms local-target-connected target=http://localhost:3000/app
2026-05-14T03:22:59.086Z [startup-timing] t+877ms handoff-reveal-scheduled hold=2200ms
2026-05-14T03:22:59.086Z [startup] stage="Local services ready" progress=66 accent=ready detail="The desktop stack answered on both ports."
2026-05-14T03:22:59.104Z [startup] stage="Checking local services" progress=34 accent=checking detail="Verifying the app stack is reachable on ports 3000 and 4000."
2026-05-14T03:22:59.105Z [startup] stage="Local services ready" progress=66 accent=ready detail="The desktop stack answered on both ports."
