2026-05-14T04:37:35.628Z [startup-timing] t+24ms app-when-ready
2026-05-14T04:37:35.629Z [startup-timing] log-path="D:\NEXUSFORGE GAMGING APP\apps\desktop\.network-smoke\hosted-18284-20260513-233732\startup.log"
2026-05-14T04:37:35.629Z [startup] stage="Booting desktop shell" progress=4 accent=warmup detail="Starting NexusForge Desktop."
2026-05-14T04:37:35.629Z [startup] stage="Preparing secure session" progress=18 accent=warmup detail="Resetting desktop storage before launch."
2026-05-14T04:37:35.630Z [startup] stage="Connecting hosted workspace" progress=32 accent=opening detail="Opening the remote NexusForge experience."
2026-05-14T04:37:35.630Z [startup-timing] t+26ms splash-window-create
2026-05-14T04:37:35.675Z [startup-timing] t+71ms main-window-create
2026-05-14T04:37:35.693Z [startup] stage="Preparing launch" progress=72 accent=checking detail="Checking updates and final startup tasks."
2026-05-14T04:37:35.694Z [startup-timing] t+90ms ensure-app-reachable-start trigger=startup
2026-05-14T04:37:35.694Z [startup] stage="Connecting hosted workspace" progress=78 accent=opening detail="Opening the remote NexusForge experience."
2026-05-14T04:37:35.812Z [startup-timing] t+208ms splash-did-finish-load
2026-05-14T04:37:36.569Z [tls] certificate bypass accepted for https://www.nexusforge.app/app (net::ERR_CERT_AUTHORITY_INVALID)
2026-05-14T04:37:36.755Z [tls] certificate bypass accepted for https://www.nexusforge.app/app (net::ERR_CERT_AUTHORITY_INVALID)
2026-05-14T04:37:39.972Z [startup-timing] t+4368ms main-ready-to-show
2026-05-14T04:37:39.972Z [startup-timing] t+4368ms handoff-reveal-scheduled hold=2200ms
2026-05-14T04:37:40.098Z [startup-timing] t+4494ms main-did-finish-load
2026-05-14T04:37:40.099Z [startup-timing] t+4494ms handoff-reveal-scheduled hold=2200ms
2026-05-14T04:37:40.099Z [startup-timing] t+4495ms hosted-target-connected target=https://www.nexusforge.app/app
2026-05-14T04:37:40.099Z [startup-timing] t+4495ms handoff-reveal-scheduled hold=2200ms
2026-05-14T04:37:40.099Z [startup] stage="Connecting hosted workspace" progress=78 accent=opening detail="Opening the remote NexusForge experience."
