
2026-05-14T21:46:30.181Z [startup-timing] t+30ms app-when-ready
2026-05-14T21:46:30.182Z [startup-timing] log-path="D:\NEXUSFORGE GAMGING APP\apps\desktop\.network-smoke\hosted-10548-20260514-164626\startup.log"
2026-05-14T21:46:30.182Z [startup] stage="Booting desktop shell" progress=4 accent=warmup detail="Starting NexusForge Desktop."
2026-05-14T21:46:30.183Z [startup] stage="Preparing secure session" progress=18 accent=warmup detail="Resetting desktop storage before launch."
2026-05-14T21:46:30.183Z [startup] stage="Connecting hosted workspace" progress=32 accent=opening detail="Opening the remote NexusForge experience."
2026-05-14T21:46:30.210Z [startup-timing] t+60ms splash-window-create
2026-05-14T21:46:30.296Z [startup-timing] t+146ms main-window-create
2026-05-14T21:46:30.341Z [startup] stage="Preparing launch" progress=72 accent=checking detail="Checking updates and final startup tasks."
2026-05-14T21:46:30.342Z [startup-timing] t+191ms ensure-app-reachable-start trigger=startup
2026-05-14T21:46:30.342Z [startup] stage="Connecting hosted workspace" progress=78 accent=opening detail="Opening the remote NexusForge experience."
2026-05-14T21:46:30.478Z [startup-timing] t+328ms splash-did-finish-load
2026-05-14T21:46:31.217Z [tls] certificate bypass accepted for https://www.nexusforge.app/app (net::ERR_CERT_AUTHORITY_INVALID)
2026-05-14T21:46:31.491Z [tls] certificate bypass accepted for https://www.nexusforge.app/app (net::ERR_CERT_AUTHORITY_INVALID)
2026-05-14T21:46:34.348Z [startup-timing] t+4198ms main-ready-to-show
2026-05-14T21:46:34.349Z [startup-timing] t+4199ms handoff-reveal-scheduled hold=2200ms
2026-05-14T21:46:34.417Z [startup-timing] t+4267ms main-did-finish-load
2026-05-14T21:46:34.418Z [startup-timing] t+4268ms handoff-reveal-scheduled hold=2200ms
2026-05-14T21:46:34.418Z [startup-timing] t+4268ms hosted-target-connected target=https://www.nexusforge.app/app
2026-05-14T21:46:34.418Z [startup-timing] t+4268ms handoff-reveal-scheduled hold=2200ms
2026-05-14T21:46:34.419Z [startup] stage="Connecting hosted workspace" progress=78 accent=opening detail="Opening the remote NexusForge experience."
