2026-05-14T03:24:49.672Z [startup-timing] t+25ms app-when-ready
2026-05-14T03:24:49.673Z [startup-timing] log-path="D:\NEXUSFORGE GAMGING APP\apps\desktop\.network-smoke\local-39656-20260513-222448\startup.log"
2026-05-14T03:24:49.673Z [startup] stage="Booting desktop shell" progress=4 accent=warmup detail="Starting NexusForge Desktop."
2026-05-14T03:24:49.673Z [startup] stage="Preparing secure session" progress=18 accent=warmup detail="Resetting desktop storage before launch."
2026-05-14T03:24:49.680Z [startup] stage="Preparing secure session" progress=26 accent=ready detail="Desktop storage reset completed."
2026-05-14T03:24:49.681Z [startup] stage="Checking local services" progress=34 accent=checking detail="Verifying the app stack is reachable on ports 3000 and 4000."
2026-05-14T03:24:49.687Z [startup] stage="Local services ready" progress=66 accent=ready detail="The desktop stack answered on both ports."
2026-05-14T03:24:49.687Z [startup-timing] t+40ms splash-window-create
2026-05-14T03:24:49.732Z [startup-timing] t+85ms main-window-create
2026-05-14T03:24:49.746Z [startup] stage="Preparing launch" progress=72 accent=checking detail="Checking updates and final startup tasks."
2026-05-14T03:24:49.746Z [startup-timing] t+99ms ensure-app-reachable-start trigger=startup
2026-05-14T03:24:49.747Z [startup] stage="Opening app" progress=78 accent=opening detail="Connecting the desktop shell to NexusForge."
2026-05-14T03:24:49.747Z [startup] stage="Checking local services" progress=34 accent=checking detail="Verifying the app stack is reachable on ports 3000 and 4000."
2026-05-14T03:24:49.785Z [startup] stage="Local services ready" progress=66 accent=ready detail="The desktop stack answered on both ports."
2026-05-14T03:24:49.855Z [startup-timing] t+208ms splash-did-finish-load
2026-05-14T03:24:50.329Z [startup-timing] t+682ms main-ready-to-show
2026-05-14T03:24:50.330Z [startup-timing] t+682ms handoff-reveal-scheduled hold=2200ms
2026-05-14T03:24:50.498Z [startup-timing] t+851ms main-did-finish-load
2026-05-14T03:24:50.499Z [startup-timing] t+852ms handoff-reveal-scheduled hold=2200ms
2026-05-14T03:24:50.499Z [startup-timing] t+852ms local-target-connected target=http://localhost:3000/app
2026-05-14T03:24:50.500Z [startup-timing] t+853ms handoff-reveal-scheduled hold=2200ms
2026-05-14T03:24:50.500Z [startup] stage="Local services ready" progress=66 accent=ready detail="The desktop stack answered on both ports."
2026-05-14T03:24:50.516Z [startup] stage="Checking local services" progress=34 accent=checking detail="Verifying the app stack is reachable on ports 3000 and 4000."
2026-05-14T03:24:50.517Z [startup] stage="Local services ready" progress=66 accent=ready detail="The desktop stack answered on both ports."
