
2026-05-15T00:33:02.611Z [startup-timing] t+27ms app-when-ready
2026-05-15T00:33:02.611Z [startup-timing] log-path="D:\NEXUSFORGE GAMGING APP\apps\desktop\.network-smoke\hosted-6292-20260514-193258\startup.log"
2026-05-15T00:33:02.612Z [startup] stage="Booting desktop shell" progress=4 accent=warmup detail="Starting NexusForge Desktop."
2026-05-15T00:33:02.612Z [startup] stage="Preparing secure session" progress=18 accent=warmup detail="Resetting desktop storage before launch."
2026-05-15T00:33:02.612Z [startup] stage="Connecting hosted workspace" progress=32 accent=opening detail="Opening the remote NexusForge experience."
2026-05-15T00:33:02.638Z [startup-timing] t+54ms splash-window-create
2026-05-15T00:33:02.715Z [startup-timing] t+130ms main-window-create
2026-05-15T00:33:02.747Z [startup] stage="Preparing launch" progress=72 accent=checking detail="Checking updates and final startup tasks."
2026-05-15T00:33:02.748Z [startup-timing] t+163ms ensure-app-reachable-start trigger=startup
2026-05-15T00:33:02.748Z [startup] stage="Connecting hosted workspace" progress=78 accent=opening detail="Opening the remote NexusForge experience."
2026-05-15T00:33:02.879Z [startup-timing] t+295ms splash-did-finish-load
2026-05-15T00:33:03.646Z [tls] certificate bypass accepted for https://www.nexusforge.app/app (net::ERR_CERT_AUTHORITY_INVALID)
2026-05-15T00:33:03.900Z [tls] certificate bypass accepted for https://www.nexusforge.app/app (net::ERR_CERT_AUTHORITY_INVALID)
2026-05-15T00:33:07.837Z [startup-timing] t+5253ms main-ready-to-show
2026-05-15T00:33:07.838Z [startup-timing] t+5254ms handoff-reveal-scheduled hold=2200ms
2026-05-15T00:33:07.903Z [startup-timing] t+5319ms main-did-finish-load
2026-05-15T00:33:07.904Z [startup-timing] t+5320ms handoff-reveal-scheduled hold=2200ms
2026-05-15T00:33:07.904Z [startup-timing] t+5320ms hosted-target-connected target=https://www.nexusforge.app/app
2026-05-15T00:33:07.904Z [startup-timing] t+5320ms handoff-reveal-scheduled hold=2200ms
2026-05-15T00:33:07.905Z [startup] stage="Connecting hosted workspace" progress=78 accent=opening detail="Opening the remote NexusForge experience."
