2026-05-14T04:21:31.452Z [startup-timing] t+26ms app-when-ready
2026-05-14T04:21:31.452Z [startup-timing] log-path="D:\NEXUSFORGE GAMGING APP\apps\desktop\.network-smoke\local-14636-20260513-232130\startup.log"
2026-05-14T04:21:31.453Z [startup] stage="Booting desktop shell" progress=4 accent=warmup detail="Starting NexusForge Desktop."
2026-05-14T04:21:31.453Z [startup] stage="Preparing secure session" progress=18 accent=warmup detail="Resetting desktop storage before launch."
2026-05-14T04:21:31.465Z [startup] stage="Preparing secure session" progress=26 accent=ready detail="Desktop storage reset completed."
2026-05-14T04:21:31.465Z [startup] stage="Checking local services" progress=34 accent=checking detail="Verifying the app stack is reachable on ports 3000 and 4000."
2026-05-14T04:21:31.471Z [startup] stage="Local services ready" progress=66 accent=ready detail="The desktop stack answered on both ports."
2026-05-14T04:21:31.471Z [startup-timing] t+45ms splash-window-create
2026-05-14T04:21:31.520Z [startup-timing] t+94ms main-window-create
2026-05-14T04:21:31.536Z [startup] stage="Preparing launch" progress=72 accent=checking detail="Checking updates and final startup tasks."
2026-05-14T04:21:31.537Z [startup-timing] t+111ms ensure-app-reachable-start trigger=startup
2026-05-14T04:21:31.537Z [startup] stage="Opening app" progress=78 accent=opening detail="Connecting the desktop shell to NexusForge."
2026-05-14T04:21:31.537Z [startup] stage="Checking local services" progress=34 accent=checking detail="Verifying the app stack is reachable on ports 3000 and 4000."
2026-05-14T04:21:31.580Z [startup] stage="Local services ready" progress=66 accent=ready detail="The desktop stack answered on both ports."
2026-05-14T04:21:31.653Z [startup-timing] t+227ms splash-did-finish-load
2026-05-14T04:21:32.143Z [startup-timing] t+717ms main-ready-to-show
2026-05-14T04:21:32.144Z [startup-timing] t+718ms handoff-reveal-scheduled hold=2200ms
2026-05-14T04:21:32.336Z [startup-timing] t+909ms main-did-finish-load
2026-05-14T04:21:32.336Z [startup-timing] t+910ms handoff-reveal-scheduled hold=2200ms
2026-05-14T04:21:32.336Z [startup-timing] t+910ms local-target-connected target=http://localhost:3000/app
2026-05-14T04:21:32.337Z [startup-timing] t+910ms handoff-reveal-scheduled hold=2200ms
2026-05-14T04:21:32.337Z [startup] stage="Local services ready" progress=66 accent=ready detail="The desktop stack answered on both ports."
2026-05-14T04:21:32.371Z [startup] stage="Checking local services" progress=34 accent=checking detail="Verifying the app stack is reachable on ports 3000 and 4000."
2026-05-14T04:21:32.372Z [startup] stage="Local services ready" progress=66 accent=ready detail="The desktop stack answered on both ports."
