2026-05-14T04:03:24.423Z [startup-timing] t+25ms app-when-ready
2026-05-14T04:03:24.424Z [startup-timing] log-path="D:\NEXUSFORGE GAMGING APP\apps\desktop\.network-smoke\local-28920-20260513-230323\startup.log"
2026-05-14T04:03:24.424Z [startup] stage="Booting desktop shell" progress=4 accent=warmup detail="Starting NexusForge Desktop."
2026-05-14T04:03:24.425Z [startup] stage="Preparing secure session" progress=18 accent=warmup detail="Resetting desktop storage before launch."
2026-05-14T04:03:24.432Z [startup] stage="Preparing secure session" progress=26 accent=ready detail="Desktop storage reset completed."
2026-05-14T04:03:24.433Z [startup] stage="Checking local services" progress=34 accent=checking detail="Verifying the app stack is reachable on ports 3000 and 4000."
2026-05-14T04:03:24.437Z [startup] stage="Local services ready" progress=66 accent=ready detail="The desktop stack answered on both ports."
2026-05-14T04:03:24.438Z [startup-timing] t+40ms splash-window-create
2026-05-14T04:03:24.484Z [startup-timing] t+86ms main-window-create
2026-05-14T04:03:24.500Z [startup] stage="Preparing launch" progress=72 accent=checking detail="Checking updates and final startup tasks."
2026-05-14T04:03:24.500Z [startup-timing] t+102ms ensure-app-reachable-start trigger=startup
2026-05-14T04:03:24.501Z [startup] stage="Opening app" progress=78 accent=opening detail="Connecting the desktop shell to NexusForge."
2026-05-14T04:03:24.501Z [startup] stage="Checking local services" progress=34 accent=checking detail="Verifying the app stack is reachable on ports 3000 and 4000."
2026-05-14T04:03:24.544Z [startup] stage="Local services ready" progress=66 accent=ready detail="The desktop stack answered on both ports."
2026-05-14T04:03:24.615Z [startup-timing] t+217ms splash-did-finish-load
2026-05-14T04:03:25.059Z [startup-timing] t+661ms main-ready-to-show
2026-05-14T04:03:25.059Z [startup-timing] t+661ms handoff-reveal-scheduled hold=2200ms
2026-05-14T04:03:25.225Z [startup-timing] t+826ms main-did-finish-load
2026-05-14T04:03:25.225Z [startup-timing] t+827ms handoff-reveal-scheduled hold=2200ms
2026-05-14T04:03:25.225Z [startup-timing] t+827ms local-target-connected target=http://localhost:3000/app
2026-05-14T04:03:25.226Z [startup-timing] t+827ms handoff-reveal-scheduled hold=2200ms
2026-05-14T04:03:25.226Z [startup] stage="Local services ready" progress=66 accent=ready detail="The desktop stack answered on both ports."
2026-05-14T04:03:25.245Z [startup] stage="Checking local services" progress=34 accent=checking detail="Verifying the app stack is reachable on ports 3000 and 4000."
2026-05-14T04:03:25.246Z [startup] stage="Local services ready" progress=66 accent=ready detail="The desktop stack answered on both ports."
