
2026-05-14T20:30:47.890Z [startup-timing] t+31ms app-when-ready
2026-05-14T20:30:47.891Z [startup-timing] log-path="D:\NEXUSFORGE GAMGING APP\apps\desktop\.network-smoke\local-45136-20260514-153046\startup.log"
2026-05-14T20:30:47.891Z [startup] stage="Booting desktop shell" progress=4 accent=warmup detail="Starting NexusForge Desktop."
2026-05-14T20:30:47.892Z [startup] stage="Preparing secure session" progress=18 accent=warmup detail="Resetting desktop storage before launch."
2026-05-14T20:30:47.901Z [startup] stage="Preparing secure session" progress=26 accent=ready detail="Desktop storage reset completed."
2026-05-14T20:30:47.902Z [startup] stage="Checking local services" progress=34 accent=checking detail="Verifying the app stack is reachable on ports 3000 and 4000."
2026-05-14T20:30:47.911Z [startup] stage="Local services ready" progress=66 accent=ready detail="The desktop stack answered on both ports."
2026-05-14T20:30:47.912Z [startup-timing] t+53ms splash-window-create
2026-05-14T20:30:47.989Z [startup-timing] t+130ms main-window-create
2026-05-14T20:30:48.011Z [startup] stage="Preparing launch" progress=72 accent=checking detail="Checking updates and final startup tasks."
2026-05-14T20:30:48.012Z [startup-timing] t+152ms ensure-app-reachable-start trigger=startup
2026-05-14T20:30:48.012Z [startup] stage="Opening app" progress=78 accent=opening detail="Connecting the desktop shell to NexusForge."
2026-05-14T20:30:48.012Z [startup] stage="Checking local services" progress=34 accent=checking detail="Verifying the app stack is reachable on ports 3000 and 4000."
2026-05-14T20:30:48.064Z [startup] stage="Local services ready" progress=66 accent=ready detail="The desktop stack answered on both ports."
2026-05-14T20:30:48.150Z [startup-timing] t+291ms splash-did-finish-load
2026-05-14T20:30:48.660Z [startup-timing] t+801ms main-ready-to-show
2026-05-14T20:30:48.661Z [startup-timing] t+802ms handoff-reveal-scheduled hold=2200ms
2026-05-14T20:30:48.849Z [startup-timing] t+990ms main-did-finish-load
2026-05-14T20:30:48.849Z [startup-timing] t+990ms handoff-reveal-scheduled hold=2200ms
2026-05-14T20:30:48.849Z [startup-timing] t+990ms local-target-connected target=http://localhost:3000/app
2026-05-14T20:30:48.850Z [startup-timing] t+991ms handoff-reveal-scheduled hold=2200ms
2026-05-14T20:30:48.850Z [startup] stage="Local services ready" progress=66 accent=ready detail="The desktop stack answered on both ports."
2026-05-14T20:30:48.869Z [startup] stage="Checking local services" progress=34 accent=checking detail="Verifying the app stack is reachable on ports 3000 and 4000."
2026-05-14T20:30:48.870Z [startup] stage="Local services ready" progress=66 accent=ready detail="The desktop stack answered on both ports."
