
2026-05-15T00:15:24.295Z [startup-timing] t+27ms app-when-ready
2026-05-15T00:15:24.296Z [startup-timing] log-path="D:\NEXUSFORGE GAMGING APP\apps\desktop\.network-smoke\local-2716-20260514-191523\startup.log"
2026-05-15T00:15:24.296Z [startup] stage="Booting desktop shell" progress=4 accent=warmup detail="Starting NexusForge Desktop."
2026-05-15T00:15:24.297Z [startup] stage="Preparing secure session" progress=18 accent=warmup detail="Resetting desktop storage before launch."
2026-05-15T00:15:24.304Z [startup] stage="Preparing secure session" progress=26 accent=ready detail="Desktop storage reset completed."
2026-05-15T00:15:24.305Z [startup] stage="Checking local services" progress=34 accent=checking detail="Verifying the app stack is reachable on ports 3000 and 4000."
2026-05-15T00:15:24.311Z [startup] stage="Local services ready" progress=66 accent=ready detail="The desktop stack answered on both ports."
2026-05-15T00:15:24.335Z [startup-timing] t+67ms splash-window-create
2026-05-15T00:15:24.412Z [startup-timing] t+144ms main-window-create
2026-05-15T00:15:24.439Z [startup] stage="Preparing launch" progress=72 accent=checking detail="Checking updates and final startup tasks."
2026-05-15T00:15:24.440Z [startup-timing] t+172ms ensure-app-reachable-start trigger=startup
2026-05-15T00:15:24.440Z [startup] stage="Opening app" progress=78 accent=opening detail="Connecting the desktop shell to NexusForge."
2026-05-15T00:15:24.441Z [startup] stage="Checking local services" progress=34 accent=checking detail="Verifying the app stack is reachable on ports 3000 and 4000."
2026-05-15T00:15:24.491Z [startup] stage="Local services ready" progress=66 accent=ready detail="The desktop stack answered on both ports."
2026-05-15T00:15:24.601Z [startup-timing] t+332ms splash-did-finish-load
2026-05-15T00:15:24.809Z [startup-timing] t+541ms main-ready-to-show
2026-05-15T00:15:24.810Z [startup-timing] t+542ms handoff-reveal-scheduled hold=2200ms
2026-05-15T00:15:24.868Z [startup-timing] t+600ms main-did-finish-load
2026-05-15T00:15:24.869Z [startup-timing] t+600ms handoff-reveal-scheduled hold=2200ms
2026-05-15T00:15:24.869Z [startup-timing] t+601ms local-target-connected target=http://localhost:3000/app
2026-05-15T00:15:24.869Z [startup-timing] t+601ms handoff-reveal-scheduled hold=2200ms
2026-05-15T00:15:24.869Z [startup] stage="Local services ready" progress=66 accent=ready detail="The desktop stack answered on both ports."
