2026-05-14T01:42:28.100Z [startup-timing] t+64ms app-when-ready
2026-05-14T01:42:28.100Z [startup-timing] log-path="D:\NEXUSFORGE GAMGING APP\apps\desktop\.network-smoke\local-32420-20260513-204226\startup.log"
2026-05-14T01:42:28.100Z [startup] stage="Booting desktop shell" progress=4 accent=warmup detail="Starting NexusForge Desktop."
2026-05-14T01:42:28.101Z [startup] stage="Preparing secure session" progress=18 accent=warmup detail="Resetting desktop storage before launch."
2026-05-14T01:42:28.109Z [startup] stage="Preparing secure session" progress=26 accent=ready detail="Desktop storage reset completed."
2026-05-14T01:42:28.110Z [startup] stage="Checking local services" progress=34 accent=checking detail="Verifying the app stack is reachable on ports 3000 and 4000."
2026-05-14T01:42:28.115Z [startup] stage="Preparing recovery path" progress=46 accent=checking detail="Waiting on the local stack to finish coming online."
2026-05-14T01:42:28.116Z [startup-timing] t+81ms splash-window-create
2026-05-14T01:42:28.163Z [startup-timing] t+128ms main-window-create
2026-05-14T01:42:28.177Z [startup] stage="Preparing launch" progress=72 accent=checking detail="Checking updates and final startup tasks."
2026-05-14T01:42:28.178Z [startup-timing] t+143ms ensure-app-reachable-start trigger=startup
2026-05-14T01:42:28.178Z [startup] stage="Opening app" progress=78 accent=opening detail="Connecting the desktop shell to NexusForge."
2026-05-14T01:42:28.179Z [startup] stage="Checking local services" progress=34 accent=checking detail="Verifying the app stack is reachable on ports 3000 and 4000."
2026-05-14T01:42:28.222Z [startup] stage="Preparing recovery path" progress=46 accent=checking detail="Waiting on the local stack to finish coming online."
2026-05-14T01:42:28.223Z [fallback] Local services are down. Starting recovery sequence.
2026-05-14T01:42:28.226Z [startup-timing] t+190ms handoff-reveal-scheduled hold=2200ms
2026-05-14T01:42:28.226Z [startup] stage="Starting local services" progress=48 accent=starting detail="Launching the workspace recovery process."
2026-05-14T01:42:28.227Z [startup] stage="Checking local services" progress=34 accent=checking detail="Verifying the app stack is reachable on ports 3000 and 4000."
2026-05-14T01:42:28.229Z [startup] stage="Preparing recovery path" progress=46 accent=checking detail="Waiting on the local stack to finish coming online."
2026-05-14T01:42:28.241Z [startup] stage="Checking local services" progress=34 accent=checking detail="Verifying the app stack is reachable on ports 3000 and 4000."
2026-05-14T01:42:28.247Z [startup] stage="Preparing recovery path" progress=46 accent=checking detail="Waiting on the local stack to finish coming online."
2026-05-14T01:42:28.414Z [startup] stage="Checking local services" progress=34 accent=checking detail="Verifying the app stack is reachable on ports 3000 and 4000."
2026-05-14T01:42:28.416Z [startup] stage="Preparing recovery path" progress=46 accent=checking detail="Waiting on the local stack to finish coming online."
2026-05-14T01:42:28.471Z [startup-timing] t+435ms main-did-finish-load
2026-05-14T01:42:28.471Z [startup-timing] t+436ms handoff-reveal-scheduled hold=2200ms
2026-05-14T01:42:28.472Z [startup-timing] t+437ms splash-did-finish-load
2026-05-14T01:42:28.608Z [startup-timing] t+573ms main-ready-to-show
2026-05-14T01:42:28.608Z [startup-timing] t+573ms handoff-reveal-scheduled hold=2200ms
2026-05-14T01:42:29.501Z [startup] stage="Checking local services" progress=34 accent=checking detail="Verifying the app stack is reachable on ports 3000 and 4000."
2026-05-14T01:42:29.503Z [startup] stage="Preparing recovery path" progress=46 accent=checking detail="Waiting on the local stack to finish coming online."
2026-05-14T01:42:30.760Z [startup] stage="Checking local services" progress=34 accent=checking detail="Verifying the app stack is reachable on ports 3000 and 4000."
2026-05-14T01:42:30.762Z [startup] stage="Preparing recovery path" progress=46 accent=checking detail="Waiting on the local stack to finish coming online."
2026-05-14T01:42:30.822Z [startup-timing] t+2786ms handoff-reveal-fire from-splash-to-main
2026-05-14T01:42:30.822Z [startup] stage="Opening NexusForge Desktop" progress=100 accent=ready detail="The workspace is ready. Bringing the app forward."
2026-05-14T01:42:30.830Z [startup-timing] t+2794ms main-window-show
2026-05-14T01:42:30.830Z [startup-timing] t+2795ms splash-window-close
2026-05-14T01:42:30.831Z [startup-timing] t+2795ms startup-handoff-complete
2026-05-14T01:42:30.930Z [startup] stage="Checking local services" progress=34 accent=checking detail="Verifying the app stack is reachable on ports 3000 and 4000."
2026-05-14T01:42:30.931Z [startup] stage="Preparing recovery path" progress=46 accent=checking detail="Waiting on the local stack to finish coming online."
2026-05-14T01:42:32.017Z [startup] stage="Checking local services" progress=34 accent=checking detail="Verifying the app stack is reachable on ports 3000 and 4000."
2026-05-14T01:42:32.018Z [startup] stage="Preparing recovery path" progress=46 accent=checking detail="Waiting on the local stack to finish coming online."
2026-05-14T01:42:33.276Z [startup] stage="Checking local services" progress=34 accent=checking detail="Verifying the app stack is reachable on ports 3000 and 4000."
2026-05-14T01:42:33.277Z [startup] stage="Preparing recovery path" progress=46 accent=checking detail="Waiting on the local stack to finish coming online."
2026-05-14T01:42:33.430Z [startup] stage="Checking local services" progress=34 accent=checking detail="Verifying the app stack is reachable on ports 3000 and 4000."
2026-05-14T01:42:33.431Z [startup] stage="Preparing recovery path" progress=46 accent=checking detail="Waiting on the local stack to finish coming online."
2026-05-14T01:42:34.537Z [startup] stage="Checking local services" progress=34 accent=checking detail="Verifying the app stack is reachable on ports 3000 and 4000."
2026-05-14T01:42:34.538Z [startup] stage="Preparing recovery path" progress=46 accent=checking detail="Waiting on the local stack to finish coming online."
2026-05-14T01:42:35.790Z [startup] stage="Checking local services" progress=34 accent=checking detail="Verifying the app stack is reachable on ports 3000 and 4000."
2026-05-14T01:42:35.792Z [startup] stage="Preparing recovery path" progress=46 accent=checking detail="Waiting on the local stack to finish coming online."
2026-05-14T01:42:35.916Z [startup] stage="Checking local services" progress=34 accent=checking detail="Verifying the app stack is reachable on ports 3000 and 4000."
2026-05-14T01:42:35.917Z [startup] stage="Preparing recovery path" progress=46 accent=checking detail="Waiting on the local stack to finish coming online."
2026-05-14T01:42:37.049Z [startup] stage="Checking local services" progress=34 accent=checking detail="Verifying the app stack is reachable on ports 3000 and 4000."
2026-05-14T01:42:37.050Z [startup] stage="Preparing recovery path" progress=46 accent=checking detail="Waiting on the local stack to finish coming online."
2026-05-14T01:42:38.307Z [startup] stage="Checking local services" progress=34 accent=checking detail="Verifying the app stack is reachable on ports 3000 and 4000."
2026-05-14T01:42:38.309Z [startup] stage="Preparing recovery path" progress=46 accent=checking detail="Waiting on the local stack to finish coming online."
2026-05-14T01:42:38.416Z [startup] stage="Checking local services" progress=34 accent=checking detail="Verifying the app stack is reachable on ports 3000 and 4000."
2026-05-14T01:42:38.418Z [startup] stage="Preparing recovery path" progress=46 accent=checking detail="Waiting on the local stack to finish coming online."
2026-05-14T01:42:39.568Z [startup] stage="Checking local services" progress=34 accent=checking detail="Verifying the app stack is reachable on ports 3000 and 4000."
2026-05-14T01:42:39.569Z [startup] stage="Local services ready" progress=66 accent=ready detail="The desktop stack answered on both ports."
2026-05-14T01:42:40.921Z [startup] stage="Checking local services" progress=34 accent=checking detail="Verifying the app stack is reachable on ports 3000 and 4000."
2026-05-14T01:42:40.922Z [startup] stage="Local services ready" progress=66 accent=ready detail="The desktop stack answered on both ports."
2026-05-14T01:42:43.430Z [startup] stage="Checking local services" progress=34 accent=checking detail="Verifying the app stack is reachable on ports 3000 and 4000."
2026-05-14T01:42:43.431Z [startup] stage="Local services ready" progress=66 accent=ready detail="The desktop stack answered on both ports."
2026-05-14T01:42:45.923Z [startup] stage="Checking local services" progress=34 accent=checking detail="Verifying the app stack is reachable on ports 3000 and 4000."
2026-05-14T01:42:45.924Z [startup] stage="Local services ready" progress=66 accent=ready detail="The desktop stack answered on both ports."
2026-05-14T01:42:46.894Z [startup-timing] t+18859ms local-target-connected target=http://localhost:3000/app
2026-05-14T01:42:46.894Z [startup-timing] t+18859ms handoff-reveal-scheduled hold=2200ms
2026-05-14T01:42:46.895Z [startup] stage="Local services ready" progress=66 accent=ready detail="The desktop stack answered on both ports."
2026-05-14T01:42:46.985Z [startup] stage="Checking local services" progress=34 accent=checking detail="Verifying the app stack is reachable on ports 3000 and 4000."
2026-05-14T01:42:46.987Z [startup] stage="Local services ready" progress=66 accent=ready detail="The desktop stack answered on both ports."
