
2026-05-14T22:51:54.804Z [startup-timing] t+27ms app-when-ready
2026-05-14T22:51:54.804Z [startup-timing] log-path="D:\NEXUSFORGE GAMGING APP\apps\desktop\.network-smoke\hosted-19776-20260514-175151\startup.log"
2026-05-14T22:51:54.804Z [startup] stage="Booting desktop shell" progress=4 accent=warmup detail="Starting NexusForge Desktop."
2026-05-14T22:51:54.805Z [startup] stage="Preparing secure session" progress=18 accent=warmup detail="Resetting desktop storage before launch."
2026-05-14T22:51:54.805Z [startup] stage="Connecting hosted workspace" progress=32 accent=opening detail="Opening the remote NexusForge experience."
2026-05-14T22:51:54.833Z [startup-timing] t+57ms splash-window-create
2026-05-14T22:51:54.913Z [startup-timing] t+137ms main-window-create
2026-05-14T22:51:54.953Z [startup] stage="Preparing launch" progress=72 accent=checking detail="Checking updates and final startup tasks."
2026-05-14T22:51:54.953Z [startup-timing] t+177ms ensure-app-reachable-start trigger=startup
2026-05-14T22:51:54.954Z [startup] stage="Connecting hosted workspace" progress=78 accent=opening detail="Opening the remote NexusForge experience."
2026-05-14T22:51:55.091Z [startup-timing] t+315ms splash-did-finish-load
2026-05-14T22:51:56.283Z [tls] certificate bypass accepted for https://www.nexusforge.app/app (net::ERR_CERT_AUTHORITY_INVALID)
2026-05-14T22:51:56.664Z [tls] certificate bypass accepted for https://www.nexusforge.app/app (net::ERR_CERT_AUTHORITY_INVALID)
2026-05-14T22:52:11.054Z [startup-timing] t+16278ms main-ready-to-show
2026-05-14T22:52:11.055Z [startup-timing] t+16279ms handoff-reveal-scheduled hold=2200ms
2026-05-14T22:52:11.473Z [startup-timing] t+16697ms main-did-finish-load
2026-05-14T22:52:11.474Z [startup-timing] t+16698ms handoff-reveal-scheduled hold=2200ms
2026-05-14T22:52:11.474Z [startup-timing] t+16698ms hosted-target-connected target=https://www.nexusforge.app/app
2026-05-14T22:52:11.474Z [startup-timing] t+16698ms handoff-reveal-scheduled hold=2200ms
2026-05-14T22:52:11.475Z [startup] stage="Connecting hosted workspace" progress=78 accent=opening detail="Opening the remote NexusForge experience."
