2026-05-14T03:51:11.349Z [startup-timing] t+25ms app-when-ready
2026-05-14T03:51:11.349Z [startup-timing] log-path="D:\NEXUSFORGE GAMGING APP\apps\desktop\.network-smoke\hosted-30652-20260513-225108\startup.log"
2026-05-14T03:51:11.350Z [startup] stage="Booting desktop shell" progress=4 accent=warmup detail="Starting NexusForge Desktop."
2026-05-14T03:51:11.350Z [startup] stage="Preparing secure session" progress=18 accent=warmup detail="Resetting desktop storage before launch."
2026-05-14T03:51:11.350Z [startup] stage="Connecting hosted workspace" progress=32 accent=opening detail="Opening the remote NexusForge experience."
2026-05-14T03:51:11.351Z [startup-timing] t+28ms splash-window-create
2026-05-14T03:51:11.399Z [startup-timing] t+75ms main-window-create
2026-05-14T03:51:11.416Z [startup] stage="Preparing launch" progress=72 accent=checking detail="Checking updates and final startup tasks."
2026-05-14T03:51:11.417Z [startup-timing] t+94ms ensure-app-reachable-start trigger=startup
2026-05-14T03:51:11.417Z [startup] stage="Connecting hosted workspace" progress=78 accent=opening detail="Opening the remote NexusForge experience."
2026-05-14T03:51:11.529Z [startup-timing] t+205ms splash-did-finish-load
2026-05-14T03:51:12.279Z [tls] certificate bypass accepted for https://www.nexusforge.app/app (net::ERR_CERT_AUTHORITY_INVALID)
2026-05-14T03:51:12.536Z [tls] certificate bypass accepted for https://www.nexusforge.app/app (net::ERR_CERT_AUTHORITY_INVALID)
2026-05-14T03:51:22.414Z [startup-timing] t+11091ms main-ready-to-show
2026-05-14T03:51:22.414Z [startup-timing] t+11091ms handoff-reveal-scheduled hold=2200ms
2026-05-14T03:51:22.546Z [startup-timing] t+11223ms main-did-finish-load
2026-05-14T03:51:22.546Z [startup-timing] t+11223ms handoff-reveal-scheduled hold=2200ms
2026-05-14T03:51:22.546Z [startup-timing] t+11223ms hosted-target-connected target=https://www.nexusforge.app/app
2026-05-14T03:51:22.547Z [startup-timing] t+11223ms handoff-reveal-scheduled hold=2200ms
2026-05-14T03:51:22.547Z [startup] stage="Connecting hosted workspace" progress=78 accent=opening detail="Opening the remote NexusForge experience."
