2026-05-14T03:16:45.470Z [startup-timing] t+27ms app-when-ready
2026-05-14T03:16:45.471Z [startup-timing] log-path="D:\NEXUSFORGE GAMGING APP\apps\desktop\.network-smoke\hosted-12172-20260513-221642\startup.log"
2026-05-14T03:16:45.471Z [startup] stage="Booting desktop shell" progress=4 accent=warmup detail="Starting NexusForge Desktop."
2026-05-14T03:16:45.471Z [startup] stage="Preparing secure session" progress=18 accent=warmup detail="Resetting desktop storage before launch."
2026-05-14T03:16:45.472Z [startup] stage="Connecting hosted workspace" progress=32 accent=opening detail="Opening the remote NexusForge experience."
2026-05-14T03:16:45.472Z [startup-timing] t+29ms splash-window-create
2026-05-14T03:16:45.529Z [startup-timing] t+85ms main-window-create
2026-05-14T03:16:45.549Z [startup] stage="Preparing launch" progress=72 accent=checking detail="Checking updates and final startup tasks."
2026-05-14T03:16:45.550Z [startup-timing] t+107ms ensure-app-reachable-start trigger=startup
2026-05-14T03:16:45.550Z [startup] stage="Connecting hosted workspace" progress=78 accent=opening detail="Opening the remote NexusForge experience."
2026-05-14T03:16:45.667Z [startup-timing] t+224ms splash-did-finish-load
2026-05-14T03:16:46.416Z [tls] certificate bypass accepted for https://www.nexusforge.app/app (net::ERR_CERT_AUTHORITY_INVALID)
2026-05-14T03:16:46.633Z [tls] certificate bypass accepted for https://www.nexusforge.app/app (net::ERR_CERT_AUTHORITY_INVALID)
2026-05-14T03:16:49.768Z [startup-timing] t+4324ms main-ready-to-show
2026-05-14T03:16:49.768Z [startup-timing] t+4325ms handoff-reveal-scheduled hold=2200ms
2026-05-14T03:16:49.898Z [startup-timing] t+4455ms main-did-finish-load
2026-05-14T03:16:49.899Z [startup-timing] t+4456ms handoff-reveal-scheduled hold=2200ms
2026-05-14T03:16:49.899Z [startup-timing] t+4456ms hosted-target-connected target=https://www.nexusforge.app/app
2026-05-14T03:16:49.899Z [startup-timing] t+4456ms handoff-reveal-scheduled hold=2200ms
2026-05-14T03:16:49.900Z [startup] stage="Connecting hosted workspace" progress=78 accent=opening detail="Opening the remote NexusForge experience."
