2026-05-13T23:47:24.635Z [startup-timing] t+25ms app-when-ready
2026-05-13T23:47:24.636Z [startup-timing] log-path="D:\NEXUSFORGE GAMGING APP\apps\desktop\.network-smoke\local-32152-20260513-184723\startup.log"
2026-05-13T23:47:24.636Z [startup] stage="Booting desktop shell" progress=4 accent=warmup detail="Starting NexusForge Desktop."
2026-05-13T23:47:24.636Z [startup] stage="Preparing secure session" progress=18 accent=warmup detail="Resetting desktop storage before launch."
2026-05-13T23:47:24.644Z [startup] stage="Preparing secure session" progress=26 accent=ready detail="Desktop storage reset completed."
2026-05-13T23:47:24.644Z [startup] stage="Checking local services" progress=34 accent=checking detail="Verifying the app stack is reachable on ports 3000 and 4000."
2026-05-13T23:47:24.650Z [startup] stage="Local services ready" progress=66 accent=ready detail="The desktop stack answered on both ports."
2026-05-13T23:47:24.650Z [startup-timing] t+40ms splash-window-create
2026-05-13T23:47:24.699Z [startup-timing] t+89ms main-window-create
2026-05-13T23:47:24.714Z [startup] stage="Preparing launch" progress=72 accent=checking detail="Checking updates and final startup tasks."
2026-05-13T23:47:24.715Z [startup-timing] t+105ms ensure-app-reachable-start trigger=startup
2026-05-13T23:47:24.715Z [startup] stage="Opening app" progress=78 accent=opening detail="Connecting the desktop shell to NexusForge."
2026-05-13T23:47:24.715Z [startup] stage="Checking local services" progress=34 accent=checking detail="Verifying the app stack is reachable on ports 3000 and 4000."
2026-05-13T23:47:24.753Z [startup] stage="Local services ready" progress=66 accent=ready detail="The desktop stack answered on both ports."
2026-05-13T23:47:24.814Z [startup-timing] t+204ms splash-did-finish-load
2026-05-13T23:47:25.432Z [startup-timing] t+822ms main-ready-to-show
2026-05-13T23:47:25.433Z [startup-timing] t+822ms handoff-reveal-scheduled hold=2200ms
2026-05-13T23:47:25.638Z [startup-timing] t+1028ms main-did-finish-load
2026-05-13T23:47:25.638Z [startup-timing] t+1028ms handoff-reveal-scheduled hold=2200ms
2026-05-13T23:47:25.639Z [startup-timing] t+1029ms local-target-connected target=http://localhost:3000/app
2026-05-13T23:47:25.639Z [startup-timing] t+1029ms handoff-reveal-scheduled hold=2200ms
2026-05-13T23:47:25.640Z [startup] stage="Local services ready" progress=66 accent=ready detail="The desktop stack answered on both ports."
2026-05-13T23:47:25.679Z [startup] stage="Checking local services" progress=34 accent=checking detail="Verifying the app stack is reachable on ports 3000 and 4000."
2026-05-13T23:47:25.681Z [startup] stage="Local services ready" progress=66 accent=ready detail="The desktop stack answered on both ports."
