2026-05-14T20:20:41.403Z [startup-timing] t+28ms app-when-ready
2026-05-14T20:20:41.404Z [startup-timing] log-path="D:\NEXUSFORGE GAMGING APP\apps\desktop\.network-smoke\hosted-45124-20260514-152038\startup.log"
2026-05-14T20:20:41.404Z [startup] stage="Booting desktop shell" progress=4 accent=warmup detail="Starting NexusForge Desktop."
2026-05-14T20:20:41.405Z [startup] stage="Preparing secure session" progress=18 accent=warmup detail="Resetting desktop storage before launch."
2026-05-14T20:20:41.405Z [startup] stage="Connecting hosted workspace" progress=32 accent=opening detail="Opening the remote NexusForge experience."
2026-05-14T20:20:41.405Z [startup-timing] t+30ms splash-window-create
2026-05-14T20:20:41.458Z [startup-timing] t+83ms main-window-create
2026-05-14T20:20:41.478Z [startup] stage="Preparing launch" progress=72 accent=checking detail="Checking updates and final startup tasks."
2026-05-14T20:20:41.479Z [startup-timing] t+104ms ensure-app-reachable-start trigger=startup
2026-05-14T20:20:41.479Z [startup] stage="Connecting hosted workspace" progress=78 accent=opening detail="Opening the remote NexusForge experience."
2026-05-14T20:20:41.597Z [startup-timing] t+219ms splash-did-finish-load
2026-05-14T20:20:42.297Z [tls] certificate bypass accepted for https://www.nexusforge.app/app (net::ERR_CERT_AUTHORITY_INVALID)
2026-05-14T20:20:42.547Z [tls] certificate bypass accepted for https://www.nexusforge.app/app (net::ERR_CERT_AUTHORITY_INVALID)
2026-05-14T20:21:14.867Z [startup-timing] t+33492ms main-ready-to-show
2026-05-14T20:21:14.868Z [startup-timing] t+33493ms handoff-reveal-scheduled hold=2200ms
2026-05-14T20:21:15.001Z [startup-timing] t+33626ms main-did-finish-load
2026-05-14T20:21:15.002Z [startup-timing] t+33626ms handoff-reveal-scheduled hold=2200ms
2026-05-14T20:21:15.002Z [startup-timing] t+33627ms hosted-target-connected target=https://www.nexusforge.app/app
2026-05-14T20:21:15.003Z [startup-timing] t+33627ms handoff-reveal-scheduled hold=2200ms
2026-05-14T20:21:15.003Z [startup] stage="Connecting hosted workspace" progress=78 accent=opening detail="Opening the remote NexusForge experience."
