
2026-05-14T20:32:33.508Z [startup-timing] t+26ms app-when-ready
2026-05-14T20:32:33.508Z [startup-timing] log-path="D:\NEXUSFORGE GAMGING APP\apps\desktop\.network-smoke\hosted-43968-20260514-153229\startup.log"
2026-05-14T20:32:33.508Z [startup] stage="Booting desktop shell" progress=4 accent=warmup detail="Starting NexusForge Desktop."
2026-05-14T20:32:33.509Z [startup] stage="Preparing secure session" progress=18 accent=warmup detail="Resetting desktop storage before launch."
2026-05-14T20:32:33.509Z [startup] stage="Connecting hosted workspace" progress=32 accent=opening detail="Opening the remote NexusForge experience."
2026-05-14T20:32:33.509Z [startup-timing] t+27ms splash-window-create
2026-05-14T20:32:33.572Z [startup-timing] t+90ms main-window-create
2026-05-14T20:32:33.591Z [startup] stage="Preparing launch" progress=72 accent=checking detail="Checking updates and final startup tasks."
2026-05-14T20:32:33.592Z [startup-timing] t+110ms ensure-app-reachable-start trigger=startup
2026-05-14T20:32:33.592Z [startup] stage="Connecting hosted workspace" progress=78 accent=opening detail="Opening the remote NexusForge experience."
2026-05-14T20:32:33.710Z [startup-timing] t+228ms splash-did-finish-load
2026-05-14T20:32:35.157Z [tls] certificate bypass accepted for https://www.nexusforge.app/app (net::ERR_CERT_AUTHORITY_INVALID)
2026-05-14T20:32:35.560Z [tls] certificate bypass accepted for https://www.nexusforge.app/app (net::ERR_CERT_AUTHORITY_INVALID)
2026-05-14T20:32:43.562Z [startup-timing] t+10080ms main-ready-to-show
2026-05-14T20:32:43.562Z [startup-timing] t+10080ms handoff-reveal-scheduled hold=2200ms
2026-05-14T20:32:44.219Z [startup-timing] t+10737ms main-did-finish-load
2026-05-14T20:32:44.220Z [startup-timing] t+10738ms handoff-reveal-scheduled hold=2200ms
2026-05-14T20:32:44.220Z [startup-timing] t+10738ms hosted-target-connected target=https://www.nexusforge.app/app
2026-05-14T20:32:44.220Z [startup-timing] t+10738ms handoff-reveal-scheduled hold=2200ms
2026-05-14T20:32:44.221Z [startup] stage="Connecting hosted workspace" progress=78 accent=opening detail="Opening the remote NexusForge experience."
