
2026-05-14T21:43:21.198Z [startup-timing] t+31ms app-when-ready
2026-05-14T21:43:21.199Z [startup-timing] log-path="D:\NEXUSFORGE GAMGING APP\apps\desktop\.network-smoke\hosted-31336-20260514-164317\startup.log"
2026-05-14T21:43:21.199Z [startup] stage="Booting desktop shell" progress=4 accent=warmup detail="Starting NexusForge Desktop."
2026-05-14T21:43:21.200Z [startup] stage="Preparing secure session" progress=18 accent=warmup detail="Resetting desktop storage before launch."
2026-05-14T21:43:21.200Z [startup] stage="Connecting hosted workspace" progress=32 accent=opening detail="Opening the remote NexusForge experience."
2026-05-14T21:43:21.230Z [startup-timing] t+62ms splash-window-create
2026-05-14T21:43:21.307Z [startup-timing] t+140ms main-window-create
2026-05-14T21:43:21.343Z [startup] stage="Preparing launch" progress=72 accent=checking detail="Checking updates and final startup tasks."
2026-05-14T21:43:21.344Z [startup-timing] t+176ms ensure-app-reachable-start trigger=startup
2026-05-14T21:43:21.344Z [startup] stage="Connecting hosted workspace" progress=78 accent=opening detail="Opening the remote NexusForge experience."
2026-05-14T21:43:21.486Z [startup-timing] t+318ms splash-did-finish-load
2026-05-14T21:43:23.181Z [tls] certificate bypass accepted for https://www.nexusforge.app/app (net::ERR_CERT_AUTHORITY_INVALID)
2026-05-14T21:43:23.446Z [tls] certificate bypass accepted for https://www.nexusforge.app/app (net::ERR_CERT_AUTHORITY_INVALID)
2026-05-14T21:43:27.993Z [startup-timing] t+6826ms main-ready-to-show
2026-05-14T21:43:27.994Z [startup-timing] t+6827ms handoff-reveal-scheduled hold=2200ms
2026-05-14T21:43:28.099Z [startup-timing] t+6932ms main-did-finish-load
2026-05-14T21:43:28.099Z [startup-timing] t+6932ms handoff-reveal-scheduled hold=2200ms
2026-05-14T21:43:28.100Z [startup-timing] t+6933ms hosted-target-connected target=https://www.nexusforge.app/app
2026-05-14T21:43:28.100Z [startup-timing] t+6933ms handoff-reveal-scheduled hold=2200ms
2026-05-14T21:43:28.100Z [startup] stage="Connecting hosted workspace" progress=78 accent=opening detail="Opening the remote NexusForge experience."
