
2026-05-14T20:38:59.603Z [startup-timing] t+26ms app-when-ready
2026-05-14T20:38:59.604Z [startup-timing] log-path="D:\NEXUSFORGE GAMGING APP\apps\desktop\.network-smoke\local-35364-20260514-153858\startup.log"
2026-05-14T20:38:59.604Z [startup] stage="Booting desktop shell" progress=4 accent=warmup detail="Starting NexusForge Desktop."
2026-05-14T20:38:59.604Z [startup] stage="Preparing secure session" progress=18 accent=warmup detail="Resetting desktop storage before launch."
2026-05-14T20:38:59.612Z [startup] stage="Preparing secure session" progress=26 accent=ready detail="Desktop storage reset completed."
2026-05-14T20:38:59.612Z [startup] stage="Checking local services" progress=34 accent=checking detail="Verifying the app stack is reachable on ports 3000 and 4000."
2026-05-14T20:38:59.618Z [startup] stage="Local services ready" progress=66 accent=ready detail="The desktop stack answered on both ports."
2026-05-14T20:38:59.619Z [startup-timing] t+42ms splash-window-create
2026-05-14T20:38:59.675Z [startup-timing] t+98ms main-window-create
2026-05-14T20:38:59.692Z [startup] stage="Preparing launch" progress=72 accent=checking detail="Checking updates and final startup tasks."
2026-05-14T20:38:59.693Z [startup-timing] t+115ms ensure-app-reachable-start trigger=startup
2026-05-14T20:38:59.693Z [startup] stage="Opening app" progress=78 accent=opening detail="Connecting the desktop shell to NexusForge."
2026-05-14T20:38:59.693Z [startup] stage="Checking local services" progress=34 accent=checking detail="Verifying the app stack is reachable on ports 3000 and 4000."
2026-05-14T20:38:59.735Z [startup] stage="Local services ready" progress=66 accent=ready detail="The desktop stack answered on both ports."
2026-05-14T20:38:59.809Z [startup-timing] t+231ms splash-did-finish-load
2026-05-14T20:39:00.284Z [startup-timing] t+707ms main-ready-to-show
2026-05-14T20:39:00.285Z [startup-timing] t+707ms handoff-reveal-scheduled hold=2200ms
2026-05-14T20:39:00.472Z [startup-timing] t+895ms main-did-finish-load
2026-05-14T20:39:00.472Z [startup-timing] t+895ms handoff-reveal-scheduled hold=2200ms
2026-05-14T20:39:00.473Z [startup-timing] t+896ms local-target-connected target=http://localhost:3000/app
2026-05-14T20:39:00.473Z [startup-timing] t+896ms handoff-reveal-scheduled hold=2200ms
2026-05-14T20:39:00.473Z [startup] stage="Local services ready" progress=66 accent=ready detail="The desktop stack answered on both ports."
2026-05-14T20:39:00.500Z [startup] stage="Checking local services" progress=34 accent=checking detail="Verifying the app stack is reachable on ports 3000 and 4000."
2026-05-14T20:39:00.501Z [startup] stage="Local services ready" progress=66 accent=ready detail="The desktop stack answered on both ports."
