2026-05-14T04:39:01.878Z [startup-timing] t+24ms app-when-ready
2026-05-14T04:39:01.879Z [startup-timing] log-path="D:\NEXUSFORGE GAMGING APP\apps\desktop\.network-smoke\local-28880-20260513-233900\startup.log"
2026-05-14T04:39:01.879Z [startup] stage="Booting desktop shell" progress=4 accent=warmup detail="Starting NexusForge Desktop."
2026-05-14T04:39:01.880Z [startup] stage="Preparing secure session" progress=18 accent=warmup detail="Resetting desktop storage before launch."
2026-05-14T04:39:01.887Z [startup] stage="Preparing secure session" progress=26 accent=ready detail="Desktop storage reset completed."
2026-05-14T04:39:01.887Z [startup] stage="Checking local services" progress=34 accent=checking detail="Verifying the app stack is reachable on ports 3000 and 4000."
2026-05-14T04:39:01.893Z [startup] stage="Local services ready" progress=66 accent=ready detail="The desktop stack answered on both ports."
2026-05-14T04:39:01.893Z [startup-timing] t+39ms splash-window-create
2026-05-14T04:39:01.938Z [startup-timing] t+84ms main-window-create
2026-05-14T04:39:01.953Z [startup] stage="Preparing launch" progress=72 accent=checking detail="Checking updates and final startup tasks."
2026-05-14T04:39:01.954Z [startup-timing] t+100ms ensure-app-reachable-start trigger=startup
2026-05-14T04:39:01.954Z [startup] stage="Opening app" progress=78 accent=opening detail="Connecting the desktop shell to NexusForge."
2026-05-14T04:39:01.954Z [startup] stage="Checking local services" progress=34 accent=checking detail="Verifying the app stack is reachable on ports 3000 and 4000."
2026-05-14T04:39:01.995Z [startup] stage="Local services ready" progress=66 accent=ready detail="The desktop stack answered on both ports."
2026-05-14T04:39:02.063Z [startup-timing] t+209ms splash-did-finish-load
2026-05-14T04:39:02.509Z [startup-timing] t+655ms main-ready-to-show
2026-05-14T04:39:02.510Z [startup-timing] t+655ms handoff-reveal-scheduled hold=2200ms
2026-05-14T04:39:02.672Z [startup-timing] t+818ms main-did-finish-load
2026-05-14T04:39:02.673Z [startup-timing] t+819ms handoff-reveal-scheduled hold=2200ms
2026-05-14T04:39:02.673Z [startup-timing] t+819ms local-target-connected target=http://localhost:3000/app
2026-05-14T04:39:02.674Z [startup-timing] t+819ms handoff-reveal-scheduled hold=2200ms
2026-05-14T04:39:02.674Z [startup] stage="Local services ready" progress=66 accent=ready detail="The desktop stack answered on both ports."
2026-05-14T04:39:02.693Z [startup] stage="Checking local services" progress=34 accent=checking detail="Verifying the app stack is reachable on ports 3000 and 4000."
2026-05-14T04:39:02.694Z [startup] stage="Local services ready" progress=66 accent=ready detail="The desktop stack answered on both ports."
