2026-05-14T03:29:54.820Z [startup-timing] t+36ms app-when-ready
2026-05-14T03:29:54.820Z [startup-timing] log-path="D:\NEXUSFORGE GAMGING APP\apps\desktop\.network-smoke\local-40228-20260513-222953\startup.log"
2026-05-14T03:29:54.821Z [startup] stage="Booting desktop shell" progress=4 accent=warmup detail="Starting NexusForge Desktop."
2026-05-14T03:29:54.821Z [startup] stage="Preparing secure session" progress=18 accent=warmup detail="Resetting desktop storage before launch."
2026-05-14T03:29:54.828Z [startup] stage="Preparing secure session" progress=26 accent=ready detail="Desktop storage reset completed."
2026-05-14T03:29:54.829Z [startup] stage="Checking local services" progress=34 accent=checking detail="Verifying the app stack is reachable on ports 3000 and 4000."
2026-05-14T03:29:54.836Z [startup] stage="Local services ready" progress=66 accent=ready detail="The desktop stack answered on both ports."
2026-05-14T03:29:54.836Z [startup-timing] t+53ms splash-window-create
2026-05-14T03:29:54.883Z [startup-timing] t+100ms main-window-create
2026-05-14T03:29:54.902Z [startup] stage="Preparing launch" progress=72 accent=checking detail="Checking updates and final startup tasks."
2026-05-14T03:29:54.903Z [startup-timing] t+120ms ensure-app-reachable-start trigger=startup
2026-05-14T03:29:54.903Z [startup] stage="Opening app" progress=78 accent=opening detail="Connecting the desktop shell to NexusForge."
2026-05-14T03:29:54.904Z [startup] stage="Checking local services" progress=34 accent=checking detail="Verifying the app stack is reachable on ports 3000 and 4000."
2026-05-14T03:29:54.948Z [startup] stage="Local services ready" progress=66 accent=ready detail="The desktop stack answered on both ports."
2026-05-14T03:29:55.024Z [startup-timing] t+241ms splash-did-finish-load
2026-05-14T03:29:55.489Z [startup-timing] t+705ms main-ready-to-show
2026-05-14T03:29:55.489Z [startup-timing] t+706ms handoff-reveal-scheduled hold=2200ms
2026-05-14T03:29:55.669Z [startup-timing] t+885ms main-did-finish-load
2026-05-14T03:29:55.669Z [startup-timing] t+886ms handoff-reveal-scheduled hold=2200ms
2026-05-14T03:29:55.669Z [startup-timing] t+886ms local-target-connected target=http://localhost:3000/app
2026-05-14T03:29:55.670Z [startup-timing] t+887ms handoff-reveal-scheduled hold=2200ms
2026-05-14T03:29:55.670Z [startup] stage="Local services ready" progress=66 accent=ready detail="The desktop stack answered on both ports."
2026-05-14T03:29:55.699Z [startup] stage="Checking local services" progress=34 accent=checking detail="Verifying the app stack is reachable on ports 3000 and 4000."
2026-05-14T03:29:55.700Z [startup] stage="Local services ready" progress=66 accent=ready detail="The desktop stack answered on both ports."
