
2026-05-14T21:52:42.596Z [startup-timing] t+26ms app-when-ready
2026-05-14T21:52:42.596Z [startup-timing] log-path="D:\NEXUSFORGE GAMGING APP\apps\desktop\.network-smoke\hosted-35372-20260514-165238\startup.log"
2026-05-14T21:52:42.597Z [startup] stage="Booting desktop shell" progress=4 accent=warmup detail="Starting NexusForge Desktop."
2026-05-14T21:52:42.597Z [startup] stage="Preparing secure session" progress=18 accent=warmup detail="Resetting desktop storage before launch."
2026-05-14T21:52:42.598Z [startup] stage="Connecting hosted workspace" progress=32 accent=opening detail="Opening the remote NexusForge experience."
2026-05-14T21:52:42.624Z [startup-timing] t+54ms splash-window-create
2026-05-14T21:52:42.701Z [startup-timing] t+130ms main-window-create
2026-05-14T21:52:42.732Z [startup] stage="Preparing launch" progress=72 accent=checking detail="Checking updates and final startup tasks."
2026-05-14T21:52:42.732Z [startup-timing] t+162ms ensure-app-reachable-start trigger=startup
2026-05-14T21:52:42.733Z [startup] stage="Connecting hosted workspace" progress=78 accent=opening detail="Opening the remote NexusForge experience."
2026-05-14T21:52:42.863Z [startup-timing] t+293ms splash-did-finish-load
2026-05-14T21:52:43.574Z [tls] certificate bypass accepted for https://www.nexusforge.app/app (net::ERR_CERT_AUTHORITY_INVALID)
2026-05-14T21:52:43.837Z [tls] certificate bypass accepted for https://www.nexusforge.app/app (net::ERR_CERT_AUTHORITY_INVALID)
2026-05-14T21:52:49.039Z [startup-timing] t+6468ms main-ready-to-show
2026-05-14T21:52:49.039Z [startup-timing] t+6469ms handoff-reveal-scheduled hold=2200ms
2026-05-14T21:52:49.140Z [startup-timing] t+6570ms main-did-finish-load
2026-05-14T21:52:49.140Z [startup-timing] t+6570ms handoff-reveal-scheduled hold=2200ms
2026-05-14T21:52:49.140Z [startup-timing] t+6570ms hosted-target-connected target=https://www.nexusforge.app/app
2026-05-14T21:52:49.141Z [startup-timing] t+6570ms handoff-reveal-scheduled hold=2200ms
2026-05-14T21:52:49.141Z [startup] stage="Connecting hosted workspace" progress=78 accent=opening detail="Opening the remote NexusForge experience."
