2026-05-14T04:37:33.445Z [startup-timing] t+26ms app-when-ready
2026-05-14T04:37:33.445Z [startup-timing] log-path="D:\NEXUSFORGE GAMGING APP\apps\desktop\.network-smoke\local-18284-20260513-233732\startup.log"
2026-05-14T04:37:33.446Z [startup] stage="Booting desktop shell" progress=4 accent=warmup detail="Starting NexusForge Desktop."
2026-05-14T04:37:33.446Z [startup] stage="Preparing secure session" progress=18 accent=warmup detail="Resetting desktop storage before launch."
2026-05-14T04:37:33.454Z [startup] stage="Preparing secure session" progress=26 accent=ready detail="Desktop storage reset completed."
2026-05-14T04:37:33.454Z [startup] stage="Checking local services" progress=34 accent=checking detail="Verifying the app stack is reachable on ports 3000 and 4000."
2026-05-14T04:37:33.459Z [startup] stage="Local services ready" progress=66 accent=ready detail="The desktop stack answered on both ports."
2026-05-14T04:37:33.459Z [startup-timing] t+41ms splash-window-create
2026-05-14T04:37:33.507Z [startup-timing] t+89ms main-window-create
2026-05-14T04:37:33.522Z [startup] stage="Preparing launch" progress=72 accent=checking detail="Checking updates and final startup tasks."
2026-05-14T04:37:33.523Z [startup-timing] t+105ms ensure-app-reachable-start trigger=startup
2026-05-14T04:37:33.523Z [startup] stage="Opening app" progress=78 accent=opening detail="Connecting the desktop shell to NexusForge."
2026-05-14T04:37:33.524Z [startup] stage="Checking local services" progress=34 accent=checking detail="Verifying the app stack is reachable on ports 3000 and 4000."
2026-05-14T04:37:33.569Z [startup] stage="Local services ready" progress=66 accent=ready detail="The desktop stack answered on both ports."
2026-05-14T04:37:33.638Z [startup-timing] t+220ms splash-did-finish-load
2026-05-14T04:37:34.087Z [startup-timing] t+668ms main-ready-to-show
2026-05-14T04:37:34.087Z [startup-timing] t+669ms handoff-reveal-scheduled hold=2200ms
2026-05-14T04:37:34.252Z [startup-timing] t+833ms main-did-finish-load
2026-05-14T04:37:34.252Z [startup-timing] t+834ms handoff-reveal-scheduled hold=2200ms
2026-05-14T04:37:34.252Z [startup-timing] t+834ms local-target-connected target=http://localhost:3000/app
2026-05-14T04:37:34.253Z [startup-timing] t+835ms handoff-reveal-scheduled hold=2200ms
2026-05-14T04:37:34.253Z [startup] stage="Local services ready" progress=66 accent=ready detail="The desktop stack answered on both ports."
2026-05-14T04:37:34.270Z [startup] stage="Checking local services" progress=34 accent=checking detail="Verifying the app stack is reachable on ports 3000 and 4000."
2026-05-14T04:37:34.271Z [startup] stage="Local services ready" progress=66 accent=ready detail="The desktop stack answered on both ports."
