2026-05-14T19:55:56.594Z [startup-timing] t+26ms app-when-ready
2026-05-14T19:55:56.594Z [startup-timing] log-path="D:\NEXUSFORGE GAMGING APP\apps\desktop\.network-smoke\hosted-41000-20260514-145552\startup.log"
2026-05-14T19:55:56.595Z [startup] stage="Booting desktop shell" progress=4 accent=warmup detail="Starting NexusForge Desktop."
2026-05-14T19:55:56.595Z [startup] stage="Preparing secure session" progress=18 accent=warmup detail="Resetting desktop storage before launch."
2026-05-14T19:55:56.595Z [startup] stage="Connecting hosted workspace" progress=32 accent=opening detail="Opening the remote NexusForge experience."
2026-05-14T19:55:56.596Z [startup-timing] t+28ms splash-window-create
2026-05-14T19:55:56.653Z [startup-timing] t+84ms main-window-create
2026-05-14T19:55:56.674Z [startup] stage="Preparing launch" progress=72 accent=checking detail="Checking updates and final startup tasks."
2026-05-14T19:55:56.674Z [startup-timing] t+106ms ensure-app-reachable-start trigger=startup
2026-05-14T19:55:56.675Z [startup] stage="Connecting hosted workspace" progress=78 accent=opening detail="Opening the remote NexusForge experience."
2026-05-14T19:55:56.798Z [startup-timing] t+230ms splash-did-finish-load
2026-05-14T19:55:57.519Z [tls] certificate bypass accepted for https://www.nexusforge.app/app (net::ERR_CERT_AUTHORITY_INVALID)
2026-05-14T19:55:57.776Z [tls] certificate bypass accepted for https://www.nexusforge.app/app (net::ERR_CERT_AUTHORITY_INVALID)
2026-05-14T19:56:02.320Z [startup-timing] t+5752ms main-ready-to-show
2026-05-14T19:56:02.320Z [startup-timing] t+5752ms handoff-reveal-scheduled hold=2200ms
2026-05-14T19:56:02.446Z [startup-timing] t+5878ms main-did-finish-load
2026-05-14T19:56:02.446Z [startup-timing] t+5878ms handoff-reveal-scheduled hold=2200ms
2026-05-14T19:56:02.447Z [startup-timing] t+5878ms hosted-target-connected target=https://www.nexusforge.app/app
2026-05-14T19:56:02.447Z [startup-timing] t+5879ms handoff-reveal-scheduled hold=2200ms
2026-05-14T19:56:02.447Z [startup] stage="Connecting hosted workspace" progress=78 accent=opening detail="Opening the remote NexusForge experience."
