2026-05-14T04:41:17.995Z [startup-timing] t+25ms app-when-ready
2026-05-14T04:41:17.996Z [startup-timing] log-path="D:\NEXUSFORGE GAMGING APP\apps\desktop\.network-smoke\hosted-18700-20260513-234114\startup.log"
2026-05-14T04:41:17.996Z [startup] stage="Booting desktop shell" progress=4 accent=warmup detail="Starting NexusForge Desktop."
2026-05-14T04:41:17.997Z [startup] stage="Preparing secure session" progress=18 accent=warmup detail="Resetting desktop storage before launch."
2026-05-14T04:41:17.997Z [startup] stage="Connecting hosted workspace" progress=32 accent=opening detail="Opening the remote NexusForge experience."
2026-05-14T04:41:17.997Z [startup-timing] t+27ms splash-window-create
2026-05-14T04:41:18.049Z [startup-timing] t+79ms main-window-create
2026-05-14T04:41:18.065Z [startup] stage="Preparing launch" progress=72 accent=checking detail="Checking updates and final startup tasks."
2026-05-14T04:41:18.066Z [startup-timing] t+96ms ensure-app-reachable-start trigger=startup
2026-05-14T04:41:18.066Z [startup] stage="Connecting hosted workspace" progress=78 accent=opening detail="Opening the remote NexusForge experience."
2026-05-14T04:41:18.179Z [startup-timing] t+209ms splash-did-finish-load
2026-05-14T04:41:18.964Z [tls] certificate bypass accepted for https://www.nexusforge.app/app (net::ERR_CERT_AUTHORITY_INVALID)
2026-05-14T04:41:19.232Z [tls] certificate bypass accepted for https://www.nexusforge.app/app (net::ERR_CERT_AUTHORITY_INVALID)
2026-05-14T04:41:22.411Z [startup-timing] t+4440ms main-ready-to-show
2026-05-14T04:41:22.411Z [startup-timing] t+4441ms handoff-reveal-scheduled hold=2200ms
2026-05-14T04:41:22.502Z [startup-timing] t+4531ms main-did-finish-load
2026-05-14T04:41:22.502Z [startup-timing] t+4532ms handoff-reveal-scheduled hold=2200ms
2026-05-14T04:41:22.502Z [startup-timing] t+4532ms hosted-target-connected target=https://www.nexusforge.app/app
2026-05-14T04:41:22.502Z [startup-timing] t+4532ms handoff-reveal-scheduled hold=2200ms
2026-05-14T04:41:22.503Z [startup] stage="Connecting hosted workspace" progress=78 accent=opening detail="Opening the remote NexusForge experience."
