
2026-05-15T00:39:30.669Z [startup-timing] t+31ms app-when-ready
2026-05-15T00:39:30.670Z [startup-timing] log-path="D:\NEXUSFORGE GAMGING APP\apps\desktop\.network-smoke\hosted-38816-20260514-193926\startup.log"
2026-05-15T00:39:30.670Z [startup] stage="Booting desktop shell" progress=4 accent=warmup detail="Starting NexusForge Desktop."
2026-05-15T00:39:30.670Z [startup] stage="Preparing secure session" progress=18 accent=warmup detail="Resetting desktop storage before launch."
2026-05-15T00:39:30.670Z [startup] stage="Connecting hosted workspace" progress=32 accent=opening detail="Opening the remote NexusForge experience."
2026-05-15T00:39:30.703Z [startup-timing] t+65ms splash-window-create
2026-05-15T00:39:30.798Z [startup-timing] t+160ms main-window-create
2026-05-15T00:39:30.831Z [startup] stage="Preparing launch" progress=72 accent=checking detail="Checking updates and final startup tasks."
2026-05-15T00:39:30.832Z [startup-timing] t+194ms ensure-app-reachable-start trigger=startup
2026-05-15T00:39:30.832Z [startup] stage="Connecting hosted workspace" progress=78 accent=opening detail="Opening the remote NexusForge experience."
2026-05-15T00:39:31.367Z [startup-timing] t+330ms splash-did-finish-load
2026-05-15T00:39:32.732Z [tls] certificate bypass accepted for https://www.nexusforge.app/app (net::ERR_CERT_AUTHORITY_INVALID)
2026-05-15T00:39:32.985Z [tls] certificate bypass accepted for https://www.nexusforge.app/app (net::ERR_CERT_AUTHORITY_INVALID)
2026-05-15T00:39:36.668Z [startup-timing] t+6029ms main-ready-to-show
2026-05-15T00:39:36.668Z [startup-timing] t+6030ms handoff-reveal-scheduled hold=2200ms
2026-05-15T00:39:36.741Z [startup-timing] t+6102ms main-did-finish-load
2026-05-15T00:39:36.741Z [startup-timing] t+6103ms handoff-reveal-scheduled hold=2200ms
2026-05-15T00:39:36.741Z [startup-timing] t+6103ms hosted-target-connected target=https://www.nexusforge.app/app
2026-05-15T00:39:36.742Z [startup-timing] t+6103ms handoff-reveal-scheduled hold=2200ms
2026-05-15T00:39:36.742Z [startup] stage="Connecting hosted workspace" progress=78 accent=opening detail="Opening the remote NexusForge experience."
