2026-05-14T01:42:49.540Z [startup-timing] t+42ms app-when-ready
2026-05-14T01:42:49.540Z [startup-timing] log-path="D:\NEXUSFORGE GAMGING APP\apps\desktop\.network-smoke\hosted-32420-20260513-204226\startup.log"
2026-05-14T01:42:49.541Z [startup] stage="Booting desktop shell" progress=4 accent=warmup detail="Starting NexusForge Desktop."
2026-05-14T01:42:49.541Z [startup] stage="Preparing secure session" progress=18 accent=warmup detail="Resetting desktop storage before launch."
2026-05-14T01:42:49.541Z [startup] stage="Connecting hosted workspace" progress=32 accent=opening detail="Opening the remote NexusForge experience."
2026-05-14T01:42:49.542Z [startup-timing] t+45ms splash-window-create
2026-05-14T01:42:50.298Z [startup-timing] t+110ms main-window-create
2026-05-14T01:42:50.502Z [startup] stage="Preparing launch" progress=72 accent=checking detail="Checking updates and final startup tasks."
2026-05-14T01:42:50.503Z [startup-timing] t+1006ms ensure-app-reachable-start trigger=startup
2026-05-14T01:42:50.503Z [startup] stage="Connecting hosted workspace" progress=78 accent=opening detail="Opening the remote NexusForge experience."
2026-05-14T01:42:51.403Z [startup-timing] t+1250ms splash-did-finish-load
2026-05-14T01:42:56.591Z [tls] certificate bypass accepted for https://www.nexusforge.app/app (net::ERR_CERT_AUTHORITY_INVALID)
2026-05-14T01:42:56.848Z [tls] certificate bypass accepted for https://www.nexusforge.app/app (net::ERR_CERT_AUTHORITY_INVALID)
2026-05-14T01:43:01.473Z [startup-timing] t+11976ms main-ready-to-show
2026-05-14T01:43:01.474Z [startup-timing] t+11977ms handoff-reveal-scheduled hold=2200ms
2026-05-14T01:43:01.612Z [startup-timing] t+12114ms main-did-finish-load
2026-05-14T01:43:01.612Z [startup-timing] t+12115ms handoff-reveal-scheduled hold=2200ms
2026-05-14T01:43:01.612Z [startup-timing] t+12115ms hosted-target-connected target=https://www.nexusforge.app/app
2026-05-14T01:43:01.613Z [startup-timing] t+12116ms handoff-reveal-scheduled hold=2200ms
2026-05-14T01:43:01.615Z [startup] stage="Connecting hosted workspace" progress=78 accent=opening detail="Opening the remote NexusForge experience."
