
2026-05-15T00:40:17.044Z [startup-timing] t+27ms app-when-ready
2026-05-15T00:40:17.045Z [startup-timing] log-path="D:\NEXUSFORGE GAMGING APP\apps\desktop\.network-smoke\local-28064-20260514-194015\startup.log"
2026-05-15T00:40:17.045Z [startup] stage="Booting desktop shell" progress=4 accent=warmup detail="Starting NexusForge Desktop."
2026-05-15T00:40:17.046Z [startup] stage="Preparing secure session" progress=18 accent=warmup detail="Resetting desktop storage before launch."
2026-05-15T00:40:17.054Z [startup] stage="Preparing secure session" progress=26 accent=ready detail="Desktop storage reset completed."
2026-05-15T00:40:17.054Z [startup] stage="Checking local services" progress=34 accent=checking detail="Verifying the app stack is reachable on ports 3000 and 4000."
2026-05-15T00:40:17.062Z [startup] stage="Local services ready" progress=66 accent=ready detail="The desktop stack answered on both ports."
2026-05-15T00:40:17.085Z [startup-timing] t+69ms splash-window-create
2026-05-15T00:40:17.165Z [startup-timing] t+149ms main-window-create
2026-05-15T00:40:17.197Z [startup] stage="Preparing launch" progress=72 accent=checking detail="Checking updates and final startup tasks."
2026-05-15T00:40:17.198Z [startup-timing] t+182ms ensure-app-reachable-start trigger=startup
2026-05-15T00:40:17.198Z [startup] stage="Opening app" progress=78 accent=opening detail="Connecting the desktop shell to NexusForge."
2026-05-15T00:40:17.198Z [startup] stage="Checking local services" progress=34 accent=checking detail="Verifying the app stack is reachable on ports 3000 and 4000."
2026-05-15T00:40:17.243Z [startup] stage="Local services ready" progress=66 accent=ready detail="The desktop stack answered on both ports."
2026-05-15T00:40:17.335Z [startup-timing] t+319ms splash-did-finish-load
2026-05-15T00:40:17.559Z [startup-timing] t+542ms main-ready-to-show
2026-05-15T00:40:17.559Z [startup-timing] t+543ms handoff-reveal-scheduled hold=2200ms
2026-05-15T00:40:17.571Z [startup-timing] t+554ms main-did-finish-load
2026-05-15T00:40:17.571Z [startup-timing] t+555ms handoff-reveal-scheduled hold=2200ms
2026-05-15T00:40:17.572Z [startup-timing] t+555ms local-target-connected target=http://localhost:3000/app
2026-05-15T00:40:17.572Z [startup-timing] t+556ms handoff-reveal-scheduled hold=2200ms
2026-05-15T00:40:17.572Z [startup] stage="Local services ready" progress=66 accent=ready detail="The desktop stack answered on both ports."
