2026-05-14T03:49:41.300Z [startup-timing] t+23ms app-when-ready
2026-05-14T03:49:41.300Z [startup-timing] log-path="D:\NEXUSFORGE GAMGING APP\apps\desktop\.network-smoke\hosted-38040-20260513-224938\startup.log"
2026-05-14T03:49:41.300Z [startup] stage="Booting desktop shell" progress=4 accent=warmup detail="Starting NexusForge Desktop."
2026-05-14T03:49:41.301Z [startup] stage="Preparing secure session" progress=18 accent=warmup detail="Resetting desktop storage before launch."
2026-05-14T03:49:41.301Z [startup] stage="Connecting hosted workspace" progress=32 accent=opening detail="Opening the remote NexusForge experience."
2026-05-14T03:49:41.301Z [startup-timing] t+25ms splash-window-create
2026-05-14T03:49:41.349Z [startup-timing] t+73ms main-window-create
2026-05-14T03:49:41.365Z [startup] stage="Preparing launch" progress=72 accent=checking detail="Checking updates and final startup tasks."
2026-05-14T03:49:41.365Z [startup-timing] t+89ms ensure-app-reachable-start trigger=startup
2026-05-14T03:49:41.366Z [startup] stage="Connecting hosted workspace" progress=78 accent=opening detail="Opening the remote NexusForge experience."
2026-05-14T03:49:41.474Z [startup-timing] t+198ms splash-did-finish-load
2026-05-14T03:49:42.206Z [tls] certificate bypass accepted for https://www.nexusforge.app/app (net::ERR_CERT_AUTHORITY_INVALID)
2026-05-14T03:49:42.465Z [tls] certificate bypass accepted for https://www.nexusforge.app/app (net::ERR_CERT_AUTHORITY_INVALID)
2026-05-14T03:49:46.861Z [startup-timing] t+5584ms main-ready-to-show
2026-05-14T03:49:46.861Z [startup-timing] t+5585ms handoff-reveal-scheduled hold=2200ms
2026-05-14T03:49:46.990Z [startup-timing] t+5714ms main-did-finish-load
2026-05-14T03:49:46.990Z [startup-timing] t+5714ms handoff-reveal-scheduled hold=2200ms
2026-05-14T03:49:46.990Z [startup-timing] t+5714ms hosted-target-connected target=https://www.nexusforge.app/app
2026-05-14T03:49:46.991Z [startup-timing] t+5715ms handoff-reveal-scheduled hold=2200ms
2026-05-14T03:49:46.991Z [startup] stage="Connecting hosted workspace" progress=78 accent=opening detail="Opening the remote NexusForge experience."
