2026-05-14T03:48:12.902Z [startup-timing] t+26ms app-when-ready
2026-05-14T03:48:12.903Z [startup-timing] log-path="D:\NEXUSFORGE GAMGING APP\apps\desktop\.network-smoke\hosted-38800-20260513-224809\startup.log"
2026-05-14T03:48:12.903Z [startup] stage="Booting desktop shell" progress=4 accent=warmup detail="Starting NexusForge Desktop."
2026-05-14T03:48:12.904Z [startup] stage="Preparing secure session" progress=18 accent=warmup detail="Resetting desktop storage before launch."
2026-05-14T03:48:12.904Z [startup] stage="Connecting hosted workspace" progress=32 accent=opening detail="Opening the remote NexusForge experience."
2026-05-14T03:48:12.904Z [startup-timing] t+28ms splash-window-create
2026-05-14T03:48:12.953Z [startup-timing] t+77ms main-window-create
2026-05-14T03:48:12.976Z [startup] stage="Preparing launch" progress=72 accent=checking detail="Checking updates and final startup tasks."
2026-05-14T03:48:12.977Z [startup-timing] t+101ms ensure-app-reachable-start trigger=startup
2026-05-14T03:48:12.977Z [startup] stage="Connecting hosted workspace" progress=78 accent=opening detail="Opening the remote NexusForge experience."
2026-05-14T03:48:13.094Z [startup-timing] t+218ms splash-did-finish-load
2026-05-14T03:48:13.873Z [tls] certificate bypass accepted for https://www.nexusforge.app/app (net::ERR_CERT_AUTHORITY_INVALID)
2026-05-14T03:48:14.140Z [tls] certificate bypass accepted for https://www.nexusforge.app/app (net::ERR_CERT_AUTHORITY_INVALID)
2026-05-14T03:48:17.318Z [startup-timing] t+4441ms main-ready-to-show
2026-05-14T03:48:17.318Z [startup-timing] t+4442ms handoff-reveal-scheduled hold=2200ms
2026-05-14T03:48:17.450Z [startup-timing] t+4574ms main-did-finish-load
2026-05-14T03:48:17.451Z [startup-timing] t+4575ms handoff-reveal-scheduled hold=2200ms
2026-05-14T03:48:17.451Z [startup-timing] t+4575ms hosted-target-connected target=https://www.nexusforge.app/app
2026-05-14T03:48:17.451Z [startup-timing] t+4575ms handoff-reveal-scheduled hold=2200ms
2026-05-14T03:48:17.451Z [startup] stage="Connecting hosted workspace" progress=78 accent=opening detail="Opening the remote NexusForge experience."
