2026-05-14T04:39:46.996Z [startup-timing] t+25ms app-when-ready
2026-05-14T04:39:46.996Z [startup-timing] log-path="D:\NEXUSFORGE GAMGING APP\apps\desktop\.network-smoke\local-10768-20260513-233946\startup.log"
2026-05-14T04:39:46.997Z [startup] stage="Booting desktop shell" progress=4 accent=warmup detail="Starting NexusForge Desktop."
2026-05-14T04:39:46.997Z [startup] stage="Preparing secure session" progress=18 accent=warmup detail="Resetting desktop storage before launch."
2026-05-14T04:39:47.004Z [startup] stage="Preparing secure session" progress=26 accent=ready detail="Desktop storage reset completed."
2026-05-14T04:39:47.004Z [startup] stage="Checking local services" progress=34 accent=checking detail="Verifying the app stack is reachable on ports 3000 and 4000."
2026-05-14T04:39:47.009Z [startup] stage="Local services ready" progress=66 accent=ready detail="The desktop stack answered on both ports."
2026-05-14T04:39:47.010Z [startup-timing] t+38ms splash-window-create
2026-05-14T04:39:47.058Z [startup-timing] t+87ms main-window-create
2026-05-14T04:39:47.071Z [startup] stage="Preparing launch" progress=72 accent=checking detail="Checking updates and final startup tasks."
2026-05-14T04:39:47.072Z [startup-timing] t+101ms ensure-app-reachable-start trigger=startup
2026-05-14T04:39:47.072Z [startup] stage="Opening app" progress=78 accent=opening detail="Connecting the desktop shell to NexusForge."
2026-05-14T04:39:47.072Z [startup] stage="Checking local services" progress=34 accent=checking detail="Verifying the app stack is reachable on ports 3000 and 4000."
2026-05-14T04:39:47.111Z [startup] stage="Local services ready" progress=66 accent=ready detail="The desktop stack answered on both ports."
2026-05-14T04:39:47.180Z [startup-timing] t+209ms splash-did-finish-load
2026-05-14T04:39:47.616Z [startup-timing] t+645ms main-ready-to-show
2026-05-14T04:39:47.617Z [startup-timing] t+645ms handoff-reveal-scheduled hold=2200ms
2026-05-14T04:39:47.799Z [startup-timing] t+828ms main-did-finish-load
2026-05-14T04:39:47.799Z [startup-timing] t+828ms handoff-reveal-scheduled hold=2200ms
2026-05-14T04:39:47.799Z [startup-timing] t+828ms local-target-connected target=http://localhost:3000/app
2026-05-14T04:39:47.800Z [startup-timing] t+829ms handoff-reveal-scheduled hold=2200ms
2026-05-14T04:39:47.800Z [startup] stage="Local services ready" progress=66 accent=ready detail="The desktop stack answered on both ports."
2026-05-14T04:39:47.830Z [startup] stage="Checking local services" progress=34 accent=checking detail="Verifying the app stack is reachable on ports 3000 and 4000."
2026-05-14T04:39:47.831Z [startup] stage="Local services ready" progress=66 accent=ready detail="The desktop stack answered on both ports."
