2026-05-14T03:13:03.143Z [startup-timing] t+25ms app-when-ready
2026-05-14T03:13:03.144Z [startup-timing] log-path="D:\NEXUSFORGE GAMGING APP\apps\desktop\.network-smoke\hosted-34212-20260513-221259\startup.log"
2026-05-14T03:13:03.144Z [startup] stage="Booting desktop shell" progress=4 accent=warmup detail="Starting NexusForge Desktop."
2026-05-14T03:13:03.144Z [startup] stage="Preparing secure session" progress=18 accent=warmup detail="Resetting desktop storage before launch."
2026-05-14T03:13:03.145Z [startup] stage="Connecting hosted workspace" progress=32 accent=opening detail="Opening the remote NexusForge experience."
2026-05-14T03:13:03.145Z [startup-timing] t+27ms splash-window-create
2026-05-14T03:13:03.193Z [startup-timing] t+75ms main-window-create
2026-05-14T03:13:03.210Z [startup] stage="Preparing launch" progress=72 accent=checking detail="Checking updates and final startup tasks."
2026-05-14T03:13:03.210Z [startup-timing] t+92ms ensure-app-reachable-start trigger=startup
2026-05-14T03:13:03.211Z [startup] stage="Connecting hosted workspace" progress=78 accent=opening detail="Opening the remote NexusForge experience."
2026-05-14T03:13:03.330Z [startup-timing] t+212ms splash-did-finish-load
2026-05-14T03:13:04.030Z [tls] certificate bypass accepted for https://www.nexusforge.app/app (net::ERR_CERT_AUTHORITY_INVALID)
2026-05-14T03:13:04.306Z [tls] certificate bypass accepted for https://www.nexusforge.app/app (net::ERR_CERT_AUTHORITY_INVALID)
2026-05-14T03:13:07.246Z [startup-timing] t+4128ms main-ready-to-show
2026-05-14T03:13:07.246Z [startup-timing] t+4128ms handoff-reveal-scheduled hold=2200ms
2026-05-14T03:13:07.381Z [startup-timing] t+4263ms main-did-finish-load
2026-05-14T03:13:07.382Z [startup-timing] t+4263ms handoff-reveal-scheduled hold=2200ms
2026-05-14T03:13:07.382Z [startup-timing] t+4264ms hosted-target-connected target=https://www.nexusforge.app/app
2026-05-14T03:13:07.382Z [startup-timing] t+4264ms handoff-reveal-scheduled hold=2200ms
2026-05-14T03:13:07.382Z [startup] stage="Connecting hosted workspace" progress=78 accent=opening detail="Opening the remote NexusForge experience."
