
2026-05-15T00:07:49.518Z [startup-timing] t+29ms app-when-ready
2026-05-15T00:07:49.519Z [startup-timing] log-path="D:\NEXUSFORGE GAMGING APP\apps\desktop\.network-smoke\local-1680-20260514-190748\startup.log"
2026-05-15T00:07:49.519Z [startup] stage="Booting desktop shell" progress=4 accent=warmup detail="Starting NexusForge Desktop."
2026-05-15T00:07:49.520Z [startup] stage="Preparing secure session" progress=18 accent=warmup detail="Resetting desktop storage before launch."
2026-05-15T00:07:49.527Z [startup] stage="Preparing secure session" progress=26 accent=ready detail="Desktop storage reset completed."
2026-05-15T00:07:49.528Z [startup] stage="Checking local services" progress=34 accent=checking detail="Verifying the app stack is reachable on ports 3000 and 4000."
2026-05-15T00:07:49.534Z [startup] stage="Local services ready" progress=66 accent=ready detail="The desktop stack answered on both ports."
2026-05-15T00:07:49.560Z [startup-timing] t+71ms splash-window-create
2026-05-15T00:07:49.640Z [startup-timing] t+151ms main-window-create
2026-05-15T00:07:49.672Z [startup] stage="Preparing launch" progress=72 accent=checking detail="Checking updates and final startup tasks."
2026-05-15T00:07:49.673Z [startup-timing] t+184ms ensure-app-reachable-start trigger=startup
2026-05-15T00:07:49.673Z [startup] stage="Opening app" progress=78 accent=opening detail="Connecting the desktop shell to NexusForge."
2026-05-15T00:07:49.673Z [startup] stage="Checking local services" progress=34 accent=checking detail="Verifying the app stack is reachable on ports 3000 and 4000."
2026-05-15T00:07:49.726Z [startup] stage="Local services ready" progress=66 accent=ready detail="The desktop stack answered on both ports."
2026-05-15T00:07:49.851Z [startup-timing] t+362ms splash-did-finish-load
2026-05-15T00:07:50.120Z [startup-timing] t+631ms main-ready-to-show
2026-05-15T00:07:50.121Z [startup-timing] t+632ms handoff-reveal-scheduled hold=2200ms
2026-05-15T00:07:50.226Z [startup-timing] t+736ms main-did-finish-load
2026-05-15T00:07:50.227Z [startup-timing] t+737ms handoff-reveal-scheduled hold=2200ms
2026-05-15T00:07:50.229Z [startup-timing] t+740ms local-target-connected target=http://localhost:3000/app
2026-05-15T00:07:50.230Z [startup-timing] t+741ms handoff-reveal-scheduled hold=2200ms
2026-05-15T00:07:50.230Z [startup] stage="Local services ready" progress=66 accent=ready detail="The desktop stack answered on both ports."
