
2026-05-15T00:08:14.483Z [startup-timing] t+30ms app-when-ready
2026-05-15T00:08:14.484Z [startup-timing] log-path="D:\NEXUSFORGE GAMGING APP\apps\desktop\.network-smoke\local-37968-20260514-190813\startup.log"
2026-05-15T00:08:14.484Z [startup] stage="Booting desktop shell" progress=4 accent=warmup detail="Starting NexusForge Desktop."
2026-05-15T00:08:14.485Z [startup] stage="Preparing secure session" progress=18 accent=warmup detail="Resetting desktop storage before launch."
2026-05-15T00:08:14.497Z [startup] stage="Preparing secure session" progress=26 accent=ready detail="Desktop storage reset completed."
2026-05-15T00:08:14.498Z [startup] stage="Checking local services" progress=34 accent=checking detail="Verifying the app stack is reachable on ports 3000 and 4000."
2026-05-15T00:08:14.504Z [startup] stage="Local services ready" progress=66 accent=ready detail="The desktop stack answered on both ports."
2026-05-15T00:08:14.533Z [startup-timing] t+80ms splash-window-create
2026-05-15T00:08:14.616Z [startup-timing] t+162ms main-window-create
2026-05-15T00:08:14.648Z [startup] stage="Preparing launch" progress=72 accent=checking detail="Checking updates and final startup tasks."
2026-05-15T00:08:14.649Z [startup-timing] t+196ms ensure-app-reachable-start trigger=startup
2026-05-15T00:08:14.649Z [startup] stage="Opening app" progress=78 accent=opening detail="Connecting the desktop shell to NexusForge."
2026-05-15T00:08:14.650Z [startup] stage="Checking local services" progress=34 accent=checking detail="Verifying the app stack is reachable on ports 3000 and 4000."
2026-05-15T00:08:14.704Z [startup] stage="Local services ready" progress=66 accent=ready detail="The desktop stack answered on both ports."
2026-05-15T00:08:14.848Z [startup-timing] t+395ms splash-did-finish-load
2026-05-15T00:08:15.163Z [startup-timing] t+710ms main-did-finish-load
2026-05-15T00:08:15.163Z [startup-timing] t+710ms handoff-reveal-scheduled hold=2200ms
2026-05-15T00:08:15.164Z [startup-timing] t+711ms local-target-connected target=http://localhost:3000/app
2026-05-15T00:08:15.164Z [startup-timing] t+711ms handoff-reveal-scheduled hold=2200ms
2026-05-15T00:08:15.165Z [startup] stage="Local services ready" progress=66 accent=ready detail="The desktop stack answered on both ports."
2026-05-15T00:08:15.193Z [startup-timing] t+739ms main-ready-to-show
2026-05-15T00:08:15.193Z [startup-timing] t+740ms handoff-reveal-scheduled hold=2200ms
