2026-05-14T04:22:59.984Z [startup-timing] t+24ms app-when-ready
2026-05-14T04:22:59.985Z [startup-timing] log-path="D:\NEXUSFORGE GAMGING APP\apps\desktop\.network-smoke\hosted-28816-20260513-232256\startup.log"
2026-05-14T04:22:59.985Z [startup] stage="Booting desktop shell" progress=4 accent=warmup detail="Starting NexusForge Desktop."
2026-05-14T04:22:59.986Z [startup] stage="Preparing secure session" progress=18 accent=warmup detail="Resetting desktop storage before launch."
2026-05-14T04:22:59.986Z [startup] stage="Connecting hosted workspace" progress=32 accent=opening detail="Opening the remote NexusForge experience."
2026-05-14T04:22:59.986Z [startup-timing] t+27ms splash-window-create
2026-05-14T04:23:00.038Z [startup-timing] t+79ms main-window-create
2026-05-14T04:23:00.056Z [startup] stage="Preparing launch" progress=72 accent=checking detail="Checking updates and final startup tasks."
2026-05-14T04:23:00.057Z [startup-timing] t+97ms ensure-app-reachable-start trigger=startup
2026-05-14T04:23:00.057Z [startup] stage="Connecting hosted workspace" progress=78 accent=opening detail="Opening the remote NexusForge experience."
2026-05-14T04:23:00.184Z [startup-timing] t+221ms splash-did-finish-load
2026-05-14T04:23:00.945Z [tls] certificate bypass accepted for https://www.nexusforge.app/app (net::ERR_CERT_AUTHORITY_INVALID)
2026-05-14T04:23:01.204Z [tls] certificate bypass accepted for https://www.nexusforge.app/app (net::ERR_CERT_AUTHORITY_INVALID)
2026-05-14T04:23:05.582Z [startup-timing] t+5622ms main-ready-to-show
2026-05-14T04:23:05.582Z [startup-timing] t+5623ms handoff-reveal-scheduled hold=2200ms
2026-05-14T04:23:05.714Z [startup-timing] t+5754ms main-did-finish-load
2026-05-14T04:23:05.714Z [startup-timing] t+5755ms handoff-reveal-scheduled hold=2200ms
2026-05-14T04:23:05.714Z [startup-timing] t+5755ms hosted-target-connected target=https://www.nexusforge.app/app
2026-05-14T04:23:05.714Z [startup-timing] t+5755ms handoff-reveal-scheduled hold=2200ms
2026-05-14T04:23:05.715Z [startup] stage="Connecting hosted workspace" progress=78 accent=opening detail="Opening the remote NexusForge experience."
