2026-05-14T03:29:57.001Z [startup-timing] t+24ms app-when-ready
2026-05-14T03:29:57.002Z [startup-timing] log-path="D:\NEXUSFORGE GAMGING APP\apps\desktop\.network-smoke\hosted-40228-20260513-222953\startup.log"
2026-05-14T03:29:57.002Z [startup] stage="Booting desktop shell" progress=4 accent=warmup detail="Starting NexusForge Desktop."
2026-05-14T03:29:57.002Z [startup] stage="Preparing secure session" progress=18 accent=warmup detail="Resetting desktop storage before launch."
2026-05-14T03:29:57.003Z [startup] stage="Connecting hosted workspace" progress=32 accent=opening detail="Opening the remote NexusForge experience."
2026-05-14T03:29:57.003Z [startup-timing] t+26ms splash-window-create
2026-05-14T03:29:57.056Z [startup-timing] t+78ms main-window-create
2026-05-14T03:29:57.074Z [startup] stage="Preparing launch" progress=72 accent=checking detail="Checking updates and final startup tasks."
2026-05-14T03:29:57.075Z [startup-timing] t+98ms ensure-app-reachable-start trigger=startup
2026-05-14T03:29:57.076Z [startup] stage="Connecting hosted workspace" progress=78 accent=opening detail="Opening the remote NexusForge experience."
2026-05-14T03:29:57.202Z [startup-timing] t+225ms splash-did-finish-load
2026-05-14T03:29:57.907Z [tls] certificate bypass accepted for https://www.nexusforge.app/app (net::ERR_CERT_AUTHORITY_INVALID)
2026-05-14T03:29:58.170Z [tls] certificate bypass accepted for https://www.nexusforge.app/app (net::ERR_CERT_AUTHORITY_INVALID)
2026-05-14T03:30:01.446Z [startup-timing] t+4469ms main-ready-to-show
2026-05-14T03:30:01.447Z [startup-timing] t+4469ms handoff-reveal-scheduled hold=2200ms
2026-05-14T03:30:01.576Z [startup-timing] t+4599ms main-did-finish-load
2026-05-14T03:30:01.576Z [startup-timing] t+4599ms handoff-reveal-scheduled hold=2200ms
2026-05-14T03:30:01.576Z [startup-timing] t+4599ms hosted-target-connected target=https://www.nexusforge.app/app
2026-05-14T03:30:01.577Z [startup-timing] t+4599ms handoff-reveal-scheduled hold=2200ms
2026-05-14T03:30:01.577Z [startup] stage="Connecting hosted workspace" progress=78 accent=opening detail="Opening the remote NexusForge experience."
