2026-05-14T03:41:15.310Z [startup-timing] t+27ms app-when-ready
2026-05-14T03:41:15.310Z [startup-timing] log-path="D:\NEXUSFORGE GAMGING APP\apps\desktop\.network-smoke\local-8500-20260513-224114\startup.log"
2026-05-14T03:41:15.311Z [startup] stage="Booting desktop shell" progress=4 accent=warmup detail="Starting NexusForge Desktop."
2026-05-14T03:41:15.311Z [startup] stage="Preparing secure session" progress=18 accent=warmup detail="Resetting desktop storage before launch."
2026-05-14T03:41:15.318Z [startup] stage="Preparing secure session" progress=26 accent=ready detail="Desktop storage reset completed."
2026-05-14T03:41:15.319Z [startup] stage="Checking local services" progress=34 accent=checking detail="Verifying the app stack is reachable on ports 3000 and 4000."
2026-05-14T03:41:15.324Z [startup] stage="Local services ready" progress=66 accent=ready detail="The desktop stack answered on both ports."
2026-05-14T03:41:15.324Z [startup-timing] t+41ms splash-window-create
2026-05-14T03:41:15.373Z [startup-timing] t+89ms main-window-create
2026-05-14T03:41:15.389Z [startup] stage="Preparing launch" progress=72 accent=checking detail="Checking updates and final startup tasks."
2026-05-14T03:41:15.390Z [startup-timing] t+107ms ensure-app-reachable-start trigger=startup
2026-05-14T03:41:15.390Z [startup] stage="Opening app" progress=78 accent=opening detail="Connecting the desktop shell to NexusForge."
2026-05-14T03:41:15.391Z [startup] stage="Checking local services" progress=34 accent=checking detail="Verifying the app stack is reachable on ports 3000 and 4000."
2026-05-14T03:41:15.434Z [startup] stage="Local services ready" progress=66 accent=ready detail="The desktop stack answered on both ports."
2026-05-14T03:41:15.511Z [startup-timing] t+228ms splash-did-finish-load
2026-05-14T03:41:15.956Z [startup-timing] t+673ms main-ready-to-show
2026-05-14T03:41:15.956Z [startup-timing] t+673ms handoff-reveal-scheduled hold=2200ms
2026-05-14T03:41:16.127Z [startup-timing] t+844ms main-did-finish-load
2026-05-14T03:41:16.127Z [startup-timing] t+844ms handoff-reveal-scheduled hold=2200ms
2026-05-14T03:41:16.127Z [startup-timing] t+844ms local-target-connected target=http://localhost:3000/app
2026-05-14T03:41:16.128Z [startup-timing] t+845ms handoff-reveal-scheduled hold=2200ms
2026-05-14T03:41:16.128Z [startup] stage="Local services ready" progress=66 accent=ready detail="The desktop stack answered on both ports."
2026-05-14T03:41:16.148Z [startup] stage="Checking local services" progress=34 accent=checking detail="Verifying the app stack is reachable on ports 3000 and 4000."
2026-05-14T03:41:16.149Z [startup] stage="Local services ready" progress=66 accent=ready detail="The desktop stack answered on both ports."
