
2026-05-14T22:26:38.746Z [startup-timing] t+27ms app-when-ready
2026-05-14T22:26:38.747Z [startup-timing] log-path="D:\NEXUSFORGE GAMGING APP\apps\desktop\.network-smoke\local-27400-20260514-172637\startup.log"
2026-05-14T22:26:38.747Z [startup] stage="Booting desktop shell" progress=4 accent=warmup detail="Starting NexusForge Desktop."
2026-05-14T22:26:38.748Z [startup] stage="Preparing secure session" progress=18 accent=warmup detail="Resetting desktop storage before launch."
2026-05-14T22:26:38.755Z [startup] stage="Preparing secure session" progress=26 accent=ready detail="Desktop storage reset completed."
2026-05-14T22:26:38.756Z [startup] stage="Checking local services" progress=34 accent=checking detail="Verifying the app stack is reachable on ports 3000 and 4000."
2026-05-14T22:26:38.762Z [startup] stage="Local services ready" progress=66 accent=ready detail="The desktop stack answered on both ports."
2026-05-14T22:26:38.788Z [startup-timing] t+69ms splash-window-create
2026-05-14T22:26:38.870Z [startup-timing] t+151ms main-window-create
2026-05-14T22:26:38.905Z [startup] stage="Preparing launch" progress=72 accent=checking detail="Checking updates and final startup tasks."
2026-05-14T22:26:38.906Z [startup-timing] t+186ms ensure-app-reachable-start trigger=startup
2026-05-14T22:26:38.906Z [startup] stage="Opening app" progress=78 accent=opening detail="Connecting the desktop shell to NexusForge."
2026-05-14T22:26:38.906Z [startup] stage="Checking local services" progress=34 accent=checking detail="Verifying the app stack is reachable on ports 3000 and 4000."
2026-05-14T22:26:38.953Z [startup] stage="Local services ready" progress=66 accent=ready detail="The desktop stack answered on both ports."
2026-05-14T22:26:39.051Z [startup-timing] t+332ms splash-did-finish-load
2026-05-14T22:26:39.531Z [startup-timing] t+811ms main-ready-to-show
2026-05-14T22:26:39.531Z [startup-timing] t+812ms handoff-reveal-scheduled hold=2200ms
2026-05-14T22:26:39.700Z [startup-timing] t+981ms main-did-finish-load
2026-05-14T22:26:39.700Z [startup-timing] t+981ms handoff-reveal-scheduled hold=2200ms
2026-05-14T22:26:39.701Z [startup-timing] t+981ms local-target-connected target=http://localhost:3000/app
2026-05-14T22:26:39.701Z [startup-timing] t+982ms handoff-reveal-scheduled hold=2200ms
2026-05-14T22:26:39.701Z [startup] stage="Local services ready" progress=66 accent=ready detail="The desktop stack answered on both ports."
2026-05-14T22:26:39.721Z [startup] stage="Checking local services" progress=34 accent=checking detail="Verifying the app stack is reachable on ports 3000 and 4000."
2026-05-14T22:26:39.723Z [startup] stage="Local services ready" progress=66 accent=ready detail="The desktop stack answered on both ports."
