2026-05-14T03:16:43.256Z [startup-timing] t+26ms app-when-ready
2026-05-14T03:16:43.256Z [startup-timing] log-path="D:\NEXUSFORGE GAMGING APP\apps\desktop\.network-smoke\local-12172-20260513-221642\startup.log"
2026-05-14T03:16:43.257Z [startup] stage="Booting desktop shell" progress=4 accent=warmup detail="Starting NexusForge Desktop."
2026-05-14T03:16:43.257Z [startup] stage="Preparing secure session" progress=18 accent=warmup detail="Resetting desktop storage before launch."
2026-05-14T03:16:43.266Z [startup] stage="Preparing secure session" progress=26 accent=ready detail="Desktop storage reset completed."
2026-05-14T03:16:43.267Z [startup] stage="Checking local services" progress=34 accent=checking detail="Verifying the app stack is reachable on ports 3000 and 4000."
2026-05-14T03:16:43.272Z [startup] stage="Local services ready" progress=66 accent=ready detail="The desktop stack answered on both ports."
2026-05-14T03:16:43.273Z [startup-timing] t+43ms splash-window-create
2026-05-14T03:16:43.331Z [startup-timing] t+101ms main-window-create
2026-05-14T03:16:43.346Z [startup] stage="Preparing launch" progress=72 accent=checking detail="Checking updates and final startup tasks."
2026-05-14T03:16:43.347Z [startup-timing] t+116ms ensure-app-reachable-start trigger=startup
2026-05-14T03:16:43.347Z [startup] stage="Opening app" progress=78 accent=opening detail="Connecting the desktop shell to NexusForge."
2026-05-14T03:16:43.347Z [startup] stage="Checking local services" progress=34 accent=checking detail="Verifying the app stack is reachable on ports 3000 and 4000."
2026-05-14T03:16:43.388Z [startup] stage="Local services ready" progress=66 accent=ready detail="The desktop stack answered on both ports."
2026-05-14T03:16:43.466Z [startup-timing] t+236ms splash-did-finish-load
2026-05-14T03:16:43.968Z [startup-timing] t+738ms main-ready-to-show
2026-05-14T03:16:43.968Z [startup-timing] t+738ms handoff-reveal-scheduled hold=2200ms
2026-05-14T03:16:44.158Z [startup-timing] t+927ms main-did-finish-load
2026-05-14T03:16:44.158Z [startup-timing] t+928ms handoff-reveal-scheduled hold=2200ms
2026-05-14T03:16:44.159Z [startup-timing] t+928ms local-target-connected target=http://localhost:3000/app
2026-05-14T03:16:44.159Z [startup-timing] t+929ms handoff-reveal-scheduled hold=2200ms
2026-05-14T03:16:44.160Z [startup] stage="Local services ready" progress=66 accent=ready detail="The desktop stack answered on both ports."
2026-05-14T03:16:44.180Z [startup] stage="Checking local services" progress=34 accent=checking detail="Verifying the app stack is reachable on ports 3000 and 4000."
2026-05-14T03:16:44.181Z [startup] stage="Local services ready" progress=66 accent=ready detail="The desktop stack answered on both ports."
