
2026-05-14T23:59:33.769Z [startup-timing] t+28ms app-when-ready
2026-05-14T23:59:33.769Z [startup-timing] log-path="D:\NEXUSFORGE GAMGING APP\apps\desktop\.network-smoke\local-19464-20260514-185932\startup.log"
2026-05-14T23:59:33.770Z [startup] stage="Booting desktop shell" progress=4 accent=warmup detail="Starting NexusForge Desktop."
2026-05-14T23:59:33.770Z [startup] stage="Preparing secure session" progress=18 accent=warmup detail="Resetting desktop storage before launch."
2026-05-14T23:59:33.778Z [startup] stage="Preparing secure session" progress=26 accent=ready detail="Desktop storage reset completed."
2026-05-14T23:59:33.778Z [startup] stage="Checking local services" progress=34 accent=checking detail="Verifying the app stack is reachable on ports 3000 and 4000."
2026-05-14T23:59:33.786Z [startup] stage="Local services ready" progress=66 accent=ready detail="The desktop stack answered on both ports."
2026-05-14T23:59:33.811Z [startup-timing] t+70ms splash-window-create
2026-05-14T23:59:33.894Z [startup-timing] t+153ms main-window-create
2026-05-14T23:59:33.929Z [startup] stage="Preparing launch" progress=72 accent=checking detail="Checking updates and final startup tasks."
2026-05-14T23:59:33.929Z [startup-timing] t+188ms ensure-app-reachable-start trigger=startup
2026-05-14T23:59:33.930Z [startup] stage="Opening app" progress=78 accent=opening detail="Connecting the desktop shell to NexusForge."
2026-05-14T23:59:33.930Z [startup] stage="Checking local services" progress=34 accent=checking detail="Verifying the app stack is reachable on ports 3000 and 4000."
2026-05-14T23:59:33.975Z [startup] stage="Local services ready" progress=66 accent=ready detail="The desktop stack answered on both ports."
2026-05-14T23:59:34.084Z [startup-timing] t+343ms splash-did-finish-load
2026-05-14T23:59:34.172Z [startup-timing] t+430ms main-ready-to-show
2026-05-14T23:59:34.172Z [startup-timing] t+431ms handoff-reveal-scheduled hold=2200ms
2026-05-14T23:59:34.244Z [startup-timing] t+503ms main-did-finish-load
2026-05-14T23:59:34.245Z [startup-timing] t+504ms handoff-reveal-scheduled hold=2200ms
2026-05-14T23:59:34.245Z [startup-timing] t+504ms local-target-connected target=http://localhost:3000/app
2026-05-14T23:59:34.245Z [startup-timing] t+504ms handoff-reveal-scheduled hold=2200ms
2026-05-14T23:59:34.246Z [startup] stage="Local services ready" progress=66 accent=ready detail="The desktop stack answered on both ports."
