2026-05-14T03:19:52.725Z [startup-timing] t+25ms app-when-ready
2026-05-14T03:19:52.726Z [startup-timing] log-path="D:\NEXUSFORGE GAMGING APP\apps\desktop\.network-smoke\hosted-38200-20260513-221949\startup.log"
2026-05-14T03:19:52.726Z [startup] stage="Booting desktop shell" progress=4 accent=warmup detail="Starting NexusForge Desktop."
2026-05-14T03:19:52.727Z [startup] stage="Preparing secure session" progress=18 accent=warmup detail="Resetting desktop storage before launch."
2026-05-14T03:19:52.727Z [startup] stage="Connecting hosted workspace" progress=32 accent=opening detail="Opening the remote NexusForge experience."
2026-05-14T03:19:52.727Z [startup-timing] t+27ms splash-window-create
2026-05-14T03:19:52.775Z [startup-timing] t+75ms main-window-create
2026-05-14T03:19:52.793Z [startup] stage="Preparing launch" progress=72 accent=checking detail="Checking updates and final startup tasks."
2026-05-14T03:19:52.794Z [startup-timing] t+94ms ensure-app-reachable-start trigger=startup
2026-05-14T03:19:52.794Z [startup] stage="Connecting hosted workspace" progress=78 accent=opening detail="Opening the remote NexusForge experience."
2026-05-14T03:19:52.925Z [startup-timing] t+217ms splash-did-finish-load
2026-05-14T03:19:53.646Z [tls] certificate bypass accepted for https://www.nexusforge.app/app (net::ERR_CERT_AUTHORITY_INVALID)
2026-05-14T03:19:53.920Z [tls] certificate bypass accepted for https://www.nexusforge.app/app (net::ERR_CERT_AUTHORITY_INVALID)
2026-05-14T03:19:56.991Z [startup-timing] t+4290ms main-ready-to-show
2026-05-14T03:19:56.991Z [startup-timing] t+4291ms handoff-reveal-scheduled hold=2200ms
2026-05-14T03:19:57.078Z [startup-timing] t+4378ms main-did-finish-load
2026-05-14T03:19:57.079Z [startup-timing] t+4378ms handoff-reveal-scheduled hold=2200ms
2026-05-14T03:19:57.079Z [startup-timing] t+4379ms hosted-target-connected target=https://www.nexusforge.app/app
2026-05-14T03:19:57.079Z [startup-timing] t+4379ms handoff-reveal-scheduled hold=2200ms
2026-05-14T03:19:57.079Z [startup] stage="Connecting hosted workspace" progress=78 accent=opening detail="Opening the remote NexusForge experience."
