
2026-05-14T21:22:41.107Z [startup-timing] t+30ms app-when-ready
2026-05-14T21:22:41.107Z [startup-timing] log-path="D:\NEXUSFORGE GAMGING APP\apps\desktop\.network-smoke\local-39800-20260514-162239\startup.log"
2026-05-14T21:22:41.107Z [startup] stage="Booting desktop shell" progress=4 accent=warmup detail="Starting NexusForge Desktop."
2026-05-14T21:22:41.109Z [startup] stage="Preparing secure session" progress=18 accent=warmup detail="Resetting desktop storage before launch."
2026-05-14T21:22:41.123Z [startup] stage="Preparing secure session" progress=26 accent=ready detail="Desktop storage reset completed."
2026-05-14T21:22:41.124Z [startup] stage="Checking local services" progress=34 accent=checking detail="Verifying the app stack is reachable on ports 3000 and 4000."
2026-05-14T21:22:41.129Z [startup] stage="Local services ready" progress=66 accent=ready detail="The desktop stack answered on both ports."
2026-05-14T21:22:41.158Z [startup-timing] t+82ms splash-window-create
2026-05-14T21:22:41.229Z [startup-timing] t+153ms main-window-create
2026-05-14T21:22:41.265Z [startup] stage="Preparing launch" progress=72 accent=checking detail="Checking updates and final startup tasks."
2026-05-14T21:22:41.266Z [startup-timing] t+190ms ensure-app-reachable-start trigger=startup
2026-05-14T21:22:41.266Z [startup] stage="Opening app" progress=78 accent=opening detail="Connecting the desktop shell to NexusForge."
2026-05-14T21:22:41.266Z [startup] stage="Checking local services" progress=34 accent=checking detail="Verifying the app stack is reachable on ports 3000 and 4000."
2026-05-14T21:22:41.312Z [startup] stage="Local services ready" progress=66 accent=ready detail="The desktop stack answered on both ports."
2026-05-14T21:22:41.398Z [startup-timing] t+321ms splash-did-finish-load
2026-05-14T21:22:41.895Z [startup-timing] t+819ms main-ready-to-show
2026-05-14T21:22:41.896Z [startup-timing] t+820ms handoff-reveal-scheduled hold=2200ms
2026-05-14T21:22:42.136Z [startup-timing] t+1060ms main-did-finish-load
2026-05-14T21:22:42.137Z [startup-timing] t+1061ms handoff-reveal-scheduled hold=2200ms
2026-05-14T21:22:42.137Z [startup-timing] t+1061ms local-target-connected target=http://localhost:3000/app
2026-05-14T21:22:42.137Z [startup-timing] t+1061ms handoff-reveal-scheduled hold=2200ms
2026-05-14T21:22:42.138Z [startup] stage="Local services ready" progress=66 accent=ready detail="The desktop stack answered on both ports."
2026-05-14T21:22:42.166Z [startup] stage="Checking local services" progress=34 accent=checking detail="Verifying the app stack is reachable on ports 3000 and 4000."
2026-05-14T21:22:42.168Z [startup] stage="Local services ready" progress=66 accent=ready detail="The desktop stack answered on both ports."
