
2026-05-14T21:19:53.142Z [startup-timing] t+30ms app-when-ready
2026-05-14T21:19:53.142Z [startup-timing] log-path="D:\NEXUSFORGE GAMGING APP\apps\desktop\.network-smoke\local-22732-20260514-161952\startup.log"
2026-05-14T21:19:53.143Z [startup] stage="Booting desktop shell" progress=4 accent=warmup detail="Starting NexusForge Desktop."
2026-05-14T21:19:53.180Z [startup] stage="Preparing secure session" progress=18 accent=warmup detail="Resetting desktop storage before launch."
2026-05-14T21:19:53.191Z [startup] stage="Preparing secure session" progress=26 accent=ready detail="Desktop storage reset completed."
2026-05-14T21:19:53.191Z [startup] stage="Checking local services" progress=34 accent=checking detail="Verifying the app stack is reachable on ports 3000 and 4000."
2026-05-14T21:19:53.198Z [startup] stage="Local services ready" progress=66 accent=ready detail="The desktop stack answered on both ports."
2026-05-14T21:19:53.228Z [startup-timing] t+117ms splash-window-create
2026-05-14T21:19:53.306Z [startup-timing] t+195ms main-window-create
2026-05-14T21:19:53.337Z [startup] stage="Preparing launch" progress=72 accent=checking detail="Checking updates and final startup tasks."
2026-05-14T21:19:53.338Z [startup-timing] t+226ms ensure-app-reachable-start trigger=startup
2026-05-14T21:19:53.338Z [startup] stage="Opening app" progress=78 accent=opening detail="Connecting the desktop shell to NexusForge."
2026-05-14T21:19:53.338Z [startup] stage="Checking local services" progress=34 accent=checking detail="Verifying the app stack is reachable on ports 3000 and 4000."
2026-05-14T21:19:53.383Z [startup] stage="Local services ready" progress=66 accent=ready detail="The desktop stack answered on both ports."
2026-05-14T21:19:53.490Z [startup-timing] t+379ms splash-did-finish-load
2026-05-14T21:19:53.954Z [startup-timing] t+842ms main-ready-to-show
2026-05-14T21:19:53.954Z [startup-timing] t+843ms handoff-reveal-scheduled hold=2200ms
2026-05-14T21:19:54.129Z [startup-timing] t+1018ms main-did-finish-load
2026-05-14T21:19:54.129Z [startup-timing] t+1018ms handoff-reveal-scheduled hold=2200ms
2026-05-14T21:19:54.130Z [startup-timing] t+1018ms local-target-connected target=http://localhost:3000/app
2026-05-14T21:19:54.130Z [startup-timing] t+1019ms handoff-reveal-scheduled hold=2200ms
2026-05-14T21:19:54.130Z [startup] stage="Local services ready" progress=66 accent=ready detail="The desktop stack answered on both ports."
2026-05-14T21:19:54.151Z [startup] stage="Checking local services" progress=34 accent=checking detail="Verifying the app stack is reachable on ports 3000 and 4000."
2026-05-14T21:19:54.152Z [startup] stage="Local services ready" progress=66 accent=ready detail="The desktop stack answered on both ports."
