2026-05-14T04:41:15.884Z [startup-timing] t+25ms app-when-ready
2026-05-14T04:41:15.885Z [startup-timing] log-path="D:\NEXUSFORGE GAMGING APP\apps\desktop\.network-smoke\local-18700-20260513-234114\startup.log"
2026-05-14T04:41:15.885Z [startup] stage="Booting desktop shell" progress=4 accent=warmup detail="Starting NexusForge Desktop."
2026-05-14T04:41:15.886Z [startup] stage="Preparing secure session" progress=18 accent=warmup detail="Resetting desktop storage before launch."
2026-05-14T04:41:15.895Z [startup] stage="Preparing secure session" progress=26 accent=ready detail="Desktop storage reset completed."
2026-05-14T04:41:15.895Z [startup] stage="Checking local services" progress=34 accent=checking detail="Verifying the app stack is reachable on ports 3000 and 4000."
2026-05-14T04:41:15.901Z [startup] stage="Local services ready" progress=66 accent=ready detail="The desktop stack answered on both ports."
2026-05-14T04:41:15.901Z [startup-timing] t+42ms splash-window-create
2026-05-14T04:41:15.951Z [startup-timing] t+92ms main-window-create
2026-05-14T04:41:15.970Z [startup] stage="Preparing launch" progress=72 accent=checking detail="Checking updates and final startup tasks."
2026-05-14T04:41:15.971Z [startup-timing] t+112ms ensure-app-reachable-start trigger=startup
2026-05-14T04:41:15.971Z [startup] stage="Opening app" progress=78 accent=opening detail="Connecting the desktop shell to NexusForge."
2026-05-14T04:41:15.971Z [startup] stage="Checking local services" progress=34 accent=checking detail="Verifying the app stack is reachable on ports 3000 and 4000."
2026-05-14T04:41:16.016Z [startup] stage="Local services ready" progress=66 accent=ready detail="The desktop stack answered on both ports."
2026-05-14T04:41:16.084Z [startup-timing] t+224ms splash-did-finish-load
2026-05-14T04:41:16.546Z [startup-timing] t+687ms main-ready-to-show
2026-05-14T04:41:16.547Z [startup-timing] t+688ms handoff-reveal-scheduled hold=2200ms
2026-05-14T04:41:16.754Z [startup-timing] t+895ms main-did-finish-load
2026-05-14T04:41:16.755Z [startup-timing] t+895ms handoff-reveal-scheduled hold=2200ms
2026-05-14T04:41:16.755Z [startup-timing] t+896ms local-target-connected target=http://localhost:3000/app
2026-05-14T04:41:16.755Z [startup-timing] t+896ms handoff-reveal-scheduled hold=2200ms
2026-05-14T04:41:16.756Z [startup] stage="Local services ready" progress=66 accent=ready detail="The desktop stack answered on both ports."
2026-05-14T04:41:16.797Z [startup] stage="Checking local services" progress=34 accent=checking detail="Verifying the app stack is reachable on ports 3000 and 4000."
2026-05-14T04:41:16.798Z [startup] stage="Local services ready" progress=66 accent=ready detail="The desktop stack answered on both ports."
