2026-05-14T19:57:38.045Z [startup-timing] t+27ms app-when-ready
2026-05-14T19:57:38.045Z [startup-timing] log-path="D:\NEXUSFORGE GAMGING APP\apps\desktop\.network-smoke\hosted-42376-20260514-145734\startup.log"
2026-05-14T19:57:38.046Z [startup] stage="Booting desktop shell" progress=4 accent=warmup detail="Starting NexusForge Desktop."
2026-05-14T19:57:38.046Z [startup] stage="Preparing secure session" progress=18 accent=warmup detail="Resetting desktop storage before launch."
2026-05-14T19:57:38.047Z [startup] stage="Connecting hosted workspace" progress=32 accent=opening detail="Opening the remote NexusForge experience."
2026-05-14T19:57:38.047Z [startup-timing] t+29ms splash-window-create
2026-05-14T19:57:38.103Z [startup-timing] t+85ms main-window-create
2026-05-14T19:57:38.125Z [startup] stage="Preparing launch" progress=72 accent=checking detail="Checking updates and final startup tasks."
2026-05-14T19:57:38.126Z [startup-timing] t+107ms ensure-app-reachable-start trigger=startup
2026-05-14T19:57:38.126Z [startup] stage="Connecting hosted workspace" progress=78 accent=opening detail="Opening the remote NexusForge experience."
2026-05-14T19:57:38.246Z [startup-timing] t+228ms splash-did-finish-load
2026-05-14T19:57:38.993Z [tls] certificate bypass accepted for https://www.nexusforge.app/app (net::ERR_CERT_AUTHORITY_INVALID)
2026-05-14T19:57:39.244Z [tls] certificate bypass accepted for https://www.nexusforge.app/app (net::ERR_CERT_AUTHORITY_INVALID)
2026-05-14T19:57:43.730Z [startup-timing] t+5712ms main-ready-to-show
2026-05-14T19:57:43.730Z [startup-timing] t+5712ms handoff-reveal-scheduled hold=2200ms
2026-05-14T19:57:43.826Z [startup-timing] t+5807ms main-did-finish-load
2026-05-14T19:57:43.826Z [startup-timing] t+5808ms handoff-reveal-scheduled hold=2200ms
2026-05-14T19:57:43.826Z [startup-timing] t+5808ms hosted-target-connected target=https://www.nexusforge.app/app
2026-05-14T19:57:43.826Z [startup-timing] t+5808ms handoff-reveal-scheduled hold=2200ms
2026-05-14T19:57:43.827Z [startup] stage="Connecting hosted workspace" progress=78 accent=opening detail="Opening the remote NexusForge experience."
