2026-05-14T19:59:14.999Z [startup-timing] t+25ms app-when-ready
2026-05-14T19:59:15.000Z [startup-timing] log-path="D:\NEXUSFORGE GAMGING APP\apps\desktop\.network-smoke\hosted-29280-20260514-145911\startup.log"
2026-05-14T19:59:15.000Z [startup] stage="Booting desktop shell" progress=4 accent=warmup detail="Starting NexusForge Desktop."
2026-05-14T19:59:15.000Z [startup] stage="Preparing secure session" progress=18 accent=warmup detail="Resetting desktop storage before launch."
2026-05-14T19:59:15.001Z [startup] stage="Connecting hosted workspace" progress=32 accent=opening detail="Opening the remote NexusForge experience."
2026-05-14T19:59:15.001Z [startup-timing] t+27ms splash-window-create
2026-05-14T19:59:15.056Z [startup-timing] t+82ms main-window-create
2026-05-14T19:59:15.079Z [startup] stage="Preparing launch" progress=72 accent=checking detail="Checking updates and final startup tasks."
2026-05-14T19:59:15.079Z [startup-timing] t+105ms ensure-app-reachable-start trigger=startup
2026-05-14T19:59:15.079Z [startup] stage="Connecting hosted workspace" progress=78 accent=opening detail="Opening the remote NexusForge experience."
2026-05-14T19:59:15.196Z [startup-timing] t+221ms splash-did-finish-load
2026-05-14T19:59:15.927Z [tls] certificate bypass accepted for https://www.nexusforge.app/app (net::ERR_CERT_AUTHORITY_INVALID)
2026-05-14T19:59:16.197Z [tls] certificate bypass accepted for https://www.nexusforge.app/app (net::ERR_CERT_AUTHORITY_INVALID)
2026-05-14T19:59:21.779Z [startup-timing] t+6805ms main-ready-to-show
2026-05-14T19:59:21.779Z [startup-timing] t+6805ms handoff-reveal-scheduled hold=2200ms
2026-05-14T19:59:21.910Z [startup-timing] t+6936ms main-did-finish-load
2026-05-14T19:59:21.910Z [startup-timing] t+6936ms handoff-reveal-scheduled hold=2200ms
2026-05-14T19:59:21.910Z [startup-timing] t+6936ms hosted-target-connected target=https://www.nexusforge.app/app
2026-05-14T19:59:21.911Z [startup-timing] t+6937ms handoff-reveal-scheduled hold=2200ms
2026-05-14T19:59:21.911Z [startup] stage="Connecting hosted workspace" progress=78 accent=opening detail="Opening the remote NexusForge experience."
