2026-05-14T03:31:51.856Z [startup-timing] t+26ms app-when-ready
2026-05-14T03:31:51.856Z [startup-timing] log-path="D:\NEXUSFORGE GAMGING APP\apps\desktop\.network-smoke\local-13460-20260513-223150\startup.log"
2026-05-14T03:31:51.856Z [startup] stage="Booting desktop shell" progress=4 accent=warmup detail="Starting NexusForge Desktop."
2026-05-14T03:31:51.857Z [startup] stage="Preparing secure session" progress=18 accent=warmup detail="Resetting desktop storage before launch."
2026-05-14T03:31:51.864Z [startup] stage="Preparing secure session" progress=26 accent=ready detail="Desktop storage reset completed."
2026-05-14T03:31:51.867Z [startup] stage="Checking local services" progress=34 accent=checking detail="Verifying the app stack is reachable on ports 3000 and 4000."
2026-05-14T03:31:51.872Z [startup] stage="Local services ready" progress=66 accent=ready detail="The desktop stack answered on both ports."
2026-05-14T03:31:51.873Z [startup-timing] t+44ms splash-window-create
2026-05-14T03:31:51.921Z [startup-timing] t+92ms main-window-create
2026-05-14T03:31:51.934Z [startup] stage="Preparing launch" progress=72 accent=checking detail="Checking updates and final startup tasks."
2026-05-14T03:31:51.935Z [startup-timing] t+106ms ensure-app-reachable-start trigger=startup
2026-05-14T03:31:51.935Z [startup] stage="Opening app" progress=78 accent=opening detail="Connecting the desktop shell to NexusForge."
2026-05-14T03:31:51.936Z [startup] stage="Checking local services" progress=34 accent=checking detail="Verifying the app stack is reachable on ports 3000 and 4000."
2026-05-14T03:31:51.976Z [startup] stage="Local services ready" progress=66 accent=ready detail="The desktop stack answered on both ports."
2026-05-14T03:31:52.045Z [startup-timing] t+216ms splash-did-finish-load
2026-05-14T03:31:52.503Z [startup-timing] t+673ms main-ready-to-show
2026-05-14T03:31:52.503Z [startup-timing] t+674ms handoff-reveal-scheduled hold=2200ms
2026-05-14T03:31:52.671Z [startup-timing] t+842ms main-did-finish-load
2026-05-14T03:31:52.671Z [startup-timing] t+842ms handoff-reveal-scheduled hold=2200ms
2026-05-14T03:31:52.672Z [startup-timing] t+842ms local-target-connected target=http://localhost:3000/app
2026-05-14T03:31:52.672Z [startup-timing] t+843ms handoff-reveal-scheduled hold=2200ms
2026-05-14T03:31:52.672Z [startup] stage="Local services ready" progress=66 accent=ready detail="The desktop stack answered on both ports."
2026-05-14T03:31:52.691Z [startup] stage="Checking local services" progress=34 accent=checking detail="Verifying the app stack is reachable on ports 3000 and 4000."
2026-05-14T03:31:52.692Z [startup] stage="Local services ready" progress=66 accent=ready detail="The desktop stack answered on both ports."
