2026-05-14T03:10:41.139Z [startup-timing] t+25ms app-when-ready
2026-05-14T03:10:41.140Z [startup-timing] log-path="D:\NEXUSFORGE GAMGING APP\apps\desktop\.network-smoke\local-39892-20260513-221040\startup.log"
2026-05-14T03:10:41.140Z [startup] stage="Booting desktop shell" progress=4 accent=warmup detail="Starting NexusForge Desktop."
2026-05-14T03:10:41.140Z [startup] stage="Preparing secure session" progress=18 accent=warmup detail="Resetting desktop storage before launch."
2026-05-14T03:10:41.148Z [startup] stage="Preparing secure session" progress=26 accent=ready detail="Desktop storage reset completed."
2026-05-14T03:10:41.149Z [startup] stage="Checking local services" progress=34 accent=checking detail="Verifying the app stack is reachable on ports 3000 and 4000."
2026-05-14T03:10:41.153Z [startup] stage="Local services ready" progress=66 accent=ready detail="The desktop stack answered on both ports."
2026-05-14T03:10:41.154Z [startup-timing] t+40ms splash-window-create
2026-05-14T03:10:41.204Z [startup-timing] t+90ms main-window-create
2026-05-14T03:10:41.221Z [startup] stage="Preparing launch" progress=72 accent=checking detail="Checking updates and final startup tasks."
2026-05-14T03:10:41.222Z [startup-timing] t+107ms ensure-app-reachable-start trigger=startup
2026-05-14T03:10:41.222Z [startup] stage="Opening app" progress=78 accent=opening detail="Connecting the desktop shell to NexusForge."
2026-05-14T03:10:41.222Z [startup] stage="Checking local services" progress=34 accent=checking detail="Verifying the app stack is reachable on ports 3000 and 4000."
2026-05-14T03:10:41.264Z [startup] stage="Local services ready" progress=66 accent=ready detail="The desktop stack answered on both ports."
2026-05-14T03:10:41.330Z [startup-timing] t+216ms splash-did-finish-load
2026-05-14T03:10:41.783Z [startup-timing] t+669ms main-ready-to-show
2026-05-14T03:10:41.784Z [startup-timing] t+670ms handoff-reveal-scheduled hold=2200ms
2026-05-14T03:10:41.959Z [startup-timing] t+845ms main-did-finish-load
2026-05-14T03:10:41.959Z [startup-timing] t+845ms handoff-reveal-scheduled hold=2200ms
2026-05-14T03:10:41.959Z [startup-timing] t+845ms local-target-connected target=http://localhost:3000/app
2026-05-14T03:10:41.960Z [startup-timing] t+846ms handoff-reveal-scheduled hold=2200ms
2026-05-14T03:10:41.960Z [startup] stage="Local services ready" progress=66 accent=ready detail="The desktop stack answered on both ports."
2026-05-14T03:10:41.981Z [startup] stage="Checking local services" progress=34 accent=checking detail="Verifying the app stack is reachable on ports 3000 and 4000."
2026-05-14T03:10:41.982Z [startup] stage="Local services ready" progress=66 accent=ready detail="The desktop stack answered on both ports."
