2026-05-14T04:06:24.032Z [startup-timing] t+25ms app-when-ready
2026-05-14T04:06:24.032Z [startup-timing] log-path="D:\NEXUSFORGE GAMGING APP\apps\desktop\.network-smoke\local-2888-20260513-230623\startup.log"
2026-05-14T04:06:24.032Z [startup] stage="Booting desktop shell" progress=4 accent=warmup detail="Starting NexusForge Desktop."
2026-05-14T04:06:24.033Z [startup] stage="Preparing secure session" progress=18 accent=warmup detail="Resetting desktop storage before launch."
2026-05-14T04:06:24.040Z [startup] stage="Preparing secure session" progress=26 accent=ready detail="Desktop storage reset completed."
2026-05-14T04:06:24.040Z [startup] stage="Checking local services" progress=34 accent=checking detail="Verifying the app stack is reachable on ports 3000 and 4000."
2026-05-14T04:06:24.046Z [startup] stage="Local services ready" progress=66 accent=ready detail="The desktop stack answered on both ports."
2026-05-14T04:06:24.046Z [startup-timing] t+39ms splash-window-create
2026-05-14T04:06:24.094Z [startup-timing] t+87ms main-window-create
2026-05-14T04:06:24.107Z [startup] stage="Preparing launch" progress=72 accent=checking detail="Checking updates and final startup tasks."
2026-05-14T04:06:24.107Z [startup-timing] t+100ms ensure-app-reachable-start trigger=startup
2026-05-14T04:06:24.108Z [startup] stage="Opening app" progress=78 accent=opening detail="Connecting the desktop shell to NexusForge."
2026-05-14T04:06:24.108Z [startup] stage="Checking local services" progress=34 accent=checking detail="Verifying the app stack is reachable on ports 3000 and 4000."
2026-05-14T04:06:24.147Z [startup] stage="Local services ready" progress=66 accent=ready detail="The desktop stack answered on both ports."
2026-05-14T04:06:24.214Z [startup-timing] t+207ms splash-did-finish-load
2026-05-14T04:06:24.689Z [startup-timing] t+681ms main-ready-to-show
2026-05-14T04:06:24.689Z [startup-timing] t+682ms handoff-reveal-scheduled hold=2200ms
2026-05-14T04:06:24.812Z [startup-timing] t+804ms main-did-finish-load
2026-05-14T04:06:24.812Z [startup-timing] t+805ms handoff-reveal-scheduled hold=2200ms
2026-05-14T04:06:24.812Z [startup-timing] t+805ms local-target-connected target=http://localhost:3000/app
2026-05-14T04:06:24.813Z [startup-timing] t+805ms handoff-reveal-scheduled hold=2200ms
2026-05-14T04:06:24.813Z [startup] stage="Local services ready" progress=66 accent=ready detail="The desktop stack answered on both ports."
2026-05-14T04:06:24.862Z [startup] stage="Checking local services" progress=34 accent=checking detail="Verifying the app stack is reachable on ports 3000 and 4000."
2026-05-14T04:06:24.863Z [startup] stage="Local services ready" progress=66 accent=ready detail="The desktop stack answered on both ports."
