
2026-05-14T22:32:25.624Z [startup-timing] t+27ms app-when-ready
2026-05-14T22:32:25.624Z [startup-timing] log-path="D:\NEXUSFORGE GAMGING APP\apps\desktop\.network-smoke\hosted-43912-20260514-173221\startup.log"
2026-05-14T22:32:25.625Z [startup] stage="Booting desktop shell" progress=4 accent=warmup detail="Starting NexusForge Desktop."
2026-05-14T22:32:25.626Z [startup] stage="Preparing secure session" progress=18 accent=warmup detail="Resetting desktop storage before launch."
2026-05-14T22:32:25.626Z [startup] stage="Connecting hosted workspace" progress=32 accent=opening detail="Opening the remote NexusForge experience."
2026-05-14T22:32:25.650Z [startup-timing] t+53ms splash-window-create
2026-05-14T22:32:25.729Z [startup-timing] t+131ms main-window-create
2026-05-14T22:32:25.763Z [startup] stage="Preparing launch" progress=72 accent=checking detail="Checking updates and final startup tasks."
2026-05-14T22:32:25.763Z [startup-timing] t+166ms ensure-app-reachable-start trigger=startup
2026-05-14T22:32:25.764Z [startup] stage="Connecting hosted workspace" progress=78 accent=opening detail="Opening the remote NexusForge experience."
2026-05-14T22:32:25.899Z [startup-timing] t+302ms splash-did-finish-load
2026-05-14T22:32:27.738Z [tls] certificate bypass accepted for https://www.nexusforge.app/app (net::ERR_CERT_AUTHORITY_INVALID)
2026-05-14T22:32:28.010Z [tls] certificate bypass accepted for https://www.nexusforge.app/app (net::ERR_CERT_AUTHORITY_INVALID)
2026-05-14T22:33:14.399Z [startup-timing] t+48801ms main-ready-to-show
2026-05-14T22:33:14.399Z [startup-timing] t+48802ms handoff-reveal-scheduled hold=2200ms
2026-05-14T22:33:15.377Z [startup-timing] t+49780ms main-did-finish-load
2026-05-14T22:33:15.377Z [startup-timing] t+49780ms handoff-reveal-scheduled hold=2200ms
2026-05-14T22:33:15.378Z [startup-timing] t+49780ms hosted-target-connected target=https://www.nexusforge.app/app
2026-05-14T22:33:15.378Z [startup-timing] t+49781ms handoff-reveal-scheduled hold=2200ms
2026-05-14T22:33:15.378Z [startup] stage="Connecting hosted workspace" progress=78 accent=opening detail="Opening the remote NexusForge experience."
