
2026-05-14T22:57:27.699Z [startup-timing] t+27ms app-when-ready
2026-05-14T22:57:27.699Z [startup-timing] log-path="D:\NEXUSFORGE GAMGING APP\apps\desktop\.network-smoke\local-46804-20260514-175726\startup.log"
2026-05-14T22:57:27.699Z [startup] stage="Booting desktop shell" progress=4 accent=warmup detail="Starting NexusForge Desktop."
2026-05-14T22:57:27.700Z [startup] stage="Preparing secure session" progress=18 accent=warmup detail="Resetting desktop storage before launch."
2026-05-14T22:57:27.708Z [startup] stage="Preparing secure session" progress=26 accent=ready detail="Desktop storage reset completed."
2026-05-14T22:57:27.708Z [startup] stage="Checking local services" progress=34 accent=checking detail="Verifying the app stack is reachable on ports 3000 and 4000."
2026-05-14T22:57:27.773Z [startup] stage="Local services ready" progress=66 accent=ready detail="The desktop stack answered on both ports."
2026-05-14T22:57:27.798Z [startup-timing] t+126ms splash-window-create
2026-05-14T22:57:27.879Z [startup-timing] t+208ms main-window-create
2026-05-14T22:57:27.912Z [startup] stage="Preparing launch" progress=72 accent=checking detail="Checking updates and final startup tasks."
2026-05-14T22:57:27.913Z [startup-timing] t+242ms ensure-app-reachable-start trigger=startup
2026-05-14T22:57:27.913Z [startup] stage="Opening app" progress=78 accent=opening detail="Connecting the desktop shell to NexusForge."
2026-05-14T22:57:27.913Z [startup] stage="Checking local services" progress=34 accent=checking detail="Verifying the app stack is reachable on ports 3000 and 4000."
2026-05-14T22:57:27.957Z [startup] stage="Local services ready" progress=66 accent=ready detail="The desktop stack answered on both ports."
2026-05-14T22:57:28.080Z [startup-timing] t+408ms splash-did-finish-load
2026-05-14T22:57:28.549Z [startup-timing] t+877ms main-ready-to-show
2026-05-14T22:57:28.549Z [startup-timing] t+878ms handoff-reveal-scheduled hold=2200ms
2026-05-14T22:57:28.841Z [startup-timing] t+1169ms main-did-finish-load
2026-05-14T22:57:28.841Z [startup-timing] t+1170ms handoff-reveal-scheduled hold=2200ms
2026-05-14T22:57:28.841Z [startup-timing] t+1170ms local-target-connected target=http://localhost:3000/app
2026-05-14T22:57:28.842Z [startup-timing] t+1171ms handoff-reveal-scheduled hold=2200ms
2026-05-14T22:57:28.842Z [startup] stage="Local services ready" progress=66 accent=ready detail="The desktop stack answered on both ports."
2026-05-14T22:57:28.873Z [startup] stage="Checking local services" progress=34 accent=checking detail="Verifying the app stack is reachable on ports 3000 and 4000."
2026-05-14T22:57:28.874Z [startup] stage="Local services ready" progress=66 accent=ready detail="The desktop stack answered on both ports."
