
2026-05-14T21:26:13.036Z [startup-timing] t+28ms app-when-ready
2026-05-14T21:26:13.037Z [startup-timing] log-path="D:\NEXUSFORGE GAMGING APP\apps\desktop\.network-smoke\hosted-46208-20260514-162608\startup.log"
2026-05-14T21:26:13.037Z [startup] stage="Booting desktop shell" progress=4 accent=warmup detail="Starting NexusForge Desktop."
2026-05-14T21:26:13.038Z [startup] stage="Preparing secure session" progress=18 accent=warmup detail="Resetting desktop storage before launch."
2026-05-14T21:26:13.039Z [startup] stage="Connecting hosted workspace" progress=32 accent=opening detail="Opening the remote NexusForge experience."
2026-05-14T21:26:13.063Z [startup-timing] t+55ms splash-window-create
2026-05-14T21:26:13.147Z [startup-timing] t+139ms main-window-create
2026-05-14T21:26:13.182Z [startup] stage="Preparing launch" progress=72 accent=checking detail="Checking updates and final startup tasks."
2026-05-14T21:26:13.183Z [startup-timing] t+175ms ensure-app-reachable-start trigger=startup
2026-05-14T21:26:13.183Z [startup] stage="Connecting hosted workspace" progress=78 accent=opening detail="Opening the remote NexusForge experience."
2026-05-14T21:26:13.327Z [startup-timing] t+312ms splash-did-finish-load
2026-05-14T21:26:14.079Z [tls] certificate bypass accepted for https://www.nexusforge.app/app (net::ERR_CERT_AUTHORITY_INVALID)
2026-05-14T21:26:14.296Z [tls] certificate bypass accepted for https://www.nexusforge.app/app (net::ERR_CERT_AUTHORITY_INVALID)
2026-05-14T21:26:17.554Z [startup-timing] t+4545ms main-ready-to-show
2026-05-14T21:26:17.554Z [startup-timing] t+4546ms handoff-reveal-scheduled hold=2200ms
2026-05-14T21:26:17.628Z [startup-timing] t+4619ms main-did-finish-load
2026-05-14T21:26:17.628Z [startup-timing] t+4620ms handoff-reveal-scheduled hold=2200ms
2026-05-14T21:26:17.628Z [startup-timing] t+4620ms hosted-target-connected target=https://www.nexusforge.app/app
2026-05-14T21:26:17.629Z [startup-timing] t+4620ms handoff-reveal-scheduled hold=2200ms
2026-05-14T21:26:17.629Z [startup] stage="Connecting hosted workspace" progress=78 accent=opening detail="Opening the remote NexusForge experience."
