
2026-05-15T00:24:56.525Z [startup-timing] t+29ms app-when-ready
2026-05-15T00:24:56.526Z [startup-timing] log-path="D:\NEXUSFORGE GAMGING APP\apps\desktop\.network-smoke\local-46592-20260514-192455\startup.log"
2026-05-15T00:24:56.526Z [startup] stage="Booting desktop shell" progress=4 accent=warmup detail="Starting NexusForge Desktop."
2026-05-15T00:24:56.527Z [startup] stage="Preparing secure session" progress=18 accent=warmup detail="Resetting desktop storage before launch."
2026-05-15T00:24:56.534Z [startup] stage="Preparing secure session" progress=26 accent=ready detail="Desktop storage reset completed."
2026-05-15T00:24:56.535Z [startup] stage="Checking local services" progress=34 accent=checking detail="Verifying the app stack is reachable on ports 3000 and 4000."
2026-05-15T00:24:56.540Z [startup] stage="Local services ready" progress=66 accent=ready detail="The desktop stack answered on both ports."
2026-05-15T00:24:56.568Z [startup-timing] t+71ms splash-window-create
2026-05-15T00:24:56.632Z [startup-timing] t+136ms main-window-create
2026-05-15T00:24:56.663Z [startup] stage="Preparing launch" progress=72 accent=checking detail="Checking updates and final startup tasks."
2026-05-15T00:24:56.664Z [startup-timing] t+168ms ensure-app-reachable-start trigger=startup
2026-05-15T00:24:56.664Z [startup] stage="Opening app" progress=78 accent=opening detail="Connecting the desktop shell to NexusForge."
2026-05-15T00:24:56.664Z [startup] stage="Checking local services" progress=34 accent=checking detail="Verifying the app stack is reachable on ports 3000 and 4000."
2026-05-15T00:24:56.708Z [startup] stage="Local services ready" progress=66 accent=ready detail="The desktop stack answered on both ports."
2026-05-15T00:24:56.810Z [startup-timing] t+314ms splash-did-finish-load
2026-05-15T00:24:57.035Z [startup-timing] t+539ms main-ready-to-show
2026-05-15T00:24:57.035Z [startup-timing] t+539ms handoff-reveal-scheduled hold=2200ms
2026-05-15T00:24:57.048Z [startup-timing] t+552ms main-did-finish-load
2026-05-15T00:24:57.048Z [startup-timing] t+552ms handoff-reveal-scheduled hold=2200ms
2026-05-15T00:24:57.049Z [startup-timing] t+552ms local-target-connected target=http://localhost:3000/app
2026-05-15T00:24:57.049Z [startup-timing] t+553ms handoff-reveal-scheduled hold=2200ms
2026-05-15T00:24:57.049Z [startup] stage="Local services ready" progress=66 accent=ready detail="The desktop stack answered on both ports."
