
2026-05-15T00:40:19.541Z [startup-timing] t+28ms app-when-ready
2026-05-15T00:40:19.542Z [startup-timing] log-path="D:\NEXUSFORGE GAMGING APP\apps\desktop\.network-smoke\hosted-28064-20260514-194015\startup.log"
2026-05-15T00:40:19.542Z [startup] stage="Booting desktop shell" progress=4 accent=warmup detail="Starting NexusForge Desktop."
2026-05-15T00:40:19.543Z [startup] stage="Preparing secure session" progress=18 accent=warmup detail="Resetting desktop storage before launch."
2026-05-15T00:40:19.544Z [startup] stage="Connecting hosted workspace" progress=32 accent=opening detail="Opening the remote NexusForge experience."
2026-05-15T00:40:19.572Z [startup-timing] t+58ms splash-window-create
2026-05-15T00:40:19.657Z [startup-timing] t+144ms main-window-create
2026-05-15T00:40:19.692Z [startup] stage="Preparing launch" progress=72 accent=checking detail="Checking updates and final startup tasks."
2026-05-15T00:40:19.692Z [startup-timing] t+179ms ensure-app-reachable-start trigger=startup
2026-05-15T00:40:19.693Z [startup] stage="Connecting hosted workspace" progress=78 accent=opening detail="Opening the remote NexusForge experience."
2026-05-15T00:40:19.827Z [startup-timing] t+313ms splash-did-finish-load
2026-05-15T00:40:20.561Z [tls] certificate bypass accepted for https://www.nexusforge.app/app (net::ERR_CERT_AUTHORITY_INVALID)
2026-05-15T00:40:20.807Z [tls] certificate bypass accepted for https://www.nexusforge.app/app (net::ERR_CERT_AUTHORITY_INVALID)
2026-05-15T00:40:24.899Z [startup-timing] t+5386ms main-ready-to-show
2026-05-15T00:40:24.899Z [startup-timing] t+5386ms handoff-reveal-scheduled hold=2200ms
2026-05-15T00:40:24.967Z [startup-timing] t+5453ms main-did-finish-load
2026-05-15T00:40:24.967Z [startup-timing] t+5454ms handoff-reveal-scheduled hold=2200ms
2026-05-15T00:40:24.968Z [startup-timing] t+5454ms hosted-target-connected target=https://www.nexusforge.app/app
2026-05-15T00:40:24.968Z [startup-timing] t+5455ms handoff-reveal-scheduled hold=2200ms
2026-05-15T00:40:24.968Z [startup] stage="Connecting hosted workspace" progress=78 accent=opening detail="Opening the remote NexusForge experience."
