2026-05-14T03:49:39.164Z [startup-timing] t+24ms app-when-ready
2026-05-14T03:49:39.165Z [startup-timing] log-path="D:\NEXUSFORGE GAMGING APP\apps\desktop\.network-smoke\local-38040-20260513-224938\startup.log"
2026-05-14T03:49:39.165Z [startup] stage="Booting desktop shell" progress=4 accent=warmup detail="Starting NexusForge Desktop."
2026-05-14T03:49:39.165Z [startup] stage="Preparing secure session" progress=18 accent=warmup detail="Resetting desktop storage before launch."
2026-05-14T03:49:39.172Z [startup] stage="Preparing secure session" progress=26 accent=ready detail="Desktop storage reset completed."
2026-05-14T03:49:39.173Z [startup] stage="Checking local services" progress=34 accent=checking detail="Verifying the app stack is reachable on ports 3000 and 4000."
2026-05-14T03:49:39.178Z [startup] stage="Local services ready" progress=66 accent=ready detail="The desktop stack answered on both ports."
2026-05-14T03:49:39.178Z [startup-timing] t+38ms splash-window-create
2026-05-14T03:49:39.225Z [startup-timing] t+84ms main-window-create
2026-05-14T03:49:39.240Z [startup] stage="Preparing launch" progress=72 accent=checking detail="Checking updates and final startup tasks."
2026-05-14T03:49:39.240Z [startup-timing] t+100ms ensure-app-reachable-start trigger=startup
2026-05-14T03:49:39.241Z [startup] stage="Opening app" progress=78 accent=opening detail="Connecting the desktop shell to NexusForge."
2026-05-14T03:49:39.241Z [startup] stage="Checking local services" progress=34 accent=checking detail="Verifying the app stack is reachable on ports 3000 and 4000."
2026-05-14T03:49:39.281Z [startup] stage="Local services ready" progress=66 accent=ready detail="The desktop stack answered on both ports."
2026-05-14T03:49:39.351Z [startup-timing] t+211ms splash-did-finish-load
2026-05-14T03:49:39.813Z [startup-timing] t+672ms main-ready-to-show
2026-05-14T03:49:39.813Z [startup-timing] t+673ms handoff-reveal-scheduled hold=2200ms
2026-05-14T03:49:39.990Z [startup-timing] t+850ms main-did-finish-load
2026-05-14T03:49:39.991Z [startup-timing] t+850ms handoff-reveal-scheduled hold=2200ms
2026-05-14T03:49:39.991Z [startup-timing] t+851ms local-target-connected target=http://localhost:3000/app
2026-05-14T03:49:39.991Z [startup-timing] t+851ms handoff-reveal-scheduled hold=2200ms
2026-05-14T03:49:39.991Z [startup] stage="Local services ready" progress=66 accent=ready detail="The desktop stack answered on both ports."
2026-05-14T03:49:40.007Z [startup] stage="Checking local services" progress=34 accent=checking detail="Verifying the app stack is reachable on ports 3000 and 4000."
2026-05-14T03:49:40.008Z [startup] stage="Local services ready" progress=66 accent=ready detail="The desktop stack answered on both ports."
