
2026-05-14T21:16:35.215Z [startup-timing] t+27ms app-when-ready
2026-05-14T21:16:35.216Z [startup-timing] log-path="D:\NEXUSFORGE GAMGING APP\apps\desktop\.network-smoke\local-44000-20260514-161634\startup.log"
2026-05-14T21:16:35.216Z [startup] stage="Booting desktop shell" progress=4 accent=warmup detail="Starting NexusForge Desktop."
2026-05-14T21:16:35.216Z [startup] stage="Preparing secure session" progress=18 accent=warmup detail="Resetting desktop storage before launch."
2026-05-14T21:16:35.225Z [startup] stage="Preparing secure session" progress=26 accent=ready detail="Desktop storage reset completed."
2026-05-14T21:16:35.225Z [startup] stage="Checking local services" progress=34 accent=checking detail="Verifying the app stack is reachable on ports 3000 and 4000."
2026-05-14T21:16:35.232Z [startup] stage="Local services ready" progress=66 accent=ready detail="The desktop stack answered on both ports."
2026-05-14T21:16:35.233Z [startup-timing] t+44ms splash-window-create
2026-05-14T21:16:35.312Z [startup-timing] t+124ms main-window-create
2026-05-14T21:16:35.343Z [startup] stage="Preparing launch" progress=72 accent=checking detail="Checking updates and final startup tasks."
2026-05-14T21:16:35.344Z [startup-timing] t+156ms ensure-app-reachable-start trigger=startup
2026-05-14T21:16:35.344Z [startup] stage="Opening app" progress=78 accent=opening detail="Connecting the desktop shell to NexusForge."
2026-05-14T21:16:35.344Z [startup] stage="Checking local services" progress=34 accent=checking detail="Verifying the app stack is reachable on ports 3000 and 4000."
2026-05-14T21:16:35.390Z [startup] stage="Local services ready" progress=66 accent=ready detail="The desktop stack answered on both ports."
2026-05-14T21:16:35.471Z [startup-timing] t+283ms splash-did-finish-load
2026-05-14T21:16:35.927Z [startup-timing] t+739ms main-ready-to-show
2026-05-14T21:16:35.928Z [startup-timing] t+740ms handoff-reveal-scheduled hold=2200ms
2026-05-14T21:16:36.113Z [startup-timing] t+924ms main-did-finish-load
2026-05-14T21:16:36.113Z [startup-timing] t+925ms handoff-reveal-scheduled hold=2200ms
2026-05-14T21:16:36.114Z [startup-timing] t+925ms local-target-connected target=http://localhost:3000/app
2026-05-14T21:16:36.114Z [startup-timing] t+926ms handoff-reveal-scheduled hold=2200ms
2026-05-14T21:16:36.114Z [startup] stage="Local services ready" progress=66 accent=ready detail="The desktop stack answered on both ports."
2026-05-14T21:16:36.150Z [startup] stage="Checking local services" progress=34 accent=checking detail="Verifying the app stack is reachable on ports 3000 and 4000."
2026-05-14T21:16:36.152Z [startup] stage="Local services ready" progress=66 accent=ready detail="The desktop stack answered on both ports."
