2026-05-14T03:23:00.342Z [startup-timing] t+30ms app-when-ready
2026-05-14T03:23:00.343Z [startup-timing] log-path="D:\NEXUSFORGE GAMGING APP\apps\desktop\.network-smoke\hosted-11964-20260513-222257\startup.log"
2026-05-14T03:23:00.343Z [startup] stage="Booting desktop shell" progress=4 accent=warmup detail="Starting NexusForge Desktop."
2026-05-14T03:23:00.343Z [startup] stage="Preparing secure session" progress=18 accent=warmup detail="Resetting desktop storage before launch."
2026-05-14T03:23:00.343Z [startup] stage="Connecting hosted workspace" progress=32 accent=opening detail="Opening the remote NexusForge experience."
2026-05-14T03:23:00.344Z [startup-timing] t+32ms splash-window-create
2026-05-14T03:23:00.393Z [startup-timing] t+81ms main-window-create
2026-05-14T03:23:00.413Z [startup] stage="Preparing launch" progress=72 accent=checking detail="Checking updates and final startup tasks."
2026-05-14T03:23:00.414Z [startup-timing] t+102ms ensure-app-reachable-start trigger=startup
2026-05-14T03:23:00.414Z [startup] stage="Connecting hosted workspace" progress=78 accent=opening detail="Opening the remote NexusForge experience."
2026-05-14T03:23:00.536Z [startup-timing] t+224ms splash-did-finish-load
2026-05-14T03:23:01.277Z [tls] certificate bypass accepted for https://www.nexusforge.app/app (net::ERR_CERT_AUTHORITY_INVALID)
2026-05-14T03:23:01.554Z [tls] certificate bypass accepted for https://www.nexusforge.app/app (net::ERR_CERT_AUTHORITY_INVALID)
2026-05-14T03:23:04.498Z [startup-timing] t+4186ms main-ready-to-show
2026-05-14T03:23:04.499Z [startup-timing] t+4186ms handoff-reveal-scheduled hold=2200ms
2026-05-14T03:23:04.587Z [startup-timing] t+4275ms main-did-finish-load
2026-05-14T03:23:04.588Z [startup-timing] t+4275ms handoff-reveal-scheduled hold=2200ms
2026-05-14T03:23:04.588Z [startup-timing] t+4276ms hosted-target-connected target=https://www.nexusforge.app/app
2026-05-14T03:23:04.588Z [startup-timing] t+4276ms handoff-reveal-scheduled hold=2200ms
2026-05-14T03:23:04.588Z [startup] stage="Connecting hosted workspace" progress=78 accent=opening detail="Opening the remote NexusForge experience."
