2026-05-14T19:56:45.774Z [startup-timing] t+26ms app-when-ready
2026-05-14T19:56:45.775Z [startup-timing] log-path="D:\NEXUSFORGE GAMGING APP\apps\desktop\.network-smoke\local-34880-20260514-145644\startup.log"
2026-05-14T19:56:45.775Z [startup] stage="Booting desktop shell" progress=4 accent=warmup detail="Starting NexusForge Desktop."
2026-05-14T19:56:45.776Z [startup] stage="Preparing secure session" progress=18 accent=warmup detail="Resetting desktop storage before launch."
2026-05-14T19:56:45.784Z [startup] stage="Preparing secure session" progress=26 accent=ready detail="Desktop storage reset completed."
2026-05-14T19:56:45.784Z [startup] stage="Checking local services" progress=34 accent=checking detail="Verifying the app stack is reachable on ports 3000 and 4000."
2026-05-14T19:56:45.790Z [startup] stage="Local services ready" progress=66 accent=ready detail="The desktop stack answered on both ports."
2026-05-14T19:56:45.790Z [startup-timing] t+42ms splash-window-create
2026-05-14T19:56:45.844Z [startup-timing] t+96ms main-window-create
2026-05-14T19:56:45.862Z [startup] stage="Preparing launch" progress=72 accent=checking detail="Checking updates and final startup tasks."
2026-05-14T19:56:45.862Z [startup-timing] t+114ms ensure-app-reachable-start trigger=startup
2026-05-14T19:56:45.863Z [startup] stage="Opening app" progress=78 accent=opening detail="Connecting the desktop shell to NexusForge."
2026-05-14T19:56:45.863Z [startup] stage="Checking local services" progress=34 accent=checking detail="Verifying the app stack is reachable on ports 3000 and 4000."
2026-05-14T19:56:45.906Z [startup] stage="Local services ready" progress=66 accent=ready detail="The desktop stack answered on both ports."
2026-05-14T19:56:45.985Z [startup-timing] t+237ms splash-did-finish-load
2026-05-14T19:56:46.458Z [startup-timing] t+710ms main-ready-to-show
2026-05-14T19:56:46.459Z [startup-timing] t+710ms handoff-reveal-scheduled hold=2200ms
2026-05-14T19:56:46.706Z [startup-timing] t+957ms main-did-finish-load
2026-05-14T19:56:46.706Z [startup-timing] t+958ms handoff-reveal-scheduled hold=2200ms
2026-05-14T19:56:46.707Z [startup-timing] t+958ms local-target-connected target=http://localhost:3000/app
2026-05-14T19:56:46.707Z [startup-timing] t+959ms handoff-reveal-scheduled hold=2200ms
2026-05-14T19:56:46.707Z [startup] stage="Local services ready" progress=66 accent=ready detail="The desktop stack answered on both ports."
2026-05-14T19:56:46.742Z [startup] stage="Checking local services" progress=34 accent=checking detail="Verifying the app stack is reachable on ports 3000 and 4000."
2026-05-14T19:56:46.744Z [startup] stage="Local services ready" progress=66 accent=ready detail="The desktop stack answered on both ports."
