2026-05-14T20:01:46.855Z [startup-timing] t+27ms app-when-ready
2026-05-14T20:01:46.855Z [startup-timing] log-path="D:\NEXUSFORGE GAMGING APP\apps\desktop\.network-smoke\hosted-35096-20260514-150143\startup.log"
2026-05-14T20:01:46.856Z [startup] stage="Booting desktop shell" progress=4 accent=warmup detail="Starting NexusForge Desktop."
2026-05-14T20:01:46.856Z [startup] stage="Preparing secure session" progress=18 accent=warmup detail="Resetting desktop storage before launch."
2026-05-14T20:01:46.856Z [startup] stage="Connecting hosted workspace" progress=32 accent=opening detail="Opening the remote NexusForge experience."
2026-05-14T20:01:46.857Z [startup-timing] t+28ms splash-window-create
2026-05-14T20:01:46.917Z [startup-timing] t+89ms main-window-create
2026-05-14T20:01:46.937Z [startup] stage="Preparing launch" progress=72 accent=checking detail="Checking updates and final startup tasks."
2026-05-14T20:01:46.938Z [startup-timing] t+110ms ensure-app-reachable-start trigger=startup
2026-05-14T20:01:46.938Z [startup] stage="Connecting hosted workspace" progress=78 accent=opening detail="Opening the remote NexusForge experience."
2026-05-14T20:01:47.099Z [startup-timing] t+271ms splash-did-finish-load
2026-05-14T20:01:47.831Z [tls] certificate bypass accepted for https://www.nexusforge.app/app (net::ERR_CERT_AUTHORITY_INVALID)
2026-05-14T20:01:48.110Z [tls] certificate bypass accepted for https://www.nexusforge.app/app (net::ERR_CERT_AUTHORITY_INVALID)
2026-05-14T20:01:51.007Z [startup-timing] t+4179ms main-ready-to-show
2026-05-14T20:01:51.008Z [startup-timing] t+4179ms handoff-reveal-scheduled hold=2200ms
2026-05-14T20:01:51.099Z [startup-timing] t+4271ms main-did-finish-load
2026-05-14T20:01:51.099Z [startup-timing] t+4271ms handoff-reveal-scheduled hold=2200ms
2026-05-14T20:01:51.100Z [startup-timing] t+4271ms hosted-target-connected target=https://www.nexusforge.app/app
2026-05-14T20:01:51.100Z [startup-timing] t+4272ms handoff-reveal-scheduled hold=2200ms
2026-05-14T20:01:51.100Z [startup] stage="Connecting hosted workspace" progress=78 accent=opening detail="Opening the remote NexusForge experience."
