
2026-05-15T00:28:51.232Z [startup-timing] t+27ms app-when-ready
2026-05-15T00:28:51.232Z [startup-timing] log-path="D:\NEXUSFORGE GAMGING APP\apps\desktop\.network-smoke\hosted-46348-20260514-192847\startup.log"
2026-05-15T00:28:51.232Z [startup] stage="Booting desktop shell" progress=4 accent=warmup detail="Starting NexusForge Desktop."
2026-05-15T00:28:51.233Z [startup] stage="Preparing secure session" progress=18 accent=warmup detail="Resetting desktop storage before launch."
2026-05-15T00:28:51.233Z [startup] stage="Connecting hosted workspace" progress=32 accent=opening detail="Opening the remote NexusForge experience."
2026-05-15T00:28:51.261Z [startup-timing] t+57ms splash-window-create
2026-05-15T00:28:51.354Z [startup-timing] t+149ms main-window-create
2026-05-15T00:28:51.393Z [startup] stage="Preparing launch" progress=72 accent=checking detail="Checking updates and final startup tasks."
2026-05-15T00:28:51.394Z [startup-timing] t+190ms ensure-app-reachable-start trigger=startup
2026-05-15T00:28:51.395Z [startup] stage="Connecting hosted workspace" progress=78 accent=opening detail="Opening the remote NexusForge experience."
2026-05-15T00:28:51.564Z [startup-timing] t+360ms splash-did-finish-load
2026-05-15T00:28:52.262Z [tls] certificate bypass accepted for https://www.nexusforge.app/app (net::ERR_CERT_AUTHORITY_INVALID)
2026-05-15T00:28:52.533Z [tls] certificate bypass accepted for https://www.nexusforge.app/app (net::ERR_CERT_AUTHORITY_INVALID)
2026-05-15T00:28:55.602Z [startup-timing] t+4398ms main-ready-to-show
2026-05-15T00:28:55.603Z [startup-timing] t+4399ms handoff-reveal-scheduled hold=2200ms
2026-05-15T00:28:55.681Z [startup-timing] t+4477ms main-did-finish-load
2026-05-15T00:28:55.682Z [startup-timing] t+4477ms handoff-reveal-scheduled hold=2200ms
2026-05-15T00:28:55.682Z [startup-timing] t+4478ms hosted-target-connected target=https://www.nexusforge.app/app
2026-05-15T00:28:55.682Z [startup-timing] t+4478ms handoff-reveal-scheduled hold=2200ms
2026-05-15T00:28:55.682Z [startup] stage="Connecting hosted workspace" progress=78 accent=opening detail="Opening the remote NexusForge experience."
