
2026-05-14T22:23:15.629Z [startup-timing] t+28ms app-when-ready
2026-05-14T22:23:15.629Z [startup-timing] log-path="D:\NEXUSFORGE GAMGING APP\apps\desktop\.network-smoke\hosted-46616-20260514-172311\startup.log"
2026-05-14T22:23:15.630Z [startup] stage="Booting desktop shell" progress=4 accent=warmup detail="Starting NexusForge Desktop."
2026-05-14T22:23:15.630Z [startup] stage="Preparing secure session" progress=18 accent=warmup detail="Resetting desktop storage before launch."
2026-05-14T22:23:15.630Z [startup] stage="Connecting hosted workspace" progress=32 accent=opening detail="Opening the remote NexusForge experience."
2026-05-14T22:23:15.656Z [startup-timing] t+55ms splash-window-create
2026-05-14T22:23:15.737Z [startup-timing] t+136ms main-window-create
2026-05-14T22:23:15.764Z [startup] stage="Preparing launch" progress=72 accent=checking detail="Checking updates and final startup tasks."
2026-05-14T22:23:15.765Z [startup-timing] t+163ms ensure-app-reachable-start trigger=startup
2026-05-14T22:23:15.765Z [startup] stage="Connecting hosted workspace" progress=78 accent=opening detail="Opening the remote NexusForge experience."
2026-05-14T22:23:15.888Z [startup-timing] t+287ms splash-did-finish-load
2026-05-14T22:23:16.611Z [tls] certificate bypass accepted for https://www.nexusforge.app/app (net::ERR_CERT_AUTHORITY_INVALID)
2026-05-14T22:23:16.879Z [tls] certificate bypass accepted for https://www.nexusforge.app/app (net::ERR_CERT_AUTHORITY_INVALID)
2026-05-14T22:23:19.960Z [startup-timing] t+4359ms main-ready-to-show
2026-05-14T22:23:19.961Z [startup-timing] t+4360ms handoff-reveal-scheduled hold=2200ms
2026-05-14T22:23:20.059Z [startup-timing] t+4458ms main-did-finish-load
2026-05-14T22:23:20.059Z [startup-timing] t+4458ms handoff-reveal-scheduled hold=2200ms
2026-05-14T22:23:20.059Z [startup-timing] t+4458ms hosted-target-connected target=https://www.nexusforge.app/app
2026-05-14T22:23:20.060Z [startup-timing] t+4459ms handoff-reveal-scheduled hold=2200ms
2026-05-14T22:23:20.060Z [startup] stage="Connecting hosted workspace" progress=78 accent=opening detail="Opening the remote NexusForge experience."
