2026-05-14T03:24:51.820Z [startup-timing] t+25ms app-when-ready
2026-05-14T03:24:51.821Z [startup-timing] log-path="D:\NEXUSFORGE GAMGING APP\apps\desktop\.network-smoke\hosted-39656-20260513-222448\startup.log"
2026-05-14T03:24:51.821Z [startup] stage="Booting desktop shell" progress=4 accent=warmup detail="Starting NexusForge Desktop."
2026-05-14T03:24:51.822Z [startup] stage="Preparing secure session" progress=18 accent=warmup detail="Resetting desktop storage before launch."
2026-05-14T03:24:51.822Z [startup] stage="Connecting hosted workspace" progress=32 accent=opening detail="Opening the remote NexusForge experience."
2026-05-14T03:24:51.822Z [startup-timing] t+27ms splash-window-create
2026-05-14T03:24:51.874Z [startup-timing] t+79ms main-window-create
2026-05-14T03:24:51.891Z [startup] stage="Preparing launch" progress=72 accent=checking detail="Checking updates and final startup tasks."
2026-05-14T03:24:51.892Z [startup-timing] t+97ms ensure-app-reachable-start trigger=startup
2026-05-14T03:24:51.892Z [startup] stage="Connecting hosted workspace" progress=78 accent=opening detail="Opening the remote NexusForge experience."
2026-05-14T03:24:52.003Z [startup-timing] t+208ms splash-did-finish-load
2026-05-14T03:24:52.780Z [tls] certificate bypass accepted for https://www.nexusforge.app/app (net::ERR_CERT_AUTHORITY_INVALID)
2026-05-14T03:24:52.986Z [tls] certificate bypass accepted for https://www.nexusforge.app/app (net::ERR_CERT_AUTHORITY_INVALID)
2026-05-14T03:24:57.037Z [startup-timing] t+5242ms main-ready-to-show
2026-05-14T03:24:57.038Z [startup-timing] t+5242ms handoff-reveal-scheduled hold=2200ms
2026-05-14T03:24:57.169Z [startup-timing] t+5374ms main-did-finish-load
2026-05-14T03:24:57.170Z [startup-timing] t+5375ms handoff-reveal-scheduled hold=2200ms
2026-05-14T03:24:57.170Z [startup-timing] t+5375ms hosted-target-connected target=https://www.nexusforge.app/app
2026-05-14T03:24:57.171Z [startup-timing] t+5376ms handoff-reveal-scheduled hold=2200ms
2026-05-14T03:24:57.171Z [startup] stage="Connecting hosted workspace" progress=78 accent=opening detail="Opening the remote NexusForge experience."
