
2026-05-14T21:53:27.420Z [startup-timing] t+27ms app-when-ready
2026-05-14T21:53:27.421Z [startup-timing] log-path="D:\NEXUSFORGE GAMGING APP\apps\desktop\.network-smoke\local-38892-20260514-165326\startup.log"
2026-05-14T21:53:27.421Z [startup] stage="Booting desktop shell" progress=4 accent=warmup detail="Starting NexusForge Desktop."
2026-05-14T21:53:27.422Z [startup] stage="Preparing secure session" progress=18 accent=warmup detail="Resetting desktop storage before launch."
2026-05-14T21:53:27.430Z [startup] stage="Preparing secure session" progress=26 accent=ready detail="Desktop storage reset completed."
2026-05-14T21:53:27.431Z [startup] stage="Checking local services" progress=34 accent=checking detail="Verifying the app stack is reachable on ports 3000 and 4000."
2026-05-14T21:53:27.437Z [startup] stage="Local services ready" progress=66 accent=ready detail="The desktop stack answered on both ports."
2026-05-14T21:53:27.462Z [startup-timing] t+69ms splash-window-create
2026-05-14T21:53:27.535Z [startup-timing] t+142ms main-window-create
2026-05-14T21:53:27.567Z [startup] stage="Preparing launch" progress=72 accent=checking detail="Checking updates and final startup tasks."
2026-05-14T21:53:27.567Z [startup-timing] t+174ms ensure-app-reachable-start trigger=startup
2026-05-14T21:53:27.568Z [startup] stage="Opening app" progress=78 accent=opening detail="Connecting the desktop shell to NexusForge."
2026-05-14T21:53:27.568Z [startup] stage="Checking local services" progress=34 accent=checking detail="Verifying the app stack is reachable on ports 3000 and 4000."
2026-05-14T21:53:27.615Z [startup] stage="Local services ready" progress=66 accent=ready detail="The desktop stack answered on both ports."
2026-05-14T21:53:27.705Z [startup-timing] t+312ms splash-did-finish-load
2026-05-14T21:53:28.158Z [startup-timing] t+765ms main-ready-to-show
2026-05-14T21:53:28.158Z [startup-timing] t+765ms handoff-reveal-scheduled hold=2200ms
2026-05-14T21:53:28.342Z [startup-timing] t+949ms main-did-finish-load
2026-05-14T21:53:28.343Z [startup-timing] t+950ms handoff-reveal-scheduled hold=2200ms
2026-05-14T21:53:28.343Z [startup-timing] t+950ms local-target-connected target=http://localhost:3000/app
2026-05-14T21:53:28.343Z [startup-timing] t+950ms handoff-reveal-scheduled hold=2200ms
2026-05-14T21:53:28.343Z [startup] stage="Local services ready" progress=66 accent=ready detail="The desktop stack answered on both ports."
2026-05-14T21:53:28.364Z [startup] stage="Checking local services" progress=34 accent=checking detail="Verifying the app stack is reachable on ports 3000 and 4000."
2026-05-14T21:53:28.365Z [startup] stage="Local services ready" progress=66 accent=ready detail="The desktop stack answered on both ports."
