2026-05-14T03:29:09.796Z [startup-timing] t+26ms app-when-ready
2026-05-14T03:29:09.797Z [startup-timing] log-path="D:\NEXUSFORGE GAMGING APP\apps\desktop\.network-smoke\local-5980-20260513-222908\startup.log"
2026-05-14T03:29:09.797Z [startup] stage="Booting desktop shell" progress=4 accent=warmup detail="Starting NexusForge Desktop."
2026-05-14T03:29:09.798Z [startup] stage="Preparing secure session" progress=18 accent=warmup detail="Resetting desktop storage before launch."
2026-05-14T03:29:09.805Z [startup] stage="Preparing secure session" progress=26 accent=ready detail="Desktop storage reset completed."
2026-05-14T03:29:09.806Z [startup] stage="Checking local services" progress=34 accent=checking detail="Verifying the app stack is reachable on ports 3000 and 4000."
2026-05-14T03:29:09.811Z [startup] stage="Local services ready" progress=66 accent=ready detail="The desktop stack answered on both ports."
2026-05-14T03:29:09.812Z [startup-timing] t+42ms splash-window-create
2026-05-14T03:29:09.860Z [startup-timing] t+90ms main-window-create
2026-05-14T03:29:09.876Z [startup] stage="Preparing launch" progress=72 accent=checking detail="Checking updates and final startup tasks."
2026-05-14T03:29:09.877Z [startup-timing] t+107ms ensure-app-reachable-start trigger=startup
2026-05-14T03:29:09.877Z [startup] stage="Opening app" progress=78 accent=opening detail="Connecting the desktop shell to NexusForge."
2026-05-14T03:29:09.877Z [startup] stage="Checking local services" progress=34 accent=checking detail="Verifying the app stack is reachable on ports 3000 and 4000."
2026-05-14T03:29:09.921Z [startup] stage="Local services ready" progress=66 accent=ready detail="The desktop stack answered on both ports."
2026-05-14T03:29:09.990Z [startup-timing] t+220ms splash-did-finish-load
2026-05-14T03:29:10.450Z [startup-timing] t+679ms main-ready-to-show
2026-05-14T03:29:10.451Z [startup-timing] t+680ms handoff-reveal-scheduled hold=2200ms
2026-05-14T03:29:10.638Z [startup-timing] t+867ms main-did-finish-load
2026-05-14T03:29:10.638Z [startup-timing] t+868ms handoff-reveal-scheduled hold=2200ms
2026-05-14T03:29:10.638Z [startup-timing] t+868ms local-target-connected target=http://localhost:3000/app
2026-05-14T03:29:10.639Z [startup-timing] t+868ms handoff-reveal-scheduled hold=2200ms
2026-05-14T03:29:10.639Z [startup] stage="Local services ready" progress=66 accent=ready detail="The desktop stack answered on both ports."
2026-05-14T03:29:10.658Z [startup] stage="Checking local services" progress=34 accent=checking detail="Verifying the app stack is reachable on ports 3000 and 4000."
2026-05-14T03:29:10.659Z [startup] stage="Local services ready" progress=66 accent=ready detail="The desktop stack answered on both ports."
