2026-05-14T03:12:21.879Z [startup-timing] t+28ms app-when-ready
2026-05-14T03:12:21.880Z [startup-timing] log-path="D:\NEXUSFORGE GAMGING APP\apps\desktop\.network-smoke\hosted-12172-20260513-221217\startup.log"
2026-05-14T03:12:21.881Z [startup] stage="Booting desktop shell" progress=4 accent=warmup detail="Starting NexusForge Desktop."
2026-05-14T03:12:21.881Z [startup] stage="Preparing secure session" progress=18 accent=warmup detail="Resetting desktop storage before launch."
2026-05-14T03:12:21.881Z [startup] stage="Connecting hosted workspace" progress=32 accent=opening detail="Opening the remote NexusForge experience."
2026-05-14T03:12:21.882Z [startup-timing] t+31ms splash-window-create
2026-05-14T03:12:21.936Z [startup-timing] t+85ms main-window-create
2026-05-14T03:12:21.952Z [startup] stage="Preparing launch" progress=72 accent=checking detail="Checking updates and final startup tasks."
2026-05-14T03:12:21.953Z [startup-timing] t+101ms ensure-app-reachable-start trigger=startup
2026-05-14T03:12:21.953Z [startup] stage="Connecting hosted workspace" progress=78 accent=opening detail="Opening the remote NexusForge experience."
2026-05-14T03:12:22.070Z [startup-timing] t+213ms splash-did-finish-load
2026-05-14T03:12:22.775Z [tls] certificate bypass accepted for https://www.nexusforge.app/app (net::ERR_CERT_AUTHORITY_INVALID)
2026-05-14T03:12:23.040Z [tls] certificate bypass accepted for https://www.nexusforge.app/app (net::ERR_CERT_AUTHORITY_INVALID)
2026-05-14T03:12:26.013Z [startup-timing] t+4161ms main-ready-to-show
2026-05-14T03:12:26.013Z [startup-timing] t+4162ms handoff-reveal-scheduled hold=2200ms
2026-05-14T03:12:26.150Z [startup-timing] t+4299ms main-did-finish-load
2026-05-14T03:12:26.150Z [startup-timing] t+4299ms handoff-reveal-scheduled hold=2200ms
2026-05-14T03:12:26.151Z [startup-timing] t+4300ms hosted-target-connected target=https://www.nexusforge.app/app
2026-05-14T03:12:26.151Z [startup-timing] t+4300ms handoff-reveal-scheduled hold=2200ms
2026-05-14T03:12:26.151Z [startup] stage="Connecting hosted workspace" progress=78 accent=opening detail="Opening the remote NexusForge experience."
