2026-05-14T03:28:26.796Z [startup-timing] t+25ms app-when-ready
2026-05-14T03:28:26.797Z [startup-timing] log-path="D:\NEXUSFORGE GAMGING APP\apps\desktop\.network-smoke\hosted-18396-20260513-222823\startup.log"
2026-05-14T03:28:26.797Z [startup] stage="Booting desktop shell" progress=4 accent=warmup detail="Starting NexusForge Desktop."
2026-05-14T03:28:26.798Z [startup] stage="Preparing secure session" progress=18 accent=warmup detail="Resetting desktop storage before launch."
2026-05-14T03:28:26.798Z [startup] stage="Connecting hosted workspace" progress=32 accent=opening detail="Opening the remote NexusForge experience."
2026-05-14T03:28:26.799Z [startup-timing] t+27ms splash-window-create
2026-05-14T03:28:26.845Z [startup-timing] t+74ms main-window-create
2026-05-14T03:28:26.862Z [startup] stage="Preparing launch" progress=72 accent=checking detail="Checking updates and final startup tasks."
2026-05-14T03:28:26.862Z [startup-timing] t+91ms ensure-app-reachable-start trigger=startup
2026-05-14T03:28:26.862Z [startup] stage="Connecting hosted workspace" progress=78 accent=opening detail="Opening the remote NexusForge experience."
2026-05-14T03:28:26.976Z [startup-timing] t+205ms splash-did-finish-load
2026-05-14T03:28:27.674Z [tls] certificate bypass accepted for https://www.nexusforge.app/app (net::ERR_CERT_AUTHORITY_INVALID)
2026-05-14T03:28:27.935Z [tls] certificate bypass accepted for https://www.nexusforge.app/app (net::ERR_CERT_AUTHORITY_INVALID)
2026-05-14T03:28:30.970Z [startup-timing] t+4199ms main-ready-to-show
2026-05-14T03:28:30.970Z [startup-timing] t+4199ms handoff-reveal-scheduled hold=2200ms
2026-05-14T03:28:31.059Z [startup-timing] t+4288ms main-did-finish-load
2026-05-14T03:28:31.059Z [startup-timing] t+4288ms handoff-reveal-scheduled hold=2200ms
2026-05-14T03:28:31.059Z [startup-timing] t+4288ms hosted-target-connected target=https://www.nexusforge.app/app
2026-05-14T03:28:31.060Z [startup-timing] t+4289ms handoff-reveal-scheduled hold=2200ms
2026-05-14T03:28:31.060Z [startup] stage="Connecting hosted workspace" progress=78 accent=opening detail="Opening the remote NexusForge experience."
