2026-05-14T03:38:21.610Z [startup-timing] t+24ms app-when-ready
2026-05-14T03:38:21.611Z [startup-timing] log-path="D:\NEXUSFORGE GAMGING APP\apps\desktop\.network-smoke\hosted-17980-20260513-223818\startup.log"
2026-05-14T03:38:21.611Z [startup] stage="Booting desktop shell" progress=4 accent=warmup detail="Starting NexusForge Desktop."
2026-05-14T03:38:21.611Z [startup] stage="Preparing secure session" progress=18 accent=warmup detail="Resetting desktop storage before launch."
2026-05-14T03:38:21.612Z [startup] stage="Connecting hosted workspace" progress=32 accent=opening detail="Opening the remote NexusForge experience."
2026-05-14T03:38:21.612Z [startup-timing] t+26ms splash-window-create
2026-05-14T03:38:21.663Z [startup-timing] t+77ms main-window-create
2026-05-14T03:38:21.677Z [startup] stage="Preparing launch" progress=72 accent=checking detail="Checking updates and final startup tasks."
2026-05-14T03:38:21.678Z [startup-timing] t+92ms ensure-app-reachable-start trigger=startup
2026-05-14T03:38:21.678Z [startup] stage="Connecting hosted workspace" progress=78 accent=opening detail="Opening the remote NexusForge experience."
2026-05-14T03:38:21.794Z [startup-timing] t+207ms splash-did-finish-load
2026-05-14T03:38:22.531Z [tls] certificate bypass accepted for https://www.nexusforge.app/app (net::ERR_CERT_AUTHORITY_INVALID)
2026-05-14T03:38:22.798Z [tls] certificate bypass accepted for https://www.nexusforge.app/app (net::ERR_CERT_AUTHORITY_INVALID)
2026-05-14T03:38:25.793Z [startup-timing] t+4207ms main-ready-to-show
2026-05-14T03:38:25.793Z [startup-timing] t+4207ms handoff-reveal-scheduled hold=2200ms
2026-05-14T03:38:25.888Z [startup-timing] t+4302ms main-did-finish-load
2026-05-14T03:38:25.889Z [startup-timing] t+4303ms handoff-reveal-scheduled hold=2200ms
2026-05-14T03:38:25.889Z [startup-timing] t+4303ms hosted-target-connected target=https://www.nexusforge.app/app
2026-05-14T03:38:25.889Z [startup-timing] t+4303ms handoff-reveal-scheduled hold=2200ms
2026-05-14T03:38:25.890Z [startup] stage="Connecting hosted workspace" progress=78 accent=opening detail="Opening the remote NexusForge experience."
