
2026-05-14T21:57:57.978Z [startup-timing] t+28ms app-when-ready
2026-05-14T21:57:57.979Z [startup-timing] log-path="D:\NEXUSFORGE GAMGING APP\apps\desktop\.network-smoke\hosted-41304-20260514-165754\startup.log"
2026-05-14T21:57:57.979Z [startup] stage="Booting desktop shell" progress=4 accent=warmup detail="Starting NexusForge Desktop."
2026-05-14T21:57:57.979Z [startup] stage="Preparing secure session" progress=18 accent=warmup detail="Resetting desktop storage before launch."
2026-05-14T21:57:57.980Z [startup] stage="Connecting hosted workspace" progress=32 accent=opening detail="Opening the remote NexusForge experience."
2026-05-14T21:57:58.006Z [startup-timing] t+56ms splash-window-create
2026-05-14T21:57:58.084Z [startup-timing] t+133ms main-window-create
2026-05-14T21:57:58.112Z [startup] stage="Preparing launch" progress=72 accent=checking detail="Checking updates and final startup tasks."
2026-05-14T21:57:58.113Z [startup-timing] t+162ms ensure-app-reachable-start trigger=startup
2026-05-14T21:57:58.113Z [startup] stage="Connecting hosted workspace" progress=78 accent=opening detail="Opening the remote NexusForge experience."
2026-05-14T21:57:58.238Z [startup-timing] t+288ms splash-did-finish-load
2026-05-14T21:57:59.021Z [tls] certificate bypass accepted for https://www.nexusforge.app/app (net::ERR_CERT_AUTHORITY_INVALID)
2026-05-14T21:57:59.256Z [tls] certificate bypass accepted for https://www.nexusforge.app/app (net::ERR_CERT_AUTHORITY_INVALID)
2026-05-14T21:58:02.191Z [startup-timing] t+4241ms main-ready-to-show
2026-05-14T21:58:02.192Z [startup-timing] t+4242ms handoff-reveal-scheduled hold=2200ms
2026-05-14T21:58:02.268Z [startup-timing] t+4318ms main-did-finish-load
2026-05-14T21:58:02.269Z [startup-timing] t+4318ms handoff-reveal-scheduled hold=2200ms
2026-05-14T21:58:02.269Z [startup-timing] t+4319ms hosted-target-connected target=https://www.nexusforge.app/app
2026-05-14T21:58:02.269Z [startup-timing] t+4319ms handoff-reveal-scheduled hold=2200ms
2026-05-14T21:58:02.270Z [startup] stage="Connecting hosted workspace" progress=78 accent=opening detail="Opening the remote NexusForge experience."
