2026-05-14T03:46:44.023Z [startup-timing] t+24ms app-when-ready
2026-05-14T03:46:44.024Z [startup-timing] log-path="D:\NEXUSFORGE GAMGING APP\apps\desktop\.network-smoke\hosted-40424-20260513-224640\startup.log"
2026-05-14T03:46:44.024Z [startup] stage="Booting desktop shell" progress=4 accent=warmup detail="Starting NexusForge Desktop."
2026-05-14T03:46:44.025Z [startup] stage="Preparing secure session" progress=18 accent=warmup detail="Resetting desktop storage before launch."
2026-05-14T03:46:44.025Z [startup] stage="Connecting hosted workspace" progress=32 accent=opening detail="Opening the remote NexusForge experience."
2026-05-14T03:46:44.025Z [startup-timing] t+26ms splash-window-create
2026-05-14T03:46:44.072Z [startup-timing] t+73ms main-window-create
2026-05-14T03:46:44.087Z [startup] stage="Preparing launch" progress=72 accent=checking detail="Checking updates and final startup tasks."
2026-05-14T03:46:44.087Z [startup-timing] t+88ms ensure-app-reachable-start trigger=startup
2026-05-14T03:46:44.088Z [startup] stage="Connecting hosted workspace" progress=78 accent=opening detail="Opening the remote NexusForge experience."
2026-05-14T03:46:44.206Z [startup-timing] t+207ms splash-did-finish-load
2026-05-14T03:46:44.999Z [tls] certificate bypass accepted for https://www.nexusforge.app/app (net::ERR_CERT_AUTHORITY_INVALID)
2026-05-14T03:46:45.264Z [tls] certificate bypass accepted for https://www.nexusforge.app/app (net::ERR_CERT_AUTHORITY_INVALID)
2026-05-14T03:46:48.189Z [startup-timing] t+4189ms main-ready-to-show
2026-05-14T03:46:48.189Z [startup-timing] t+4190ms handoff-reveal-scheduled hold=2200ms
2026-05-14T03:46:48.311Z [startup-timing] t+4312ms main-did-finish-load
2026-05-14T03:46:48.312Z [startup-timing] t+4313ms handoff-reveal-scheduled hold=2200ms
2026-05-14T03:46:48.312Z [startup-timing] t+4313ms hosted-target-connected target=https://www.nexusforge.app/app
2026-05-14T03:46:48.312Z [startup-timing] t+4313ms handoff-reveal-scheduled hold=2200ms
2026-05-14T03:46:48.313Z [startup] stage="Connecting hosted workspace" progress=78 accent=opening detail="Opening the remote NexusForge experience."
