
2026-05-14T21:13:27.000Z [startup-timing] t+31ms app-when-ready
2026-05-14T21:13:27.000Z [startup-timing] log-path="D:\NEXUSFORGE GAMGING APP\apps\desktop\.network-smoke\hosted-37324-20260514-161323\startup.log"
2026-05-14T21:13:27.001Z [startup] stage="Booting desktop shell" progress=4 accent=warmup detail="Starting NexusForge Desktop."
2026-05-14T21:13:27.001Z [startup] stage="Preparing secure session" progress=18 accent=warmup detail="Resetting desktop storage before launch."
2026-05-14T21:13:27.001Z [startup] stage="Connecting hosted workspace" progress=32 accent=opening detail="Opening the remote NexusForge experience."
2026-05-14T21:13:27.002Z [startup-timing] t+32ms splash-window-create
2026-05-14T21:13:27.091Z [startup-timing] t+122ms main-window-create
2026-05-14T21:13:27.128Z [startup] stage="Preparing launch" progress=72 accent=checking detail="Checking updates and final startup tasks."
2026-05-14T21:13:27.129Z [startup-timing] t+159ms ensure-app-reachable-start trigger=startup
2026-05-14T21:13:27.129Z [startup] stage="Connecting hosted workspace" progress=78 accent=opening detail="Opening the remote NexusForge experience."
2026-05-14T21:13:27.338Z [startup-timing] t+369ms splash-did-finish-load
2026-05-14T21:13:27.997Z [tls] certificate bypass accepted for https://www.nexusforge.app/app (net::ERR_CERT_AUTHORITY_INVALID)
2026-05-14T21:13:28.274Z [tls] certificate bypass accepted for https://www.nexusforge.app/app (net::ERR_CERT_AUTHORITY_INVALID)
2026-05-14T21:13:31.120Z [startup-timing] t+4151ms main-ready-to-show
2026-05-14T21:13:31.121Z [startup-timing] t+4152ms handoff-reveal-scheduled hold=2200ms
2026-05-14T21:13:31.217Z [startup-timing] t+4247ms main-did-finish-load
2026-05-14T21:13:31.217Z [startup-timing] t+4248ms handoff-reveal-scheduled hold=2200ms
2026-05-14T21:13:31.217Z [startup-timing] t+4248ms hosted-target-connected target=https://www.nexusforge.app/app
2026-05-14T21:13:31.217Z [startup-timing] t+4248ms handoff-reveal-scheduled hold=2200ms
2026-05-14T21:13:31.218Z [startup] stage="Connecting hosted workspace" progress=78 accent=opening detail="Opening the remote NexusForge experience."
