
2026-05-14T21:47:11.104Z [startup-timing] t+27ms app-when-ready
2026-05-14T21:47:11.105Z [startup-timing] log-path="D:\NEXUSFORGE GAMGING APP\apps\desktop\.network-smoke\hosted-47040-20260514-164707\startup.log"
2026-05-14T21:47:11.105Z [startup] stage="Booting desktop shell" progress=4 accent=warmup detail="Starting NexusForge Desktop."
2026-05-14T21:47:11.105Z [startup] stage="Preparing secure session" progress=18 accent=warmup detail="Resetting desktop storage before launch."
2026-05-14T21:47:11.106Z [startup] stage="Connecting hosted workspace" progress=32 accent=opening detail="Opening the remote NexusForge experience."
2026-05-14T21:47:11.129Z [startup-timing] t+52ms splash-window-create
2026-05-14T21:47:11.210Z [startup-timing] t+133ms main-window-create
2026-05-14T21:47:11.245Z [startup] stage="Preparing launch" progress=72 accent=checking detail="Checking updates and final startup tasks."
2026-05-14T21:47:11.245Z [startup-timing] t+168ms ensure-app-reachable-start trigger=startup
2026-05-14T21:47:11.246Z [startup] stage="Connecting hosted workspace" progress=78 accent=opening detail="Opening the remote NexusForge experience."
2026-05-14T21:47:11.394Z [startup-timing] t+317ms splash-did-finish-load
2026-05-14T21:47:12.074Z [tls] certificate bypass accepted for https://www.nexusforge.app/app (net::ERR_CERT_AUTHORITY_INVALID)
2026-05-14T21:47:12.341Z [tls] certificate bypass accepted for https://www.nexusforge.app/app (net::ERR_CERT_AUTHORITY_INVALID)
2026-05-14T21:47:15.289Z [startup-timing] t+4212ms main-ready-to-show
2026-05-14T21:47:15.290Z [startup-timing] t+4213ms handoff-reveal-scheduled hold=2200ms
2026-05-14T21:47:15.391Z [startup-timing] t+4314ms main-did-finish-load
2026-05-14T21:47:15.391Z [startup-timing] t+4314ms handoff-reveal-scheduled hold=2200ms
2026-05-14T21:47:15.392Z [startup-timing] t+4315ms hosted-target-connected target=https://www.nexusforge.app/app
2026-05-14T21:47:15.392Z [startup-timing] t+4315ms handoff-reveal-scheduled hold=2200ms
2026-05-14T21:47:15.392Z [startup] stage="Connecting hosted workspace" progress=78 accent=opening detail="Opening the remote NexusForge experience."
