
2026-05-14T23:55:34.990Z [startup-timing] t+30ms app-when-ready
2026-05-14T23:55:34.990Z [startup-timing] log-path="D:\NEXUSFORGE GAMGING APP\apps\desktop\.network-smoke\local-35348-20260514-185533\startup.log"
2026-05-14T23:55:34.991Z [startup] stage="Booting desktop shell" progress=4 accent=warmup detail="Starting NexusForge Desktop."
2026-05-14T23:55:34.991Z [startup] stage="Preparing secure session" progress=18 accent=warmup detail="Resetting desktop storage before launch."
2026-05-14T23:55:35.000Z [startup] stage="Preparing secure session" progress=26 accent=ready detail="Desktop storage reset completed."
2026-05-14T23:55:35.000Z [startup] stage="Checking local services" progress=34 accent=checking detail="Verifying the app stack is reachable on ports 3000 and 4000."
2026-05-14T23:55:35.005Z [startup] stage="Local services ready" progress=66 accent=ready detail="The desktop stack answered on both ports."
2026-05-14T23:55:35.036Z [startup-timing] t+76ms splash-window-create
2026-05-14T23:55:35.116Z [startup-timing] t+156ms main-window-create
2026-05-14T23:55:35.152Z [startup] stage="Preparing launch" progress=72 accent=checking detail="Checking updates and final startup tasks."
2026-05-14T23:55:35.153Z [startup-timing] t+192ms ensure-app-reachable-start trigger=startup
2026-05-14T23:55:35.153Z [startup] stage="Opening app" progress=78 accent=opening detail="Connecting the desktop shell to NexusForge."
2026-05-14T23:55:35.153Z [startup] stage="Checking local services" progress=34 accent=checking detail="Verifying the app stack is reachable on ports 3000 and 4000."
2026-05-14T23:55:35.200Z [startup] stage="Local services ready" progress=66 accent=ready detail="The desktop stack answered on both ports."
2026-05-14T23:55:35.305Z [startup-timing] t+344ms splash-did-finish-load
2026-05-14T23:55:35.546Z [startup-timing] t+586ms main-ready-to-show
2026-05-14T23:55:35.547Z [startup-timing] t+587ms handoff-reveal-scheduled hold=2200ms
2026-05-14T23:55:35.625Z [startup-timing] t+665ms main-did-finish-load
2026-05-14T23:55:35.626Z [startup-timing] t+666ms handoff-reveal-scheduled hold=2200ms
2026-05-14T23:55:35.626Z [startup-timing] t+666ms local-target-connected target=http://localhost:3000/app
2026-05-14T23:55:35.627Z [startup-timing] t+667ms handoff-reveal-scheduled hold=2200ms
2026-05-14T23:55:35.628Z [startup] stage="Local services ready" progress=66 accent=ready detail="The desktop stack answered on both ports."
