
2026-05-15T00:25:46.940Z [startup-timing] t+31ms app-when-ready
2026-05-15T00:25:46.940Z [startup-timing] log-path="D:\NEXUSFORGE GAMGING APP\apps\desktop\.network-smoke\local-12068-20260514-192545\startup.log"
2026-05-15T00:25:46.941Z [startup] stage="Booting desktop shell" progress=4 accent=warmup detail="Starting NexusForge Desktop."
2026-05-15T00:25:46.941Z [startup] stage="Preparing secure session" progress=18 accent=warmup detail="Resetting desktop storage before launch."
2026-05-15T00:25:46.950Z [startup] stage="Preparing secure session" progress=26 accent=ready detail="Desktop storage reset completed."
2026-05-15T00:25:46.950Z [startup] stage="Checking local services" progress=34 accent=checking detail="Verifying the app stack is reachable on ports 3000 and 4000."
2026-05-15T00:25:46.956Z [startup] stage="Local services ready" progress=66 accent=ready detail="The desktop stack answered on both ports."
2026-05-15T00:25:46.987Z [startup-timing] t+77ms splash-window-create
2026-05-15T00:25:47.072Z [startup-timing] t+163ms main-window-create
2026-05-15T00:25:47.110Z [startup] stage="Preparing launch" progress=72 accent=checking detail="Checking updates and final startup tasks."
2026-05-15T00:25:47.111Z [startup-timing] t+202ms ensure-app-reachable-start trigger=startup
2026-05-15T00:25:47.111Z [startup] stage="Opening app" progress=78 accent=opening detail="Connecting the desktop shell to NexusForge."
2026-05-15T00:25:47.112Z [startup] stage="Checking local services" progress=34 accent=checking detail="Verifying the app stack is reachable on ports 3000 and 4000."
2026-05-15T00:25:47.157Z [startup] stage="Local services ready" progress=66 accent=ready detail="The desktop stack answered on both ports."
2026-05-15T00:25:47.258Z [startup-timing] t+349ms splash-did-finish-load
2026-05-15T00:25:47.486Z [startup-timing] t+577ms main-ready-to-show
2026-05-15T00:25:47.487Z [startup-timing] t+577ms handoff-reveal-scheduled hold=2200ms
2026-05-15T00:25:47.550Z [startup-timing] t+641ms main-did-finish-load
2026-05-15T00:25:47.551Z [startup-timing] t+641ms handoff-reveal-scheduled hold=2200ms
2026-05-15T00:25:47.551Z [startup-timing] t+642ms local-target-connected target=http://localhost:3000/app
2026-05-15T00:25:47.551Z [startup-timing] t+642ms handoff-reveal-scheduled hold=2200ms
2026-05-15T00:25:47.552Z [startup] stage="Local services ready" progress=66 accent=ready detail="The desktop stack answered on both ports."
