
2026-05-14T22:52:53.817Z [startup-timing] t+43ms app-when-ready
2026-05-14T22:52:53.817Z [startup-timing] log-path="D:\NEXUSFORGE GAMGING APP\apps\desktop\.network-smoke\local-49012-20260514-175252\startup.log"
2026-05-14T22:52:53.818Z [startup] stage="Booting desktop shell" progress=4 accent=warmup detail="Starting NexusForge Desktop."
2026-05-14T22:52:53.819Z [startup] stage="Preparing secure session" progress=18 accent=warmup detail="Resetting desktop storage before launch."
2026-05-14T22:52:53.831Z [startup] stage="Preparing secure session" progress=26 accent=ready detail="Desktop storage reset completed."
2026-05-14T22:52:53.832Z [startup] stage="Checking local services" progress=34 accent=checking detail="Verifying the app stack is reachable on ports 3000 and 4000."
2026-05-14T22:52:53.837Z [startup] stage="Local services ready" progress=66 accent=ready detail="The desktop stack answered on both ports."
2026-05-14T22:52:53.869Z [startup-timing] t+96ms splash-window-create
2026-05-14T22:52:53.958Z [startup-timing] t+185ms main-window-create
2026-05-14T22:52:53.996Z [startup] stage="Preparing launch" progress=72 accent=checking detail="Checking updates and final startup tasks."
2026-05-14T22:52:53.997Z [startup-timing] t+224ms ensure-app-reachable-start trigger=startup
2026-05-14T22:52:53.997Z [startup] stage="Opening app" progress=78 accent=opening detail="Connecting the desktop shell to NexusForge."
2026-05-14T22:52:53.998Z [startup] stage="Checking local services" progress=34 accent=checking detail="Verifying the app stack is reachable on ports 3000 and 4000."
2026-05-14T22:52:54.049Z [startup] stage="Local services ready" progress=66 accent=ready detail="The desktop stack answered on both ports."
2026-05-14T22:52:54.156Z [startup-timing] t+383ms splash-did-finish-load
2026-05-14T22:52:54.689Z [startup-timing] t+915ms main-ready-to-show
2026-05-14T22:52:54.689Z [startup-timing] t+916ms handoff-reveal-scheduled hold=2200ms
2026-05-14T22:52:54.930Z [startup-timing] t+1156ms main-did-finish-load
2026-05-14T22:52:54.930Z [startup-timing] t+1157ms handoff-reveal-scheduled hold=2200ms
2026-05-14T22:52:54.931Z [startup-timing] t+1158ms local-target-connected target=http://localhost:3000/app
2026-05-14T22:52:54.931Z [startup-timing] t+1158ms handoff-reveal-scheduled hold=2200ms
2026-05-14T22:52:54.932Z [startup] stage="Local services ready" progress=66 accent=ready detail="The desktop stack answered on both ports."
2026-05-14T22:52:54.965Z [startup] stage="Checking local services" progress=34 accent=checking detail="Verifying the app stack is reachable on ports 3000 and 4000."
2026-05-14T22:52:54.967Z [startup] stage="Local services ready" progress=66 accent=ready detail="The desktop stack answered on both ports."
