
2026-05-15T00:38:46.252Z [startup-timing] t+30ms app-when-ready
2026-05-15T00:38:46.253Z [startup-timing] log-path="D:\NEXUSFORGE GAMGING APP\apps\desktop\.network-smoke\local-46872-20260514-193845\startup.log"
2026-05-15T00:38:46.253Z [startup] stage="Booting desktop shell" progress=4 accent=warmup detail="Starting NexusForge Desktop."
2026-05-15T00:38:46.254Z [startup] stage="Preparing secure session" progress=18 accent=warmup detail="Resetting desktop storage before launch."
2026-05-15T00:38:46.263Z [startup] stage="Preparing secure session" progress=26 accent=ready detail="Desktop storage reset completed."
2026-05-15T00:38:46.264Z [startup] stage="Checking local services" progress=34 accent=checking detail="Verifying the app stack is reachable on ports 3000 and 4000."
2026-05-15T00:38:46.269Z [startup] stage="Local services ready" progress=66 accent=ready detail="The desktop stack answered on both ports."
2026-05-15T00:38:46.297Z [startup-timing] t+74ms splash-window-create
2026-05-15T00:38:46.381Z [startup-timing] t+159ms main-window-create
2026-05-15T00:38:46.435Z [startup] stage="Preparing launch" progress=72 accent=checking detail="Checking updates and final startup tasks."
2026-05-15T00:38:46.436Z [startup-timing] t+214ms ensure-app-reachable-start trigger=startup
2026-05-15T00:38:46.436Z [startup] stage="Opening app" progress=78 accent=opening detail="Connecting the desktop shell to NexusForge."
2026-05-15T00:38:46.436Z [startup] stage="Checking local services" progress=34 accent=checking detail="Verifying the app stack is reachable on ports 3000 and 4000."
2026-05-15T00:38:46.493Z [startup] stage="Local services ready" progress=66 accent=ready detail="The desktop stack answered on both ports."
2026-05-15T00:38:46.612Z [startup-timing] t+390ms splash-did-finish-load
2026-05-15T00:38:46.880Z [startup-timing] t+658ms main-ready-to-show
2026-05-15T00:38:46.881Z [startup-timing] t+658ms handoff-reveal-scheduled hold=2200ms
2026-05-15T00:38:46.895Z [startup-timing] t+672ms main-did-finish-load
2026-05-15T00:38:46.895Z [startup-timing] t+673ms handoff-reveal-scheduled hold=2200ms
2026-05-15T00:38:46.895Z [startup-timing] t+673ms local-target-connected target=http://localhost:3000/app
2026-05-15T00:38:46.896Z [startup-timing] t+674ms handoff-reveal-scheduled hold=2200ms
2026-05-15T00:38:46.896Z [startup] stage="Local services ready" progress=66 accent=ready detail="The desktop stack answered on both ports."
