
2026-05-14T21:24:20.150Z [startup-timing] t+28ms app-when-ready
2026-05-14T21:24:20.150Z [startup-timing] log-path="D:\NEXUSFORGE GAMGING APP\apps\desktop\.network-smoke\local-36892-20260514-162419\startup.log"
2026-05-14T21:24:20.151Z [startup] stage="Booting desktop shell" progress=4 accent=warmup detail="Starting NexusForge Desktop."
2026-05-14T21:24:20.151Z [startup] stage="Preparing secure session" progress=18 accent=warmup detail="Resetting desktop storage before launch."
2026-05-14T21:24:20.161Z [startup] stage="Preparing secure session" progress=26 accent=ready detail="Desktop storage reset completed."
2026-05-14T21:24:20.162Z [startup] stage="Checking local services" progress=34 accent=checking detail="Verifying the app stack is reachable on ports 3000 and 4000."
2026-05-14T21:24:20.169Z [startup] stage="Local services ready" progress=66 accent=ready detail="The desktop stack answered on both ports."
2026-05-14T21:24:20.196Z [startup-timing] t+74ms splash-window-create
2026-05-14T21:24:20.272Z [startup-timing] t+149ms main-window-create
2026-05-14T21:24:20.305Z [startup] stage="Preparing launch" progress=72 accent=checking detail="Checking updates and final startup tasks."
2026-05-14T21:24:20.306Z [startup-timing] t+184ms ensure-app-reachable-start trigger=startup
2026-05-14T21:24:20.306Z [startup] stage="Opening app" progress=78 accent=opening detail="Connecting the desktop shell to NexusForge."
2026-05-14T21:24:20.307Z [startup] stage="Checking local services" progress=34 accent=checking detail="Verifying the app stack is reachable on ports 3000 and 4000."
2026-05-14T21:24:20.352Z [startup] stage="Local services ready" progress=66 accent=ready detail="The desktop stack answered on both ports."
2026-05-14T21:24:20.436Z [startup-timing] t+313ms splash-did-finish-load
2026-05-14T21:24:20.947Z [startup-timing] t+825ms main-ready-to-show
2026-05-14T21:24:20.948Z [startup-timing] t+826ms handoff-reveal-scheduled hold=2200ms
2026-05-14T21:24:21.235Z [startup-timing] t+1113ms main-did-finish-load
2026-05-14T21:24:21.235Z [startup-timing] t+1113ms handoff-reveal-scheduled hold=2200ms
2026-05-14T21:24:21.236Z [startup-timing] t+1114ms local-target-connected target=http://localhost:3000/app
2026-05-14T21:24:21.236Z [startup-timing] t+1114ms handoff-reveal-scheduled hold=2200ms
2026-05-14T21:24:21.236Z [startup] stage="Local services ready" progress=66 accent=ready detail="The desktop stack answered on both ports."
2026-05-14T21:24:21.265Z [startup] stage="Checking local services" progress=34 accent=checking detail="Verifying the app stack is reachable on ports 3000 and 4000."
2026-05-14T21:24:21.266Z [startup] stage="Local services ready" progress=66 accent=ready detail="The desktop stack answered on both ports."
