2026-05-13T23:53:30.975Z [startup-timing] t+24ms app-when-ready
2026-05-13T23:53:30.975Z [startup-timing] log-path="D:\NEXUSFORGE GAMGING APP\apps\desktop\.network-smoke\local-38568-20260513-185330\startup.log"
2026-05-13T23:53:30.975Z [startup] stage="Booting desktop shell" progress=4 accent=warmup detail="Starting NexusForge Desktop."
2026-05-13T23:53:30.976Z [startup] stage="Preparing secure session" progress=18 accent=warmup detail="Resetting desktop storage before launch."
2026-05-13T23:53:30.983Z [startup] stage="Preparing secure session" progress=26 accent=ready detail="Desktop storage reset completed."
2026-05-13T23:53:30.983Z [startup] stage="Checking local services" progress=34 accent=checking detail="Verifying the app stack is reachable on ports 3000 and 4000."
2026-05-13T23:53:30.989Z [startup] stage="Local services ready" progress=66 accent=ready detail="The desktop stack answered on both ports."
2026-05-13T23:53:30.990Z [startup-timing] t+40ms splash-window-create
2026-05-13T23:53:31.035Z [startup-timing] t+85ms main-window-create
2026-05-13T23:53:31.049Z [startup] stage="Preparing launch" progress=72 accent=checking detail="Checking updates and final startup tasks."
2026-05-13T23:53:31.049Z [startup-timing] t+99ms ensure-app-reachable-start trigger=startup
2026-05-13T23:53:31.049Z [startup] stage="Opening app" progress=78 accent=opening detail="Connecting the desktop shell to NexusForge."
2026-05-13T23:53:31.049Z [startup] stage="Checking local services" progress=34 accent=checking detail="Verifying the app stack is reachable on ports 3000 and 4000."
2026-05-13T23:53:31.087Z [startup] stage="Local services ready" progress=66 accent=ready detail="The desktop stack answered on both ports."
2026-05-13T23:53:31.149Z [startup-timing] t+199ms splash-did-finish-load
2026-05-13T23:53:31.612Z [startup-timing] t+662ms main-ready-to-show
2026-05-13T23:53:31.612Z [startup-timing] t+662ms handoff-reveal-scheduled hold=2200ms
2026-05-13T23:53:31.769Z [startup-timing] t+819ms main-did-finish-load
2026-05-13T23:53:31.769Z [startup-timing] t+819ms handoff-reveal-scheduled hold=2200ms
2026-05-13T23:53:31.770Z [startup-timing] t+820ms local-target-connected target=http://localhost:3000/app
2026-05-13T23:53:31.770Z [startup-timing] t+820ms handoff-reveal-scheduled hold=2200ms
2026-05-13T23:53:31.770Z [startup] stage="Local services ready" progress=66 accent=ready detail="The desktop stack answered on both ports."
2026-05-13T23:53:31.788Z [startup] stage="Checking local services" progress=34 accent=checking detail="Verifying the app stack is reachable on ports 3000 and 4000."
2026-05-13T23:53:31.789Z [startup] stage="Local services ready" progress=66 accent=ready detail="The desktop stack answered on both ports."
