
2026-05-15T00:28:03.450Z [startup-timing] t+28ms app-when-ready
2026-05-15T00:28:03.450Z [startup-timing] log-path="D:\NEXUSFORGE GAMGING APP\apps\desktop\.network-smoke\hosted-8000-20260514-192759\startup.log"
2026-05-15T00:28:03.451Z [startup] stage="Booting desktop shell" progress=4 accent=warmup detail="Starting NexusForge Desktop."
2026-05-15T00:28:03.451Z [startup] stage="Preparing secure session" progress=18 accent=warmup detail="Resetting desktop storage before launch."
2026-05-15T00:28:03.452Z [startup] stage="Connecting hosted workspace" progress=32 accent=opening detail="Opening the remote NexusForge experience."
2026-05-15T00:28:03.479Z [startup-timing] t+56ms splash-window-create
2026-05-15T00:28:03.565Z [startup-timing] t+143ms main-window-create
2026-05-15T00:28:03.600Z [startup] stage="Preparing launch" progress=72 accent=checking detail="Checking updates and final startup tasks."
2026-05-15T00:28:03.601Z [startup-timing] t+178ms ensure-app-reachable-start trigger=startup
2026-05-15T00:28:03.601Z [startup] stage="Connecting hosted workspace" progress=78 accent=opening detail="Opening the remote NexusForge experience."
2026-05-15T00:28:03.739Z [startup-timing] t+316ms splash-did-finish-load
2026-05-15T00:28:04.444Z [tls] certificate bypass accepted for https://www.nexusforge.app/app (net::ERR_CERT_AUTHORITY_INVALID)
2026-05-15T00:28:04.698Z [tls] certificate bypass accepted for https://www.nexusforge.app/app (net::ERR_CERT_AUTHORITY_INVALID)
2026-05-15T00:28:08.724Z [startup-timing] t+5302ms main-ready-to-show
2026-05-15T00:28:08.725Z [startup-timing] t+5302ms handoff-reveal-scheduled hold=2200ms
2026-05-15T00:28:08.798Z [startup-timing] t+5376ms main-did-finish-load
2026-05-15T00:28:08.799Z [startup-timing] t+5377ms handoff-reveal-scheduled hold=2200ms
2026-05-15T00:28:08.799Z [startup-timing] t+5377ms hosted-target-connected target=https://www.nexusforge.app/app
2026-05-15T00:28:08.799Z [startup-timing] t+5377ms handoff-reveal-scheduled hold=2200ms
2026-05-15T00:28:08.800Z [startup] stage="Connecting hosted workspace" progress=78 accent=opening detail="Opening the remote NexusForge experience."
