
2026-05-14T20:39:02.307Z [startup-timing] t+27ms app-when-ready
2026-05-14T20:39:02.308Z [startup-timing] log-path="D:\NEXUSFORGE GAMGING APP\apps\desktop\.network-smoke\hosted-35364-20260514-153858\startup.log"
2026-05-14T20:39:02.308Z [startup] stage="Booting desktop shell" progress=4 accent=warmup detail="Starting NexusForge Desktop."
2026-05-14T20:39:02.309Z [startup] stage="Preparing secure session" progress=18 accent=warmup detail="Resetting desktop storage before launch."
2026-05-14T20:39:02.309Z [startup] stage="Connecting hosted workspace" progress=32 accent=opening detail="Opening the remote NexusForge experience."
2026-05-14T20:39:02.309Z [startup-timing] t+29ms splash-window-create
2026-05-14T20:39:02.375Z [startup-timing] t+95ms main-window-create
2026-05-14T20:39:02.394Z [startup] stage="Preparing launch" progress=72 accent=checking detail="Checking updates and final startup tasks."
2026-05-14T20:39:02.395Z [startup-timing] t+115ms ensure-app-reachable-start trigger=startup
2026-05-14T20:39:02.395Z [startup] stage="Connecting hosted workspace" progress=78 accent=opening detail="Opening the remote NexusForge experience."
2026-05-14T20:39:02.528Z [startup-timing] t+247ms splash-did-finish-load
2026-05-14T20:39:03.586Z [tls] certificate bypass accepted for https://www.nexusforge.app/app (net::ERR_CERT_AUTHORITY_INVALID)
2026-05-14T20:39:04.051Z [tls] certificate bypass accepted for https://www.nexusforge.app/app (net::ERR_CERT_AUTHORITY_INVALID)
2026-05-14T20:39:15.376Z [startup-timing] t+13096ms main-ready-to-show
2026-05-14T20:39:15.377Z [startup-timing] t+13096ms handoff-reveal-scheduled hold=2200ms
2026-05-14T20:39:16.333Z [startup-timing] t+14053ms main-did-finish-load
2026-05-14T20:39:16.334Z [startup-timing] t+14054ms handoff-reveal-scheduled hold=2200ms
2026-05-14T20:39:16.334Z [startup-timing] t+14054ms hosted-target-connected target=https://www.nexusforge.app/app
2026-05-14T20:39:16.334Z [startup-timing] t+14054ms handoff-reveal-scheduled hold=2200ms
2026-05-14T20:39:16.335Z [startup] stage="Connecting hosted workspace" progress=78 accent=opening detail="Opening the remote NexusForge experience."
