
2026-05-14T21:09:57.172Z [startup-timing] t+31ms app-when-ready
2026-05-14T21:09:57.172Z [startup-timing] log-path="D:\NEXUSFORGE GAMGING APP\apps\desktop\.network-smoke\local-41832-20260514-160955\startup.log"
2026-05-14T21:09:57.172Z [startup] stage="Booting desktop shell" progress=4 accent=warmup detail="Starting NexusForge Desktop."
2026-05-14T21:09:57.173Z [startup] stage="Preparing secure session" progress=18 accent=warmup detail="Resetting desktop storage before launch."
2026-05-14T21:09:57.184Z [startup] stage="Preparing secure session" progress=26 accent=ready detail="Desktop storage reset completed."
2026-05-14T21:09:57.184Z [startup] stage="Checking local services" progress=34 accent=checking detail="Verifying the app stack is reachable on ports 3000 and 4000."
2026-05-14T21:09:57.189Z [startup] stage="Local services ready" progress=66 accent=ready detail="The desktop stack answered on both ports."
2026-05-14T21:09:57.190Z [startup-timing] t+50ms splash-window-create
2026-05-14T21:09:57.283Z [startup-timing] t+142ms main-window-create
2026-05-14T21:09:57.319Z [startup] stage="Preparing launch" progress=72 accent=checking detail="Checking updates and final startup tasks."
2026-05-14T21:09:57.320Z [startup-timing] t+180ms ensure-app-reachable-start trigger=startup
2026-05-14T21:09:57.320Z [startup] stage="Opening app" progress=78 accent=opening detail="Connecting the desktop shell to NexusForge."
2026-05-14T21:09:57.320Z [startup] stage="Checking local services" progress=34 accent=checking detail="Verifying the app stack is reachable on ports 3000 and 4000."
2026-05-14T21:09:57.373Z [startup] stage="Local services ready" progress=66 accent=ready detail="The desktop stack answered on both ports."
2026-05-14T21:09:57.459Z [startup-timing] t+319ms splash-did-finish-load
2026-05-14T21:09:57.939Z [startup-timing] t+799ms main-ready-to-show
2026-05-14T21:09:57.940Z [startup-timing] t+799ms handoff-reveal-scheduled hold=2200ms
2026-05-14T21:09:58.141Z [startup-timing] t+1000ms main-did-finish-load
2026-05-14T21:09:58.141Z [startup-timing] t+1001ms handoff-reveal-scheduled hold=2200ms
2026-05-14T21:09:58.141Z [startup-timing] t+1001ms local-target-connected target=http://localhost:3000/app
2026-05-14T21:09:58.142Z [startup-timing] t+1002ms handoff-reveal-scheduled hold=2200ms
2026-05-14T21:09:58.142Z [startup] stage="Local services ready" progress=66 accent=ready detail="The desktop stack answered on both ports."
2026-05-14T21:09:58.172Z [startup] stage="Checking local services" progress=34 accent=checking detail="Verifying the app stack is reachable on ports 3000 and 4000."
2026-05-14T21:09:58.174Z [startup] stage="Local services ready" progress=66 accent=ready detail="The desktop stack answered on both ports."
