2026-05-14T03:28:24.620Z [startup-timing] t+26ms app-when-ready
2026-05-14T03:28:24.620Z [startup-timing] log-path="D:\NEXUSFORGE GAMGING APP\apps\desktop\.network-smoke\local-18396-20260513-222823\startup.log"
2026-05-14T03:28:24.621Z [startup] stage="Booting desktop shell" progress=4 accent=warmup detail="Starting NexusForge Desktop."
2026-05-14T03:28:24.621Z [startup] stage="Preparing secure session" progress=18 accent=warmup detail="Resetting desktop storage before launch."
2026-05-14T03:28:24.628Z [startup] stage="Preparing secure session" progress=26 accent=ready detail="Desktop storage reset completed."
2026-05-14T03:28:24.629Z [startup] stage="Checking local services" progress=34 accent=checking detail="Verifying the app stack is reachable on ports 3000 and 4000."
2026-05-14T03:28:24.635Z [startup] stage="Local services ready" progress=66 accent=ready detail="The desktop stack answered on both ports."
2026-05-14T03:28:24.636Z [startup-timing] t+42ms splash-window-create
2026-05-14T03:28:24.683Z [startup-timing] t+89ms main-window-create
2026-05-14T03:28:24.698Z [startup] stage="Preparing launch" progress=72 accent=checking detail="Checking updates and final startup tasks."
2026-05-14T03:28:24.699Z [startup-timing] t+104ms ensure-app-reachable-start trigger=startup
2026-05-14T03:28:24.699Z [startup] stage="Opening app" progress=78 accent=opening detail="Connecting the desktop shell to NexusForge."
2026-05-14T03:28:24.699Z [startup] stage="Checking local services" progress=34 accent=checking detail="Verifying the app stack is reachable on ports 3000 and 4000."
2026-05-14T03:28:24.740Z [startup] stage="Local services ready" progress=66 accent=ready detail="The desktop stack answered on both ports."
2026-05-14T03:28:24.805Z [startup-timing] t+211ms splash-did-finish-load
2026-05-14T03:28:25.255Z [startup-timing] t+660ms main-ready-to-show
2026-05-14T03:28:25.255Z [startup-timing] t+661ms handoff-reveal-scheduled hold=2200ms
2026-05-14T03:28:25.422Z [startup-timing] t+828ms main-did-finish-load
2026-05-14T03:28:25.423Z [startup-timing] t+828ms handoff-reveal-scheduled hold=2200ms
2026-05-14T03:28:25.423Z [startup-timing] t+829ms local-target-connected target=http://localhost:3000/app
2026-05-14T03:28:25.423Z [startup-timing] t+829ms handoff-reveal-scheduled hold=2200ms
2026-05-14T03:28:25.423Z [startup] stage="Local services ready" progress=66 accent=ready detail="The desktop stack answered on both ports."
2026-05-14T03:28:25.443Z [startup] stage="Checking local services" progress=34 accent=checking detail="Verifying the app stack is reachable on ports 3000 and 4000."
2026-05-14T03:28:25.444Z [startup] stage="Local services ready" progress=66 accent=ready detail="The desktop stack answered on both ports."
