
2026-05-15T00:14:38.189Z [startup-timing] t+27ms app-when-ready
2026-05-15T00:14:38.189Z [startup-timing] log-path="D:\NEXUSFORGE GAMGING APP\apps\desktop\.network-smoke\local-40692-20260514-191437\startup.log"
2026-05-15T00:14:38.189Z [startup] stage="Booting desktop shell" progress=4 accent=warmup detail="Starting NexusForge Desktop."
2026-05-15T00:14:38.190Z [startup] stage="Preparing secure session" progress=18 accent=warmup detail="Resetting desktop storage before launch."
2026-05-15T00:14:38.198Z [startup] stage="Preparing secure session" progress=26 accent=ready detail="Desktop storage reset completed."
2026-05-15T00:14:38.199Z [startup] stage="Checking local services" progress=34 accent=checking detail="Verifying the app stack is reachable on ports 3000 and 4000."
2026-05-15T00:14:38.204Z [startup] stage="Local services ready" progress=66 accent=ready detail="The desktop stack answered on both ports."
2026-05-15T00:14:38.230Z [startup-timing] t+69ms splash-window-create
2026-05-15T00:14:38.306Z [startup-timing] t+145ms main-window-create
2026-05-15T00:14:38.338Z [startup] stage="Preparing launch" progress=72 accent=checking detail="Checking updates and final startup tasks."
2026-05-15T00:14:38.339Z [startup-timing] t+178ms ensure-app-reachable-start trigger=startup
2026-05-15T00:14:38.339Z [startup] stage="Opening app" progress=78 accent=opening detail="Connecting the desktop shell to NexusForge."
2026-05-15T00:14:38.340Z [startup] stage="Checking local services" progress=34 accent=checking detail="Verifying the app stack is reachable on ports 3000 and 4000."
2026-05-15T00:14:38.388Z [startup] stage="Local services ready" progress=66 accent=ready detail="The desktop stack answered on both ports."
2026-05-15T00:14:38.492Z [startup-timing] t+331ms splash-did-finish-load
2026-05-15T00:14:38.714Z [startup-timing] t+553ms main-ready-to-show
2026-05-15T00:14:38.714Z [startup-timing] t+553ms handoff-reveal-scheduled hold=2200ms
2026-05-15T00:14:38.723Z [startup-timing] t+562ms main-did-finish-load
2026-05-15T00:14:38.724Z [startup-timing] t+563ms handoff-reveal-scheduled hold=2200ms
2026-05-15T00:14:38.724Z [startup-timing] t+563ms local-target-connected target=http://localhost:3000/app
2026-05-15T00:14:38.725Z [startup-timing] t+564ms handoff-reveal-scheduled hold=2200ms
2026-05-15T00:14:38.725Z [startup] stage="Local services ready" progress=66 accent=ready detail="The desktop stack answered on both ports."
