
2026-05-15T00:34:30.917Z [startup-timing] t+29ms app-when-ready
2026-05-15T00:34:30.917Z [startup-timing] log-path="D:\NEXUSFORGE GAMGING APP\apps\desktop\.network-smoke\local-45040-20260514-193429\startup.log"
2026-05-15T00:34:30.918Z [startup] stage="Booting desktop shell" progress=4 accent=warmup detail="Starting NexusForge Desktop."
2026-05-15T00:34:30.918Z [startup] stage="Preparing secure session" progress=18 accent=warmup detail="Resetting desktop storage before launch."
2026-05-15T00:34:30.927Z [startup] stage="Preparing secure session" progress=26 accent=ready detail="Desktop storage reset completed."
2026-05-15T00:34:30.928Z [startup] stage="Checking local services" progress=34 accent=checking detail="Verifying the app stack is reachable on ports 3000 and 4000."
2026-05-15T00:34:30.933Z [startup] stage="Local services ready" progress=66 accent=ready detail="The desktop stack answered on both ports."
2026-05-15T00:34:30.963Z [startup-timing] t+75ms splash-window-create
2026-05-15T00:34:31.046Z [startup-timing] t+158ms main-window-create
2026-05-15T00:34:31.080Z [startup] stage="Preparing launch" progress=72 accent=checking detail="Checking updates and final startup tasks."
2026-05-15T00:34:31.081Z [startup-timing] t+193ms ensure-app-reachable-start trigger=startup
2026-05-15T00:34:31.081Z [startup] stage="Opening app" progress=78 accent=opening detail="Connecting the desktop shell to NexusForge."
2026-05-15T00:34:31.082Z [startup] stage="Checking local services" progress=34 accent=checking detail="Verifying the app stack is reachable on ports 3000 and 4000."
2026-05-15T00:34:31.127Z [startup] stage="Local services ready" progress=66 accent=ready detail="The desktop stack answered on both ports."
2026-05-15T00:34:31.222Z [startup-timing] t+334ms splash-did-finish-load
2026-05-15T00:34:31.452Z [startup-timing] t+564ms main-ready-to-show
2026-05-15T00:34:31.453Z [startup-timing] t+565ms handoff-reveal-scheduled hold=2200ms
2026-05-15T00:34:31.468Z [startup-timing] t+580ms main-did-finish-load
2026-05-15T00:34:31.468Z [startup-timing] t+580ms handoff-reveal-scheduled hold=2200ms
2026-05-15T00:34:31.469Z [startup-timing] t+580ms local-target-connected target=http://localhost:3000/app
2026-05-15T00:34:31.469Z [startup-timing] t+581ms handoff-reveal-scheduled hold=2200ms
2026-05-15T00:34:31.469Z [startup] stage="Local services ready" progress=66 accent=ready detail="The desktop stack answered on both ports."
