2026-05-14T04:36:03.971Z [startup-timing] t+24ms app-when-ready
2026-05-14T04:36:03.972Z [startup-timing] log-path="D:\NEXUSFORGE GAMGING APP\apps\desktop\.network-smoke\local-22568-20260513-233603\startup.log"
2026-05-14T04:36:03.972Z [startup] stage="Booting desktop shell" progress=4 accent=warmup detail="Starting NexusForge Desktop."
2026-05-14T04:36:03.972Z [startup] stage="Preparing secure session" progress=18 accent=warmup detail="Resetting desktop storage before launch."
2026-05-14T04:36:03.980Z [startup] stage="Preparing secure session" progress=26 accent=ready detail="Desktop storage reset completed."
2026-05-14T04:36:03.980Z [startup] stage="Checking local services" progress=34 accent=checking detail="Verifying the app stack is reachable on ports 3000 and 4000."
2026-05-14T04:36:03.986Z [startup] stage="Local services ready" progress=66 accent=ready detail="The desktop stack answered on both ports."
2026-05-14T04:36:03.986Z [startup-timing] t+39ms splash-window-create
2026-05-14T04:36:04.032Z [startup-timing] t+85ms main-window-create
2026-05-14T04:36:04.048Z [startup] stage="Preparing launch" progress=72 accent=checking detail="Checking updates and final startup tasks."
2026-05-14T04:36:04.049Z [startup-timing] t+101ms ensure-app-reachable-start trigger=startup
2026-05-14T04:36:04.049Z [startup] stage="Opening app" progress=78 accent=opening detail="Connecting the desktop shell to NexusForge."
2026-05-14T04:36:04.049Z [startup] stage="Checking local services" progress=34 accent=checking detail="Verifying the app stack is reachable on ports 3000 and 4000."
2026-05-14T04:36:04.090Z [startup] stage="Local services ready" progress=66 accent=ready detail="The desktop stack answered on both ports."
2026-05-14T04:36:04.163Z [startup-timing] t+216ms splash-did-finish-load
2026-05-14T04:36:04.613Z [startup-timing] t+666ms main-ready-to-show
2026-05-14T04:36:04.614Z [startup-timing] t+666ms handoff-reveal-scheduled hold=2200ms
2026-05-14T04:36:04.785Z [startup-timing] t+837ms main-did-finish-load
2026-05-14T04:36:04.785Z [startup-timing] t+838ms handoff-reveal-scheduled hold=2200ms
2026-05-14T04:36:04.785Z [startup-timing] t+838ms local-target-connected target=http://localhost:3000/app
2026-05-14T04:36:04.786Z [startup-timing] t+839ms handoff-reveal-scheduled hold=2200ms
2026-05-14T04:36:04.786Z [startup] stage="Local services ready" progress=66 accent=ready detail="The desktop stack answered on both ports."
2026-05-14T04:36:04.806Z [startup] stage="Checking local services" progress=34 accent=checking detail="Verifying the app stack is reachable on ports 3000 and 4000."
2026-05-14T04:36:04.807Z [startup] stage="Local services ready" progress=66 accent=ready detail="The desktop stack answered on both ports."
