2026-05-14T03:48:54.768Z [startup-timing] t+24ms app-when-ready
2026-05-14T03:48:54.769Z [startup-timing] log-path="D:\NEXUSFORGE GAMGING APP\apps\desktop\.network-smoke\local-29836-20260513-224853\startup.log"
2026-05-14T03:48:54.769Z [startup] stage="Booting desktop shell" progress=4 accent=warmup detail="Starting NexusForge Desktop."
2026-05-14T03:48:54.770Z [startup] stage="Preparing secure session" progress=18 accent=warmup detail="Resetting desktop storage before launch."
2026-05-14T03:48:54.777Z [startup] stage="Preparing secure session" progress=26 accent=ready detail="Desktop storage reset completed."
2026-05-14T03:48:54.777Z [startup] stage="Checking local services" progress=34 accent=checking detail="Verifying the app stack is reachable on ports 3000 and 4000."
2026-05-14T03:48:54.782Z [startup] stage="Local services ready" progress=66 accent=ready detail="The desktop stack answered on both ports."
2026-05-14T03:48:54.783Z [startup-timing] t+39ms splash-window-create
2026-05-14T03:48:54.829Z [startup-timing] t+85ms main-window-create
2026-05-14T03:48:54.848Z [startup] stage="Preparing launch" progress=72 accent=checking detail="Checking updates and final startup tasks."
2026-05-14T03:48:54.848Z [startup-timing] t+104ms ensure-app-reachable-start trigger=startup
2026-05-14T03:48:54.848Z [startup] stage="Opening app" progress=78 accent=opening detail="Connecting the desktop shell to NexusForge."
2026-05-14T03:48:54.848Z [startup] stage="Checking local services" progress=34 accent=checking detail="Verifying the app stack is reachable on ports 3000 and 4000."
2026-05-14T03:48:54.889Z [startup] stage="Local services ready" progress=66 accent=ready detail="The desktop stack answered on both ports."
2026-05-14T03:48:54.959Z [startup-timing] t+215ms splash-did-finish-load
2026-05-14T03:48:55.421Z [startup-timing] t+677ms main-ready-to-show
2026-05-14T03:48:55.422Z [startup-timing] t+678ms handoff-reveal-scheduled hold=2200ms
2026-05-14T03:48:55.599Z [startup-timing] t+855ms main-did-finish-load
2026-05-14T03:48:55.600Z [startup-timing] t+856ms handoff-reveal-scheduled hold=2200ms
2026-05-14T03:48:55.600Z [startup-timing] t+856ms local-target-connected target=http://localhost:3000/app
2026-05-14T03:48:55.600Z [startup-timing] t+856ms handoff-reveal-scheduled hold=2200ms
2026-05-14T03:48:55.600Z [startup] stage="Local services ready" progress=66 accent=ready detail="The desktop stack answered on both ports."
2026-05-14T03:48:55.616Z [startup] stage="Checking local services" progress=34 accent=checking detail="Verifying the app stack is reachable on ports 3000 and 4000."
2026-05-14T03:48:55.617Z [startup] stage="Local services ready" progress=66 accent=ready detail="The desktop stack answered on both ports."
