
2026-05-14T21:10:46.279Z [startup-timing] t+27ms app-when-ready
2026-05-14T21:10:46.280Z [startup-timing] log-path="D:\NEXUSFORGE GAMGING APP\apps\desktop\.network-smoke\hosted-29036-20260514-161042\startup.log"
2026-05-14T21:10:46.280Z [startup] stage="Booting desktop shell" progress=4 accent=warmup detail="Starting NexusForge Desktop."
2026-05-14T21:10:46.281Z [startup] stage="Preparing secure session" progress=18 accent=warmup detail="Resetting desktop storage before launch."
2026-05-14T21:10:46.281Z [startup] stage="Connecting hosted workspace" progress=32 accent=opening detail="Opening the remote NexusForge experience."
2026-05-14T21:10:46.281Z [startup-timing] t+29ms splash-window-create
2026-05-14T21:10:46.370Z [startup-timing] t+118ms main-window-create
2026-05-14T21:10:46.406Z [startup] stage="Preparing launch" progress=72 accent=checking detail="Checking updates and final startup tasks."
2026-05-14T21:10:46.406Z [startup-timing] t+154ms ensure-app-reachable-start trigger=startup
2026-05-14T21:10:46.407Z [startup] stage="Connecting hosted workspace" progress=78 accent=opening detail="Opening the remote NexusForge experience."
2026-05-14T21:10:46.605Z [startup-timing] t+336ms splash-did-finish-load
2026-05-14T21:10:47.299Z [tls] certificate bypass accepted for https://www.nexusforge.app/app (net::ERR_CERT_AUTHORITY_INVALID)
2026-05-14T21:10:47.568Z [tls] certificate bypass accepted for https://www.nexusforge.app/app (net::ERR_CERT_AUTHORITY_INVALID)
2026-05-14T21:10:51.857Z [startup-timing] t+5605ms main-ready-to-show
2026-05-14T21:10:51.857Z [startup-timing] t+5605ms handoff-reveal-scheduled hold=2200ms
2026-05-14T21:10:51.928Z [startup-timing] t+5676ms main-did-finish-load
2026-05-14T21:10:51.929Z [startup-timing] t+5677ms handoff-reveal-scheduled hold=2200ms
2026-05-14T21:10:51.929Z [startup-timing] t+5677ms hosted-target-connected target=https://www.nexusforge.app/app
2026-05-14T21:10:51.929Z [startup-timing] t+5677ms handoff-reveal-scheduled hold=2200ms
2026-05-14T21:10:51.930Z [startup] stage="Connecting hosted workspace" progress=78 accent=opening detail="Opening the remote NexusForge experience."
