2026-05-14T04:04:55.017Z [startup-timing] t+26ms app-when-ready
2026-05-14T04:04:55.018Z [startup-timing] log-path="D:\NEXUSFORGE GAMGING APP\apps\desktop\.network-smoke\local-40416-20260513-230454\startup.log"
2026-05-14T04:04:55.018Z [startup] stage="Booting desktop shell" progress=4 accent=warmup detail="Starting NexusForge Desktop."
2026-05-14T04:04:55.018Z [startup] stage="Preparing secure session" progress=18 accent=warmup detail="Resetting desktop storage before launch."
2026-05-14T04:04:55.027Z [startup] stage="Preparing secure session" progress=26 accent=ready detail="Desktop storage reset completed."
2026-05-14T04:04:55.028Z [startup] stage="Checking local services" progress=34 accent=checking detail="Verifying the app stack is reachable on ports 3000 and 4000."
2026-05-14T04:04:55.032Z [startup] stage="Local services ready" progress=66 accent=ready detail="The desktop stack answered on both ports."
2026-05-14T04:04:55.033Z [startup-timing] t+42ms splash-window-create
2026-05-14T04:04:55.082Z [startup-timing] t+90ms main-window-create
2026-05-14T04:04:55.097Z [startup] stage="Preparing launch" progress=72 accent=checking detail="Checking updates and final startup tasks."
2026-05-14T04:04:55.098Z [startup-timing] t+107ms ensure-app-reachable-start trigger=startup
2026-05-14T04:04:55.098Z [startup] stage="Opening app" progress=78 accent=opening detail="Connecting the desktop shell to NexusForge."
2026-05-14T04:04:55.098Z [startup] stage="Checking local services" progress=34 accent=checking detail="Verifying the app stack is reachable on ports 3000 and 4000."
2026-05-14T04:04:55.142Z [startup] stage="Local services ready" progress=66 accent=ready detail="The desktop stack answered on both ports."
2026-05-14T04:04:55.212Z [startup-timing] t+220ms splash-did-finish-load
2026-05-14T04:04:55.649Z [startup-timing] t+658ms main-ready-to-show
2026-05-14T04:04:55.649Z [startup-timing] t+658ms handoff-reveal-scheduled hold=2200ms
2026-05-14T04:04:55.813Z [startup-timing] t+822ms main-did-finish-load
2026-05-14T04:04:55.814Z [startup-timing] t+822ms handoff-reveal-scheduled hold=2200ms
2026-05-14T04:04:55.814Z [startup-timing] t+823ms local-target-connected target=http://localhost:3000/app
2026-05-14T04:04:55.814Z [startup-timing] t+823ms handoff-reveal-scheduled hold=2200ms
2026-05-14T04:04:55.814Z [startup] stage="Local services ready" progress=66 accent=ready detail="The desktop stack answered on both ports."
2026-05-14T04:04:55.832Z [startup] stage="Checking local services" progress=34 accent=checking detail="Verifying the app stack is reachable on ports 3000 and 4000."
2026-05-14T04:04:55.833Z [startup] stage="Local services ready" progress=66 accent=ready detail="The desktop stack answered on both ports."
