2026-05-14T19:56:48.083Z [startup-timing] t+28ms app-when-ready
2026-05-14T19:56:48.083Z [startup-timing] log-path="D:\NEXUSFORGE GAMGING APP\apps\desktop\.network-smoke\hosted-34880-20260514-145644\startup.log"
2026-05-14T19:56:48.084Z [startup] stage="Booting desktop shell" progress=4 accent=warmup detail="Starting NexusForge Desktop."
2026-05-14T19:56:48.084Z [startup] stage="Preparing secure session" progress=18 accent=warmup detail="Resetting desktop storage before launch."
2026-05-14T19:56:48.084Z [startup] stage="Connecting hosted workspace" progress=32 accent=opening detail="Opening the remote NexusForge experience."
2026-05-14T19:56:48.085Z [startup-timing] t+29ms splash-window-create
2026-05-14T19:56:48.139Z [startup-timing] t+84ms main-window-create
2026-05-14T19:56:48.160Z [startup] stage="Preparing launch" progress=72 accent=checking detail="Checking updates and final startup tasks."
2026-05-14T19:56:48.161Z [startup-timing] t+105ms ensure-app-reachable-start trigger=startup
2026-05-14T19:56:48.161Z [startup] stage="Connecting hosted workspace" progress=78 accent=opening detail="Opening the remote NexusForge experience."
2026-05-14T19:56:48.296Z [startup-timing] t+241ms splash-did-finish-load
2026-05-14T19:56:49.023Z [tls] certificate bypass accepted for https://www.nexusforge.app/app (net::ERR_CERT_AUTHORITY_INVALID)
2026-05-14T19:56:49.283Z [tls] certificate bypass accepted for https://www.nexusforge.app/app (net::ERR_CERT_AUTHORITY_INVALID)
2026-05-14T19:56:53.627Z [startup-timing] t+5572ms main-ready-to-show
2026-05-14T19:56:53.627Z [startup-timing] t+5572ms handoff-reveal-scheduled hold=2200ms
2026-05-14T19:56:53.840Z [startup-timing] t+5785ms main-did-finish-load
2026-05-14T19:56:53.841Z [startup-timing] t+5786ms handoff-reveal-scheduled hold=2200ms
2026-05-14T19:56:53.841Z [startup-timing] t+5786ms hosted-target-connected target=https://www.nexusforge.app/app
2026-05-14T19:56:53.841Z [startup-timing] t+5786ms handoff-reveal-scheduled hold=2200ms
2026-05-14T19:56:53.842Z [startup] stage="Connecting hosted workspace" progress=78 accent=opening detail="Opening the remote NexusForge experience."
