2026-05-14T04:29:11.187Z [startup-timing] t+25ms app-when-ready
2026-05-14T04:29:11.188Z [startup-timing] log-path="D:\NEXUSFORGE GAMGING APP\apps\desktop\.network-smoke\local-40412-20260513-232910\startup.log"
2026-05-14T04:29:11.188Z [startup] stage="Booting desktop shell" progress=4 accent=warmup detail="Starting NexusForge Desktop."
2026-05-14T04:29:11.189Z [startup] stage="Preparing secure session" progress=18 accent=warmup detail="Resetting desktop storage before launch."
2026-05-14T04:29:11.198Z [startup] stage="Preparing secure session" progress=26 accent=ready detail="Desktop storage reset completed."
2026-05-14T04:29:11.198Z [startup] stage="Checking local services" progress=34 accent=checking detail="Verifying the app stack is reachable on ports 3000 and 4000."
2026-05-14T04:29:11.203Z [startup] stage="Local services ready" progress=66 accent=ready detail="The desktop stack answered on both ports."
2026-05-14T04:29:11.204Z [startup-timing] t+42ms splash-window-create
2026-05-14T04:29:11.255Z [startup-timing] t+93ms main-window-create
2026-05-14T04:29:11.271Z [startup] stage="Preparing launch" progress=72 accent=checking detail="Checking updates and final startup tasks."
2026-05-14T04:29:11.272Z [startup-timing] t+109ms ensure-app-reachable-start trigger=startup
2026-05-14T04:29:11.272Z [startup] stage="Opening app" progress=78 accent=opening detail="Connecting the desktop shell to NexusForge."
2026-05-14T04:29:11.272Z [startup] stage="Checking local services" progress=34 accent=checking detail="Verifying the app stack is reachable on ports 3000 and 4000."
2026-05-14T04:29:11.315Z [startup] stage="Local services ready" progress=66 accent=ready detail="The desktop stack answered on both ports."
2026-05-14T04:29:11.386Z [startup-timing] t+224ms splash-did-finish-load
2026-05-14T04:29:11.832Z [startup-timing] t+669ms main-ready-to-show
2026-05-14T04:29:11.833Z [startup-timing] t+670ms handoff-reveal-scheduled hold=2200ms
2026-05-14T04:29:11.995Z [startup-timing] t+833ms main-did-finish-load
2026-05-14T04:29:11.995Z [startup-timing] t+833ms handoff-reveal-scheduled hold=2200ms
2026-05-14T04:29:11.996Z [startup-timing] t+834ms local-target-connected target=http://localhost:3000/app
2026-05-14T04:29:11.996Z [startup-timing] t+834ms handoff-reveal-scheduled hold=2200ms
2026-05-14T04:29:11.996Z [startup] stage="Local services ready" progress=66 accent=ready detail="The desktop stack answered on both ports."
2026-05-14T04:29:12.015Z [startup] stage="Checking local services" progress=34 accent=checking detail="Verifying the app stack is reachable on ports 3000 and 4000."
2026-05-14T04:29:12.016Z [startup] stage="Local services ready" progress=66 accent=ready detail="The desktop stack answered on both ports."
