
2026-05-14T21:49:45.204Z [startup-timing] t+27ms app-when-ready
2026-05-14T21:49:45.204Z [startup-timing] log-path="D:\NEXUSFORGE GAMGING APP\apps\desktop\.network-smoke\local-45820-20260514-164944\startup.log"
2026-05-14T21:49:45.204Z [startup] stage="Booting desktop shell" progress=4 accent=warmup detail="Starting NexusForge Desktop."
2026-05-14T21:49:45.205Z [startup] stage="Preparing secure session" progress=18 accent=warmup detail="Resetting desktop storage before launch."
2026-05-14T21:49:45.212Z [startup] stage="Preparing secure session" progress=26 accent=ready detail="Desktop storage reset completed."
2026-05-14T21:49:45.213Z [startup] stage="Checking local services" progress=34 accent=checking detail="Verifying the app stack is reachable on ports 3000 and 4000."
2026-05-14T21:49:45.220Z [startup] stage="Local services ready" progress=66 accent=ready detail="The desktop stack answered on both ports."
2026-05-14T21:49:45.246Z [startup-timing] t+69ms splash-window-create
2026-05-14T21:49:45.314Z [startup-timing] t+138ms main-window-create
2026-05-14T21:49:45.343Z [startup] stage="Preparing launch" progress=72 accent=checking detail="Checking updates and final startup tasks."
2026-05-14T21:49:45.344Z [startup-timing] t+168ms ensure-app-reachable-start trigger=startup
2026-05-14T21:49:45.344Z [startup] stage="Opening app" progress=78 accent=opening detail="Connecting the desktop shell to NexusForge."
2026-05-14T21:49:45.344Z [startup] stage="Checking local services" progress=34 accent=checking detail="Verifying the app stack is reachable on ports 3000 and 4000."
2026-05-14T21:49:45.389Z [startup] stage="Local services ready" progress=66 accent=ready detail="The desktop stack answered on both ports."
2026-05-14T21:49:45.476Z [startup-timing] t+300ms splash-did-finish-load
2026-05-14T21:49:45.967Z [startup-timing] t+790ms main-ready-to-show
2026-05-14T21:49:45.967Z [startup-timing] t+791ms handoff-reveal-scheduled hold=2200ms
2026-05-14T21:49:46.180Z [startup-timing] t+1004ms main-did-finish-load
2026-05-14T21:49:46.180Z [startup-timing] t+1004ms handoff-reveal-scheduled hold=2200ms
2026-05-14T21:49:46.181Z [startup-timing] t+1005ms local-target-connected target=http://localhost:3000/app
2026-05-14T21:49:46.181Z [startup-timing] t+1005ms handoff-reveal-scheduled hold=2200ms
2026-05-14T21:49:46.182Z [startup] stage="Local services ready" progress=66 accent=ready detail="The desktop stack answered on both ports."
2026-05-14T21:49:46.204Z [startup] stage="Checking local services" progress=34 accent=checking detail="Verifying the app stack is reachable on ports 3000 and 4000."
2026-05-14T21:49:46.205Z [startup] stage="Local services ready" progress=66 accent=ready detail="The desktop stack answered on both ports."
