2026-05-14T04:40:33.049Z [startup-timing] t+24ms app-when-ready
2026-05-14T04:40:33.050Z [startup-timing] log-path="D:\NEXUSFORGE GAMGING APP\apps\desktop\.network-smoke\hosted-22172-20260513-234029\startup.log"
2026-05-14T04:40:33.050Z [startup] stage="Booting desktop shell" progress=4 accent=warmup detail="Starting NexusForge Desktop."
2026-05-14T04:40:33.050Z [startup] stage="Preparing secure session" progress=18 accent=warmup detail="Resetting desktop storage before launch."
2026-05-14T04:40:33.051Z [startup] stage="Connecting hosted workspace" progress=32 accent=opening detail="Opening the remote NexusForge experience."
2026-05-14T04:40:33.051Z [startup-timing] t+26ms splash-window-create
2026-05-14T04:40:33.098Z [startup-timing] t+73ms main-window-create
2026-05-14T04:40:33.112Z [startup] stage="Preparing launch" progress=72 accent=checking detail="Checking updates and final startup tasks."
2026-05-14T04:40:33.113Z [startup-timing] t+88ms ensure-app-reachable-start trigger=startup
2026-05-14T04:40:33.113Z [startup] stage="Connecting hosted workspace" progress=78 accent=opening detail="Opening the remote NexusForge experience."
2026-05-14T04:40:33.233Z [startup-timing] t+207ms splash-did-finish-load
2026-05-14T04:40:33.969Z [tls] certificate bypass accepted for https://www.nexusforge.app/app (net::ERR_CERT_AUTHORITY_INVALID)
2026-05-14T04:40:34.217Z [tls] certificate bypass accepted for https://www.nexusforge.app/app (net::ERR_CERT_AUTHORITY_INVALID)
2026-05-14T04:40:38.107Z [startup-timing] t+5082ms main-ready-to-show
2026-05-14T04:40:38.107Z [startup-timing] t+5082ms handoff-reveal-scheduled hold=2200ms
2026-05-14T04:40:38.230Z [startup-timing] t+5205ms main-did-finish-load
2026-05-14T04:40:38.231Z [startup-timing] t+5206ms handoff-reveal-scheduled hold=2200ms
2026-05-14T04:40:38.231Z [startup-timing] t+5206ms hosted-target-connected target=https://www.nexusforge.app/app
2026-05-14T04:40:38.231Z [startup-timing] t+5206ms handoff-reveal-scheduled hold=2200ms
2026-05-14T04:40:38.232Z [startup] stage="Connecting hosted workspace" progress=78 accent=opening detail="Opening the remote NexusForge experience."
