
2026-05-14T23:58:25.360Z [startup-timing] t+27ms app-when-ready
2026-05-14T23:58:25.360Z [startup-timing] log-path="D:\NEXUSFORGE GAMGING APP\apps\desktop\.network-smoke\hosted-47860-20260514-185821\startup.log"
2026-05-14T23:58:25.361Z [startup] stage="Booting desktop shell" progress=4 accent=warmup detail="Starting NexusForge Desktop."
2026-05-14T23:58:25.361Z [startup] stage="Preparing secure session" progress=18 accent=warmup detail="Resetting desktop storage before launch."
2026-05-14T23:58:25.362Z [startup] stage="Connecting hosted workspace" progress=32 accent=opening detail="Opening the remote NexusForge experience."
2026-05-14T23:58:25.388Z [startup-timing] t+56ms splash-window-create
2026-05-14T23:58:25.472Z [startup-timing] t+140ms main-window-create
2026-05-14T23:58:25.510Z [startup] stage="Preparing launch" progress=72 accent=checking detail="Checking updates and final startup tasks."
2026-05-14T23:58:25.511Z [startup-timing] t+179ms ensure-app-reachable-start trigger=startup
2026-05-14T23:58:25.511Z [startup] stage="Connecting hosted workspace" progress=78 accent=opening detail="Opening the remote NexusForge experience."
2026-05-14T23:58:25.659Z [startup-timing] t+326ms splash-did-finish-load
2026-05-14T23:58:27.387Z [tls] certificate bypass accepted for https://www.nexusforge.app/app (net::ERR_CERT_AUTHORITY_INVALID)
2026-05-14T23:58:27.390Z [tls] certificate bypass accepted for https://www.nexusforge.app/app (net::ERR_CERT_AUTHORITY_INVALID)
2026-05-14T23:58:37.107Z [startup-timing] t+11775ms main-ready-to-show
2026-05-14T23:58:37.107Z [startup-timing] t+11775ms handoff-reveal-scheduled hold=2200ms
2026-05-14T23:58:38.652Z [startup-timing] t+13319ms main-did-finish-load
2026-05-14T23:58:38.652Z [startup-timing] t+13320ms handoff-reveal-scheduled hold=2200ms
2026-05-14T23:58:38.653Z [startup-timing] t+13320ms hosted-target-connected target=https://www.nexusforge.app/app
2026-05-14T23:58:38.653Z [startup-timing] t+13321ms handoff-reveal-scheduled hold=2200ms
2026-05-14T23:58:38.653Z [startup] stage="Connecting hosted workspace" progress=78 accent=opening detail="Opening the remote NexusForge experience."
