2026-05-13T23:55:13.093Z [startup-timing] t+25ms app-when-ready
2026-05-13T23:55:13.093Z [startup-timing] log-path="D:\NEXUSFORGE GAMGING APP\apps\desktop\.network-smoke\hosted-31364-20260513-185510\startup.log"
2026-05-13T23:55:13.094Z [startup] stage="Booting desktop shell" progress=4 accent=warmup detail="Starting NexusForge Desktop."
2026-05-13T23:55:13.094Z [startup] stage="Preparing secure session" progress=18 accent=warmup detail="Resetting desktop storage before launch."
2026-05-13T23:55:13.094Z [startup] stage="Connecting hosted workspace" progress=32 accent=opening detail="Opening the remote NexusForge experience."
2026-05-13T23:55:13.095Z [startup-timing] t+27ms splash-window-create
2026-05-13T23:55:13.141Z [startup-timing] t+72ms main-window-create
2026-05-13T23:55:13.217Z [startup] stage="Preparing launch" progress=72 accent=checking detail="Checking updates and final startup tasks."
2026-05-13T23:55:13.217Z [startup-timing] t+149ms ensure-app-reachable-start trigger=startup
2026-05-13T23:55:13.217Z [startup] stage="Connecting hosted workspace" progress=78 accent=opening detail="Opening the remote NexusForge experience."
2026-05-13T23:55:13.330Z [startup-timing] t+262ms splash-did-finish-load
2026-05-13T23:55:14.056Z [tls] certificate bypass accepted for https://www.nexusforge.app/app (net::ERR_CERT_AUTHORITY_INVALID)
2026-05-13T23:55:14.343Z [tls] certificate bypass accepted for https://www.nexusforge.app/app (net::ERR_CERT_AUTHORITY_INVALID)
2026-05-13T23:55:17.218Z [startup-timing] t+4150ms main-ready-to-show
2026-05-13T23:55:17.219Z [startup-timing] t+4151ms handoff-reveal-scheduled hold=2200ms
2026-05-13T23:55:17.313Z [startup-timing] t+4245ms main-did-finish-load
2026-05-13T23:55:17.313Z [startup-timing] t+4245ms handoff-reveal-scheduled hold=2200ms
2026-05-13T23:55:17.314Z [startup-timing] t+4246ms hosted-target-connected target=https://www.nexusforge.app/app
2026-05-13T23:55:17.314Z [startup-timing] t+4246ms handoff-reveal-scheduled hold=2200ms
2026-05-13T23:55:17.314Z [startup] stage="Connecting hosted workspace" progress=78 accent=opening detail="Opening the remote NexusForge experience."
