2026-05-14T19:38:17.738Z [startup-timing] t+25ms app-when-ready
2026-05-14T19:38:17.739Z [startup-timing] log-path="D:\NEXUSFORGE GAMGING APP\apps\desktop\.network-smoke\hosted-23396-20260514-143738\startup.log"
2026-05-14T19:38:17.739Z [startup] stage="Booting desktop shell" progress=4 accent=warmup detail="Starting NexusForge Desktop."
2026-05-14T19:38:17.739Z [startup] stage="Preparing secure session" progress=18 accent=warmup detail="Resetting desktop storage before launch."
2026-05-14T19:38:17.740Z [startup] stage="Connecting hosted workspace" progress=32 accent=opening detail="Opening the remote NexusForge experience."
2026-05-14T19:38:17.740Z [startup-timing] t+27ms splash-window-create
2026-05-14T19:38:17.789Z [startup-timing] t+76ms main-window-create
2026-05-14T19:38:17.813Z [startup] stage="Preparing launch" progress=72 accent=checking detail="Checking updates and final startup tasks."
2026-05-14T19:38:17.814Z [startup-timing] t+100ms ensure-app-reachable-start trigger=startup
2026-05-14T19:38:17.814Z [startup] stage="Connecting hosted workspace" progress=78 accent=opening detail="Opening the remote NexusForge experience."
2026-05-14T19:38:18.019Z [startup-timing] t+306ms splash-did-finish-load
2026-05-14T19:38:18.810Z [tls] certificate bypass accepted for https://www.nexusforge.app/app (net::ERR_CERT_AUTHORITY_INVALID)
2026-05-14T19:38:19.078Z [tls] certificate bypass accepted for https://www.nexusforge.app/app (net::ERR_CERT_AUTHORITY_INVALID)
2026-05-14T19:38:22.188Z [startup-timing] t+4475ms main-ready-to-show
2026-05-14T19:38:22.188Z [startup-timing] t+4475ms handoff-reveal-scheduled hold=2200ms
2026-05-14T19:38:22.376Z [startup-timing] t+4663ms main-did-finish-load
2026-05-14T19:38:22.376Z [startup-timing] t+4663ms handoff-reveal-scheduled hold=2200ms
2026-05-14T19:38:22.377Z [startup-timing] t+4663ms hosted-target-connected target=https://www.nexusforge.app/app
2026-05-14T19:38:22.377Z [startup-timing] t+4664ms handoff-reveal-scheduled hold=2200ms
2026-05-14T19:38:22.377Z [startup] stage="Connecting hosted workspace" progress=78 accent=opening detail="Opening the remote NexusForge experience."
