
2026-05-14T21:57:55.302Z [startup-timing] t+27ms app-when-ready
2026-05-14T21:57:55.303Z [startup-timing] log-path="D:\NEXUSFORGE GAMGING APP\apps\desktop\.network-smoke\local-41304-20260514-165754\startup.log"
2026-05-14T21:57:55.303Z [startup] stage="Booting desktop shell" progress=4 accent=warmup detail="Starting NexusForge Desktop."
2026-05-14T21:57:55.304Z [startup] stage="Preparing secure session" progress=18 accent=warmup detail="Resetting desktop storage before launch."
2026-05-14T21:57:55.311Z [startup] stage="Preparing secure session" progress=26 accent=ready detail="Desktop storage reset completed."
2026-05-14T21:57:55.312Z [startup] stage="Checking local services" progress=34 accent=checking detail="Verifying the app stack is reachable on ports 3000 and 4000."
2026-05-14T21:57:55.317Z [startup] stage="Local services ready" progress=66 accent=ready detail="The desktop stack answered on both ports."
2026-05-14T21:57:55.344Z [startup-timing] t+69ms splash-window-create
2026-05-14T21:57:55.418Z [startup-timing] t+143ms main-window-create
2026-05-14T21:57:55.446Z [startup] stage="Preparing launch" progress=72 accent=checking detail="Checking updates and final startup tasks."
2026-05-14T21:57:55.447Z [startup-timing] t+172ms ensure-app-reachable-start trigger=startup
2026-05-14T21:57:55.447Z [startup] stage="Opening app" progress=78 accent=opening detail="Connecting the desktop shell to NexusForge."
2026-05-14T21:57:55.447Z [startup] stage="Checking local services" progress=34 accent=checking detail="Verifying the app stack is reachable on ports 3000 and 4000."
2026-05-14T21:57:55.494Z [startup] stage="Local services ready" progress=66 accent=ready detail="The desktop stack answered on both ports."
2026-05-14T21:57:55.578Z [startup-timing] t+303ms splash-did-finish-load
2026-05-14T21:57:56.062Z [startup-timing] t+787ms main-ready-to-show
2026-05-14T21:57:56.063Z [startup-timing] t+788ms handoff-reveal-scheduled hold=2200ms
2026-05-14T21:57:56.270Z [startup-timing] t+995ms main-did-finish-load
2026-05-14T21:57:56.270Z [startup-timing] t+995ms handoff-reveal-scheduled hold=2200ms
2026-05-14T21:57:56.271Z [startup-timing] t+996ms local-target-connected target=http://localhost:3000/app
2026-05-14T21:57:56.271Z [startup-timing] t+996ms handoff-reveal-scheduled hold=2200ms
2026-05-14T21:57:56.271Z [startup] stage="Local services ready" progress=66 accent=ready detail="The desktop stack answered on both ports."
2026-05-14T21:57:56.290Z [startup] stage="Checking local services" progress=34 accent=checking detail="Verifying the app stack is reachable on ports 3000 and 4000."
2026-05-14T21:57:56.291Z [startup] stage="Local services ready" progress=66 accent=ready detail="The desktop stack answered on both ports."
