2026-05-14T03:37:33.773Z [startup-timing] t+30ms app-when-ready
2026-05-14T03:37:33.773Z [startup-timing] log-path="D:\NEXUSFORGE GAMGING APP\apps\desktop\.network-smoke\local-33220-20260513-223732\startup.log"
2026-05-14T03:37:33.773Z [startup] stage="Booting desktop shell" progress=4 accent=warmup detail="Starting NexusForge Desktop."
2026-05-14T03:37:33.774Z [startup] stage="Preparing secure session" progress=18 accent=warmup detail="Resetting desktop storage before launch."
2026-05-14T03:37:33.781Z [startup] stage="Preparing secure session" progress=26 accent=ready detail="Desktop storage reset completed."
2026-05-14T03:37:33.782Z [startup] stage="Checking local services" progress=34 accent=checking detail="Verifying the app stack is reachable on ports 3000 and 4000."
2026-05-14T03:37:33.788Z [startup] stage="Local services ready" progress=66 accent=ready detail="The desktop stack answered on both ports."
2026-05-14T03:37:33.788Z [startup-timing] t+46ms splash-window-create
2026-05-14T03:37:33.836Z [startup-timing] t+94ms main-window-create
2026-05-14T03:37:33.851Z [startup] stage="Preparing launch" progress=72 accent=checking detail="Checking updates and final startup tasks."
2026-05-14T03:37:33.851Z [startup-timing] t+109ms ensure-app-reachable-start trigger=startup
2026-05-14T03:37:33.852Z [startup] stage="Opening app" progress=78 accent=opening detail="Connecting the desktop shell to NexusForge."
2026-05-14T03:37:33.852Z [startup] stage="Checking local services" progress=34 accent=checking detail="Verifying the app stack is reachable on ports 3000 and 4000."
2026-05-14T03:37:33.891Z [startup] stage="Local services ready" progress=66 accent=ready detail="The desktop stack answered on both ports."
2026-05-14T03:37:33.965Z [startup-timing] t+223ms splash-did-finish-load
2026-05-14T03:37:34.413Z [startup-timing] t+670ms main-ready-to-show
2026-05-14T03:37:34.413Z [startup-timing] t+671ms handoff-reveal-scheduled hold=2200ms
2026-05-14T03:37:34.594Z [startup-timing] t+852ms main-did-finish-load
2026-05-14T03:37:34.599Z [startup-timing] t+857ms handoff-reveal-scheduled hold=2200ms
2026-05-14T03:37:34.599Z [startup-timing] t+857ms local-target-connected target=http://localhost:3000/app
2026-05-14T03:37:34.600Z [startup-timing] t+858ms handoff-reveal-scheduled hold=2200ms
2026-05-14T03:37:34.600Z [startup] stage="Local services ready" progress=66 accent=ready detail="The desktop stack answered on both ports."
2026-05-14T03:37:34.622Z [startup] stage="Checking local services" progress=34 accent=checking detail="Verifying the app stack is reachable on ports 3000 and 4000."
2026-05-14T03:37:34.624Z [startup] stage="Local services ready" progress=66 accent=ready detail="The desktop stack answered on both ports."
