
2026-05-14T21:23:31.272Z [startup-timing] t+30ms app-when-ready
2026-05-14T21:23:31.273Z [startup-timing] log-path="D:\NEXUSFORGE GAMGING APP\apps\desktop\.network-smoke\local-19460-20260514-162330\startup.log"
2026-05-14T21:23:31.273Z [startup] stage="Booting desktop shell" progress=4 accent=warmup detail="Starting NexusForge Desktop."
2026-05-14T21:23:31.274Z [startup] stage="Preparing secure session" progress=18 accent=warmup detail="Resetting desktop storage before launch."
2026-05-14T21:23:31.282Z [startup] stage="Preparing secure session" progress=26 accent=ready detail="Desktop storage reset completed."
2026-05-14T21:23:31.282Z [startup] stage="Checking local services" progress=34 accent=checking detail="Verifying the app stack is reachable on ports 3000 and 4000."
2026-05-14T21:23:31.291Z [startup] stage="Local services ready" progress=66 accent=ready detail="The desktop stack answered on both ports."
2026-05-14T21:23:31.319Z [startup-timing] t+76ms splash-window-create
2026-05-14T21:23:31.414Z [startup-timing] t+171ms main-window-create
2026-05-14T21:23:31.452Z [startup] stage="Preparing launch" progress=72 accent=checking detail="Checking updates and final startup tasks."
2026-05-14T21:23:31.453Z [startup-timing] t+211ms ensure-app-reachable-start trigger=startup
2026-05-14T21:23:31.453Z [startup] stage="Opening app" progress=78 accent=opening detail="Connecting the desktop shell to NexusForge."
2026-05-14T21:23:31.454Z [startup] stage="Checking local services" progress=34 accent=checking detail="Verifying the app stack is reachable on ports 3000 and 4000."
2026-05-14T21:23:31.512Z [startup] stage="Local services ready" progress=66 accent=ready detail="The desktop stack answered on both ports."
2026-05-14T21:23:31.616Z [startup-timing] t+374ms splash-did-finish-load
2026-05-14T21:23:32.196Z [startup-timing] t+954ms main-ready-to-show
2026-05-14T21:23:32.196Z [startup-timing] t+954ms handoff-reveal-scheduled hold=2200ms
2026-05-14T21:23:32.455Z [startup-timing] t+1212ms main-did-finish-load
2026-05-14T21:23:32.455Z [startup-timing] t+1213ms handoff-reveal-scheduled hold=2200ms
2026-05-14T21:23:32.455Z [startup-timing] t+1213ms local-target-connected target=http://localhost:3000/app
2026-05-14T21:23:32.456Z [startup-timing] t+1214ms handoff-reveal-scheduled hold=2200ms
2026-05-14T21:23:32.457Z [startup] stage="Local services ready" progress=66 accent=ready detail="The desktop stack answered on both ports."
2026-05-14T21:23:32.491Z [startup] stage="Checking local services" progress=34 accent=checking detail="Verifying the app stack is reachable on ports 3000 and 4000."
2026-05-14T21:23:32.493Z [startup] stage="Local services ready" progress=66 accent=ready detail="The desktop stack answered on both ports."
