2026-05-14T03:05:36.632Z [startup-timing] t+37ms app-when-ready
2026-05-14T03:05:36.633Z [startup-timing] log-path="D:\NEXUSFORGE GAMGING APP\apps\desktop\.network-smoke\hosted-40648-20260513-220532\startup.log"
2026-05-14T03:05:36.633Z [startup] stage="Booting desktop shell" progress=4 accent=warmup detail="Starting NexusForge Desktop."
2026-05-14T03:05:36.634Z [startup] stage="Preparing secure session" progress=18 accent=warmup detail="Resetting desktop storage before launch."
2026-05-14T03:05:36.634Z [startup] stage="Connecting hosted workspace" progress=32 accent=opening detail="Opening the remote NexusForge experience."
2026-05-14T03:05:36.634Z [startup-timing] t+39ms splash-window-create
2026-05-14T03:05:36.684Z [startup-timing] t+89ms main-window-create
2026-05-14T03:05:36.704Z [startup] stage="Preparing launch" progress=72 accent=checking detail="Checking updates and final startup tasks."
2026-05-14T03:05:36.705Z [startup-timing] t+110ms ensure-app-reachable-start trigger=startup
2026-05-14T03:05:36.705Z [startup] stage="Connecting hosted workspace" progress=78 accent=opening detail="Opening the remote NexusForge experience."
2026-05-14T03:05:36.813Z [startup-timing] t+218ms splash-did-finish-load
2026-05-14T03:05:37.613Z [tls] certificate bypass accepted for https://www.nexusforge.app/app (net::ERR_CERT_AUTHORITY_INVALID)
2026-05-14T03:05:37.849Z [tls] certificate bypass accepted for https://www.nexusforge.app/app (net::ERR_CERT_AUTHORITY_INVALID)
2026-05-14T03:05:40.745Z [startup-timing] t+4149ms main-ready-to-show
2026-05-14T03:05:40.745Z [startup-timing] t+4150ms handoff-reveal-scheduled hold=2200ms
2026-05-14T03:05:40.871Z [startup-timing] t+4276ms main-did-finish-load
2026-05-14T03:05:40.871Z [startup-timing] t+4276ms handoff-reveal-scheduled hold=2200ms
2026-05-14T03:05:40.871Z [startup-timing] t+4276ms hosted-target-connected target=https://www.nexusforge.app/app
2026-05-14T03:05:40.872Z [startup-timing] t+4277ms handoff-reveal-scheduled hold=2200ms
2026-05-14T03:05:40.872Z [startup] stage="Connecting hosted workspace" progress=78 accent=opening detail="Opening the remote NexusForge experience."
