2026-05-14T04:42:03.583Z [startup-timing] t+25ms app-when-ready
2026-05-14T04:42:03.584Z [startup-timing] log-path="D:\NEXUSFORGE GAMGING APP\apps\desktop\.network-smoke\hosted-34856-20260513-234200\startup.log"
2026-05-14T04:42:03.584Z [startup] stage="Booting desktop shell" progress=4 accent=warmup detail="Starting NexusForge Desktop."
2026-05-14T04:42:03.585Z [startup] stage="Preparing secure session" progress=18 accent=warmup detail="Resetting desktop storage before launch."
2026-05-14T04:42:03.585Z [startup] stage="Connecting hosted workspace" progress=32 accent=opening detail="Opening the remote NexusForge experience."
2026-05-14T04:42:03.585Z [startup-timing] t+27ms splash-window-create
2026-05-14T04:42:03.632Z [startup-timing] t+74ms main-window-create
2026-05-14T04:42:03.648Z [startup] stage="Preparing launch" progress=72 accent=checking detail="Checking updates and final startup tasks."
2026-05-14T04:42:03.649Z [startup-timing] t+91ms ensure-app-reachable-start trigger=startup
2026-05-14T04:42:03.649Z [startup] stage="Connecting hosted workspace" progress=78 accent=opening detail="Opening the remote NexusForge experience."
2026-05-14T04:42:03.759Z [startup-timing] t+199ms splash-did-finish-load
2026-05-14T04:42:04.496Z [tls] certificate bypass accepted for https://www.nexusforge.app/app (net::ERR_CERT_AUTHORITY_INVALID)
2026-05-14T04:42:04.759Z [tls] certificate bypass accepted for https://www.nexusforge.app/app (net::ERR_CERT_AUTHORITY_INVALID)
2026-05-14T04:42:07.954Z [startup-timing] t+4396ms main-ready-to-show
2026-05-14T04:42:07.954Z [startup-timing] t+4396ms handoff-reveal-scheduled hold=2200ms
2026-05-14T04:42:08.081Z [startup-timing] t+4523ms main-did-finish-load
2026-05-14T04:42:08.081Z [startup-timing] t+4523ms handoff-reveal-scheduled hold=2200ms
2026-05-14T04:42:08.082Z [startup-timing] t+4524ms hosted-target-connected target=https://www.nexusforge.app/app
2026-05-14T04:42:08.082Z [startup-timing] t+4524ms handoff-reveal-scheduled hold=2200ms
2026-05-14T04:42:08.082Z [startup] stage="Connecting hosted workspace" progress=78 accent=opening detail="Opening the remote NexusForge experience."
