
2026-05-14T21:51:13.095Z [startup-timing] t+26ms app-when-ready
2026-05-14T21:51:13.096Z [startup-timing] log-path="D:\NEXUSFORGE GAMGING APP\apps\desktop\.network-smoke\hosted-28772-20260514-165109\startup.log"
2026-05-14T21:51:13.096Z [startup] stage="Booting desktop shell" progress=4 accent=warmup detail="Starting NexusForge Desktop."
2026-05-14T21:51:13.097Z [startup] stage="Preparing secure session" progress=18 accent=warmup detail="Resetting desktop storage before launch."
2026-05-14T21:51:13.097Z [startup] stage="Connecting hosted workspace" progress=32 accent=opening detail="Opening the remote NexusForge experience."
2026-05-14T21:51:13.122Z [startup-timing] t+53ms splash-window-create
2026-05-14T21:51:13.204Z [startup-timing] t+135ms main-window-create
2026-05-14T21:51:13.233Z [startup] stage="Preparing launch" progress=72 accent=checking detail="Checking updates and final startup tasks."
2026-05-14T21:51:13.234Z [startup-timing] t+164ms ensure-app-reachable-start trigger=startup
2026-05-14T21:51:13.234Z [startup] stage="Connecting hosted workspace" progress=78 accent=opening detail="Opening the remote NexusForge experience."
2026-05-14T21:51:13.353Z [startup-timing] t+284ms splash-did-finish-load
2026-05-14T21:51:14.052Z [tls] certificate bypass accepted for https://www.nexusforge.app/app (net::ERR_CERT_AUTHORITY_INVALID)
2026-05-14T21:51:14.292Z [tls] certificate bypass accepted for https://www.nexusforge.app/app (net::ERR_CERT_AUTHORITY_INVALID)
2026-05-14T21:51:17.246Z [startup-timing] t+4176ms main-ready-to-show
2026-05-14T21:51:17.246Z [startup-timing] t+4177ms handoff-reveal-scheduled hold=2200ms
2026-05-14T21:51:17.344Z [startup-timing] t+4275ms main-did-finish-load
2026-05-14T21:51:17.344Z [startup-timing] t+4275ms handoff-reveal-scheduled hold=2200ms
2026-05-14T21:51:17.345Z [startup-timing] t+4276ms hosted-target-connected target=https://www.nexusforge.app/app
2026-05-14T21:51:17.345Z [startup-timing] t+4276ms handoff-reveal-scheduled hold=2200ms
2026-05-14T21:51:17.345Z [startup] stage="Connecting hosted workspace" progress=78 accent=opening detail="Opening the remote NexusForge experience."
