
2026-05-14T21:51:10.515Z [startup-timing] t+26ms app-when-ready
2026-05-14T21:51:10.515Z [startup-timing] log-path="D:\NEXUSFORGE GAMGING APP\apps\desktop\.network-smoke\local-28772-20260514-165109\startup.log"
2026-05-14T21:51:10.516Z [startup] stage="Booting desktop shell" progress=4 accent=warmup detail="Starting NexusForge Desktop."
2026-05-14T21:51:10.516Z [startup] stage="Preparing secure session" progress=18 accent=warmup detail="Resetting desktop storage before launch."
2026-05-14T21:51:10.526Z [startup] stage="Preparing secure session" progress=26 accent=ready detail="Desktop storage reset completed."
2026-05-14T21:51:10.526Z [startup] stage="Checking local services" progress=34 accent=checking detail="Verifying the app stack is reachable on ports 3000 and 4000."
2026-05-14T21:51:10.532Z [startup] stage="Local services ready" progress=66 accent=ready detail="The desktop stack answered on both ports."
2026-05-14T21:51:10.561Z [startup-timing] t+73ms splash-window-create
2026-05-14T21:51:10.635Z [startup-timing] t+147ms main-window-create
2026-05-14T21:51:10.661Z [startup] stage="Preparing launch" progress=72 accent=checking detail="Checking updates and final startup tasks."
2026-05-14T21:51:10.662Z [startup-timing] t+174ms ensure-app-reachable-start trigger=startup
2026-05-14T21:51:10.662Z [startup] stage="Opening app" progress=78 accent=opening detail="Connecting the desktop shell to NexusForge."
2026-05-14T21:51:10.662Z [startup] stage="Checking local services" progress=34 accent=checking detail="Verifying the app stack is reachable on ports 3000 and 4000."
2026-05-14T21:51:10.705Z [startup] stage="Local services ready" progress=66 accent=ready detail="The desktop stack answered on both ports."
2026-05-14T21:51:10.774Z [startup-timing] t+286ms splash-did-finish-load
2026-05-14T21:51:11.255Z [startup-timing] t+766ms main-ready-to-show
2026-05-14T21:51:11.255Z [startup-timing] t+767ms handoff-reveal-scheduled hold=2200ms
2026-05-14T21:51:11.441Z [startup-timing] t+952ms main-did-finish-load
2026-05-14T21:51:11.441Z [startup-timing] t+953ms handoff-reveal-scheduled hold=2200ms
2026-05-14T21:51:11.441Z [startup-timing] t+953ms local-target-connected target=http://localhost:3000/app
2026-05-14T21:51:11.441Z [startup-timing] t+953ms handoff-reveal-scheduled hold=2200ms
2026-05-14T21:51:11.442Z [startup] stage="Local services ready" progress=66 accent=ready detail="The desktop stack answered on both ports."
2026-05-14T21:51:11.465Z [startup] stage="Checking local services" progress=34 accent=checking detail="Verifying the app stack is reachable on ports 3000 and 4000."
2026-05-14T21:51:11.467Z [startup] stage="Local services ready" progress=66 accent=ready detail="The desktop stack answered on both ports."
