2026-05-14T03:09:17.254Z [startup-timing] t+24ms app-when-ready
2026-05-14T03:09:17.254Z [startup-timing] log-path="D:\NEXUSFORGE GAMGING APP\apps\desktop\.network-smoke\hosted-39820-20260513-220914\startup.log"
2026-05-14T03:09:17.254Z [startup] stage="Booting desktop shell" progress=4 accent=warmup detail="Starting NexusForge Desktop."
2026-05-14T03:09:17.255Z [startup] stage="Preparing secure session" progress=18 accent=warmup detail="Resetting desktop storage before launch."
2026-05-14T03:09:17.255Z [startup] stage="Connecting hosted workspace" progress=32 accent=opening detail="Opening the remote NexusForge experience."
2026-05-14T03:09:17.255Z [startup-timing] t+26ms splash-window-create
2026-05-14T03:09:17.307Z [startup-timing] t+78ms main-window-create
2026-05-14T03:09:17.325Z [startup] stage="Preparing launch" progress=72 accent=checking detail="Checking updates and final startup tasks."
2026-05-14T03:09:17.325Z [startup-timing] t+96ms ensure-app-reachable-start trigger=startup
2026-05-14T03:09:17.325Z [startup] stage="Connecting hosted workspace" progress=78 accent=opening detail="Opening the remote NexusForge experience."
2026-05-14T03:09:17.440Z [startup-timing] t+211ms splash-did-finish-load
2026-05-14T03:09:18.202Z [tls] certificate bypass accepted for https://www.nexusforge.app/app (net::ERR_CERT_AUTHORITY_INVALID)
2026-05-14T03:09:18.500Z [tls] certificate bypass accepted for https://www.nexusforge.app/app (net::ERR_CERT_AUTHORITY_INVALID)
2026-05-14T03:09:21.188Z [startup-timing] t+3959ms main-ready-to-show
2026-05-14T03:09:21.189Z [startup-timing] t+3959ms handoff-reveal-scheduled hold=2200ms
2026-05-14T03:09:21.277Z [startup-timing] t+4048ms main-did-finish-load
2026-05-14T03:09:21.278Z [startup-timing] t+4048ms handoff-reveal-scheduled hold=2200ms
2026-05-14T03:09:21.278Z [startup-timing] t+4049ms hosted-target-connected target=https://www.nexusforge.app/app
2026-05-14T03:09:21.278Z [startup-timing] t+4049ms handoff-reveal-scheduled hold=2200ms
2026-05-14T03:09:21.278Z [startup] stage="Connecting hosted workspace" progress=78 accent=opening detail="Opening the remote NexusForge experience."
