2026-05-14T03:46:41.831Z [startup-timing] t+24ms app-when-ready
2026-05-14T03:46:41.832Z [startup-timing] log-path="D:\NEXUSFORGE GAMGING APP\apps\desktop\.network-smoke\local-40424-20260513-224640\startup.log"
2026-05-14T03:46:41.832Z [startup] stage="Booting desktop shell" progress=4 accent=warmup detail="Starting NexusForge Desktop."
2026-05-14T03:46:41.832Z [startup] stage="Preparing secure session" progress=18 accent=warmup detail="Resetting desktop storage before launch."
2026-05-14T03:46:41.840Z [startup] stage="Preparing secure session" progress=26 accent=ready detail="Desktop storage reset completed."
2026-05-14T03:46:41.841Z [startup] stage="Checking local services" progress=34 accent=checking detail="Verifying the app stack is reachable on ports 3000 and 4000."
2026-05-14T03:46:41.846Z [startup] stage="Local services ready" progress=66 accent=ready detail="The desktop stack answered on both ports."
2026-05-14T03:46:41.846Z [startup-timing] t+39ms splash-window-create
2026-05-14T03:46:41.894Z [startup-timing] t+87ms main-window-create
2026-05-14T03:46:41.909Z [startup] stage="Preparing launch" progress=72 accent=checking detail="Checking updates and final startup tasks."
2026-05-14T03:46:41.909Z [startup-timing] t+102ms ensure-app-reachable-start trigger=startup
2026-05-14T03:46:41.910Z [startup] stage="Opening app" progress=78 accent=opening detail="Connecting the desktop shell to NexusForge."
2026-05-14T03:46:41.910Z [startup] stage="Checking local services" progress=34 accent=checking detail="Verifying the app stack is reachable on ports 3000 and 4000."
2026-05-14T03:46:41.949Z [startup] stage="Local services ready" progress=66 accent=ready detail="The desktop stack answered on both ports."
2026-05-14T03:46:42.015Z [startup-timing] t+208ms splash-did-finish-load
2026-05-14T03:46:42.466Z [startup-timing] t+659ms main-ready-to-show
2026-05-14T03:46:42.467Z [startup-timing] t+660ms handoff-reveal-scheduled hold=2200ms
2026-05-14T03:46:42.643Z [startup-timing] t+835ms main-did-finish-load
2026-05-14T03:46:42.643Z [startup-timing] t+836ms handoff-reveal-scheduled hold=2200ms
2026-05-14T03:46:42.643Z [startup-timing] t+836ms local-target-connected target=http://localhost:3000/app
2026-05-14T03:46:42.644Z [startup-timing] t+837ms handoff-reveal-scheduled hold=2200ms
2026-05-14T03:46:42.644Z [startup] stage="Local services ready" progress=66 accent=ready detail="The desktop stack answered on both ports."
2026-05-14T03:46:42.664Z [startup] stage="Checking local services" progress=34 accent=checking detail="Verifying the app stack is reachable on ports 3000 and 4000."
2026-05-14T03:46:42.666Z [startup] stage="Local services ready" progress=66 accent=ready detail="The desktop stack answered on both ports."
