2026-05-14T04:24:29.178Z [startup-timing] t+27ms app-when-ready
2026-05-14T04:24:29.179Z [startup-timing] log-path="D:\NEXUSFORGE GAMGING APP\apps\desktop\.network-smoke\local-6320-20260513-232428\startup.log"
2026-05-14T04:24:29.179Z [startup] stage="Booting desktop shell" progress=4 accent=warmup detail="Starting NexusForge Desktop."
2026-05-14T04:24:29.179Z [startup] stage="Preparing secure session" progress=18 accent=warmup detail="Resetting desktop storage before launch."
2026-05-14T04:24:29.186Z [startup] stage="Preparing secure session" progress=26 accent=ready detail="Desktop storage reset completed."
2026-05-14T04:24:29.187Z [startup] stage="Checking local services" progress=34 accent=checking detail="Verifying the app stack is reachable on ports 3000 and 4000."
2026-05-14T04:24:29.192Z [startup] stage="Local services ready" progress=66 accent=ready detail="The desktop stack answered on both ports."
2026-05-14T04:24:29.192Z [startup-timing] t+41ms splash-window-create
2026-05-14T04:24:29.238Z [startup-timing] t+87ms main-window-create
2026-05-14T04:24:29.254Z [startup] stage="Preparing launch" progress=72 accent=checking detail="Checking updates and final startup tasks."
2026-05-14T04:24:29.254Z [startup-timing] t+103ms ensure-app-reachable-start trigger=startup
2026-05-14T04:24:29.254Z [startup] stage="Opening app" progress=78 accent=opening detail="Connecting the desktop shell to NexusForge."
2026-05-14T04:24:29.255Z [startup] stage="Checking local services" progress=34 accent=checking detail="Verifying the app stack is reachable on ports 3000 and 4000."
2026-05-14T04:24:29.294Z [startup] stage="Local services ready" progress=66 accent=ready detail="The desktop stack answered on both ports."
2026-05-14T04:24:29.367Z [startup-timing] t+216ms splash-did-finish-load
2026-05-14T04:24:29.811Z [startup-timing] t+660ms main-ready-to-show
2026-05-14T04:24:29.812Z [startup-timing] t+661ms handoff-reveal-scheduled hold=2200ms
2026-05-14T04:24:29.969Z [startup-timing] t+818ms main-did-finish-load
2026-05-14T04:24:29.970Z [startup-timing] t+819ms handoff-reveal-scheduled hold=2200ms
2026-05-14T04:24:29.970Z [startup-timing] t+819ms local-target-connected target=http://localhost:3000/app
2026-05-14T04:24:29.970Z [startup-timing] t+819ms handoff-reveal-scheduled hold=2200ms
2026-05-14T04:24:29.970Z [startup] stage="Local services ready" progress=66 accent=ready detail="The desktop stack answered on both ports."
2026-05-14T04:24:29.989Z [startup] stage="Checking local services" progress=34 accent=checking detail="Verifying the app stack is reachable on ports 3000 and 4000."
2026-05-14T04:24:29.990Z [startup] stage="Local services ready" progress=66 accent=ready detail="The desktop stack answered on both ports."
