
2026-05-14T22:58:24.654Z [startup-timing] t+30ms app-when-ready
2026-05-14T22:58:24.654Z [startup-timing] log-path="D:\NEXUSFORGE GAMGING APP\apps\desktop\.network-smoke\hosted-40164-20260514-175819\startup.log"
2026-05-14T22:58:24.654Z [startup] stage="Booting desktop shell" progress=4 accent=warmup detail="Starting NexusForge Desktop."
2026-05-14T22:58:24.655Z [startup] stage="Preparing secure session" progress=18 accent=warmup detail="Resetting desktop storage before launch."
2026-05-14T22:58:24.655Z [startup] stage="Connecting hosted workspace" progress=32 accent=opening detail="Opening the remote NexusForge experience."
2026-05-14T22:58:24.683Z [startup-timing] t+59ms splash-window-create
2026-05-14T22:58:24.762Z [startup-timing] t+138ms main-window-create
2026-05-14T22:58:24.911Z [startup] stage="Preparing launch" progress=72 accent=checking detail="Checking updates and final startup tasks."
2026-05-14T22:58:24.912Z [startup-timing] t+288ms ensure-app-reachable-start trigger=startup
2026-05-14T22:58:24.912Z [startup] stage="Connecting hosted workspace" progress=78 accent=opening detail="Opening the remote NexusForge experience."
2026-05-14T22:58:25.165Z [startup-timing] t+541ms splash-did-finish-load
2026-05-14T22:58:26.122Z [tls] certificate bypass accepted for https://www.nexusforge.app/app (net::ERR_CERT_AUTHORITY_INVALID)
2026-05-14T22:58:26.357Z [tls] certificate bypass accepted for https://www.nexusforge.app/app (net::ERR_CERT_AUTHORITY_INVALID)
2026-05-14T22:58:32.531Z [startup-timing] t+7907ms main-ready-to-show
2026-05-14T22:58:32.532Z [startup-timing] t+7908ms handoff-reveal-scheduled hold=2200ms
2026-05-14T22:58:32.948Z [startup-timing] t+8324ms main-did-finish-load
2026-05-14T22:58:32.948Z [startup-timing] t+8324ms handoff-reveal-scheduled hold=2200ms
2026-05-14T22:58:32.949Z [startup-timing] t+8324ms hosted-target-connected target=https://www.nexusforge.app/app
2026-05-14T22:58:32.949Z [startup-timing] t+8325ms handoff-reveal-scheduled hold=2200ms
2026-05-14T22:58:32.949Z [startup] stage="Connecting hosted workspace" progress=78 accent=opening detail="Opening the remote NexusForge experience."
