
2026-05-14T21:58:34.709Z [startup-timing] t+27ms app-when-ready
2026-05-14T21:58:34.709Z [startup-timing] log-path="D:\NEXUSFORGE GAMGING APP\apps\desktop\.network-smoke\local-42688-20260514-165833\startup.log"
2026-05-14T21:58:34.709Z [startup] stage="Booting desktop shell" progress=4 accent=warmup detail="Starting NexusForge Desktop."
2026-05-14T21:58:34.710Z [startup] stage="Preparing secure session" progress=18 accent=warmup detail="Resetting desktop storage before launch."
2026-05-14T21:58:34.717Z [startup] stage="Preparing secure session" progress=26 accent=ready detail="Desktop storage reset completed."
2026-05-14T21:58:34.718Z [startup] stage="Checking local services" progress=34 accent=checking detail="Verifying the app stack is reachable on ports 3000 and 4000."
2026-05-14T21:58:34.725Z [startup] stage="Local services ready" progress=66 accent=ready detail="The desktop stack answered on both ports."
2026-05-14T21:58:34.749Z [startup-timing] t+68ms splash-window-create
2026-05-14T21:58:34.822Z [startup-timing] t+141ms main-window-create
2026-05-14T21:58:34.851Z [startup] stage="Preparing launch" progress=72 accent=checking detail="Checking updates and final startup tasks."
2026-05-14T21:58:34.852Z [startup-timing] t+171ms ensure-app-reachable-start trigger=startup
2026-05-14T21:58:34.853Z [startup] stage="Opening app" progress=78 accent=opening detail="Connecting the desktop shell to NexusForge."
2026-05-14T21:58:34.853Z [startup] stage="Checking local services" progress=34 accent=checking detail="Verifying the app stack is reachable on ports 3000 and 4000."
2026-05-14T21:58:34.898Z [startup] stage="Local services ready" progress=66 accent=ready detail="The desktop stack answered on both ports."
2026-05-14T21:58:34.978Z [startup-timing] t+297ms splash-did-finish-load
2026-05-14T21:58:35.431Z [startup-timing] t+750ms main-ready-to-show
2026-05-14T21:58:35.432Z [startup-timing] t+751ms handoff-reveal-scheduled hold=2200ms
2026-05-14T21:58:35.628Z [startup-timing] t+947ms main-did-finish-load
2026-05-14T21:58:35.628Z [startup-timing] t+947ms handoff-reveal-scheduled hold=2200ms
2026-05-14T21:58:35.628Z [startup-timing] t+947ms local-target-connected target=http://localhost:3000/app
2026-05-14T21:58:35.629Z [startup-timing] t+948ms handoff-reveal-scheduled hold=2200ms
2026-05-14T21:58:35.629Z [startup] stage="Local services ready" progress=66 accent=ready detail="The desktop stack answered on both ports."
2026-05-14T21:58:35.648Z [startup] stage="Checking local services" progress=34 accent=checking detail="Verifying the app stack is reachable on ports 3000 and 4000."
2026-05-14T21:58:35.649Z [startup] stage="Local services ready" progress=66 accent=ready detail="The desktop stack answered on both ports."
