
2026-05-15T00:13:57.718Z [startup-timing] t+28ms app-when-ready
2026-05-15T00:13:57.719Z [startup-timing] log-path="D:\NEXUSFORGE GAMGING APP\apps\desktop\.network-smoke\hosted-36100-20260514-191353\startup.log"
2026-05-15T00:13:57.719Z [startup] stage="Booting desktop shell" progress=4 accent=warmup detail="Starting NexusForge Desktop."
2026-05-15T00:13:57.720Z [startup] stage="Preparing secure session" progress=18 accent=warmup detail="Resetting desktop storage before launch."
2026-05-15T00:13:57.720Z [startup] stage="Connecting hosted workspace" progress=32 accent=opening detail="Opening the remote NexusForge experience."
2026-05-15T00:13:57.748Z [startup-timing] t+58ms splash-window-create
2026-05-15T00:13:57.832Z [startup-timing] t+142ms main-window-create
2026-05-15T00:13:57.865Z [startup] stage="Preparing launch" progress=72 accent=checking detail="Checking updates and final startup tasks."
2026-05-15T00:13:57.866Z [startup-timing] t+175ms ensure-app-reachable-start trigger=startup
2026-05-15T00:13:57.866Z [startup] stage="Connecting hosted workspace" progress=78 accent=opening detail="Opening the remote NexusForge experience."
2026-05-15T00:13:58.002Z [startup-timing] t+312ms splash-did-finish-load
2026-05-15T00:13:58.699Z [tls] certificate bypass accepted for https://www.nexusforge.app/app (net::ERR_CERT_AUTHORITY_INVALID)
2026-05-15T00:13:58.972Z [tls] certificate bypass accepted for https://www.nexusforge.app/app (net::ERR_CERT_AUTHORITY_INVALID)
2026-05-15T00:14:02.873Z [startup-timing] t+5183ms main-ready-to-show
2026-05-15T00:14:02.874Z [startup-timing] t+5184ms handoff-reveal-scheduled hold=2200ms
2026-05-15T00:14:02.952Z [startup-timing] t+5262ms main-did-finish-load
2026-05-15T00:14:02.953Z [startup-timing] t+5262ms handoff-reveal-scheduled hold=2200ms
2026-05-15T00:14:02.953Z [startup-timing] t+5263ms hosted-target-connected target=https://www.nexusforge.app/app
2026-05-15T00:14:02.953Z [startup-timing] t+5263ms handoff-reveal-scheduled hold=2200ms
2026-05-15T00:14:02.953Z [startup] stage="Connecting hosted workspace" progress=78 accent=opening detail="Opening the remote NexusForge experience."
