
2026-05-14T21:55:03.883Z [startup-timing] t+26ms app-when-ready
2026-05-14T21:55:03.884Z [startup-timing] log-path="D:\NEXUSFORGE GAMGING APP\apps\desktop\.network-smoke\local-37316-20260514-165502\startup.log"
2026-05-14T21:55:03.884Z [startup] stage="Booting desktop shell" progress=4 accent=warmup detail="Starting NexusForge Desktop."
2026-05-14T21:55:03.885Z [startup] stage="Preparing secure session" progress=18 accent=warmup detail="Resetting desktop storage before launch."
2026-05-14T21:55:03.893Z [startup] stage="Preparing secure session" progress=26 accent=ready detail="Desktop storage reset completed."
2026-05-14T21:55:03.893Z [startup] stage="Checking local services" progress=34 accent=checking detail="Verifying the app stack is reachable on ports 3000 and 4000."
2026-05-14T21:55:03.899Z [startup] stage="Local services ready" progress=66 accent=ready detail="The desktop stack answered on both ports."
2026-05-14T21:55:03.925Z [startup-timing] t+68ms splash-window-create
2026-05-14T21:55:03.986Z [startup-timing] t+129ms main-window-create
2026-05-14T21:55:04.013Z [startup] stage="Preparing launch" progress=72 accent=checking detail="Checking updates and final startup tasks."
2026-05-14T21:55:04.013Z [startup-timing] t+156ms ensure-app-reachable-start trigger=startup
2026-05-14T21:55:04.014Z [startup] stage="Opening app" progress=78 accent=opening detail="Connecting the desktop shell to NexusForge."
2026-05-14T21:55:04.014Z [startup] stage="Checking local services" progress=34 accent=checking detail="Verifying the app stack is reachable on ports 3000 and 4000."
2026-05-14T21:55:04.074Z [startup] stage="Local services ready" progress=66 accent=ready detail="The desktop stack answered on both ports."
2026-05-14T21:55:04.169Z [startup-timing] t+312ms splash-did-finish-load
2026-05-14T21:55:04.596Z [startup-timing] t+739ms main-ready-to-show
2026-05-14T21:55:04.596Z [startup-timing] t+739ms handoff-reveal-scheduled hold=2200ms
2026-05-14T21:55:04.807Z [startup-timing] t+950ms main-did-finish-load
2026-05-14T21:55:04.807Z [startup-timing] t+950ms handoff-reveal-scheduled hold=2200ms
2026-05-14T21:55:04.808Z [startup-timing] t+951ms local-target-connected target=http://localhost:3000/app
2026-05-14T21:55:04.808Z [startup-timing] t+951ms handoff-reveal-scheduled hold=2200ms
2026-05-14T21:55:04.808Z [startup] stage="Local services ready" progress=66 accent=ready detail="The desktop stack answered on both ports."
2026-05-14T21:55:04.835Z [startup] stage="Checking local services" progress=34 accent=checking detail="Verifying the app stack is reachable on ports 3000 and 4000."
2026-05-14T21:55:04.837Z [startup] stage="Local services ready" progress=66 accent=ready detail="The desktop stack answered on both ports."
