2026-05-14T04:26:46.970Z [startup-timing] t+27ms app-when-ready
2026-05-14T04:26:46.971Z [startup-timing] log-path="D:\NEXUSFORGE GAMGING APP\apps\desktop\.network-smoke\local-25464-20260513-232646\startup.log"
2026-05-14T04:26:46.971Z [startup] stage="Booting desktop shell" progress=4 accent=warmup detail="Starting NexusForge Desktop."
2026-05-14T04:26:46.972Z [startup] stage="Preparing secure session" progress=18 accent=warmup detail="Resetting desktop storage before launch."
2026-05-14T04:26:46.979Z [startup] stage="Preparing secure session" progress=26 accent=ready detail="Desktop storage reset completed."
2026-05-14T04:26:46.980Z [startup] stage="Checking local services" progress=34 accent=checking detail="Verifying the app stack is reachable on ports 3000 and 4000."
2026-05-14T04:26:46.984Z [startup] stage="Local services ready" progress=66 accent=ready detail="The desktop stack answered on both ports."
2026-05-14T04:26:46.985Z [startup-timing] t+41ms splash-window-create
2026-05-14T04:26:47.030Z [startup-timing] t+87ms main-window-create
2026-05-14T04:26:47.049Z [startup] stage="Preparing launch" progress=72 accent=checking detail="Checking updates and final startup tasks."
2026-05-14T04:26:47.050Z [startup-timing] t+107ms ensure-app-reachable-start trigger=startup
2026-05-14T04:26:47.050Z [startup] stage="Opening app" progress=78 accent=opening detail="Connecting the desktop shell to NexusForge."
2026-05-14T04:26:47.050Z [startup] stage="Checking local services" progress=34 accent=checking detail="Verifying the app stack is reachable on ports 3000 and 4000."
2026-05-14T04:26:47.089Z [startup] stage="Local services ready" progress=66 accent=ready detail="The desktop stack answered on both ports."
2026-05-14T04:26:47.156Z [startup-timing] t+213ms splash-did-finish-load
2026-05-14T04:26:47.594Z [startup-timing] t+651ms main-ready-to-show
2026-05-14T04:26:47.595Z [startup-timing] t+652ms handoff-reveal-scheduled hold=2200ms
2026-05-14T04:26:47.776Z [startup-timing] t+832ms main-did-finish-load
2026-05-14T04:26:47.776Z [startup-timing] t+833ms handoff-reveal-scheduled hold=2200ms
2026-05-14T04:26:47.776Z [startup-timing] t+833ms local-target-connected target=http://localhost:3000/app
2026-05-14T04:26:47.777Z [startup-timing] t+833ms handoff-reveal-scheduled hold=2200ms
2026-05-14T04:26:47.777Z [startup] stage="Local services ready" progress=66 accent=ready detail="The desktop stack answered on both ports."
2026-05-14T04:26:47.799Z [startup] stage="Checking local services" progress=34 accent=checking detail="Verifying the app stack is reachable on ports 3000 and 4000."
2026-05-14T04:26:47.800Z [startup] stage="Local services ready" progress=66 accent=ready detail="The desktop stack answered on both ports."
