
2026-05-14T20:43:56.821Z [startup-timing] t+29ms app-when-ready
2026-05-14T20:43:56.822Z [startup-timing] log-path="D:\NEXUSFORGE GAMGING APP\apps\desktop\.network-smoke\local-18452-20260514-154355\startup.log"
2026-05-14T20:43:56.822Z [startup] stage="Booting desktop shell" progress=4 accent=warmup detail="Starting NexusForge Desktop."
2026-05-14T20:43:56.823Z [startup] stage="Preparing secure session" progress=18 accent=warmup detail="Resetting desktop storage before launch."
2026-05-14T20:43:56.832Z [startup] stage="Preparing secure session" progress=26 accent=ready detail="Desktop storage reset completed."
2026-05-14T20:43:56.832Z [startup] stage="Checking local services" progress=34 accent=checking detail="Verifying the app stack is reachable on ports 3000 and 4000."
2026-05-14T20:43:56.837Z [startup] stage="Local services ready" progress=66 accent=ready detail="The desktop stack answered on both ports."
2026-05-14T20:43:56.838Z [startup-timing] t+46ms splash-window-create
2026-05-14T20:43:56.895Z [startup-timing] t+102ms main-window-create
2026-05-14T20:43:56.913Z [startup] stage="Preparing launch" progress=72 accent=checking detail="Checking updates and final startup tasks."
2026-05-14T20:43:56.913Z [startup-timing] t+121ms ensure-app-reachable-start trigger=startup
2026-05-14T20:43:56.914Z [startup] stage="Opening app" progress=78 accent=opening detail="Connecting the desktop shell to NexusForge."
2026-05-14T20:43:56.914Z [startup] stage="Checking local services" progress=34 accent=checking detail="Verifying the app stack is reachable on ports 3000 and 4000."
2026-05-14T20:43:56.959Z [startup] stage="Local services ready" progress=66 accent=ready detail="The desktop stack answered on both ports."
2026-05-14T20:43:57.036Z [startup-timing] t+243ms splash-did-finish-load
2026-05-14T20:43:57.542Z [startup-timing] t+750ms main-ready-to-show
2026-05-14T20:43:57.543Z [startup-timing] t+750ms handoff-reveal-scheduled hold=2200ms
2026-05-14T20:43:58.117Z [startup-timing] t+1325ms main-did-finish-load
2026-05-14T20:43:58.118Z [startup-timing] t+1326ms handoff-reveal-scheduled hold=2200ms
2026-05-14T20:43:58.118Z [startup-timing] t+1326ms local-target-connected target=http://localhost:3000/app
2026-05-14T20:43:58.119Z [startup-timing] t+1326ms handoff-reveal-scheduled hold=2200ms
2026-05-14T20:43:58.119Z [startup] stage="Local services ready" progress=66 accent=ready detail="The desktop stack answered on both ports."
2026-05-14T20:43:58.150Z [startup] stage="Checking local services" progress=34 accent=checking detail="Verifying the app stack is reachable on ports 3000 and 4000."
2026-05-14T20:43:58.152Z [startup] stage="Local services ready" progress=66 accent=ready detail="The desktop stack answered on both ports."
