
2026-05-14T22:24:00.872Z [startup-timing] t+26ms app-when-ready
2026-05-14T22:24:00.872Z [startup-timing] log-path="D:\NEXUSFORGE GAMGING APP\apps\desktop\.network-smoke\local-29428-20260514-172359\startup.log"
2026-05-14T22:24:00.872Z [startup] stage="Booting desktop shell" progress=4 accent=warmup detail="Starting NexusForge Desktop."
2026-05-14T22:24:00.873Z [startup] stage="Preparing secure session" progress=18 accent=warmup detail="Resetting desktop storage before launch."
2026-05-14T22:24:00.881Z [startup] stage="Preparing secure session" progress=26 accent=ready detail="Desktop storage reset completed."
2026-05-14T22:24:00.882Z [startup] stage="Checking local services" progress=34 accent=checking detail="Verifying the app stack is reachable on ports 3000 and 4000."
2026-05-14T22:24:00.887Z [startup] stage="Local services ready" progress=66 accent=ready detail="The desktop stack answered on both ports."
2026-05-14T22:24:00.911Z [startup-timing] t+65ms splash-window-create
2026-05-14T22:24:00.984Z [startup-timing] t+138ms main-window-create
2026-05-14T22:24:01.011Z [startup] stage="Preparing launch" progress=72 accent=checking detail="Checking updates and final startup tasks."
2026-05-14T22:24:01.012Z [startup-timing] t+166ms ensure-app-reachable-start trigger=startup
2026-05-14T22:24:01.012Z [startup] stage="Opening app" progress=78 accent=opening detail="Connecting the desktop shell to NexusForge."
2026-05-14T22:24:01.013Z [startup] stage="Checking local services" progress=34 accent=checking detail="Verifying the app stack is reachable on ports 3000 and 4000."
2026-05-14T22:24:01.061Z [startup] stage="Local services ready" progress=66 accent=ready detail="The desktop stack answered on both ports."
2026-05-14T22:24:01.149Z [startup-timing] t+303ms splash-did-finish-load
2026-05-14T22:24:01.611Z [startup-timing] t+764ms main-ready-to-show
2026-05-14T22:24:01.611Z [startup-timing] t+765ms handoff-reveal-scheduled hold=2200ms
2026-05-14T22:24:01.787Z [startup-timing] t+941ms main-did-finish-load
2026-05-14T22:24:01.787Z [startup-timing] t+941ms handoff-reveal-scheduled hold=2200ms
2026-05-14T22:24:01.788Z [startup-timing] t+942ms local-target-connected target=http://localhost:3000/app
2026-05-14T22:24:01.788Z [startup-timing] t+942ms handoff-reveal-scheduled hold=2200ms
2026-05-14T22:24:01.788Z [startup] stage="Local services ready" progress=66 accent=ready detail="The desktop stack answered on both ports."
2026-05-14T22:24:01.808Z [startup] stage="Checking local services" progress=34 accent=checking detail="Verifying the app stack is reachable on ports 3000 and 4000."
2026-05-14T22:24:01.810Z [startup] stage="Local services ready" progress=66 accent=ready detail="The desktop stack answered on both ports."
