
2026-05-14T21:14:58.652Z [startup-timing] t+31ms app-when-ready
2026-05-14T21:14:58.652Z [startup-timing] log-path="D:\NEXUSFORGE GAMGING APP\apps\desktop\.network-smoke\local-36892-20260514-161457\startup.log"
2026-05-14T21:14:58.653Z [startup] stage="Booting desktop shell" progress=4 accent=warmup detail="Starting NexusForge Desktop."
2026-05-14T21:14:58.653Z [startup] stage="Preparing secure session" progress=18 accent=warmup detail="Resetting desktop storage before launch."
2026-05-14T21:14:58.661Z [startup] stage="Preparing secure session" progress=26 accent=ready detail="Desktop storage reset completed."
2026-05-14T21:14:58.664Z [startup] stage="Checking local services" progress=34 accent=checking detail="Verifying the app stack is reachable on ports 3000 and 4000."
2026-05-14T21:14:58.671Z [startup] stage="Local services ready" progress=66 accent=ready detail="The desktop stack answered on both ports."
2026-05-14T21:14:58.671Z [startup-timing] t+50ms splash-window-create
2026-05-14T21:14:58.761Z [startup-timing] t+140ms main-window-create
2026-05-14T21:14:58.793Z [startup] stage="Preparing launch" progress=72 accent=checking detail="Checking updates and final startup tasks."
2026-05-14T21:14:58.794Z [startup-timing] t+173ms ensure-app-reachable-start trigger=startup
2026-05-14T21:14:58.794Z [startup] stage="Opening app" progress=78 accent=opening detail="Connecting the desktop shell to NexusForge."
2026-05-14T21:14:58.795Z [startup] stage="Checking local services" progress=34 accent=checking detail="Verifying the app stack is reachable on ports 3000 and 4000."
2026-05-14T21:14:58.841Z [startup] stage="Local services ready" progress=66 accent=ready detail="The desktop stack answered on both ports."
2026-05-14T21:14:58.938Z [startup-timing] t+316ms splash-did-finish-load
2026-05-14T21:14:59.474Z [startup-timing] t+853ms main-ready-to-show
2026-05-14T21:14:59.475Z [startup-timing] t+854ms handoff-reveal-scheduled hold=2200ms
2026-05-14T21:14:59.698Z [startup-timing] t+1077ms main-did-finish-load
2026-05-14T21:14:59.699Z [startup-timing] t+1077ms handoff-reveal-scheduled hold=2200ms
2026-05-14T21:14:59.699Z [startup-timing] t+1078ms local-target-connected target=http://localhost:3000/app
2026-05-14T21:14:59.700Z [startup-timing] t+1078ms handoff-reveal-scheduled hold=2200ms
2026-05-14T21:14:59.700Z [startup] stage="Local services ready" progress=66 accent=ready detail="The desktop stack answered on both ports."
2026-05-14T21:14:59.737Z [startup] stage="Checking local services" progress=34 accent=checking detail="Verifying the app stack is reachable on ports 3000 and 4000."
2026-05-14T21:14:59.739Z [startup] stage="Local services ready" progress=66 accent=ready detail="The desktop stack answered on both ports."
