
2026-05-14T21:42:30.725Z [startup-timing] t+28ms app-when-ready
2026-05-14T21:42:30.725Z [startup-timing] log-path="D:\NEXUSFORGE GAMGING APP\apps\desktop\.network-smoke\local-36788-20260514-164229\startup.log"
2026-05-14T21:42:30.725Z [startup] stage="Booting desktop shell" progress=4 accent=warmup detail="Starting NexusForge Desktop."
2026-05-14T21:42:30.726Z [startup] stage="Preparing secure session" progress=18 accent=warmup detail="Resetting desktop storage before launch."
2026-05-14T21:42:30.735Z [startup] stage="Preparing secure session" progress=26 accent=ready detail="Desktop storage reset completed."
2026-05-14T21:42:30.736Z [startup] stage="Checking local services" progress=34 accent=checking detail="Verifying the app stack is reachable on ports 3000 and 4000."
2026-05-14T21:42:30.741Z [startup] stage="Local services ready" progress=66 accent=ready detail="The desktop stack answered on both ports."
2026-05-14T21:42:30.768Z [startup-timing] t+70ms splash-window-create
2026-05-14T21:42:30.840Z [startup-timing] t+143ms main-window-create
2026-05-14T21:42:30.869Z [startup] stage="Preparing launch" progress=72 accent=checking detail="Checking updates and final startup tasks."
2026-05-14T21:42:30.869Z [startup-timing] t+172ms ensure-app-reachable-start trigger=startup
2026-05-14T21:42:30.870Z [startup] stage="Opening app" progress=78 accent=opening detail="Connecting the desktop shell to NexusForge."
2026-05-14T21:42:30.870Z [startup] stage="Checking local services" progress=34 accent=checking detail="Verifying the app stack is reachable on ports 3000 and 4000."
2026-05-14T21:42:30.918Z [startup] stage="Local services ready" progress=66 accent=ready detail="The desktop stack answered on both ports."
2026-05-14T21:42:31.004Z [startup-timing] t+307ms splash-did-finish-load
2026-05-14T21:42:31.450Z [startup-timing] t+753ms main-ready-to-show
2026-05-14T21:42:31.451Z [startup-timing] t+754ms handoff-reveal-scheduled hold=2200ms
2026-05-14T21:42:31.669Z [startup-timing] t+972ms main-did-finish-load
2026-05-14T21:42:31.670Z [startup-timing] t+972ms handoff-reveal-scheduled hold=2200ms
2026-05-14T21:42:31.670Z [startup-timing] t+973ms local-target-connected target=http://localhost:3000/app
2026-05-14T21:42:31.670Z [startup-timing] t+973ms handoff-reveal-scheduled hold=2200ms
2026-05-14T21:42:31.670Z [startup] stage="Local services ready" progress=66 accent=ready detail="The desktop stack answered on both ports."
2026-05-14T21:42:31.689Z [startup] stage="Checking local services" progress=34 accent=checking detail="Verifying the app stack is reachable on ports 3000 and 4000."
2026-05-14T21:42:31.691Z [startup] stage="Local services ready" progress=66 accent=ready detail="The desktop stack answered on both ports."
