2026-05-14T03:13:00.954Z [startup-timing] t+29ms app-when-ready
2026-05-14T03:13:00.954Z [startup-timing] log-path="D:\NEXUSFORGE GAMGING APP\apps\desktop\.network-smoke\local-34212-20260513-221259\startup.log"
2026-05-14T03:13:00.955Z [startup] stage="Booting desktop shell" progress=4 accent=warmup detail="Starting NexusForge Desktop."
2026-05-14T03:13:00.955Z [startup] stage="Preparing secure session" progress=18 accent=warmup detail="Resetting desktop storage before launch."
2026-05-14T03:13:00.962Z [startup] stage="Preparing secure session" progress=26 accent=ready detail="Desktop storage reset completed."
2026-05-14T03:13:00.962Z [startup] stage="Checking local services" progress=34 accent=checking detail="Verifying the app stack is reachable on ports 3000 and 4000."
2026-05-14T03:13:00.968Z [startup] stage="Local services ready" progress=66 accent=ready detail="The desktop stack answered on both ports."
2026-05-14T03:13:00.968Z [startup-timing] t+44ms splash-window-create
2026-05-14T03:13:01.017Z [startup-timing] t+93ms main-window-create
2026-05-14T03:13:01.029Z [startup] stage="Preparing launch" progress=72 accent=checking detail="Checking updates and final startup tasks."
2026-05-14T03:13:01.029Z [startup-timing] t+105ms ensure-app-reachable-start trigger=startup
2026-05-14T03:13:01.030Z [startup] stage="Opening app" progress=78 accent=opening detail="Connecting the desktop shell to NexusForge."
2026-05-14T03:13:01.030Z [startup] stage="Checking local services" progress=34 accent=checking detail="Verifying the app stack is reachable on ports 3000 and 4000."
2026-05-14T03:13:01.072Z [startup] stage="Local services ready" progress=66 accent=ready detail="The desktop stack answered on both ports."
2026-05-14T03:13:01.136Z [startup-timing] t+212ms splash-did-finish-load
2026-05-14T03:13:01.608Z [startup-timing] t+684ms main-ready-to-show
2026-05-14T03:13:01.609Z [startup-timing] t+685ms handoff-reveal-scheduled hold=2200ms
2026-05-14T03:13:01.794Z [startup-timing] t+869ms main-did-finish-load
2026-05-14T03:13:01.794Z [startup-timing] t+870ms handoff-reveal-scheduled hold=2200ms
2026-05-14T03:13:01.794Z [startup-timing] t+870ms local-target-connected target=http://localhost:3000/app
2026-05-14T03:13:01.795Z [startup-timing] t+871ms handoff-reveal-scheduled hold=2200ms
2026-05-14T03:13:01.795Z [startup] stage="Local services ready" progress=66 accent=ready detail="The desktop stack answered on both ports."
2026-05-14T03:13:01.814Z [startup] stage="Checking local services" progress=34 accent=checking detail="Verifying the app stack is reachable on ports 3000 and 4000."
2026-05-14T03:13:01.816Z [startup] stage="Local services ready" progress=66 accent=ready detail="The desktop stack answered on both ports."
