
2026-05-14T22:47:08.964Z [startup-timing] t+29ms app-when-ready
2026-05-14T22:47:08.965Z [startup-timing] log-path="D:\NEXUSFORGE GAMGING APP\apps\desktop\.network-smoke\local-47992-20260514-174707\startup.log"
2026-05-14T22:47:08.965Z [startup] stage="Booting desktop shell" progress=4 accent=warmup detail="Starting NexusForge Desktop."
2026-05-14T22:47:08.966Z [startup] stage="Preparing secure session" progress=18 accent=warmup detail="Resetting desktop storage before launch."
2026-05-14T22:47:08.973Z [startup] stage="Preparing secure session" progress=26 accent=ready detail="Desktop storage reset completed."
2026-05-14T22:47:08.974Z [startup] stage="Checking local services" progress=34 accent=checking detail="Verifying the app stack is reachable on ports 3000 and 4000."
2026-05-14T22:47:08.981Z [startup] stage="Local services ready" progress=66 accent=ready detail="The desktop stack answered on both ports."
2026-05-14T22:47:10.013Z [startup-timing] t+1078ms splash-window-create
2026-05-14T22:47:10.090Z [startup-timing] t+1155ms main-window-create
2026-05-14T22:47:10.123Z [startup] stage="Preparing launch" progress=72 accent=checking detail="Checking updates and final startup tasks."
2026-05-14T22:47:10.123Z [startup-timing] t+1188ms ensure-app-reachable-start trigger=startup
2026-05-14T22:47:10.124Z [startup] stage="Opening app" progress=78 accent=opening detail="Connecting the desktop shell to NexusForge."
2026-05-14T22:47:10.124Z [startup] stage="Checking local services" progress=34 accent=checking detail="Verifying the app stack is reachable on ports 3000 and 4000."
2026-05-14T22:47:10.183Z [startup] stage="Local services ready" progress=66 accent=ready detail="The desktop stack answered on both ports."
2026-05-14T22:47:10.301Z [startup-timing] t+1366ms splash-did-finish-load
2026-05-14T22:47:10.770Z [startup-timing] t+1835ms main-ready-to-show
2026-05-14T22:47:10.771Z [startup-timing] t+1836ms handoff-reveal-scheduled hold=2200ms
2026-05-14T22:47:10.994Z [startup-timing] t+2058ms main-did-finish-load
2026-05-14T22:47:10.994Z [startup-timing] t+2059ms handoff-reveal-scheduled hold=2200ms
2026-05-14T22:47:10.995Z [startup-timing] t+2059ms local-target-connected target=http://localhost:3000/app
2026-05-14T22:47:10.995Z [startup-timing] t+2060ms handoff-reveal-scheduled hold=2200ms
2026-05-14T22:47:10.995Z [startup] stage="Local services ready" progress=66 accent=ready detail="The desktop stack answered on both ports."
2026-05-14T22:47:11.028Z [startup] stage="Checking local services" progress=34 accent=checking detail="Verifying the app stack is reachable on ports 3000 and 4000."
2026-05-14T22:47:11.030Z [startup] stage="Local services ready" progress=66 accent=ready detail="The desktop stack answered on both ports."
