
2026-05-14T21:59:18.412Z [startup-timing] t+26ms app-when-ready
2026-05-14T21:59:18.412Z [startup-timing] log-path="D:\NEXUSFORGE GAMGING APP\apps\desktop\.network-smoke\local-13212-20260514-165917\startup.log"
2026-05-14T21:59:18.413Z [startup] stage="Booting desktop shell" progress=4 accent=warmup detail="Starting NexusForge Desktop."
2026-05-14T21:59:18.413Z [startup] stage="Preparing secure session" progress=18 accent=warmup detail="Resetting desktop storage before launch."
2026-05-14T21:59:18.423Z [startup] stage="Preparing secure session" progress=26 accent=ready detail="Desktop storage reset completed."
2026-05-14T21:59:18.423Z [startup] stage="Checking local services" progress=34 accent=checking detail="Verifying the app stack is reachable on ports 3000 and 4000."
2026-05-14T21:59:18.428Z [startup] stage="Local services ready" progress=66 accent=ready detail="The desktop stack answered on both ports."
2026-05-14T21:59:18.457Z [startup-timing] t+71ms splash-window-create
2026-05-14T21:59:18.534Z [startup-timing] t+148ms main-window-create
2026-05-14T21:59:18.562Z [startup] stage="Preparing launch" progress=72 accent=checking detail="Checking updates and final startup tasks."
2026-05-14T21:59:18.562Z [startup-timing] t+176ms ensure-app-reachable-start trigger=startup
2026-05-14T21:59:18.563Z [startup] stage="Opening app" progress=78 accent=opening detail="Connecting the desktop shell to NexusForge."
2026-05-14T21:59:18.563Z [startup] stage="Checking local services" progress=34 accent=checking detail="Verifying the app stack is reachable on ports 3000 and 4000."
2026-05-14T21:59:18.609Z [startup] stage="Local services ready" progress=66 accent=ready detail="The desktop stack answered on both ports."
2026-05-14T21:59:18.687Z [startup-timing] t+301ms splash-did-finish-load
2026-05-14T21:59:19.151Z [startup-timing] t+764ms main-ready-to-show
2026-05-14T21:59:19.151Z [startup-timing] t+765ms handoff-reveal-scheduled hold=2200ms
2026-05-14T21:59:19.347Z [startup-timing] t+960ms main-did-finish-load
2026-05-14T21:59:19.347Z [startup-timing] t+961ms handoff-reveal-scheduled hold=2200ms
2026-05-14T21:59:19.347Z [startup-timing] t+961ms local-target-connected target=http://localhost:3000/app
2026-05-14T21:59:19.348Z [startup-timing] t+961ms handoff-reveal-scheduled hold=2200ms
2026-05-14T21:59:19.348Z [startup] stage="Local services ready" progress=66 accent=ready detail="The desktop stack answered on both ports."
2026-05-14T21:59:19.367Z [startup] stage="Checking local services" progress=34 accent=checking detail="Verifying the app stack is reachable on ports 3000 and 4000."
2026-05-14T21:59:19.368Z [startup] stage="Local services ready" progress=66 accent=ready detail="The desktop stack answered on both ports."
