
2026-05-14T21:27:55.316Z [startup-timing] t+32ms app-when-ready
2026-05-14T21:27:55.317Z [startup-timing] log-path="D:\NEXUSFORGE GAMGING APP\apps\desktop\.network-smoke\hosted-15572-20260514-162751\startup.log"
2026-05-14T21:27:55.317Z [startup] stage="Booting desktop shell" progress=4 accent=warmup detail="Starting NexusForge Desktop."
2026-05-14T21:27:55.318Z [startup] stage="Preparing secure session" progress=18 accent=warmup detail="Resetting desktop storage before launch."
2026-05-14T21:27:55.318Z [startup] stage="Connecting hosted workspace" progress=32 accent=opening detail="Opening the remote NexusForge experience."
2026-05-14T21:27:55.346Z [startup-timing] t+62ms splash-window-create
2026-05-14T21:27:55.448Z [startup-timing] t+164ms main-window-create
2026-05-14T21:27:55.489Z [startup] stage="Preparing launch" progress=72 accent=checking detail="Checking updates and final startup tasks."
2026-05-14T21:27:55.490Z [startup-timing] t+206ms ensure-app-reachable-start trigger=startup
2026-05-14T21:27:55.491Z [startup] stage="Connecting hosted workspace" progress=78 accent=opening detail="Opening the remote NexusForge experience."
2026-05-14T21:27:55.630Z [startup-timing] t+346ms splash-did-finish-load
2026-05-14T21:27:56.842Z [tls] certificate bypass accepted for https://www.nexusforge.app/app (net::ERR_CERT_AUTHORITY_INVALID)
2026-05-14T21:27:57.229Z [tls] certificate bypass accepted for https://www.nexusforge.app/app (net::ERR_CERT_AUTHORITY_INVALID)
2026-05-14T21:28:17.064Z [startup-timing] t+21780ms main-ready-to-show
2026-05-14T21:28:17.064Z [startup-timing] t+21780ms handoff-reveal-scheduled hold=2200ms
2026-05-14T21:28:17.577Z [startup-timing] t+22293ms main-did-finish-load
2026-05-14T21:28:17.577Z [startup-timing] t+22293ms handoff-reveal-scheduled hold=2200ms
2026-05-14T21:28:17.578Z [startup-timing] t+22294ms hosted-target-connected target=https://www.nexusforge.app/app
2026-05-14T21:28:17.578Z [startup-timing] t+22294ms handoff-reveal-scheduled hold=2200ms
2026-05-14T21:28:17.578Z [startup] stage="Connecting hosted workspace" progress=78 accent=opening detail="Opening the remote NexusForge experience."
