
2026-05-14T22:40:05.488Z [startup-timing] t+42ms app-when-ready
2026-05-14T22:40:05.489Z [startup-timing] log-path="D:\NEXUSFORGE GAMGING APP\apps\desktop\.network-smoke\local-7712-20260514-174004\startup.log"
2026-05-14T22:40:05.489Z [startup] stage="Booting desktop shell" progress=4 accent=warmup detail="Starting NexusForge Desktop."
2026-05-14T22:40:05.490Z [startup] stage="Preparing secure session" progress=18 accent=warmup detail="Resetting desktop storage before launch."
2026-05-14T22:40:05.503Z [startup] stage="Preparing secure session" progress=26 accent=ready detail="Desktop storage reset completed."
2026-05-14T22:40:05.503Z [startup] stage="Checking local services" progress=34 accent=checking detail="Verifying the app stack is reachable on ports 3000 and 4000."
2026-05-14T22:40:05.510Z [startup] stage="Local services ready" progress=66 accent=ready detail="The desktop stack answered on both ports."
2026-05-14T22:40:05.540Z [startup-timing] t+94ms splash-window-create
2026-05-14T22:40:05.622Z [startup-timing] t+176ms main-window-create
2026-05-14T22:40:05.667Z [startup] stage="Preparing launch" progress=72 accent=checking detail="Checking updates and final startup tasks."
2026-05-14T22:40:05.668Z [startup-timing] t+221ms ensure-app-reachable-start trigger=startup
2026-05-14T22:40:05.668Z [startup] stage="Opening app" progress=78 accent=opening detail="Connecting the desktop shell to NexusForge."
2026-05-14T22:40:05.668Z [startup] stage="Checking local services" progress=34 accent=checking detail="Verifying the app stack is reachable on ports 3000 and 4000."
2026-05-14T22:40:05.736Z [startup] stage="Local services ready" progress=66 accent=ready detail="The desktop stack answered on both ports."
2026-05-14T22:40:05.848Z [startup-timing] t+402ms splash-did-finish-load
2026-05-14T22:40:06.313Z [startup-timing] t+866ms main-ready-to-show
2026-05-14T22:40:06.313Z [startup-timing] t+867ms handoff-reveal-scheduled hold=2200ms
2026-05-14T22:40:06.583Z [startup-timing] t+1136ms main-did-finish-load
2026-05-14T22:40:06.583Z [startup-timing] t+1137ms handoff-reveal-scheduled hold=2200ms
2026-05-14T22:40:06.584Z [startup-timing] t+1137ms local-target-connected target=http://localhost:3000/app
2026-05-14T22:40:06.584Z [startup-timing] t+1138ms handoff-reveal-scheduled hold=2200ms
2026-05-14T22:40:06.584Z [startup] stage="Local services ready" progress=66 accent=ready detail="The desktop stack answered on both ports."
2026-05-14T22:40:06.628Z [startup] stage="Checking local services" progress=34 accent=checking detail="Verifying the app stack is reachable on ports 3000 and 4000."
2026-05-14T22:40:06.630Z [startup] stage="Local services ready" progress=66 accent=ready detail="The desktop stack answered on both ports."
