2026-05-14T03:17:27.334Z [startup-timing] t+27ms app-when-ready
2026-05-14T03:17:27.334Z [startup-timing] log-path="D:\NEXUSFORGE GAMGING APP\apps\desktop\.network-smoke\local-1568-20260513-221726\startup.log"
2026-05-14T03:17:27.335Z [startup] stage="Booting desktop shell" progress=4 accent=warmup detail="Starting NexusForge Desktop."
2026-05-14T03:17:27.335Z [startup] stage="Preparing secure session" progress=18 accent=warmup detail="Resetting desktop storage before launch."
2026-05-14T03:17:27.342Z [startup] stage="Preparing secure session" progress=26 accent=ready detail="Desktop storage reset completed."
2026-05-14T03:17:27.343Z [startup] stage="Checking local services" progress=34 accent=checking detail="Verifying the app stack is reachable on ports 3000 and 4000."
2026-05-14T03:17:27.350Z [startup] stage="Local services ready" progress=66 accent=ready detail="The desktop stack answered on both ports."
2026-05-14T03:17:27.350Z [startup-timing] t+43ms splash-window-create
2026-05-14T03:17:27.398Z [startup-timing] t+91ms main-window-create
2026-05-14T03:17:27.412Z [startup] stage="Preparing launch" progress=72 accent=checking detail="Checking updates and final startup tasks."
2026-05-14T03:17:27.412Z [startup-timing] t+105ms ensure-app-reachable-start trigger=startup
2026-05-14T03:17:27.413Z [startup] stage="Opening app" progress=78 accent=opening detail="Connecting the desktop shell to NexusForge."
2026-05-14T03:17:27.413Z [startup] stage="Checking local services" progress=34 accent=checking detail="Verifying the app stack is reachable on ports 3000 and 4000."
2026-05-14T03:17:27.454Z [startup] stage="Local services ready" progress=66 accent=ready detail="The desktop stack answered on both ports."
2026-05-14T03:17:27.526Z [startup-timing] t+219ms splash-did-finish-load
2026-05-14T03:17:27.989Z [startup-timing] t+682ms main-ready-to-show
2026-05-14T03:17:27.990Z [startup-timing] t+683ms handoff-reveal-scheduled hold=2200ms
2026-05-14T03:17:28.167Z [startup-timing] t+860ms main-did-finish-load
2026-05-14T03:17:28.168Z [startup-timing] t+860ms handoff-reveal-scheduled hold=2200ms
2026-05-14T03:17:28.168Z [startup-timing] t+861ms local-target-connected target=http://localhost:3000/app
2026-05-14T03:17:28.168Z [startup-timing] t+861ms handoff-reveal-scheduled hold=2200ms
2026-05-14T03:17:28.168Z [startup] stage="Local services ready" progress=66 accent=ready detail="The desktop stack answered on both ports."
2026-05-14T03:17:28.191Z [startup] stage="Checking local services" progress=34 accent=checking detail="Verifying the app stack is reachable on ports 3000 and 4000."
2026-05-14T03:17:28.192Z [startup] stage="Local services ready" progress=66 accent=ready detail="The desktop stack answered on both ports."
