
> nexusforge@1.0.0 beta:web
> npm run dev -w web -- --port 3100


> web@0.1.0 dev
> next dev --port 3100

   ▲ Next.js 15.1.0
   - Local:        http://localhost:3100
   - Network:      http://192.168.1.136:3100
   - Environments: .env.local

 ✓ Starting...
 ✓ Ready in 1828ms
 ✓ Compiled /src/middleware in 155ms (98 modules)
 ○ Compiling /beta/checklist ...
 ✓ Compiled /beta/checklist in 1371ms (1711 modules)
 GET /beta/checklist 200 in 1707ms
 ✓ Compiled in 970ms (1725 modules)
 GET /beta/checklist 200 in 90ms
 ○ Compiling /app ...
 ✓ Compiled /app in 2.4s (1810 modules)
 GET /app 200 in 2832ms
 GET /app 200 in 61ms
 ✓ Compiled /favicon.ico in 383ms (975 modules)
 GET /favicon.ico 200 in 614ms
 ✓ Compiled in 1049ms (1810 modules)
 GET /app 200 in 105ms
 GET /app 200 in 107ms
 ✓ Compiled /favicon.ico in 165ms (975 modules)
 GET /favicon.ico 200 in 242ms
 ✓ Compiled in 572ms (1825 modules)
 GET /app 200 in 84ms
 GET /app 200 in 11ms
 ✓ Compiled in 226ms (850 modules)
 GET /app 200 in 16ms
 GET /app 200 in 17ms
 ✓ Compiled in 986ms (1810 modules)
 GET /app 200 in 92ms
 GET /app 200 in 94ms
 ✓ Compiled in 296ms (850 modules)
 GET /app 200 in 17ms
 GET /app 200 in 17ms
 ✓ Compiled in 157ms (850 modules)
 GET /app 200 in 13ms
 GET /app 200 in 8ms
 ✓ Compiled in 328ms (850 modules)
 GET /app 200 in 17ms
 GET /app 200 in 18ms
 ✓ Compiled in 228ms (850 modules)
 GET /app 200 in 22ms
 GET /app 200 in 25ms
 ✓ Compiled in 255ms (850 modules)
 GET /app 200 in 17ms
 GET /app 200 in 9ms
 ✓ Compiled in 829ms (1810 modules)
 GET /app 200 in 210ms
 GET /app 200 in 211ms
 ○ Compiling /_error ...
 GET /app 500 in 3544ms
 ✓ Compiled /_error in 3.4s (2038 modules)
 GET /app 200 in 217ms
 GET /app 200 in 218ms
 GET /app 200 in 219ms
 GET /app 200 in 270ms
 ✓ Compiled /_not-found in 427ms (2042 modules)
 GET /_next/static/chunks/app-pages-internals.js 404 in 604ms
 GET /_next/static/chunks/app/app/page.js 404 in 603ms
 GET /_next/static/chunks/main-app.js?v=1778462298509 404 in 602ms
 ✓ Compiled in 718ms (2050 modules)
 GET /app 200 in 70ms
 ✓ Compiled in 906ms (2048 modules)
 GET /app 200 in 94ms
 ✓ Compiled in 383ms (2048 modules)
 GET /app 200 in 48ms
 ✓ Compiled in 392ms (2048 modules)
 GET /app 200 in 53ms
 ○ Compiling /_not-found ...
 ✓ Compiled /_not-found in 1036ms (2052 modules)
 GET /app 404 in 1263ms
 GET /app 404 in 12ms
 GET /_next/static/css/app/layout.css?v=1778462763412 404 in 20ms
 GET /_next/static/chunks/main-app.js?v=1778462763412 404 in 57ms
 GET /_next/static/chunks/app-pages-internals.js 404 in 19ms
 GET /app 404 in 20ms
 GET /_next/static/css/app/layout.css?v=1778462763766 404 in 44ms
 GET /_next/static/chunks/main-app.js?v=1778462763766 404 in 44ms
 GET /_next/static/chunks/app-pages-internals.js 404 in 11ms
 ✓ Compiled in 501ms (2048 modules)
 ○ Compiling /beta ...
 ✓ Compiled /beta in 843ms (2050 modules)
 GET /beta 200 in 1047ms
 ✓ Compiled /_not-found in 294ms (2040 modules)
 ✓ Compiled /_error in 502ms (2042 modules)
 GET /_next/static/css/app/layout.css?v=1778463331548 500 in 3995ms
 GET /_next/static/chunks/main-app.js?v=1778463331548 500 in 3962ms
 GET /_next/static/chunks/app-pages-internals.js 500 in 3961ms
 ✓ Compiled in 660ms (2048 modules)
 GET /app 200 in 90ms
 ○ Compiling /search ...
 ✓ Compiled /search in 1453ms (2074 modules)
 GET /leaderboards 200 in 1495ms
 GET /settings?intent=create-forge 200 in 1494ms
 GET /notifications 200 in 1530ms
 GET /search 200 in 1509ms
 ✓ Compiled in 459ms (2088 modules)
 ○ Compiling /_not-found ...
 ✓ Compiled /_not-found in 515ms (2078 modules)
 GET /search 404 in 632ms
 GET /search 200 in 141ms
 GET /_next/static/css/app/layout.css?v=1778463587267 404 in 25ms
 GET /_next/static/chunks/app-pages-internals.js 404 in 17ms
 GET /_next/static/chunks/main-app.js?v=1778463587267 404 in 14ms
 ✓ Compiled in 715ms (2092 modules)
 GET /app 200 in 170ms
 GET /_next/static/chunks/app-pages-internals.js 404 in 13ms
 GET /_next/static/chunks/main-app.js?v=1778463628024 404 in 8ms
 ✓ Compiled /_error in 448ms (2064 modules)
 GET /leaderboards 500 in 568ms
 GET /_next/static/chunks/fallback/react-refresh.js 500 in 108ms
 GET /_next/static/chunks/fallback/webpack.js 500 in 106ms
 GET /_next/static/chunks/fallback/main.js 500 in 112ms
 GET /_next/static/chunks/fallback/pages/_app.js 500 in 52ms
 GET /_next/static/chunks/fallback/pages/_error.js 500 in 58ms
 GET /app 500 in 79ms
 GET /_next/static/chunks/fallback/webpack.js 500 in 35ms
 GET /_next/static/chunks/fallback/main.js 500 in 130ms
 GET /_next/static/chunks/fallback/react-refresh.js 500 in 119ms
 GET /_next/static/chunks/fallback/pages/_error.js 500 in 119ms
 GET /_next/static/chunks/fallback/pages/_app.js 500 in 119ms
 ✓ Compiled /beta in 200ms (1013 modules)
 GET /beta 500 in 463ms
 GET /_next/static/chunks/fallback/main.js 500 in 25ms
 GET /_next/static/chunks/fallback/react-refresh.js 500 in 140ms
 GET /_next/static/chunks/fallback/webpack.js 500 in 140ms
 GET /_next/static/chunks/fallback/pages/_app.js 500 in 134ms
 GET /_next/static/chunks/fallback/pages/_error.js 500 in 135ms
 GET /app 500 in 43ms
 GET /_next/static/chunks/fallback/main.js 500 in 22ms
 GET /_next/static/chunks/fallback/react-refresh.js 500 in 58ms
 GET /_next/static/chunks/fallback/webpack.js 500 in 59ms
 GET /_next/static/chunks/fallback/pages/_app.js 500 in 69ms
 GET /_next/static/chunks/fallback/pages/_error.js 500 in 81ms
 GET /beta 500 in 41ms
 GET /_next/static/chunks/fallback/webpack.js 500 in 32ms
 GET /_next/static/chunks/fallback/main.js 500 in 97ms
 GET /_next/static/chunks/fallback/pages/_error.js 500 in 90ms
 GET /_next/static/chunks/fallback/react-refresh.js 500 in 90ms
 GET /_next/static/chunks/fallback/pages/_app.js 500 in 93ms
 GET /beta 404 in 8ms
 GET /beta 404 in 7ms
 GET /beta 404 in 8ms
 GET /beta 404 in 8ms
 GET /beta 404 in 7ms
 GET /beta 404 in 8ms
 GET /beta 404 in 7ms
 GET /beta 404 in 8ms
 GET /beta 404 in 7ms
 GET /beta 404 in 15ms
 GET /beta 404 in 7ms
 GET /beta 404 in 6ms
 GET /beta 404 in 8ms
 GET /beta 404 in 9ms
 GET /beta 404 in 7ms
 GET /beta 404 in 8ms
 GET /beta 404 in 6ms
 GET /beta 404 in 8ms
 GET /beta 404 in 8ms
 GET /beta 404 in 7ms
 GET /beta 404 in 7ms
 GET /beta 404 in 6ms
 GET /beta 404 in 7ms
 GET /beta 404 in 8ms
 GET /beta 404 in 8ms
 GET /beta 404 in 7ms
 GET /beta 404 in 6ms
 GET /beta 404 in 7ms
 GET /beta 404 in 7ms
 GET /beta 404 in 8ms
 GET /beta 404 in 7ms
 GET /beta 404 in 9ms
 GET /beta 404 in 7ms
 GET /beta 404 in 7ms
 GET /beta 404 in 5ms
 GET /beta 404 in 6ms
 GET /beta 404 in 6ms
 GET /beta 404 in 7ms
 GET /beta 404 in 7ms
 GET /beta 404 in 9ms
 GET /beta 404 in 6ms
 GET /beta 404 in 7ms
 GET /beta 404 in 6ms
 GET /beta 404 in 8ms
 GET /beta 404 in 7ms
 GET /beta 404 in 7ms
 GET /beta 404 in 7ms
 GET /beta 404 in 7ms
 GET /beta 404 in 6ms
 GET /beta 404 in 7ms
 GET /beta 404 in 6ms
 GET /beta 404 in 8ms
 GET /beta 404 in 7ms
 GET /beta 404 in 7ms
 GET /beta 404 in 6ms
 GET /beta 404 in 6ms
 GET /beta 404 in 9ms
 GET /beta 404 in 8ms
 GET /beta 404 in 8ms
 GET /beta 404 in 6ms
 GET /beta 404 in 7ms
 GET /beta 404 in 8ms
 GET /beta 404 in 6ms
 GET /beta 404 in 8ms
 GET /beta 404 in 7ms
 GET /beta 404 in 7ms
 GET /beta 404 in 7ms
 GET /beta 404 in 8ms
 GET /beta 404 in 8ms
 GET /beta 404 in 6ms
 GET /beta 404 in 5ms
 GET /beta 404 in 8ms
 GET /beta 404 in 7ms
 GET /beta 404 in 6ms
 GET /beta 404 in 7ms
 GET /beta 404 in 8ms
 GET /beta 404 in 6ms
 GET /beta 404 in 7ms
 GET /beta 404 in 7ms
 GET /beta 404 in 6ms
 GET /beta 404 in 9ms
 GET /beta 404 in 6ms
 GET /beta 404 in 6ms
 GET /beta 404 in 6ms
 GET /beta 404 in 8ms
 GET /beta 404 in 6ms
 GET /beta 404 in 7ms
 GET /beta 404 in 6ms
 GET /beta 404 in 8ms
 GET /beta 404 in 8ms
 GET /beta 404 in 6ms
 GET /beta 404 in 7ms
 GET /beta 404 in 6ms
 GET /beta 404 in 6ms
 GET /beta 404 in 8ms
 GET /beta 404 in 8ms
 GET /beta 404 in 6ms
 GET /beta 404 in 8ms
 GET /beta 404 in 7ms
 GET /beta 404 in 6ms
 GET /beta 404 in 6ms
 GET /beta 404 in 6ms
 GET /beta 404 in 7ms
 GET /beta 404 in 7ms
 GET /beta 404 in 7ms
 GET /beta 404 in 6ms
 GET /beta 404 in 8ms
 GET /beta 404 in 6ms
 GET /beta 404 in 7ms
 GET /beta 404 in 7ms
 GET /beta 404 in 6ms
 GET /beta 404 in 6ms
 GET /beta 404 in 6ms
 GET /beta 404 in 7ms
 ✓ Compiled in 340ms (1062 modules)
 ✓ Compiled in 662ms (2055 modules)
 GET /beta 404 in 831ms
 GET /beta 404 in 11ms
 GET /beta 404 in 8ms
 ✓ Compiled in 528ms (2058 modules)
 ✓ Compiled in 543ms (2072 modules)
 GET /beta 404 in 11ms
 GET /beta 404 in 7ms
 GET /beta 404 in 7ms
 GET /beta 404 in 9ms
 GET /beta 404 in 9ms
 GET /beta 404 in 9ms
 GET /beta 404 in 9ms
 GET /beta 404 in 8ms
 GET /beta 404 in 8ms
 GET /beta 404 in 8ms
 GET /beta 404 in 9ms
 GET /beta 404 in 8ms
 GET /beta 404 in 9ms
 GET /beta 404 in 9ms
 GET /beta 404 in 9ms
 GET /beta 404 in 13ms
 GET /beta 404 in 9ms
 GET /beta 404 in 9ms
 GET /beta 404 in 7ms
 GET /beta 404 in 8ms
 GET /beta 404 in 8ms
 GET /beta 404 in 8ms
 GET /beta 404 in 8ms
 GET /beta 404 in 8ms
 GET /beta 404 in 8ms
 GET /beta 404 in 10ms
 GET /beta 404 in 8ms
 GET /beta 404 in 8ms
 GET /beta 404 in 13ms
 GET /beta 404 in 10ms
 GET /beta 404 in 10ms
 GET /beta 404 in 9ms
 GET /beta 404 in 7ms
 GET /beta 404 in 8ms
 GET /beta 404 in 31ms
 GET /beta 404 in 12ms
 GET /beta 404 in 8ms
 GET /beta 404 in 8ms
 GET /beta 404 in 8ms
 GET /beta 404 in 178ms
 GET /beta 404 in 71ms
 GET /beta 404 in 71ms
 GET /beta 404 in 47ms
 GET /beta 404 in 43ms
 GET /beta 404 in 25ms
 GET /beta 404 in 8ms
 GET /beta 404 in 9ms
 GET /beta 404 in 9ms
 GET /beta 404 in 19ms
 GET /beta 404 in 8ms
 GET /beta 404 in 9ms
 GET /beta 404 in 9ms
 GET /beta 404 in 8ms
 GET /beta 404 in 25ms
 GET /beta 404 in 8ms
 GET /beta 404 in 9ms
 GET /beta 404 in 9ms
 GET /beta 404 in 9ms
 GET /beta 404 in 8ms
 GET /beta 404 in 10ms
 GET /beta 404 in 8ms
 GET /beta 404 in 9ms
 GET /beta 404 in 9ms
 GET /beta 404 in 9ms
 GET /beta 404 in 10ms
 GET /beta 404 in 10ms
 GET /beta 404 in 8ms
 GET /beta 404 in 8ms
 GET /beta 404 in 8ms
 GET /beta 404 in 7ms
 GET /beta 404 in 7ms
 GET /beta 404 in 10ms
 GET /beta 404 in 7ms
 GET /beta 404 in 9ms
 GET /beta 404 in 7ms
 GET /beta 404 in 8ms
 GET /beta 404 in 8ms
 GET /beta 404 in 64ms
 GET /beta 404 in 9ms
 GET /beta 404 in 7ms
 GET /beta 404 in 7ms
 GET /beta 404 in 9ms
 GET /beta 404 in 10ms
 GET /beta 404 in 8ms
 GET /beta 404 in 8ms
 GET /beta 404 in 10ms
 GET /beta 404 in 31ms
 GET /beta 404 in 11ms
 GET /beta 404 in 30ms
 GET /beta 404 in 152ms
 GET /beta 404 in 77ms
 GET /beta 404 in 88ms
 GET /beta 404 in 8ms
 GET /beta 404 in 8ms
 GET /beta 404 in 9ms
 GET /beta 404 in 10ms
 GET /beta 404 in 8ms
 GET /beta 404 in 11ms
 GET /beta 404 in 8ms
 GET /beta 404 in 9ms
 GET /beta 404 in 10ms
 GET /beta 404 in 8ms
 GET /beta 404 in 9ms
 GET /beta 404 in 8ms
 GET /beta 404 in 9ms
 GET /beta 404 in 8ms
 GET /beta 404 in 9ms
 GET /beta 404 in 9ms
 GET /beta 404 in 9ms
 GET /beta 404 in 10ms
 GET /beta 404 in 10ms
 GET /beta 404 in 9ms
 GET /beta 404 in 10ms
 GET /beta 404 in 7ms
 GET /beta 404 in 7ms
 GET /beta 404 in 8ms
 GET /beta 404 in 8ms
 GET /beta 404 in 8ms
 GET /beta 404 in 9ms
 GET /beta 404 in 8ms
 GET /beta 404 in 9ms
 GET /beta 404 in 7ms
 GET /beta 404 in 8ms
 GET /beta 404 in 10ms
 GET /beta 404 in 9ms
 GET /beta 404 in 8ms
 GET /beta 404 in 8ms
 GET /beta 404 in 10ms
 GET /beta 404 in 10ms
 GET /beta 404 in 9ms
 GET /beta 404 in 8ms
 GET /beta 404 in 8ms
 GET /beta 404 in 9ms
 GET /beta 404 in 8ms
 GET /beta 404 in 8ms
 GET /beta 404 in 7ms
 GET /beta 404 in 8ms
 GET /beta 404 in 10ms
 GET /beta 404 in 16ms
 ✓ Compiled in 940ms (2072 modules)
 GET /beta 404 in 10ms
 GET /beta 404 in 7ms
 GET /beta 404 in 7ms
 GET /beta 404 in 7ms
 GET /beta 404 in 9ms
 GET /beta 404 in 7ms
 GET /beta 404 in 7ms
 GET /beta 404 in 8ms
 GET /beta 404 in 8ms
 GET /beta 404 in 9ms
 GET /beta 404 in 10ms
 GET /beta 404 in 7ms
 GET /beta 404 in 8ms
 GET /beta 404 in 7ms
 GET /beta 404 in 9ms
 GET /beta 404 in 12ms
 GET /beta 404 in 8ms
 GET /beta 404 in 8ms
 GET /beta 404 in 6ms
 GET /beta 404 in 5ms
 GET /beta 500 in 564ms
 GET /beta 500 in 489ms
 GET /beta 500 in 486ms
 GET /beta 500 in 472ms
 GET /beta 500 in 453ms
 GET /beta 500 in 472ms
 GET /beta 500 in 455ms
 GET /beta 500 in 519ms
 GET /beta 500 in 487ms
 GET /beta 500 in 467ms
 GET /beta 500 in 478ms
 GET /beta 500 in 426ms
 GET /beta 500 in 497ms
 GET /beta 500 in 471ms
 GET /beta 500 in 418ms
 GET /beta 500 in 424ms
 GET /beta 500 in 435ms
 GET /beta 500 in 453ms
 GET /beta 500 in 508ms
 GET /beta 500 in 474ms
 GET /beta 500 in 458ms
 GET /beta 500 in 441ms
 GET /beta 500 in 424ms
 GET /beta 500 in 468ms
 GET /beta 500 in 505ms
 GET /beta 500 in 515ms
 GET /beta 500 in 497ms
 GET /beta 500 in 481ms
 GET /beta 500 in 470ms
 GET /beta 500 in 553ms
 GET /beta 500 in 519ms
 GET /beta 500 in 489ms
 GET /beta 500 in 498ms
 GET /beta 500 in 482ms
 GET /beta 500 in 488ms
 GET /beta 500 in 514ms
 GET /beta 500 in 538ms
 GET /beta 500 in 481ms
 GET /beta 500 in 486ms
 GET /beta 500 in 501ms
 GET /beta 500 in 507ms
 GET /beta 500 in 465ms
 GET /beta 500 in 491ms
 GET /beta 500 in 505ms
 GET /beta 500 in 674ms
 GET /beta 500 in 496ms
 GET /beta 500 in 498ms
 GET /beta 500 in 521ms
 GET /beta 500 in 505ms
 GET /beta 500 in 513ms
 GET /beta 500 in 489ms
 GET /beta 500 in 484ms
 GET /beta 500 in 477ms
 GET /beta 500 in 508ms
 GET /beta 500 in 606ms
 GET /beta 500 in 547ms
 GET /beta 500 in 544ms
 GET /beta 500 in 501ms
 GET /beta 500 in 504ms
 GET /beta 500 in 548ms
 GET /beta 500 in 511ms
 GET /beta 500 in 490ms
 GET /beta 500 in 487ms
 GET /beta 500 in 468ms
 GET /beta 500 in 551ms
 GET /beta 500 in 530ms
 GET /beta 500 in 504ms
 GET /beta 500 in 535ms
 GET /beta 500 in 511ms
 GET /beta 500 in 535ms
 GET /beta 500 in 500ms
 GET /beta 500 in 504ms
 GET /beta 500 in 619ms
 GET /beta 500 in 513ms
 GET /beta 500 in 510ms
 GET /beta 500 in 530ms
 GET /beta 500 in 484ms
 GET /beta 500 in 493ms
 GET /beta 500 in 504ms
 GET /beta 500 in 505ms
 GET /beta 500 in 511ms
 GET /beta 500 in 501ms
 GET /beta 500 in 492ms
 GET /beta 500 in 521ms
 GET /beta 500 in 490ms
 GET /beta 500 in 490ms
 GET /beta 500 in 502ms
 GET /beta 500 in 473ms
 GET /beta 500 in 497ms
 GET /beta 500 in 484ms
 GET /beta 500 in 506ms
 GET /beta 500 in 530ms
 GET /beta 500 in 505ms
 GET /beta 500 in 501ms
 GET /beta 500 in 536ms
 GET /beta 500 in 527ms
 GET /beta 500 in 534ms
 GET /beta 500 in 501ms
 GET /beta 500 in 494ms
 GET /beta 500 in 124997ms
 GET /beta 500 in 124585ms
 GET /beta 500 in 124563ms
 GET /beta 500 in 125003ms
 GET /beta 500 in 5674ms
 GET /beta 500 in 124619ms
 GET /beta 500 in 125002ms
 GET /beta 500 in 124998ms
 GET /beta 500 in 86339ms
 GET /beta 500 in 125005ms
 GET /beta 500 in 13161ms
 GET /beta 500 in 123854ms
 GET /beta 500 in 125003ms
 GET /beta 500 in 124554ms
 GET /beta 500 in 124626ms
 GET /beta 500 in 124970ms
 GET /beta 500 in 624ms
 GET /beta 500 in 914ms
 GET /beta 500 in 13841ms
 GET /beta 500 in 37549ms
 GET /beta 500 in 124992ms
 GET /beta 500 in 124345ms
