2026-05-14T03:48:10.736Z [startup-timing] t+24ms app-when-ready
2026-05-14T03:48:10.737Z [startup-timing] log-path="D:\NEXUSFORGE GAMGING APP\apps\desktop\.network-smoke\local-38800-20260513-224809\startup.log"
2026-05-14T03:48:10.737Z [startup] stage="Booting desktop shell" progress=4 accent=warmup detail="Starting NexusForge Desktop."
2026-05-14T03:48:10.738Z [startup] stage="Preparing secure session" progress=18 accent=warmup detail="Resetting desktop storage before launch."
2026-05-14T03:48:10.746Z [startup] stage="Preparing secure session" progress=26 accent=ready detail="Desktop storage reset completed."
2026-05-14T03:48:10.746Z [startup] stage="Checking local services" progress=34 accent=checking detail="Verifying the app stack is reachable on ports 3000 and 4000."
2026-05-14T03:48:10.750Z [startup] stage="Local services ready" progress=66 accent=ready detail="The desktop stack answered on both ports."
2026-05-14T03:48:10.751Z [startup-timing] t+39ms splash-window-create
2026-05-14T03:48:10.795Z [startup-timing] t+83ms main-window-create
2026-05-14T03:48:10.811Z [startup] stage="Preparing launch" progress=72 accent=checking detail="Checking updates and final startup tasks."
2026-05-14T03:48:10.812Z [startup-timing] t+99ms ensure-app-reachable-start trigger=startup
2026-05-14T03:48:10.812Z [startup] stage="Opening app" progress=78 accent=opening detail="Connecting the desktop shell to NexusForge."
2026-05-14T03:48:10.812Z [startup] stage="Checking local services" progress=34 accent=checking detail="Verifying the app stack is reachable on ports 3000 and 4000."
2026-05-14T03:48:10.852Z [startup] stage="Local services ready" progress=66 accent=ready detail="The desktop stack answered on both ports."
2026-05-14T03:48:10.925Z [startup-timing] t+212ms splash-did-finish-load
2026-05-14T03:48:11.356Z [startup-timing] t+644ms main-ready-to-show
2026-05-14T03:48:11.356Z [startup-timing] t+644ms handoff-reveal-scheduled hold=2200ms
2026-05-14T03:48:11.518Z [startup-timing] t+806ms main-did-finish-load
2026-05-14T03:48:11.518Z [startup-timing] t+806ms handoff-reveal-scheduled hold=2200ms
2026-05-14T03:48:11.519Z [startup-timing] t+806ms local-target-connected target=http://localhost:3000/app
2026-05-14T03:48:11.519Z [startup-timing] t+807ms handoff-reveal-scheduled hold=2200ms
2026-05-14T03:48:11.519Z [startup] stage="Local services ready" progress=66 accent=ready detail="The desktop stack answered on both ports."
2026-05-14T03:48:11.536Z [startup] stage="Checking local services" progress=34 accent=checking detail="Verifying the app stack is reachable on ports 3000 and 4000."
2026-05-14T03:48:11.537Z [startup] stage="Local services ready" progress=66 accent=ready detail="The desktop stack answered on both ports."
