
2026-05-15T00:13:55.044Z [startup-timing] t+29ms app-when-ready
2026-05-15T00:13:55.045Z [startup-timing] log-path="D:\NEXUSFORGE GAMGING APP\apps\desktop\.network-smoke\local-36100-20260514-191353\startup.log"
2026-05-15T00:13:55.045Z [startup] stage="Booting desktop shell" progress=4 accent=warmup detail="Starting NexusForge Desktop."
2026-05-15T00:13:55.046Z [startup] stage="Preparing secure session" progress=18 accent=warmup detail="Resetting desktop storage before launch."
2026-05-15T00:13:55.054Z [startup] stage="Preparing secure session" progress=26 accent=ready detail="Desktop storage reset completed."
2026-05-15T00:13:55.055Z [startup] stage="Checking local services" progress=34 accent=checking detail="Verifying the app stack is reachable on ports 3000 and 4000."
2026-05-15T00:13:55.060Z [startup] stage="Local services ready" progress=66 accent=ready detail="The desktop stack answered on both ports."
2026-05-15T00:13:55.087Z [startup-timing] t+72ms splash-window-create
2026-05-15T00:13:55.169Z [startup-timing] t+154ms main-window-create
2026-05-15T00:13:55.207Z [startup] stage="Preparing launch" progress=72 accent=checking detail="Checking updates and final startup tasks."
2026-05-15T00:13:55.208Z [startup-timing] t+193ms ensure-app-reachable-start trigger=startup
2026-05-15T00:13:55.208Z [startup] stage="Opening app" progress=78 accent=opening detail="Connecting the desktop shell to NexusForge."
2026-05-15T00:13:55.208Z [startup] stage="Checking local services" progress=34 accent=checking detail="Verifying the app stack is reachable on ports 3000 and 4000."
2026-05-15T00:13:55.260Z [startup] stage="Local services ready" progress=66 accent=ready detail="The desktop stack answered on both ports."
2026-05-15T00:13:55.428Z [startup-timing] t+413ms splash-did-finish-load
2026-05-15T00:13:55.483Z [startup-timing] t+468ms main-ready-to-show
2026-05-15T00:13:55.484Z [startup-timing] t+469ms handoff-reveal-scheduled hold=2200ms
2026-05-15T00:13:55.543Z [startup-timing] t+527ms main-did-finish-load
2026-05-15T00:13:55.543Z [startup-timing] t+528ms handoff-reveal-scheduled hold=2200ms
2026-05-15T00:13:55.543Z [startup-timing] t+528ms local-target-connected target=http://localhost:3000/app
2026-05-15T00:13:55.544Z [startup-timing] t+528ms handoff-reveal-scheduled hold=2200ms
2026-05-15T00:13:55.544Z [startup] stage="Local services ready" progress=66 accent=ready detail="The desktop stack answered on both ports."
