
2026-05-14T21:49:03.229Z [startup-timing] t+30ms app-when-ready
2026-05-14T21:49:03.230Z [startup-timing] log-path="D:\NEXUSFORGE GAMGING APP\apps\desktop\.network-smoke\hosted-7100-20260514-164859\startup.log"
2026-05-14T21:49:03.230Z [startup] stage="Booting desktop shell" progress=4 accent=warmup detail="Starting NexusForge Desktop."
2026-05-14T21:49:03.231Z [startup] stage="Preparing secure session" progress=18 accent=warmup detail="Resetting desktop storage before launch."
2026-05-14T21:49:03.231Z [startup] stage="Connecting hosted workspace" progress=32 accent=opening detail="Opening the remote NexusForge experience."
2026-05-14T21:49:03.256Z [startup-timing] t+57ms splash-window-create
2026-05-14T21:49:03.324Z [startup-timing] t+125ms main-window-create
2026-05-14T21:49:03.353Z [startup] stage="Preparing launch" progress=72 accent=checking detail="Checking updates and final startup tasks."
2026-05-14T21:49:03.353Z [startup-timing] t+154ms ensure-app-reachable-start trigger=startup
2026-05-14T21:49:03.354Z [startup] stage="Connecting hosted workspace" progress=78 accent=opening detail="Opening the remote NexusForge experience."
2026-05-14T21:49:03.493Z [startup-timing] t+294ms splash-did-finish-load
2026-05-14T21:49:04.159Z [tls] certificate bypass accepted for https://www.nexusforge.app/app (net::ERR_CERT_AUTHORITY_INVALID)
2026-05-14T21:49:04.440Z [tls] certificate bypass accepted for https://www.nexusforge.app/app (net::ERR_CERT_AUTHORITY_INVALID)
2026-05-14T21:49:07.373Z [startup-timing] t+4174ms main-ready-to-show
2026-05-14T21:49:07.374Z [startup-timing] t+4175ms handoff-reveal-scheduled hold=2200ms
2026-05-14T21:49:07.469Z [startup-timing] t+4270ms main-did-finish-load
2026-05-14T21:49:07.470Z [startup-timing] t+4270ms handoff-reveal-scheduled hold=2200ms
2026-05-14T21:49:07.470Z [startup-timing] t+4271ms hosted-target-connected target=https://www.nexusforge.app/app
2026-05-14T21:49:07.470Z [startup-timing] t+4271ms handoff-reveal-scheduled hold=2200ms
2026-05-14T21:49:07.470Z [startup] stage="Connecting hosted workspace" progress=78 accent=opening detail="Opening the remote NexusForge experience."
