
2026-05-14T21:53:30.173Z [startup-timing] t+30ms app-when-ready
2026-05-14T21:53:30.173Z [startup-timing] log-path="D:\NEXUSFORGE GAMGING APP\apps\desktop\.network-smoke\hosted-38892-20260514-165326\startup.log"
2026-05-14T21:53:30.173Z [startup] stage="Booting desktop shell" progress=4 accent=warmup detail="Starting NexusForge Desktop."
2026-05-14T21:53:30.174Z [startup] stage="Preparing secure session" progress=18 accent=warmup detail="Resetting desktop storage before launch."
2026-05-14T21:53:30.174Z [startup] stage="Connecting hosted workspace" progress=32 accent=opening detail="Opening the remote NexusForge experience."
2026-05-14T21:53:30.202Z [startup-timing] t+59ms splash-window-create
2026-05-14T21:53:30.286Z [startup-timing] t+144ms main-window-create
2026-05-14T21:53:30.315Z [startup] stage="Preparing launch" progress=72 accent=checking detail="Checking updates and final startup tasks."
2026-05-14T21:53:30.315Z [startup-timing] t+173ms ensure-app-reachable-start trigger=startup
2026-05-14T21:53:30.316Z [startup] stage="Connecting hosted workspace" progress=78 accent=opening detail="Opening the remote NexusForge experience."
2026-05-14T21:53:30.446Z [startup-timing] t+303ms splash-did-finish-load
2026-05-14T21:53:31.219Z [tls] certificate bypass accepted for https://www.nexusforge.app/app (net::ERR_CERT_AUTHORITY_INVALID)
2026-05-14T21:53:31.476Z [tls] certificate bypass accepted for https://www.nexusforge.app/app (net::ERR_CERT_AUTHORITY_INVALID)
2026-05-14T21:53:40.081Z [startup-timing] t+9939ms main-ready-to-show
2026-05-14T21:53:40.082Z [startup-timing] t+9939ms handoff-reveal-scheduled hold=2200ms
2026-05-14T21:53:40.380Z [startup-timing] t+10238ms main-did-finish-load
2026-05-14T21:53:40.380Z [startup-timing] t+10238ms handoff-reveal-scheduled hold=2200ms
2026-05-14T21:53:40.380Z [startup-timing] t+10238ms hosted-target-connected target=https://www.nexusforge.app/app
2026-05-14T21:53:40.381Z [startup-timing] t+10239ms handoff-reveal-scheduled hold=2200ms
2026-05-14T21:53:40.381Z [startup] stage="Connecting hosted workspace" progress=78 accent=opening detail="Opening the remote NexusForge experience."
