2026-05-14T20:03:24.896Z [startup-timing] t+26ms app-when-ready
2026-05-14T20:03:24.896Z [startup-timing] log-path="D:\NEXUSFORGE GAMGING APP\apps\desktop\.network-smoke\local-41288-20260514-150323\startup.log"
2026-05-14T20:03:24.897Z [startup] stage="Booting desktop shell" progress=4 accent=warmup detail="Starting NexusForge Desktop."
2026-05-14T20:03:24.897Z [startup] stage="Preparing secure session" progress=18 accent=warmup detail="Resetting desktop storage before launch."
2026-05-14T20:03:24.906Z [startup] stage="Preparing secure session" progress=26 accent=ready detail="Desktop storage reset completed."
2026-05-14T20:03:24.907Z [startup] stage="Checking local services" progress=34 accent=checking detail="Verifying the app stack is reachable on ports 3000 and 4000."
2026-05-14T20:03:24.912Z [startup] stage="Local services ready" progress=66 accent=ready detail="The desktop stack answered on both ports."
2026-05-14T20:03:24.912Z [startup-timing] t+42ms splash-window-create
2026-05-14T20:03:24.965Z [startup-timing] t+95ms main-window-create
2026-05-14T20:03:24.984Z [startup] stage="Preparing launch" progress=72 accent=checking detail="Checking updates and final startup tasks."
2026-05-14T20:03:24.985Z [startup-timing] t+115ms ensure-app-reachable-start trigger=startup
2026-05-14T20:03:24.985Z [startup] stage="Opening app" progress=78 accent=opening detail="Connecting the desktop shell to NexusForge."
2026-05-14T20:03:24.985Z [startup] stage="Checking local services" progress=34 accent=checking detail="Verifying the app stack is reachable on ports 3000 and 4000."
2026-05-14T20:03:25.027Z [startup] stage="Local services ready" progress=66 accent=ready detail="The desktop stack answered on both ports."
2026-05-14T20:03:25.107Z [startup-timing] t+237ms splash-did-finish-load
2026-05-14T20:03:25.585Z [startup-timing] t+715ms main-ready-to-show
2026-05-14T20:03:25.586Z [startup-timing] t+716ms handoff-reveal-scheduled hold=2200ms
2026-05-14T20:03:25.790Z [startup-timing] t+920ms main-did-finish-load
2026-05-14T20:03:25.791Z [startup-timing] t+920ms handoff-reveal-scheduled hold=2200ms
2026-05-14T20:03:25.791Z [startup-timing] t+921ms local-target-connected target=http://localhost:3000/app
2026-05-14T20:03:25.791Z [startup-timing] t+921ms handoff-reveal-scheduled hold=2200ms
2026-05-14T20:03:25.792Z [startup] stage="Local services ready" progress=66 accent=ready detail="The desktop stack answered on both ports."
2026-05-14T20:03:25.840Z [startup] stage="Checking local services" progress=34 accent=checking detail="Verifying the app stack is reachable on ports 3000 and 4000."
2026-05-14T20:03:25.841Z [startup] stage="Local services ready" progress=66 accent=ready detail="The desktop stack answered on both ports."
