
2026-05-14T22:29:46.150Z [startup-timing] t+27ms app-when-ready
2026-05-14T22:29:46.151Z [startup-timing] log-path="D:\NEXUSFORGE GAMGING APP\apps\desktop\.network-smoke\local-44476-20260514-172945\startup.log"
2026-05-14T22:29:46.151Z [startup] stage="Booting desktop shell" progress=4 accent=warmup detail="Starting NexusForge Desktop."
2026-05-14T22:29:46.152Z [startup] stage="Preparing secure session" progress=18 accent=warmup detail="Resetting desktop storage before launch."
2026-05-14T22:29:46.160Z [startup] stage="Preparing secure session" progress=26 accent=ready detail="Desktop storage reset completed."
2026-05-14T22:29:46.160Z [startup] stage="Checking local services" progress=34 accent=checking detail="Verifying the app stack is reachable on ports 3000 and 4000."
2026-05-14T22:29:46.166Z [startup] stage="Local services ready" progress=66 accent=ready detail="The desktop stack answered on both ports."
2026-05-14T22:29:46.195Z [startup-timing] t+71ms splash-window-create
2026-05-14T22:29:46.268Z [startup-timing] t+145ms main-window-create
2026-05-14T22:29:46.304Z [startup] stage="Preparing launch" progress=72 accent=checking detail="Checking updates and final startup tasks."
2026-05-14T22:29:46.305Z [startup-timing] t+182ms ensure-app-reachable-start trigger=startup
2026-05-14T22:29:46.305Z [startup] stage="Opening app" progress=78 accent=opening detail="Connecting the desktop shell to NexusForge."
2026-05-14T22:29:46.306Z [startup] stage="Checking local services" progress=34 accent=checking detail="Verifying the app stack is reachable on ports 3000 and 4000."
2026-05-14T22:29:46.350Z [startup] stage="Local services ready" progress=66 accent=ready detail="The desktop stack answered on both ports."
2026-05-14T22:29:46.422Z [startup-timing] t+299ms splash-did-finish-load
2026-05-14T22:29:46.962Z [startup-timing] t+839ms main-ready-to-show
2026-05-14T22:29:46.963Z [startup-timing] t+839ms handoff-reveal-scheduled hold=2200ms
2026-05-14T22:29:47.120Z [startup-timing] t+997ms main-did-finish-load
2026-05-14T22:29:47.121Z [startup-timing] t+998ms handoff-reveal-scheduled hold=2200ms
2026-05-14T22:29:47.121Z [startup-timing] t+998ms local-target-connected target=http://localhost:3000/app
2026-05-14T22:29:47.121Z [startup-timing] t+998ms handoff-reveal-scheduled hold=2200ms
2026-05-14T22:29:47.122Z [startup] stage="Local services ready" progress=66 accent=ready detail="The desktop stack answered on both ports."
2026-05-14T22:29:47.148Z [startup] stage="Checking local services" progress=34 accent=checking detail="Verifying the app stack is reachable on ports 3000 and 4000."
2026-05-14T22:29:47.150Z [startup] stage="Local services ready" progress=66 accent=ready detail="The desktop stack answered on both ports."
