2026-05-14T19:55:54.385Z [startup-timing] t+25ms app-when-ready
2026-05-14T19:55:54.386Z [startup-timing] log-path="D:\NEXUSFORGE GAMGING APP\apps\desktop\.network-smoke\local-41000-20260514-145552\startup.log"
2026-05-14T19:55:54.386Z [startup] stage="Booting desktop shell" progress=4 accent=warmup detail="Starting NexusForge Desktop."
2026-05-14T19:55:54.387Z [startup] stage="Preparing secure session" progress=18 accent=warmup detail="Resetting desktop storage before launch."
2026-05-14T19:55:54.396Z [startup] stage="Preparing secure session" progress=26 accent=ready detail="Desktop storage reset completed."
2026-05-14T19:55:54.396Z [startup] stage="Checking local services" progress=34 accent=checking detail="Verifying the app stack is reachable on ports 3000 and 4000."
2026-05-14T19:55:54.401Z [startup] stage="Local services ready" progress=66 accent=ready detail="The desktop stack answered on both ports."
2026-05-14T19:55:54.402Z [startup-timing] t+42ms splash-window-create
2026-05-14T19:55:54.450Z [startup-timing] t+89ms main-window-create
2026-05-14T19:55:54.467Z [startup] stage="Preparing launch" progress=72 accent=checking detail="Checking updates and final startup tasks."
2026-05-14T19:55:54.467Z [startup-timing] t+107ms ensure-app-reachable-start trigger=startup
2026-05-14T19:55:54.468Z [startup] stage="Opening app" progress=78 accent=opening detail="Connecting the desktop shell to NexusForge."
2026-05-14T19:55:54.468Z [startup] stage="Checking local services" progress=34 accent=checking detail="Verifying the app stack is reachable on ports 3000 and 4000."
2026-05-14T19:55:54.509Z [startup] stage="Local services ready" progress=66 accent=ready detail="The desktop stack answered on both ports."
2026-05-14T19:55:54.577Z [startup-timing] t+217ms splash-did-finish-load
2026-05-14T19:55:55.063Z [startup-timing] t+702ms main-ready-to-show
2026-05-14T19:55:55.063Z [startup-timing] t+703ms handoff-reveal-scheduled hold=2200ms
2026-05-14T19:55:55.250Z [startup-timing] t+890ms main-did-finish-load
2026-05-14T19:55:55.251Z [startup-timing] t+890ms handoff-reveal-scheduled hold=2200ms
2026-05-14T19:55:55.251Z [startup-timing] t+891ms local-target-connected target=http://localhost:3000/app
2026-05-14T19:55:55.251Z [startup-timing] t+891ms handoff-reveal-scheduled hold=2200ms
2026-05-14T19:55:55.252Z [startup] stage="Local services ready" progress=66 accent=ready detail="The desktop stack answered on both ports."
2026-05-14T19:55:55.278Z [startup] stage="Checking local services" progress=34 accent=checking detail="Verifying the app stack is reachable on ports 3000 and 4000."
2026-05-14T19:55:55.280Z [startup] stage="Local services ready" progress=66 accent=ready detail="The desktop stack answered on both ports."
