2026-05-14T04:25:15.669Z [startup-timing] t+25ms app-when-ready
2026-05-14T04:25:15.670Z [startup-timing] log-path="D:\NEXUSFORGE GAMGING APP\apps\desktop\.network-smoke\hosted-5500-20260513-232512\startup.log"
2026-05-14T04:25:15.670Z [startup] stage="Booting desktop shell" progress=4 accent=warmup detail="Starting NexusForge Desktop."
2026-05-14T04:25:15.670Z [startup] stage="Preparing secure session" progress=18 accent=warmup detail="Resetting desktop storage before launch."
2026-05-14T04:25:15.671Z [startup] stage="Connecting hosted workspace" progress=32 accent=opening detail="Opening the remote NexusForge experience."
2026-05-14T04:25:15.671Z [startup-timing] t+27ms splash-window-create
2026-05-14T04:25:15.720Z [startup-timing] t+75ms main-window-create
2026-05-14T04:25:15.737Z [startup] stage="Preparing launch" progress=72 accent=checking detail="Checking updates and final startup tasks."
2026-05-14T04:25:15.737Z [startup-timing] t+93ms ensure-app-reachable-start trigger=startup
2026-05-14T04:25:15.737Z [startup] stage="Connecting hosted workspace" progress=78 accent=opening detail="Opening the remote NexusForge experience."
2026-05-14T04:25:15.847Z [startup-timing] t+203ms splash-did-finish-load
2026-05-14T04:25:16.591Z [tls] certificate bypass accepted for https://www.nexusforge.app/app (net::ERR_CERT_AUTHORITY_INVALID)
2026-05-14T04:25:16.852Z [tls] certificate bypass accepted for https://www.nexusforge.app/app (net::ERR_CERT_AUTHORITY_INVALID)
2026-05-14T04:25:25.440Z [startup-timing] t+9796ms main-ready-to-show
2026-05-14T04:25:25.441Z [startup-timing] t+9797ms handoff-reveal-scheduled hold=2200ms
2026-05-14T04:25:25.530Z [startup-timing] t+9886ms main-did-finish-load
2026-05-14T04:25:25.530Z [startup-timing] t+9886ms handoff-reveal-scheduled hold=2200ms
2026-05-14T04:25:25.531Z [startup-timing] t+9887ms hosted-target-connected target=https://www.nexusforge.app/app
2026-05-14T04:25:25.531Z [startup-timing] t+9887ms handoff-reveal-scheduled hold=2200ms
2026-05-14T04:25:25.531Z [startup] stage="Connecting hosted workspace" progress=78 accent=opening detail="Opening the remote NexusForge experience."
