
2026-05-14T21:14:10.521Z [startup-timing] t+28ms app-when-ready
2026-05-14T21:14:10.521Z [startup-timing] log-path="D:\NEXUSFORGE GAMGING APP\apps\desktop\.network-smoke\local-46700-20260514-161409\startup.log"
2026-05-14T21:14:10.521Z [startup] stage="Booting desktop shell" progress=4 accent=warmup detail="Starting NexusForge Desktop."
2026-05-14T21:14:10.522Z [startup] stage="Preparing secure session" progress=18 accent=warmup detail="Resetting desktop storage before launch."
2026-05-14T21:14:10.531Z [startup] stage="Preparing secure session" progress=26 accent=ready detail="Desktop storage reset completed."
2026-05-14T21:14:10.532Z [startup] stage="Checking local services" progress=34 accent=checking detail="Verifying the app stack is reachable on ports 3000 and 4000."
2026-05-14T21:14:10.537Z [startup] stage="Local services ready" progress=66 accent=ready detail="The desktop stack answered on both ports."
2026-05-14T21:14:10.538Z [startup-timing] t+45ms splash-window-create
2026-05-14T21:14:10.625Z [startup-timing] t+133ms main-window-create
2026-05-14T21:14:10.659Z [startup] stage="Preparing launch" progress=72 accent=checking detail="Checking updates and final startup tasks."
2026-05-14T21:14:10.659Z [startup-timing] t+167ms ensure-app-reachable-start trigger=startup
2026-05-14T21:14:10.660Z [startup] stage="Opening app" progress=78 accent=opening detail="Connecting the desktop shell to NexusForge."
2026-05-14T21:14:10.660Z [startup] stage="Checking local services" progress=34 accent=checking detail="Verifying the app stack is reachable on ports 3000 and 4000."
2026-05-14T21:14:10.709Z [startup] stage="Local services ready" progress=66 accent=ready detail="The desktop stack answered on both ports."
2026-05-14T21:14:10.850Z [startup-timing] t+358ms splash-did-finish-load
2026-05-14T21:14:11.267Z [startup-timing] t+774ms main-ready-to-show
2026-05-14T21:14:11.267Z [startup-timing] t+775ms handoff-reveal-scheduled hold=2200ms
2026-05-14T21:14:11.476Z [startup-timing] t+984ms main-did-finish-load
2026-05-14T21:14:11.477Z [startup-timing] t+984ms handoff-reveal-scheduled hold=2200ms
2026-05-14T21:14:11.477Z [startup-timing] t+985ms local-target-connected target=http://localhost:3000/app
2026-05-14T21:14:11.477Z [startup-timing] t+985ms handoff-reveal-scheduled hold=2200ms
2026-05-14T21:14:11.478Z [startup] stage="Local services ready" progress=66 accent=ready detail="The desktop stack answered on both ports."
2026-05-14T21:14:11.499Z [startup] stage="Checking local services" progress=34 accent=checking detail="Verifying the app stack is reachable on ports 3000 and 4000."
2026-05-14T21:14:11.501Z [startup] stage="Local services ready" progress=66 accent=ready detail="The desktop stack answered on both ports."
