2026-05-14T03:31:54.110Z [startup-timing] t+24ms app-when-ready
2026-05-14T03:31:54.110Z [startup-timing] log-path="D:\NEXUSFORGE GAMGING APP\apps\desktop\.network-smoke\hosted-13460-20260513-223150\startup.log"
2026-05-14T03:31:54.111Z [startup] stage="Booting desktop shell" progress=4 accent=warmup detail="Starting NexusForge Desktop."
2026-05-14T03:31:54.111Z [startup] stage="Preparing secure session" progress=18 accent=warmup detail="Resetting desktop storage before launch."
2026-05-14T03:31:54.111Z [startup] stage="Connecting hosted workspace" progress=32 accent=opening detail="Opening the remote NexusForge experience."
2026-05-14T03:31:54.112Z [startup-timing] t+26ms splash-window-create
2026-05-14T03:31:54.160Z [startup-timing] t+74ms main-window-create
2026-05-14T03:31:54.177Z [startup] stage="Preparing launch" progress=72 accent=checking detail="Checking updates and final startup tasks."
2026-05-14T03:31:54.178Z [startup-timing] t+92ms ensure-app-reachable-start trigger=startup
2026-05-14T03:31:54.178Z [startup] stage="Connecting hosted workspace" progress=78 accent=opening detail="Opening the remote NexusForge experience."
2026-05-14T03:31:54.301Z [startup-timing] t+207ms splash-did-finish-load
2026-05-14T03:31:55.128Z [tls] certificate bypass accepted for https://www.nexusforge.app/app (net::ERR_CERT_AUTHORITY_INVALID)
2026-05-14T03:31:55.399Z [tls] certificate bypass accepted for https://www.nexusforge.app/app (net::ERR_CERT_AUTHORITY_INVALID)
2026-05-14T03:31:59.312Z [startup-timing] t+5225ms main-ready-to-show
2026-05-14T03:31:59.312Z [startup-timing] t+5226ms handoff-reveal-scheduled hold=2200ms
2026-05-14T03:31:59.442Z [startup-timing] t+5355ms main-did-finish-load
2026-05-14T03:31:59.442Z [startup-timing] t+5356ms handoff-reveal-scheduled hold=2200ms
2026-05-14T03:31:59.442Z [startup-timing] t+5356ms hosted-target-connected target=https://www.nexusforge.app/app
2026-05-14T03:31:59.442Z [startup-timing] t+5356ms handoff-reveal-scheduled hold=2200ms
2026-05-14T03:31:59.443Z [startup] stage="Connecting hosted workspace" progress=78 accent=opening detail="Opening the remote NexusForge experience."
