2026-05-14T04:24:31.378Z [startup-timing] t+26ms app-when-ready
2026-05-14T04:24:31.378Z [startup-timing] log-path="D:\NEXUSFORGE GAMGING APP\apps\desktop\.network-smoke\hosted-6320-20260513-232428\startup.log"
2026-05-14T04:24:31.379Z [startup] stage="Booting desktop shell" progress=4 accent=warmup detail="Starting NexusForge Desktop."
2026-05-14T04:24:31.379Z [startup] stage="Preparing secure session" progress=18 accent=warmup detail="Resetting desktop storage before launch."
2026-05-14T04:24:31.379Z [startup] stage="Connecting hosted workspace" progress=32 accent=opening detail="Opening the remote NexusForge experience."
2026-05-14T04:24:31.380Z [startup-timing] t+28ms splash-window-create
2026-05-14T04:24:31.429Z [startup-timing] t+77ms main-window-create
2026-05-14T04:24:31.443Z [startup] stage="Preparing launch" progress=72 accent=checking detail="Checking updates and final startup tasks."
2026-05-14T04:24:31.443Z [startup-timing] t+91ms ensure-app-reachable-start trigger=startup
2026-05-14T04:24:31.444Z [startup] stage="Connecting hosted workspace" progress=78 accent=opening detail="Opening the remote NexusForge experience."
2026-05-14T04:24:31.558Z [startup-timing] t+206ms splash-did-finish-load
2026-05-14T04:24:32.288Z [tls] certificate bypass accepted for https://www.nexusforge.app/app (net::ERR_CERT_AUTHORITY_INVALID)
2026-05-14T04:24:32.554Z [tls] certificate bypass accepted for https://www.nexusforge.app/app (net::ERR_CERT_AUTHORITY_INVALID)
2026-05-14T04:24:35.675Z [startup-timing] t+4323ms main-ready-to-show
2026-05-14T04:24:35.675Z [startup-timing] t+4323ms handoff-reveal-scheduled hold=2200ms
2026-05-14T04:24:35.801Z [startup-timing] t+4448ms main-did-finish-load
2026-05-14T04:24:35.801Z [startup-timing] t+4449ms handoff-reveal-scheduled hold=2200ms
2026-05-14T04:24:35.801Z [startup-timing] t+4449ms hosted-target-connected target=https://www.nexusforge.app/app
2026-05-14T04:24:35.801Z [startup-timing] t+4449ms handoff-reveal-scheduled hold=2200ms
2026-05-14T04:24:35.802Z [startup] stage="Connecting hosted workspace" progress=78 accent=opening detail="Opening the remote NexusForge experience."
