
2026-05-15T00:08:17.311Z [startup-timing] t+30ms app-when-ready
2026-05-15T00:08:17.311Z [startup-timing] log-path="D:\NEXUSFORGE GAMGING APP\apps\desktop\.network-smoke\hosted-37968-20260514-190813\startup.log"
2026-05-15T00:08:17.312Z [startup] stage="Booting desktop shell" progress=4 accent=warmup detail="Starting NexusForge Desktop."
2026-05-15T00:08:17.312Z [startup] stage="Preparing secure session" progress=18 accent=warmup detail="Resetting desktop storage before launch."
2026-05-15T00:08:17.313Z [startup] stage="Connecting hosted workspace" progress=32 accent=opening detail="Opening the remote NexusForge experience."
2026-05-15T00:08:17.341Z [startup-timing] t+61ms splash-window-create
2026-05-15T00:08:17.429Z [startup-timing] t+148ms main-window-create
2026-05-15T00:08:17.484Z [startup] stage="Preparing launch" progress=72 accent=checking detail="Checking updates and final startup tasks."
2026-05-15T00:08:17.485Z [startup-timing] t+205ms ensure-app-reachable-start trigger=startup
2026-05-15T00:08:17.486Z [startup] stage="Connecting hosted workspace" progress=78 accent=opening detail="Opening the remote NexusForge experience."
2026-05-15T00:08:17.738Z [startup-timing] t+457ms splash-did-finish-load
2026-05-15T00:08:18.330Z [tls] certificate bypass accepted for https://www.nexusforge.app/app (net::ERR_CERT_AUTHORITY_INVALID)
2026-05-15T00:08:18.600Z [tls] certificate bypass accepted for https://www.nexusforge.app/app (net::ERR_CERT_AUTHORITY_INVALID)
2026-05-15T00:08:22.217Z [startup-timing] t+4937ms main-ready-to-show
2026-05-15T00:08:22.218Z [startup-timing] t+4937ms handoff-reveal-scheduled hold=2200ms
2026-05-15T00:08:22.326Z [startup-timing] t+5045ms main-did-finish-load
2026-05-15T00:08:22.326Z [startup-timing] t+5046ms handoff-reveal-scheduled hold=2200ms
2026-05-15T00:08:22.327Z [startup-timing] t+5046ms hosted-target-connected target=https://www.nexusforge.app/app
2026-05-15T00:08:22.327Z [startup-timing] t+5047ms handoff-reveal-scheduled hold=2200ms
2026-05-15T00:08:22.327Z [startup] stage="Connecting hosted workspace" progress=78 accent=opening detail="Opening the remote NexusForge experience."
