2026-05-14T03:34:36.771Z [startup-timing] t+24ms app-when-ready
2026-05-14T03:34:36.771Z [startup-timing] log-path="D:\NEXUSFORGE GAMGING APP\apps\desktop\.network-smoke\hosted-36564-20260513-223433\startup.log"
2026-05-14T03:34:36.772Z [startup] stage="Booting desktop shell" progress=4 accent=warmup detail="Starting NexusForge Desktop."
2026-05-14T03:34:36.772Z [startup] stage="Preparing secure session" progress=18 accent=warmup detail="Resetting desktop storage before launch."
2026-05-14T03:34:36.772Z [startup] stage="Connecting hosted workspace" progress=32 accent=opening detail="Opening the remote NexusForge experience."
2026-05-14T03:34:36.772Z [startup-timing] t+26ms splash-window-create
2026-05-14T03:34:36.821Z [startup-timing] t+75ms main-window-create
2026-05-14T03:34:36.837Z [startup] stage="Preparing launch" progress=72 accent=checking detail="Checking updates and final startup tasks."
2026-05-14T03:34:36.838Z [startup-timing] t+92ms ensure-app-reachable-start trigger=startup
2026-05-14T03:34:36.838Z [startup] stage="Connecting hosted workspace" progress=78 accent=opening detail="Opening the remote NexusForge experience."
2026-05-14T03:34:36.956Z [startup-timing] t+209ms splash-did-finish-load
2026-05-14T03:34:37.682Z [tls] certificate bypass accepted for https://www.nexusforge.app/app (net::ERR_CERT_AUTHORITY_INVALID)
2026-05-14T03:34:37.915Z [tls] certificate bypass accepted for https://www.nexusforge.app/app (net::ERR_CERT_AUTHORITY_INVALID)
2026-05-14T03:34:40.931Z [startup-timing] t+4185ms main-ready-to-show
2026-05-14T03:34:40.931Z [startup-timing] t+4185ms handoff-reveal-scheduled hold=2200ms
2026-05-14T03:34:41.069Z [startup-timing] t+4323ms main-did-finish-load
2026-05-14T03:34:41.069Z [startup-timing] t+4323ms handoff-reveal-scheduled hold=2200ms
2026-05-14T03:34:41.070Z [startup-timing] t+4324ms hosted-target-connected target=https://www.nexusforge.app/app
2026-05-14T03:34:41.070Z [startup-timing] t+4324ms handoff-reveal-scheduled hold=2200ms
2026-05-14T03:34:41.070Z [startup] stage="Connecting hosted workspace" progress=78 accent=opening detail="Opening the remote NexusForge experience."
