
2026-05-15T00:25:49.505Z [startup-timing] t+33ms app-when-ready
2026-05-15T00:25:49.506Z [startup-timing] log-path="D:\NEXUSFORGE GAMGING APP\apps\desktop\.network-smoke\hosted-12068-20260514-192545\startup.log"
2026-05-15T00:25:49.506Z [startup] stage="Booting desktop shell" progress=4 accent=warmup detail="Starting NexusForge Desktop."
2026-05-15T00:25:49.507Z [startup] stage="Preparing secure session" progress=18 accent=warmup detail="Resetting desktop storage before launch."
2026-05-15T00:25:49.507Z [startup] stage="Connecting hosted workspace" progress=32 accent=opening detail="Opening the remote NexusForge experience."
2026-05-15T00:25:49.537Z [startup-timing] t+64ms splash-window-create
2026-05-15T00:25:49.630Z [startup-timing] t+158ms main-window-create
2026-05-15T00:25:49.668Z [startup] stage="Preparing launch" progress=72 accent=checking detail="Checking updates and final startup tasks."
2026-05-15T00:25:49.669Z [startup-timing] t+197ms ensure-app-reachable-start trigger=startup
2026-05-15T00:25:49.669Z [startup] stage="Connecting hosted workspace" progress=78 accent=opening detail="Opening the remote NexusForge experience."
2026-05-15T00:25:49.845Z [startup-timing] t+373ms splash-did-finish-load
2026-05-15T00:25:50.535Z [tls] certificate bypass accepted for https://www.nexusforge.app/app (net::ERR_CERT_AUTHORITY_INVALID)
2026-05-15T00:25:50.777Z [tls] certificate bypass accepted for https://www.nexusforge.app/app (net::ERR_CERT_AUTHORITY_INVALID)
2026-05-15T00:25:55.145Z [startup-timing] t+5673ms main-ready-to-show
2026-05-15T00:25:55.146Z [startup-timing] t+5674ms handoff-reveal-scheduled hold=2200ms
2026-05-15T00:25:55.447Z [startup-timing] t+5975ms main-did-finish-load
2026-05-15T00:25:55.447Z [startup-timing] t+5975ms handoff-reveal-scheduled hold=2200ms
2026-05-15T00:25:55.448Z [startup-timing] t+5975ms hosted-target-connected target=https://www.nexusforge.app/app
2026-05-15T00:25:55.448Z [startup-timing] t+5976ms handoff-reveal-scheduled hold=2200ms
2026-05-15T00:25:55.448Z [startup] stage="Connecting hosted workspace" progress=78 accent=opening detail="Opening the remote NexusForge experience."
