2026-05-14T03:27:42.351Z [startup-timing] t+25ms app-when-ready
2026-05-14T03:27:42.352Z [startup-timing] log-path="D:\NEXUSFORGE GAMGING APP\apps\desktop\.network-smoke\hosted-40060-20260513-222739\startup.log"
2026-05-14T03:27:42.352Z [startup] stage="Booting desktop shell" progress=4 accent=warmup detail="Starting NexusForge Desktop."
2026-05-14T03:27:42.352Z [startup] stage="Preparing secure session" progress=18 accent=warmup detail="Resetting desktop storage before launch."
2026-05-14T03:27:42.353Z [startup] stage="Connecting hosted workspace" progress=32 accent=opening detail="Opening the remote NexusForge experience."
2026-05-14T03:27:42.353Z [startup-timing] t+27ms splash-window-create
2026-05-14T03:27:42.404Z [startup-timing] t+78ms main-window-create
2026-05-14T03:27:42.422Z [startup] stage="Preparing launch" progress=72 accent=checking detail="Checking updates and final startup tasks."
2026-05-14T03:27:42.422Z [startup-timing] t+96ms ensure-app-reachable-start trigger=startup
2026-05-14T03:27:42.422Z [startup] stage="Connecting hosted workspace" progress=78 accent=opening detail="Opening the remote NexusForge experience."
2026-05-14T03:27:42.529Z [startup-timing] t+202ms splash-did-finish-load
2026-05-14T03:27:43.290Z [tls] certificate bypass accepted for https://www.nexusforge.app/app (net::ERR_CERT_AUTHORITY_INVALID)
2026-05-14T03:27:43.523Z [tls] certificate bypass accepted for https://www.nexusforge.app/app (net::ERR_CERT_AUTHORITY_INVALID)
2026-05-14T03:27:46.514Z [startup-timing] t+4188ms main-ready-to-show
2026-05-14T03:27:46.514Z [startup-timing] t+4188ms handoff-reveal-scheduled hold=2200ms
2026-05-14T03:27:46.607Z [startup-timing] t+4281ms main-did-finish-load
2026-05-14T03:27:46.607Z [startup-timing] t+4281ms handoff-reveal-scheduled hold=2200ms
2026-05-14T03:27:46.608Z [startup-timing] t+4281ms hosted-target-connected target=https://www.nexusforge.app/app
2026-05-14T03:27:46.608Z [startup-timing] t+4282ms handoff-reveal-scheduled hold=2200ms
2026-05-14T03:27:46.608Z [startup] stage="Connecting hosted workspace" progress=78 accent=opening detail="Opening the remote NexusForge experience."
