
2026-05-14T20:41:13.177Z [startup-timing] t+27ms app-when-ready
2026-05-14T20:41:13.178Z [startup-timing] log-path="D:\NEXUSFORGE GAMGING APP\apps\desktop\.network-smoke\hosted-35476-20260514-154109\startup.log"
2026-05-14T20:41:13.178Z [startup] stage="Booting desktop shell" progress=4 accent=warmup detail="Starting NexusForge Desktop."
2026-05-14T20:41:13.178Z [startup] stage="Preparing secure session" progress=18 accent=warmup detail="Resetting desktop storage before launch."
2026-05-14T20:41:13.179Z [startup] stage="Connecting hosted workspace" progress=32 accent=opening detail="Opening the remote NexusForge experience."
2026-05-14T20:41:13.179Z [startup-timing] t+29ms splash-window-create
2026-05-14T20:41:13.240Z [startup-timing] t+90ms main-window-create
2026-05-14T20:41:13.260Z [startup] stage="Preparing launch" progress=72 accent=checking detail="Checking updates and final startup tasks."
2026-05-14T20:41:13.261Z [startup-timing] t+111ms ensure-app-reachable-start trigger=startup
2026-05-14T20:41:13.261Z [startup] stage="Connecting hosted workspace" progress=78 accent=opening detail="Opening the remote NexusForge experience."
2026-05-14T20:41:13.389Z [startup-timing] t+239ms splash-did-finish-load
2026-05-14T20:41:14.494Z [tls] certificate bypass accepted for https://www.nexusforge.app/app (net::ERR_CERT_AUTHORITY_INVALID)
2026-05-14T20:41:14.739Z [tls] certificate bypass accepted for https://www.nexusforge.app/app (net::ERR_CERT_AUTHORITY_INVALID)
2026-05-14T20:41:28.917Z [startup-timing] t+15767ms main-ready-to-show
2026-05-14T20:41:28.918Z [startup-timing] t+15767ms handoff-reveal-scheduled hold=2200ms
2026-05-14T20:41:29.564Z [startup-timing] t+16414ms main-did-finish-load
2026-05-14T20:41:29.565Z [startup-timing] t+16415ms handoff-reveal-scheduled hold=2200ms
2026-05-14T20:41:29.565Z [startup-timing] t+16415ms hosted-target-connected target=https://www.nexusforge.app/app
2026-05-14T20:41:29.565Z [startup-timing] t+16415ms handoff-reveal-scheduled hold=2200ms
2026-05-14T20:41:29.566Z [startup] stage="Connecting hosted workspace" progress=78 accent=opening detail="Opening the remote NexusForge experience."
