
2026-05-14T21:04:27.126Z [startup-timing] t+32ms app-when-ready
2026-05-14T21:04:27.127Z [startup-timing] log-path="D:\NEXUSFORGE GAMGING APP\apps\desktop\.network-smoke\hosted-43060-20260514-160423\startup.log"
2026-05-14T21:04:27.127Z [startup] stage="Booting desktop shell" progress=4 accent=warmup detail="Starting NexusForge Desktop."
2026-05-14T21:04:27.127Z [startup] stage="Preparing secure session" progress=18 accent=warmup detail="Resetting desktop storage before launch."
2026-05-14T21:04:27.128Z [startup] stage="Connecting hosted workspace" progress=32 accent=opening detail="Opening the remote NexusForge experience."
2026-05-14T21:04:27.128Z [startup-timing] t+34ms splash-window-create
2026-05-14T21:04:27.225Z [startup-timing] t+131ms main-window-create
2026-05-14T21:04:27.260Z [startup] stage="Preparing launch" progress=72 accent=checking detail="Checking updates and final startup tasks."
2026-05-14T21:04:27.261Z [startup-timing] t+167ms ensure-app-reachable-start trigger=startup
2026-05-14T21:04:27.262Z [startup] stage="Connecting hosted workspace" progress=78 accent=opening detail="Opening the remote NexusForge experience."
2026-05-14T21:04:27.401Z [startup-timing] t+307ms splash-did-finish-load
2026-05-14T21:04:28.128Z [tls] certificate bypass accepted for https://www.nexusforge.app/app (net::ERR_CERT_AUTHORITY_INVALID)
2026-05-14T21:04:28.379Z [tls] certificate bypass accepted for https://www.nexusforge.app/app (net::ERR_CERT_AUTHORITY_INVALID)
2026-05-14T21:04:31.524Z [startup-timing] t+4430ms main-ready-to-show
2026-05-14T21:04:31.525Z [startup-timing] t+4431ms handoff-reveal-scheduled hold=2200ms
2026-05-14T21:04:31.627Z [startup-timing] t+4533ms main-did-finish-load
2026-05-14T21:04:31.627Z [startup-timing] t+4533ms handoff-reveal-scheduled hold=2200ms
2026-05-14T21:04:31.628Z [startup-timing] t+4534ms hosted-target-connected target=https://www.nexusforge.app/app
2026-05-14T21:04:31.628Z [startup-timing] t+4534ms handoff-reveal-scheduled hold=2200ms
2026-05-14T21:04:31.628Z [startup] stage="Connecting hosted workspace" progress=78 accent=opening detail="Opening the remote NexusForge experience."
