
2026-05-14T23:55:37.500Z [startup-timing] t+30ms app-when-ready
2026-05-14T23:55:37.501Z [startup-timing] log-path="D:\NEXUSFORGE GAMGING APP\apps\desktop\.network-smoke\hosted-35348-20260514-185533\startup.log"
2026-05-14T23:55:37.501Z [startup] stage="Booting desktop shell" progress=4 accent=warmup detail="Starting NexusForge Desktop."
2026-05-14T23:55:37.502Z [startup] stage="Preparing secure session" progress=18 accent=warmup detail="Resetting desktop storage before launch."
2026-05-14T23:55:37.502Z [startup] stage="Connecting hosted workspace" progress=32 accent=opening detail="Opening the remote NexusForge experience."
2026-05-14T23:55:37.532Z [startup-timing] t+62ms splash-window-create
2026-05-14T23:55:37.614Z [startup-timing] t+143ms main-window-create
2026-05-14T23:55:37.656Z [startup] stage="Preparing launch" progress=72 accent=checking detail="Checking updates and final startup tasks."
2026-05-14T23:55:37.656Z [startup-timing] t+186ms ensure-app-reachable-start trigger=startup
2026-05-14T23:55:37.657Z [startup] stage="Connecting hosted workspace" progress=78 accent=opening detail="Opening the remote NexusForge experience."
2026-05-14T23:55:37.797Z [startup-timing] t+327ms splash-did-finish-load
2026-05-14T23:55:39.083Z [tls] certificate bypass accepted for https://www.nexusforge.app/app (net::ERR_CERT_AUTHORITY_INVALID)
2026-05-14T23:55:39.578Z [tls] certificate bypass accepted for https://www.nexusforge.app/app (net::ERR_CERT_AUTHORITY_INVALID)
2026-05-14T23:55:57.011Z [startup-timing] t+19541ms main-ready-to-show
2026-05-14T23:55:57.012Z [startup-timing] t+19541ms handoff-reveal-scheduled hold=2200ms
2026-05-14T23:55:58.193Z [startup-timing] t+20723ms main-did-finish-load
2026-05-14T23:55:58.194Z [startup-timing] t+20724ms handoff-reveal-scheduled hold=2200ms
2026-05-14T23:55:58.194Z [startup-timing] t+20724ms hosted-target-connected target=https://www.nexusforge.app/app
2026-05-14T23:55:58.194Z [startup-timing] t+20724ms handoff-reveal-scheduled hold=2200ms
2026-05-14T23:55:58.195Z [startup] stage="Connecting hosted workspace" progress=78 accent=opening detail="Opening the remote NexusForge experience."
