
2026-05-14T21:30:07.526Z [startup-timing] t+29ms app-when-ready
2026-05-14T21:30:07.526Z [startup-timing] log-path="D:\NEXUSFORGE GAMGING APP\apps\desktop\.network-smoke\hosted-38864-20260514-163003\startup.log"
2026-05-14T21:30:07.527Z [startup] stage="Booting desktop shell" progress=4 accent=warmup detail="Starting NexusForge Desktop."
2026-05-14T21:30:07.527Z [startup] stage="Preparing secure session" progress=18 accent=warmup detail="Resetting desktop storage before launch."
2026-05-14T21:30:07.528Z [startup] stage="Connecting hosted workspace" progress=32 accent=opening detail="Opening the remote NexusForge experience."
2026-05-14T21:30:07.555Z [startup-timing] t+59ms splash-window-create
2026-05-14T21:30:07.648Z [startup-timing] t+151ms main-window-create
2026-05-14T21:30:07.682Z [startup] stage="Preparing launch" progress=72 accent=checking detail="Checking updates and final startup tasks."
2026-05-14T21:30:07.683Z [startup-timing] t+187ms ensure-app-reachable-start trigger=startup
2026-05-14T21:30:07.683Z [startup] stage="Connecting hosted workspace" progress=78 accent=opening detail="Opening the remote NexusForge experience."
2026-05-14T21:30:07.815Z [startup-timing] t+319ms splash-did-finish-load
2026-05-14T21:30:08.974Z [tls] certificate bypass accepted for https://www.nexusforge.app/app (net::ERR_CERT_AUTHORITY_INVALID)
2026-05-14T21:30:09.281Z [tls] certificate bypass accepted for https://www.nexusforge.app/app (net::ERR_CERT_AUTHORITY_INVALID)
2026-05-14T21:30:34.723Z [startup-timing] t+27226ms main-ready-to-show
2026-05-14T21:30:34.724Z [startup-timing] t+27228ms handoff-reveal-scheduled hold=2200ms
2026-05-14T21:30:35.140Z [startup-timing] t+27644ms main-did-finish-load
2026-05-14T21:30:35.141Z [startup-timing] t+27644ms handoff-reveal-scheduled hold=2200ms
2026-05-14T21:30:35.141Z [startup-timing] t+27645ms hosted-target-connected target=https://www.nexusforge.app/app
2026-05-14T21:30:35.141Z [startup-timing] t+27645ms handoff-reveal-scheduled hold=2200ms
2026-05-14T21:30:35.142Z [startup] stage="Connecting hosted workspace" progress=78 accent=opening detail="Opening the remote NexusForge experience."
